[2023-08-17T06:07:08.055+0000] {taskinstance.py:1103} INFO - Dependencies all met for dep_context=non-requeueable deps ti=<TaskInstance: spark_airflow_dag.spark_submit_task manual__2023-08-17T06:07:07.489651+00:00 [queued]>
[2023-08-17T06:07:08.063+0000] {taskinstance.py:1103} INFO - Dependencies all met for dep_context=requeueable deps ti=<TaskInstance: spark_airflow_dag.spark_submit_task manual__2023-08-17T06:07:07.489651+00:00 [queued]>
[2023-08-17T06:07:08.063+0000] {taskinstance.py:1308} INFO - Starting attempt 1 of 1
[2023-08-17T06:07:08.071+0000] {taskinstance.py:1327} INFO - Executing <Task(SparkSubmitOperator): spark_submit_task> on 2023-08-17 06:07:07.489651+00:00
[2023-08-17T06:07:08.075+0000] {standard_task_runner.py:57} INFO - Started process 5818 to run task
[2023-08-17T06:07:08.081+0000] {standard_task_runner.py:84} INFO - Running: ['***', 'tasks', 'run', 'spark_***_dag', 'spark_submit_task', 'manual__2023-08-17T06:07:07.489651+00:00', '--job-id', '32', '--raw', '--subdir', 'DAGS_FOLDER/spark_jobs_dag.py', '--cfg-path', '/tmp/tmpie98xt5g']
[2023-08-17T06:07:08.082+0000] {standard_task_runner.py:85} INFO - Job 32: Subtask spark_submit_task
[2023-08-17T06:07:08.138+0000] {task_command.py:410} INFO - Running <TaskInstance: spark_airflow_dag.spark_submit_task manual__2023-08-17T06:07:07.489651+00:00 [running]> on host 0d68e811d1ff
[2023-08-17T06:07:08.210+0000] {taskinstance.py:1545} INFO - Exporting env vars: AIRFLOW_CTX_DAG_OWNER='***' AIRFLOW_CTX_DAG_ID='spark_***_dag' AIRFLOW_CTX_TASK_ID='spark_submit_task' AIRFLOW_CTX_EXECUTION_DATE='2023-08-17T06:07:07.489651+00:00' AIRFLOW_CTX_TRY_NUMBER='1' AIRFLOW_CTX_DAG_RUN_ID='manual__2023-08-17T06:07:07.489651+00:00'
[2023-08-17T06:07:08.221+0000] {base.py:73} INFO - Using connection ID 'spark_local' for task execution.
[2023-08-17T06:07:08.223+0000] {spark_submit.py:340} INFO - Spark-Submit cmd: spark-submit --master spark://spark:7077 --name arrow-spark dags/spark_processing.py
[2023-08-17T06:07:08.315+0000] {spark_submit.py:491} INFO - /home/***/.local/lib/python3.10/site-packages/pyspark/bin/load-spark-env.sh: line 68: ps: command not found
[2023-08-17T06:07:10.445+0000] {spark_submit.py:491} INFO - 23/08/17 06:07:10 INFO SparkContext: Running Spark version 3.4.1
[2023-08-17T06:07:10.487+0000] {spark_submit.py:491} INFO - 23/08/17 06:07:10 WARN NativeCodeLoader: Unable to load native-hadoop library for your platform... using builtin-java classes where applicable
[2023-08-17T06:07:10.546+0000] {spark_submit.py:491} INFO - 23/08/17 06:07:10 INFO ResourceUtils: ==============================================================
[2023-08-17T06:07:10.547+0000] {spark_submit.py:491} INFO - 23/08/17 06:07:10 INFO ResourceUtils: No custom resources configured for spark.driver.
[2023-08-17T06:07:10.548+0000] {spark_submit.py:491} INFO - 23/08/17 06:07:10 INFO ResourceUtils: ==============================================================
[2023-08-17T06:07:10.548+0000] {spark_submit.py:491} INFO - 23/08/17 06:07:10 INFO SparkContext: Submitted application: DataExtraction
[2023-08-17T06:07:10.562+0000] {spark_submit.py:491} INFO - 23/08/17 06:07:10 INFO ResourceProfile: Default ResourceProfile created, executor resources: Map(memory -> name: memory, amount: 1024, script: , vendor: , offHeap -> name: offHeap, amount: 0, script: , vendor: ), task resources: Map(cpus -> name: cpus, amount: 1.0)
[2023-08-17T06:07:10.568+0000] {spark_submit.py:491} INFO - 23/08/17 06:07:10 INFO ResourceProfile: Limiting resource is cpu
[2023-08-17T06:07:10.569+0000] {spark_submit.py:491} INFO - 23/08/17 06:07:10 INFO ResourceProfileManager: Added ResourceProfile id: 0
[2023-08-17T06:07:10.605+0000] {spark_submit.py:491} INFO - 23/08/17 06:07:10 INFO SecurityManager: Changing view acls to: default
[2023-08-17T06:07:10.606+0000] {spark_submit.py:491} INFO - 23/08/17 06:07:10 INFO SecurityManager: Changing modify acls to: default
[2023-08-17T06:07:10.607+0000] {spark_submit.py:491} INFO - 23/08/17 06:07:10 INFO SecurityManager: Changing view acls groups to:
[2023-08-17T06:07:10.608+0000] {spark_submit.py:491} INFO - 23/08/17 06:07:10 INFO SecurityManager: Changing modify acls groups to:
[2023-08-17T06:07:10.610+0000] {spark_submit.py:491} INFO - 23/08/17 06:07:10 INFO SecurityManager: SecurityManager: authentication disabled; ui acls disabled; users with view permissions: default; groups with view permissions: EMPTY; users with modify permissions: default; groups with modify permissions: EMPTY
[2023-08-17T06:07:10.763+0000] {spark_submit.py:491} INFO - 23/08/17 06:07:10 INFO Utils: Successfully started service 'sparkDriver' on port 42327.
[2023-08-17T06:07:10.785+0000] {spark_submit.py:491} INFO - 23/08/17 06:07:10 INFO SparkEnv: Registering MapOutputTracker
[2023-08-17T06:07:10.810+0000] {spark_submit.py:491} INFO - 23/08/17 06:07:10 INFO SparkEnv: Registering BlockManagerMaster
[2023-08-17T06:07:10.826+0000] {spark_submit.py:491} INFO - 23/08/17 06:07:10 INFO BlockManagerMasterEndpoint: Using org.apache.spark.storage.DefaultTopologyMapper for getting topology information
[2023-08-17T06:07:10.828+0000] {spark_submit.py:491} INFO - 23/08/17 06:07:10 INFO BlockManagerMasterEndpoint: BlockManagerMasterEndpoint up
[2023-08-17T06:07:10.831+0000] {spark_submit.py:491} INFO - 23/08/17 06:07:10 INFO SparkEnv: Registering BlockManagerMasterHeartbeat
[2023-08-17T06:07:10.845+0000] {spark_submit.py:491} INFO - 23/08/17 06:07:10 INFO DiskBlockManager: Created local directory at /tmp/blockmgr-8c9ef980-88c2-4500-91bf-30757e216f8f
[2023-08-17T06:07:10.857+0000] {spark_submit.py:491} INFO - 23/08/17 06:07:10 INFO MemoryStore: MemoryStore started with capacity 434.4 MiB
[2023-08-17T06:07:10.868+0000] {spark_submit.py:491} INFO - 23/08/17 06:07:10 INFO SparkEnv: Registering OutputCommitCoordinator
[2023-08-17T06:07:10.956+0000] {spark_submit.py:491} INFO - 23/08/17 06:07:10 INFO JettyUtils: Start Jetty 0.0.0.0:4040 for SparkUI
[2023-08-17T06:07:11.003+0000] {spark_submit.py:491} INFO - 23/08/17 06:07:11 INFO Utils: Successfully started service 'SparkUI' on port 4040.
[2023-08-17T06:07:11.094+0000] {spark_submit.py:491} INFO - 23/08/17 06:07:11 INFO StandaloneAppClient$ClientEndpoint: Connecting to master spark://spark:7077...
[2023-08-17T06:07:11.125+0000] {spark_submit.py:491} INFO - 23/08/17 06:07:11 INFO TransportClientFactory: Successfully created connection to spark/172.18.0.9:7077 after 18 ms (0 ms spent in bootstraps)
[2023-08-17T06:07:11.189+0000] {spark_submit.py:491} INFO - 23/08/17 06:07:11 INFO StandaloneSchedulerBackend: Connected to Spark cluster with app ID app-20230817060711-0024
[2023-08-17T06:07:11.193+0000] {spark_submit.py:491} INFO - 23/08/17 06:07:11 INFO StandaloneAppClient$ClientEndpoint: Executor added: app-20230817060711-0024/0 on worker-20230817035656-172.18.0.8-40033 (172.18.0.8:40033) with 1 core(s)
[2023-08-17T06:07:11.196+0000] {spark_submit.py:491} INFO - 23/08/17 06:07:11 INFO Utils: Successfully started service 'org.apache.spark.network.netty.NettyBlockTransferService' on port 40871.
[2023-08-17T06:07:11.198+0000] {spark_submit.py:491} INFO - 23/08/17 06:07:11 INFO StandaloneSchedulerBackend: Granted executor ID app-20230817060711-0024/0 on hostPort 172.18.0.8:40033 with 1 core(s), 1024.0 MiB RAM
[2023-08-17T06:07:11.199+0000] {spark_submit.py:491} INFO - 23/08/17 06:07:11 INFO NettyBlockTransferService: Server created on 0d68e811d1ff:40871
[2023-08-17T06:07:11.200+0000] {spark_submit.py:491} INFO - 23/08/17 06:07:11 INFO BlockManager: Using org.apache.spark.storage.RandomBlockReplicationPolicy for block replication policy
[2023-08-17T06:07:11.205+0000] {spark_submit.py:491} INFO - 23/08/17 06:07:11 INFO BlockManagerMaster: Registering BlockManager BlockManagerId(driver, 0d68e811d1ff, 40871, None)
[2023-08-17T06:07:11.208+0000] {spark_submit.py:491} INFO - 23/08/17 06:07:11 INFO BlockManagerMasterEndpoint: Registering block manager 0d68e811d1ff:40871 with 434.4 MiB RAM, BlockManagerId(driver, 0d68e811d1ff, 40871, None)
[2023-08-17T06:07:11.212+0000] {spark_submit.py:491} INFO - 23/08/17 06:07:11 INFO BlockManagerMaster: Registered BlockManager BlockManagerId(driver, 0d68e811d1ff, 40871, None)
[2023-08-17T06:07:11.214+0000] {spark_submit.py:491} INFO - 23/08/17 06:07:11 INFO BlockManager: Initialized BlockManager: BlockManagerId(driver, 0d68e811d1ff, 40871, None)
[2023-08-17T06:07:11.223+0000] {spark_submit.py:491} INFO - 23/08/17 06:07:11 INFO StandaloneAppClient$ClientEndpoint: Executor updated: app-20230817060711-0024/0 is now RUNNING
[2023-08-17T06:07:11.397+0000] {spark_submit.py:491} INFO - 23/08/17 06:07:11 INFO StandaloneSchedulerBackend: SchedulerBackend is ready for scheduling beginning after reached minRegisteredResourcesRatio: 0.0
[2023-08-17T06:07:11.595+0000] {spark_submit.py:491} INFO - 23/08/17 06:07:11 INFO SharedState: Setting hive.metastore.warehouse.dir ('null') to the value of spark.sql.warehouse.dir.
[2023-08-17T06:07:11.600+0000] {spark_submit.py:491} INFO - 23/08/17 06:07:11 INFO SharedState: Warehouse path is 'file:/opt/***/spark-warehouse'.
[2023-08-17T06:07:12.637+0000] {spark_submit.py:491} INFO - Traceback (most recent call last):
[2023-08-17T06:07:12.638+0000] {spark_submit.py:491} INFO - File "/opt/***/dags/spark_processing.py", line 21, in <module>
[2023-08-17T06:07:12.639+0000] {spark_submit.py:491} INFO - stock_df = spark.read.csv("/Users/hople/working_folder/ML_PIPELINE_AIRFLOW_SPARK_DOCKER/A.csv", header=True, schema=existing_schema)
[2023-08-17T06:07:12.640+0000] {spark_submit.py:491} INFO - File "/home/***/.local/lib/python3.10/site-packages/pyspark/python/lib/pyspark.zip/pyspark/sql/readwriter.py", line 727, in csv
[2023-08-17T06:07:12.641+0000] {spark_submit.py:491} INFO - File "/home/***/.local/lib/python3.10/site-packages/pyspark/python/lib/py4j-0.10.9.7-src.zip/py4j/java_gateway.py", line 1322, in __call__
[2023-08-17T06:07:12.643+0000] {spark_submit.py:491} INFO - File "/home/***/.local/lib/python3.10/site-packages/pyspark/python/lib/pyspark.zip/pyspark/errors/exceptions/captured.py", line 175, in deco
[2023-08-17T06:07:12.652+0000] {spark_submit.py:491} INFO - pyspark.errors.exceptions.captured.AnalysisException: [PATH_NOT_FOUND] Path does not exist: file:/Users/hople/working_folder/ML_PIPELINE_AIRFLOW_SPARK_DOCKER/A.csv.
[2023-08-17T06:07:12.710+0000] {spark_submit.py:491} INFO - 23/08/17 06:07:12 INFO SparkContext: Invoking stop() from shutdown hook
[2023-08-17T06:07:12.712+0000] {spark_submit.py:491} INFO - 23/08/17 06:07:12 INFO SparkContext: SparkContext is stopping with exitCode 0.
[2023-08-17T06:07:12.727+0000] {spark_submit.py:491} INFO - 23/08/17 06:07:12 INFO SparkUI: Stopped Spark web UI at http://0d68e811d1ff:4040
[2023-08-17T06:07:12.733+0000] {spark_submit.py:491} INFO - 23/08/17 06:07:12 INFO StandaloneSchedulerBackend: Shutting down all executors
[2023-08-17T06:07:12.737+0000] {spark_submit.py:491} INFO - 23/08/17 06:07:12 INFO StandaloneSchedulerBackend$StandaloneDriverEndpoint: Asking each executor to shut down
[2023-08-17T06:07:12.763+0000] {spark_submit.py:491} INFO - 23/08/17 06:07:12 INFO MapOutputTrackerMasterEndpoint: MapOutputTrackerMasterEndpoint stopped!
[2023-08-17T06:07:12.783+0000] {spark_submit.py:491} INFO - 23/08/17 06:07:12 INFO MemoryStore: MemoryStore cleared
[2023-08-17T06:07:12.785+0000] {spark_submit.py:491} INFO - 23/08/17 06:07:12 INFO BlockManager: BlockManager stopped
[2023-08-17T06:07:12.789+0000] {spark_submit.py:491} INFO - 23/08/17 06:07:12 INFO BlockManagerMaster: BlockManagerMaster stopped
[2023-08-17T06:07:12.792+0000] {spark_submit.py:491} INFO - 23/08/17 06:07:12 INFO OutputCommitCoordinator$OutputCommitCoordinatorEndpoint: OutputCommitCoordinator stopped!
[2023-08-17T06:07:12.808+0000] {spark_submit.py:491} INFO - 23/08/17 06:07:12 INFO SparkContext: Successfully stopped SparkContext
[2023-08-17T06:07:12.810+0000] {spark_submit.py:491} INFO - 23/08/17 06:07:12 INFO ShutdownHookManager: Shutdown hook called
[2023-08-17T06:07:12.811+0000] {spark_submit.py:491} INFO - 23/08/17 06:07:12 INFO ShutdownHookManager: Deleting directory /tmp/spark-75dad231-6b0e-40ee-8942-5a50bd80a642/pyspark-b30bf035-5e19-4a41-a58f-6381581492e4
[2023-08-17T06:07:12.817+0000] {spark_submit.py:491} INFO - 23/08/17 06:07:12 INFO ShutdownHookManager: Deleting directory /tmp/spark-7315164e-556f-4049-b2f6-6d0dc282dda2
[2023-08-17T06:07:12.826+0000] {spark_submit.py:491} INFO - 23/08/17 06:07:12 INFO ShutdownHookManager: Deleting directory /tmp/spark-75dad231-6b0e-40ee-8942-5a50bd80a642
[2023-08-17T06:07:12.932+0000] {taskinstance.py:1824} ERROR - Task failed with exception
Traceback (most recent call last):
  File "/home/airflow/.local/lib/python3.10/site-packages/airflow/providers/apache/spark/operators/spark_submit.py", line 156, in execute
    self._hook.submit(self._application)
  File "/home/airflow/.local/lib/python3.10/site-packages/airflow/providers/apache/spark/hooks/spark_submit.py", line 422, in submit
    raise AirflowException(
airflow.exceptions.AirflowException: Cannot execute: spark-submit --master spark://spark:7077 --name arrow-spark dags/spark_processing.py. Error code is: 1.
[2023-08-17T06:07:12.936+0000] {taskinstance.py:1345} INFO - Marking task as FAILED. dag_id=spark_***_dag, task_id=spark_submit_task, execution_date=20230817T060707, start_date=20230817T060708, end_date=20230817T060712
[2023-08-17T06:07:12.945+0000] {standard_task_runner.py:104} ERROR - Failed to execute job 32 for task spark_submit_task (Cannot execute: spark-submit --master spark://spark:7077 --name arrow-spark dags/spark_processing.py. Error code is: 1.; 5818)
[2023-08-17T06:07:12.979+0000] {local_task_job_runner.py:225} INFO - Task exited with return code 1
[2023-08-17T06:07:12.997+0000] {taskinstance.py:2651} INFO - 0 downstream tasks scheduled from follow-on schedule check
