[2023-08-15T07:31:22.842+0000] {taskinstance.py:1103} INFO - Dependencies all met for dep_context=non-requeueable deps ti=<TaskInstance: spark_airflow_dag.spark_submit_task manual__2023-08-15T07:31:22.071810+00:00 [queued]>
[2023-08-15T07:31:22.847+0000] {taskinstance.py:1103} INFO - Dependencies all met for dep_context=requeueable deps ti=<TaskInstance: spark_airflow_dag.spark_submit_task manual__2023-08-15T07:31:22.071810+00:00 [queued]>
[2023-08-15T07:31:22.847+0000] {taskinstance.py:1308} INFO - Starting attempt 1 of 1
[2023-08-15T07:31:22.852+0000] {taskinstance.py:1327} INFO - Executing <Task(SparkSubmitOperator): spark_submit_task> on 2023-08-15 07:31:22.071810+00:00
[2023-08-15T07:31:22.855+0000] {standard_task_runner.py:57} INFO - Started process 1025 to run task
[2023-08-15T07:31:22.858+0000] {standard_task_runner.py:84} INFO - Running: ['***', 'tasks', 'run', 'spark_***_dag', 'spark_submit_task', 'manual__2023-08-15T07:31:22.071810+00:00', '--job-id', '8', '--raw', '--subdir', 'DAGS_FOLDER/spark_jobs_dag.py', '--cfg-path', '/tmp/tmpqfma75mm']
[2023-08-15T07:31:22.859+0000] {standard_task_runner.py:85} INFO - Job 8: Subtask spark_submit_task
[2023-08-15T07:31:22.895+0000] {task_command.py:410} INFO - Running <TaskInstance: spark_airflow_dag.spark_submit_task manual__2023-08-15T07:31:22.071810+00:00 [running]> on host 34dbf8232cde
[2023-08-15T07:31:22.940+0000] {taskinstance.py:1545} INFO - Exporting env vars: AIRFLOW_CTX_DAG_OWNER='***' AIRFLOW_CTX_DAG_ID='spark_***_dag' AIRFLOW_CTX_TASK_ID='spark_submit_task' AIRFLOW_CTX_EXECUTION_DATE='2023-08-15T07:31:22.071810+00:00' AIRFLOW_CTX_TRY_NUMBER='1' AIRFLOW_CTX_DAG_RUN_ID='manual__2023-08-15T07:31:22.071810+00:00'
[2023-08-15T07:31:22.948+0000] {base.py:73} INFO - Using connection ID 'spark_local' for task execution.
[2023-08-15T07:31:22.949+0000] {spark_submit.py:340} INFO - Spark-Submit cmd: spark-submit --master spark://spark:7077 --name arrow-spark /opt/***/dags/spark_processing.py
[2023-08-15T07:31:23.002+0000] {spark_submit.py:491} INFO - /home/***/.local/lib/python3.10/site-packages/pyspark/bin/load-spark-env.sh: line 68: ps: command not found
[2023-08-15T07:31:24.295+0000] {spark_submit.py:491} INFO - 23/08/15 07:31:24 INFO SparkContext: Running Spark version 3.4.1
[2023-08-15T07:31:24.325+0000] {spark_submit.py:491} INFO - 23/08/15 07:31:24 WARN NativeCodeLoader: Unable to load native-hadoop library for your platform... using builtin-java classes where applicable
[2023-08-15T07:31:24.370+0000] {spark_submit.py:491} INFO - 23/08/15 07:31:24 INFO ResourceUtils: ==============================================================
[2023-08-15T07:31:24.371+0000] {spark_submit.py:491} INFO - 23/08/15 07:31:24 INFO ResourceUtils: No custom resources configured for spark.driver.
[2023-08-15T07:31:24.371+0000] {spark_submit.py:491} INFO - 23/08/15 07:31:24 INFO ResourceUtils: ==============================================================
[2023-08-15T07:31:24.372+0000] {spark_submit.py:491} INFO - 23/08/15 07:31:24 INFO SparkContext: Submitted application: DataExtraction
[2023-08-15T07:31:24.380+0000] {spark_submit.py:491} INFO - 23/08/15 07:31:24 INFO ResourceProfile: Default ResourceProfile created, executor resources: Map(memory -> name: memory, amount: 1024, script: , vendor: , offHeap -> name: offHeap, amount: 0, script: , vendor: ), task resources: Map(cpus -> name: cpus, amount: 1.0)
[2023-08-15T07:31:24.384+0000] {spark_submit.py:491} INFO - 23/08/15 07:31:24 INFO ResourceProfile: Limiting resource is cpu
[2023-08-15T07:31:24.385+0000] {spark_submit.py:491} INFO - 23/08/15 07:31:24 INFO ResourceProfileManager: Added ResourceProfile id: 0
[2023-08-15T07:31:24.407+0000] {spark_submit.py:491} INFO - 23/08/15 07:31:24 INFO SecurityManager: Changing view acls to: default
[2023-08-15T07:31:24.408+0000] {spark_submit.py:491} INFO - 23/08/15 07:31:24 INFO SecurityManager: Changing modify acls to: default
[2023-08-15T07:31:24.409+0000] {spark_submit.py:491} INFO - 23/08/15 07:31:24 INFO SecurityManager: Changing view acls groups to:
[2023-08-15T07:31:24.410+0000] {spark_submit.py:491} INFO - 23/08/15 07:31:24 INFO SecurityManager: Changing modify acls groups to:
[2023-08-15T07:31:24.411+0000] {spark_submit.py:491} INFO - 23/08/15 07:31:24 INFO SecurityManager: SecurityManager: authentication disabled; ui acls disabled; users with view permissions: default; groups with view permissions: EMPTY; users with modify permissions: default; groups with modify permissions: EMPTY
[2023-08-15T07:31:24.514+0000] {spark_submit.py:491} INFO - 23/08/15 07:31:24 INFO Utils: Successfully started service 'sparkDriver' on port 38057.
[2023-08-15T07:31:24.527+0000] {spark_submit.py:491} INFO - 23/08/15 07:31:24 INFO SparkEnv: Registering MapOutputTracker
[2023-08-15T07:31:24.545+0000] {spark_submit.py:491} INFO - 23/08/15 07:31:24 INFO SparkEnv: Registering BlockManagerMaster
[2023-08-15T07:31:24.556+0000] {spark_submit.py:491} INFO - 23/08/15 07:31:24 INFO BlockManagerMasterEndpoint: Using org.apache.spark.storage.DefaultTopologyMapper for getting topology information
[2023-08-15T07:31:24.557+0000] {spark_submit.py:491} INFO - 23/08/15 07:31:24 INFO BlockManagerMasterEndpoint: BlockManagerMasterEndpoint up
[2023-08-15T07:31:24.559+0000] {spark_submit.py:491} INFO - 23/08/15 07:31:24 INFO SparkEnv: Registering BlockManagerMasterHeartbeat
[2023-08-15T07:31:24.568+0000] {spark_submit.py:491} INFO - 23/08/15 07:31:24 INFO DiskBlockManager: Created local directory at /tmp/blockmgr-7e5eb590-6beb-41ba-b2b8-99bed00e72d0
[2023-08-15T07:31:24.576+0000] {spark_submit.py:491} INFO - 23/08/15 07:31:24 INFO MemoryStore: MemoryStore started with capacity 434.4 MiB
[2023-08-15T07:31:24.585+0000] {spark_submit.py:491} INFO - 23/08/15 07:31:24 INFO SparkEnv: Registering OutputCommitCoordinator
[2023-08-15T07:31:24.645+0000] {spark_submit.py:491} INFO - 23/08/15 07:31:24 INFO JettyUtils: Start Jetty 0.0.0.0:4040 for SparkUI
[2023-08-15T07:31:24.671+0000] {spark_submit.py:491} INFO - 23/08/15 07:31:24 INFO Utils: Successfully started service 'SparkUI' on port 4040.
[2023-08-15T07:31:24.729+0000] {spark_submit.py:491} INFO - 23/08/15 07:31:24 INFO StandaloneAppClient$ClientEndpoint: Connecting to master spark://spark:7077...
[2023-08-15T07:31:24.773+0000] {spark_submit.py:491} INFO - 23/08/15 07:31:24 WARN StandaloneAppClient$ClientEndpoint: Failed to connect to master spark:7077
[2023-08-15T07:31:24.774+0000] {spark_submit.py:491} INFO - org.apache.spark.SparkException: Exception thrown in awaitResult:
[2023-08-15T07:31:24.775+0000] {spark_submit.py:491} INFO - at org.apache.spark.util.ThreadUtils$.awaitResult(ThreadUtils.scala:322)
[2023-08-15T07:31:24.775+0000] {spark_submit.py:491} INFO - at org.apache.spark.rpc.RpcTimeout.awaitResult(RpcTimeout.scala:75)
[2023-08-15T07:31:24.775+0000] {spark_submit.py:491} INFO - at org.apache.spark.rpc.RpcEnv.setupEndpointRefByURI(RpcEnv.scala:102)
[2023-08-15T07:31:24.776+0000] {spark_submit.py:491} INFO - at org.apache.spark.rpc.RpcEnv.setupEndpointRef(RpcEnv.scala:110)
[2023-08-15T07:31:24.776+0000] {spark_submit.py:491} INFO - at org.apache.spark.deploy.client.StandaloneAppClient$ClientEndpoint$$anon$1.run(StandaloneAppClient.scala:108)
[2023-08-15T07:31:24.777+0000] {spark_submit.py:491} INFO - at java.base/java.util.concurrent.Executors$RunnableAdapter.call(Executors.java:539)
[2023-08-15T07:31:24.777+0000] {spark_submit.py:491} INFO - at java.base/java.util.concurrent.FutureTask.run(FutureTask.java:264)
[2023-08-15T07:31:24.777+0000] {spark_submit.py:491} INFO - at java.base/java.util.concurrent.ThreadPoolExecutor.runWorker(ThreadPoolExecutor.java:1136)
[2023-08-15T07:31:24.778+0000] {spark_submit.py:491} INFO - at java.base/java.util.concurrent.ThreadPoolExecutor$Worker.run(ThreadPoolExecutor.java:635)
[2023-08-15T07:31:24.778+0000] {spark_submit.py:491} INFO - at java.base/java.lang.Thread.run(Thread.java:833)
[2023-08-15T07:31:24.778+0000] {spark_submit.py:491} INFO - Caused by: java.io.IOException: Failed to connect to spark/<unresolved>:7077
[2023-08-15T07:31:24.779+0000] {spark_submit.py:491} INFO - at org.apache.spark.network.client.TransportClientFactory.createClient(TransportClientFactory.java:284)
[2023-08-15T07:31:24.779+0000] {spark_submit.py:491} INFO - at org.apache.spark.network.client.TransportClientFactory.createClient(TransportClientFactory.java:214)
[2023-08-15T07:31:24.780+0000] {spark_submit.py:491} INFO - at org.apache.spark.network.client.TransportClientFactory.createClient(TransportClientFactory.java:226)
[2023-08-15T07:31:24.780+0000] {spark_submit.py:491} INFO - at org.apache.spark.rpc.netty.NettyRpcEnv.createClient(NettyRpcEnv.scala:204)
[2023-08-15T07:31:24.780+0000] {spark_submit.py:491} INFO - at org.apache.spark.rpc.netty.Outbox$$anon$1.call(Outbox.scala:202)
[2023-08-15T07:31:24.781+0000] {spark_submit.py:491} INFO - at org.apache.spark.rpc.netty.Outbox$$anon$1.call(Outbox.scala:198)
[2023-08-15T07:31:24.781+0000] {spark_submit.py:491} INFO - ... 4 more
[2023-08-15T07:31:24.781+0000] {spark_submit.py:491} INFO - Caused by: java.net.UnknownHostException: spark
[2023-08-15T07:31:24.782+0000] {spark_submit.py:491} INFO - at java.base/java.net.InetAddress$CachedAddresses.get(InetAddress.java:801)
[2023-08-15T07:31:24.782+0000] {spark_submit.py:491} INFO - at java.base/java.net.InetAddress.getAllByName0(InetAddress.java:1533)
[2023-08-15T07:31:24.782+0000] {spark_submit.py:491} INFO - at java.base/java.net.InetAddress.getAllByName(InetAddress.java:1385)
[2023-08-15T07:31:24.783+0000] {spark_submit.py:491} INFO - at java.base/java.net.InetAddress.getAllByName(InetAddress.java:1306)
[2023-08-15T07:31:24.783+0000] {spark_submit.py:491} INFO - at java.base/java.net.InetAddress.getByName(InetAddress.java:1256)
[2023-08-15T07:31:24.783+0000] {spark_submit.py:491} INFO - at io.netty.util.internal.SocketUtils$8.run(SocketUtils.java:156)
[2023-08-15T07:31:24.784+0000] {spark_submit.py:491} INFO - at io.netty.util.internal.SocketUtils$8.run(SocketUtils.java:153)
[2023-08-15T07:31:24.784+0000] {spark_submit.py:491} INFO - at java.base/java.security.AccessController.doPrivileged(AccessController.java:569)
[2023-08-15T07:31:24.784+0000] {spark_submit.py:491} INFO - at io.netty.util.internal.SocketUtils.addressByName(SocketUtils.java:153)
[2023-08-15T07:31:24.785+0000] {spark_submit.py:491} INFO - at io.netty.resolver.DefaultNameResolver.doResolve(DefaultNameResolver.java:41)
[2023-08-15T07:31:24.785+0000] {spark_submit.py:491} INFO - at io.netty.resolver.SimpleNameResolver.resolve(SimpleNameResolver.java:61)
[2023-08-15T07:31:24.785+0000] {spark_submit.py:491} INFO - at io.netty.resolver.SimpleNameResolver.resolve(SimpleNameResolver.java:53)
[2023-08-15T07:31:24.786+0000] {spark_submit.py:491} INFO - at io.netty.resolver.InetSocketAddressResolver.doResolve(InetSocketAddressResolver.java:55)
[2023-08-15T07:31:24.786+0000] {spark_submit.py:491} INFO - at io.netty.resolver.InetSocketAddressResolver.doResolve(InetSocketAddressResolver.java:31)
[2023-08-15T07:31:24.786+0000] {spark_submit.py:491} INFO - at io.netty.resolver.AbstractAddressResolver.resolve(AbstractAddressResolver.java:106)
[2023-08-15T07:31:24.787+0000] {spark_submit.py:491} INFO - at io.netty.bootstrap.Bootstrap.doResolveAndConnect0(Bootstrap.java:206)
[2023-08-15T07:31:24.787+0000] {spark_submit.py:491} INFO - at io.netty.bootstrap.Bootstrap.access$000(Bootstrap.java:46)
[2023-08-15T07:31:24.787+0000] {spark_submit.py:491} INFO - at io.netty.bootstrap.Bootstrap$1.operationComplete(Bootstrap.java:180)
[2023-08-15T07:31:24.788+0000] {spark_submit.py:491} INFO - at io.netty.bootstrap.Bootstrap$1.operationComplete(Bootstrap.java:166)
[2023-08-15T07:31:24.788+0000] {spark_submit.py:491} INFO - at io.netty.util.concurrent.DefaultPromise.notifyListener0(DefaultPromise.java:590)
[2023-08-15T07:31:24.788+0000] {spark_submit.py:491} INFO - at io.netty.util.concurrent.DefaultPromise.notifyListenersNow(DefaultPromise.java:557)
[2023-08-15T07:31:24.789+0000] {spark_submit.py:491} INFO - at io.netty.util.concurrent.DefaultPromise.notifyListeners(DefaultPromise.java:492)
[2023-08-15T07:31:24.789+0000] {spark_submit.py:491} INFO - at io.netty.util.concurrent.DefaultPromise.setValue0(DefaultPromise.java:636)
[2023-08-15T07:31:24.789+0000] {spark_submit.py:491} INFO - at io.netty.util.concurrent.DefaultPromise.setSuccess0(DefaultPromise.java:625)
[2023-08-15T07:31:24.790+0000] {spark_submit.py:491} INFO - at io.netty.util.concurrent.DefaultPromise.trySuccess(DefaultPromise.java:105)
[2023-08-15T07:31:24.790+0000] {spark_submit.py:491} INFO - at io.netty.channel.DefaultChannelPromise.trySuccess(DefaultChannelPromise.java:84)
[2023-08-15T07:31:24.790+0000] {spark_submit.py:491} INFO - at io.netty.channel.AbstractChannel$AbstractUnsafe.safeSetSuccess(AbstractChannel.java:990)
[2023-08-15T07:31:24.791+0000] {spark_submit.py:491} INFO - at io.netty.channel.AbstractChannel$AbstractUnsafe.register0(AbstractChannel.java:516)
[2023-08-15T07:31:24.791+0000] {spark_submit.py:491} INFO - at io.netty.channel.AbstractChannel$AbstractUnsafe.access$200(AbstractChannel.java:429)
[2023-08-15T07:31:24.791+0000] {spark_submit.py:491} INFO - at io.netty.channel.AbstractChannel$AbstractUnsafe$1.run(AbstractChannel.java:486)
[2023-08-15T07:31:24.792+0000] {spark_submit.py:491} INFO - at io.netty.util.concurrent.AbstractEventExecutor.runTask(AbstractEventExecutor.java:174)
[2023-08-15T07:31:24.792+0000] {spark_submit.py:491} INFO - at io.netty.util.concurrent.AbstractEventExecutor.safeExecute(AbstractEventExecutor.java:167)
[2023-08-15T07:31:24.792+0000] {spark_submit.py:491} INFO - at io.netty.util.concurrent.SingleThreadEventExecutor.runAllTasks(SingleThreadEventExecutor.java:470)
[2023-08-15T07:31:24.793+0000] {spark_submit.py:491} INFO - at io.netty.channel.nio.NioEventLoop.run(NioEventLoop.java:569)
[2023-08-15T07:31:24.793+0000] {spark_submit.py:491} INFO - at io.netty.util.concurrent.SingleThreadEventExecutor$4.run(SingleThreadEventExecutor.java:997)
[2023-08-15T07:31:24.793+0000] {spark_submit.py:491} INFO - at io.netty.util.internal.ThreadExecutorMap$2.run(ThreadExecutorMap.java:74)
[2023-08-15T07:31:24.794+0000] {spark_submit.py:491} INFO - at io.netty.util.concurrent.FastThreadLocalRunnable.run(FastThreadLocalRunnable.java:30)
[2023-08-15T07:31:24.794+0000] {spark_submit.py:491} INFO - ... 1 more
[2023-08-15T07:31:44.730+0000] {spark_submit.py:491} INFO - 23/08/15 07:31:44 INFO StandaloneAppClient$ClientEndpoint: Connecting to master spark://spark:7077...
[2023-08-15T07:31:44.737+0000] {spark_submit.py:491} INFO - 23/08/15 07:31:44 WARN StandaloneAppClient$ClientEndpoint: Failed to connect to master spark:7077
[2023-08-15T07:31:44.738+0000] {spark_submit.py:491} INFO - org.apache.spark.SparkException: Exception thrown in awaitResult:
[2023-08-15T07:31:44.739+0000] {spark_submit.py:491} INFO - at org.apache.spark.util.ThreadUtils$.awaitResult(ThreadUtils.scala:322)
[2023-08-15T07:31:44.740+0000] {spark_submit.py:491} INFO - at org.apache.spark.rpc.RpcTimeout.awaitResult(RpcTimeout.scala:75)
[2023-08-15T07:31:44.740+0000] {spark_submit.py:491} INFO - at org.apache.spark.rpc.RpcEnv.setupEndpointRefByURI(RpcEnv.scala:102)
[2023-08-15T07:31:44.741+0000] {spark_submit.py:491} INFO - at org.apache.spark.rpc.RpcEnv.setupEndpointRef(RpcEnv.scala:110)
[2023-08-15T07:31:44.741+0000] {spark_submit.py:491} INFO - at org.apache.spark.deploy.client.StandaloneAppClient$ClientEndpoint$$anon$1.run(StandaloneAppClient.scala:108)
[2023-08-15T07:31:44.742+0000] {spark_submit.py:491} INFO - at java.base/java.util.concurrent.Executors$RunnableAdapter.call(Executors.java:539)
[2023-08-15T07:31:44.742+0000] {spark_submit.py:491} INFO - at java.base/java.util.concurrent.FutureTask.run(FutureTask.java:264)
[2023-08-15T07:31:44.742+0000] {spark_submit.py:491} INFO - at java.base/java.util.concurrent.ThreadPoolExecutor.runWorker(ThreadPoolExecutor.java:1136)
[2023-08-15T07:31:44.743+0000] {spark_submit.py:491} INFO - at java.base/java.util.concurrent.ThreadPoolExecutor$Worker.run(ThreadPoolExecutor.java:635)
[2023-08-15T07:31:44.743+0000] {spark_submit.py:491} INFO - at java.base/java.lang.Thread.run(Thread.java:833)
[2023-08-15T07:31:44.744+0000] {spark_submit.py:491} INFO - Caused by: java.io.IOException: Failed to connect to spark/<unresolved>:7077
[2023-08-15T07:31:44.744+0000] {spark_submit.py:491} INFO - at org.apache.spark.network.client.TransportClientFactory.createClient(TransportClientFactory.java:284)
[2023-08-15T07:31:44.745+0000] {spark_submit.py:491} INFO - at org.apache.spark.network.client.TransportClientFactory.createClient(TransportClientFactory.java:214)
[2023-08-15T07:31:44.745+0000] {spark_submit.py:491} INFO - at org.apache.spark.network.client.TransportClientFactory.createClient(TransportClientFactory.java:226)
[2023-08-15T07:31:44.746+0000] {spark_submit.py:491} INFO - at org.apache.spark.rpc.netty.NettyRpcEnv.createClient(NettyRpcEnv.scala:204)
[2023-08-15T07:31:44.746+0000] {spark_submit.py:491} INFO - at org.apache.spark.rpc.netty.Outbox$$anon$1.call(Outbox.scala:202)
[2023-08-15T07:31:44.746+0000] {spark_submit.py:491} INFO - at org.apache.spark.rpc.netty.Outbox$$anon$1.call(Outbox.scala:198)
[2023-08-15T07:31:44.747+0000] {spark_submit.py:491} INFO - ... 4 more
[2023-08-15T07:31:44.747+0000] {spark_submit.py:491} INFO - Caused by: java.net.UnknownHostException: spark
[2023-08-15T07:31:44.748+0000] {spark_submit.py:491} INFO - at java.base/java.net.InetAddress$CachedAddresses.get(InetAddress.java:801)
[2023-08-15T07:31:44.748+0000] {spark_submit.py:491} INFO - at java.base/java.net.InetAddress.getAllByName0(InetAddress.java:1533)
[2023-08-15T07:31:44.748+0000] {spark_submit.py:491} INFO - at java.base/java.net.InetAddress.getAllByName(InetAddress.java:1385)
[2023-08-15T07:31:44.749+0000] {spark_submit.py:491} INFO - at java.base/java.net.InetAddress.getAllByName(InetAddress.java:1306)
[2023-08-15T07:31:44.749+0000] {spark_submit.py:491} INFO - at java.base/java.net.InetAddress.getByName(InetAddress.java:1256)
[2023-08-15T07:31:44.749+0000] {spark_submit.py:491} INFO - at io.netty.util.internal.SocketUtils$8.run(SocketUtils.java:156)
[2023-08-15T07:31:44.750+0000] {spark_submit.py:491} INFO - at io.netty.util.internal.SocketUtils$8.run(SocketUtils.java:153)
[2023-08-15T07:31:44.750+0000] {spark_submit.py:491} INFO - at java.base/java.security.AccessController.doPrivileged(AccessController.java:569)
[2023-08-15T07:31:44.750+0000] {spark_submit.py:491} INFO - at io.netty.util.internal.SocketUtils.addressByName(SocketUtils.java:153)
[2023-08-15T07:31:44.751+0000] {spark_submit.py:491} INFO - at io.netty.resolver.DefaultNameResolver.doResolve(DefaultNameResolver.java:41)
[2023-08-15T07:31:44.751+0000] {spark_submit.py:491} INFO - at io.netty.resolver.SimpleNameResolver.resolve(SimpleNameResolver.java:61)
[2023-08-15T07:31:44.752+0000] {spark_submit.py:491} INFO - at io.netty.resolver.SimpleNameResolver.resolve(SimpleNameResolver.java:53)
[2023-08-15T07:31:44.752+0000] {spark_submit.py:491} INFO - at io.netty.resolver.InetSocketAddressResolver.doResolve(InetSocketAddressResolver.java:55)
[2023-08-15T07:31:44.752+0000] {spark_submit.py:491} INFO - at io.netty.resolver.InetSocketAddressResolver.doResolve(InetSocketAddressResolver.java:31)
[2023-08-15T07:31:44.753+0000] {spark_submit.py:491} INFO - at io.netty.resolver.AbstractAddressResolver.resolve(AbstractAddressResolver.java:106)
[2023-08-15T07:31:44.753+0000] {spark_submit.py:491} INFO - at io.netty.bootstrap.Bootstrap.doResolveAndConnect0(Bootstrap.java:206)
[2023-08-15T07:31:44.753+0000] {spark_submit.py:491} INFO - at io.netty.bootstrap.Bootstrap.access$000(Bootstrap.java:46)
[2023-08-15T07:31:44.754+0000] {spark_submit.py:491} INFO - at io.netty.bootstrap.Bootstrap$1.operationComplete(Bootstrap.java:180)
[2023-08-15T07:31:44.754+0000] {spark_submit.py:491} INFO - at io.netty.bootstrap.Bootstrap$1.operationComplete(Bootstrap.java:166)
[2023-08-15T07:31:44.754+0000] {spark_submit.py:491} INFO - at io.netty.util.concurrent.DefaultPromise.notifyListener0(DefaultPromise.java:590)
[2023-08-15T07:31:44.754+0000] {spark_submit.py:491} INFO - at io.netty.util.concurrent.DefaultPromise.notifyListenersNow(DefaultPromise.java:557)
[2023-08-15T07:31:44.755+0000] {spark_submit.py:491} INFO - at io.netty.util.concurrent.DefaultPromise.notifyListeners(DefaultPromise.java:492)
[2023-08-15T07:31:44.755+0000] {spark_submit.py:491} INFO - at io.netty.util.concurrent.DefaultPromise.setValue0(DefaultPromise.java:636)
[2023-08-15T07:31:44.756+0000] {spark_submit.py:491} INFO - at io.netty.util.concurrent.DefaultPromise.setSuccess0(DefaultPromise.java:625)
[2023-08-15T07:31:44.756+0000] {spark_submit.py:491} INFO - at io.netty.util.concurrent.DefaultPromise.trySuccess(DefaultPromise.java:105)
[2023-08-15T07:31:44.756+0000] {spark_submit.py:491} INFO - at io.netty.channel.DefaultChannelPromise.trySuccess(DefaultChannelPromise.java:84)
[2023-08-15T07:31:44.757+0000] {spark_submit.py:491} INFO - at io.netty.channel.AbstractChannel$AbstractUnsafe.safeSetSuccess(AbstractChannel.java:990)
[2023-08-15T07:31:44.757+0000] {spark_submit.py:491} INFO - at io.netty.channel.AbstractChannel$AbstractUnsafe.register0(AbstractChannel.java:516)
[2023-08-15T07:31:44.757+0000] {spark_submit.py:491} INFO - at io.netty.channel.AbstractChannel$AbstractUnsafe.access$200(AbstractChannel.java:429)
[2023-08-15T07:31:44.758+0000] {spark_submit.py:491} INFO - at io.netty.channel.AbstractChannel$AbstractUnsafe$1.run(AbstractChannel.java:486)
[2023-08-15T07:31:44.758+0000] {spark_submit.py:491} INFO - at io.netty.util.concurrent.AbstractEventExecutor.runTask(AbstractEventExecutor.java:174)
[2023-08-15T07:31:44.758+0000] {spark_submit.py:491} INFO - at io.netty.util.concurrent.AbstractEventExecutor.safeExecute(AbstractEventExecutor.java:167)
[2023-08-15T07:31:44.759+0000] {spark_submit.py:491} INFO - at io.netty.util.concurrent.SingleThreadEventExecutor.runAllTasks(SingleThreadEventExecutor.java:470)
[2023-08-15T07:31:44.759+0000] {spark_submit.py:491} INFO - at io.netty.channel.nio.NioEventLoop.run(NioEventLoop.java:569)
[2023-08-15T07:31:44.759+0000] {spark_submit.py:491} INFO - at io.netty.util.concurrent.SingleThreadEventExecutor$4.run(SingleThreadEventExecutor.java:997)
[2023-08-15T07:31:44.760+0000] {spark_submit.py:491} INFO - at io.netty.util.internal.ThreadExecutorMap$2.run(ThreadExecutorMap.java:74)
[2023-08-15T07:31:44.760+0000] {spark_submit.py:491} INFO - at io.netty.util.concurrent.FastThreadLocalRunnable.run(FastThreadLocalRunnable.java:30)
[2023-08-15T07:31:44.760+0000] {spark_submit.py:491} INFO - ... 1 more
[2023-08-15T07:32:04.730+0000] {spark_submit.py:491} INFO - 23/08/15 07:32:04 INFO StandaloneAppClient$ClientEndpoint: Connecting to master spark://spark:7077...
[2023-08-15T07:32:04.749+0000] {spark_submit.py:491} INFO - 23/08/15 07:32:04 WARN StandaloneAppClient$ClientEndpoint: Failed to connect to master spark:7077
[2023-08-15T07:32:04.751+0000] {spark_submit.py:491} INFO - org.apache.spark.SparkException: Exception thrown in awaitResult:
[2023-08-15T07:32:04.752+0000] {spark_submit.py:491} INFO - at org.apache.spark.util.ThreadUtils$.awaitResult(ThreadUtils.scala:322)
[2023-08-15T07:32:04.753+0000] {spark_submit.py:491} INFO - at org.apache.spark.rpc.RpcTimeout.awaitResult(RpcTimeout.scala:75)
[2023-08-15T07:32:04.755+0000] {spark_submit.py:491} INFO - at org.apache.spark.rpc.RpcEnv.setupEndpointRefByURI(RpcEnv.scala:102)
[2023-08-15T07:32:04.756+0000] {spark_submit.py:491} INFO - at org.apache.spark.rpc.RpcEnv.setupEndpointRef(RpcEnv.scala:110)
[2023-08-15T07:32:04.757+0000] {spark_submit.py:491} INFO - at org.apache.spark.deploy.client.StandaloneAppClient$ClientEndpoint$$anon$1.run(StandaloneAppClient.scala:108)
[2023-08-15T07:32:04.758+0000] {spark_submit.py:491} INFO - at java.base/java.util.concurrent.Executors$RunnableAdapter.call(Executors.java:539)
[2023-08-15T07:32:04.759+0000] {spark_submit.py:491} INFO - at java.base/java.util.concurrent.FutureTask.run(FutureTask.java:264)
[2023-08-15T07:32:04.760+0000] {spark_submit.py:491} INFO - at java.base/java.util.concurrent.ThreadPoolExecutor.runWorker(ThreadPoolExecutor.java:1136)
[2023-08-15T07:32:04.761+0000] {spark_submit.py:491} INFO - at java.base/java.util.concurrent.ThreadPoolExecutor$Worker.run(ThreadPoolExecutor.java:635)
[2023-08-15T07:32:04.761+0000] {spark_submit.py:491} INFO - at java.base/java.lang.Thread.run(Thread.java:833)
[2023-08-15T07:32:04.762+0000] {spark_submit.py:491} INFO - Caused by: java.io.IOException: Failed to connect to spark/<unresolved>:7077
[2023-08-15T07:32:04.764+0000] {spark_submit.py:491} INFO - at org.apache.spark.network.client.TransportClientFactory.createClient(TransportClientFactory.java:284)
[2023-08-15T07:32:04.764+0000] {spark_submit.py:491} INFO - at org.apache.spark.network.client.TransportClientFactory.createClient(TransportClientFactory.java:214)
[2023-08-15T07:32:04.765+0000] {spark_submit.py:491} INFO - at org.apache.spark.network.client.TransportClientFactory.createClient(TransportClientFactory.java:226)
[2023-08-15T07:32:04.766+0000] {spark_submit.py:491} INFO - at org.apache.spark.rpc.netty.NettyRpcEnv.createClient(NettyRpcEnv.scala:204)
[2023-08-15T07:32:04.766+0000] {spark_submit.py:491} INFO - at org.apache.spark.rpc.netty.Outbox$$anon$1.call(Outbox.scala:202)
[2023-08-15T07:32:04.767+0000] {spark_submit.py:491} INFO - at org.apache.spark.rpc.netty.Outbox$$anon$1.call(Outbox.scala:198)
[2023-08-15T07:32:04.768+0000] {spark_submit.py:491} INFO - ... 4 more
[2023-08-15T07:32:04.769+0000] {spark_submit.py:491} INFO - Caused by: java.net.UnknownHostException: spark
[2023-08-15T07:32:04.769+0000] {spark_submit.py:491} INFO - at java.base/java.net.InetAddress$CachedAddresses.get(InetAddress.java:801)
[2023-08-15T07:32:04.770+0000] {spark_submit.py:491} INFO - at java.base/java.net.InetAddress.getAllByName0(InetAddress.java:1533)
[2023-08-15T07:32:04.771+0000] {spark_submit.py:491} INFO - at java.base/java.net.InetAddress.getAllByName(InetAddress.java:1385)
[2023-08-15T07:32:04.771+0000] {spark_submit.py:491} INFO - at java.base/java.net.InetAddress.getAllByName(InetAddress.java:1306)
[2023-08-15T07:32:04.772+0000] {spark_submit.py:491} INFO - at java.base/java.net.InetAddress.getByName(InetAddress.java:1256)
[2023-08-15T07:32:04.773+0000] {spark_submit.py:491} INFO - at io.netty.util.internal.SocketUtils$8.run(SocketUtils.java:156)
[2023-08-15T07:32:04.774+0000] {spark_submit.py:491} INFO - at io.netty.util.internal.SocketUtils$8.run(SocketUtils.java:153)
[2023-08-15T07:32:04.774+0000] {spark_submit.py:491} INFO - at java.base/java.security.AccessController.doPrivileged(AccessController.java:569)
[2023-08-15T07:32:04.775+0000] {spark_submit.py:491} INFO - at io.netty.util.internal.SocketUtils.addressByName(SocketUtils.java:153)
[2023-08-15T07:32:04.775+0000] {spark_submit.py:491} INFO - at io.netty.resolver.DefaultNameResolver.doResolve(DefaultNameResolver.java:41)
[2023-08-15T07:32:04.776+0000] {spark_submit.py:491} INFO - at io.netty.resolver.SimpleNameResolver.resolve(SimpleNameResolver.java:61)
[2023-08-15T07:32:04.777+0000] {spark_submit.py:491} INFO - at io.netty.resolver.SimpleNameResolver.resolve(SimpleNameResolver.java:53)
[2023-08-15T07:32:04.777+0000] {spark_submit.py:491} INFO - at io.netty.resolver.InetSocketAddressResolver.doResolve(InetSocketAddressResolver.java:55)
[2023-08-15T07:32:04.778+0000] {spark_submit.py:491} INFO - at io.netty.resolver.InetSocketAddressResolver.doResolve(InetSocketAddressResolver.java:31)
[2023-08-15T07:32:04.778+0000] {spark_submit.py:491} INFO - at io.netty.resolver.AbstractAddressResolver.resolve(AbstractAddressResolver.java:106)
[2023-08-15T07:32:04.779+0000] {spark_submit.py:491} INFO - at io.netty.bootstrap.Bootstrap.doResolveAndConnect0(Bootstrap.java:206)
[2023-08-15T07:32:04.779+0000] {spark_submit.py:491} INFO - at io.netty.bootstrap.Bootstrap.access$000(Bootstrap.java:46)
[2023-08-15T07:32:04.780+0000] {spark_submit.py:491} INFO - at io.netty.bootstrap.Bootstrap$1.operationComplete(Bootstrap.java:180)
[2023-08-15T07:32:04.781+0000] {spark_submit.py:491} INFO - at io.netty.bootstrap.Bootstrap$1.operationComplete(Bootstrap.java:166)
[2023-08-15T07:32:04.781+0000] {spark_submit.py:491} INFO - at io.netty.util.concurrent.DefaultPromise.notifyListener0(DefaultPromise.java:590)
[2023-08-15T07:32:04.782+0000] {spark_submit.py:491} INFO - at io.netty.util.concurrent.DefaultPromise.notifyListenersNow(DefaultPromise.java:557)
[2023-08-15T07:32:04.782+0000] {spark_submit.py:491} INFO - at io.netty.util.concurrent.DefaultPromise.notifyListeners(DefaultPromise.java:492)
[2023-08-15T07:32:04.783+0000] {spark_submit.py:491} INFO - at io.netty.util.concurrent.DefaultPromise.setValue0(DefaultPromise.java:636)
[2023-08-15T07:32:04.784+0000] {spark_submit.py:491} INFO - at io.netty.util.concurrent.DefaultPromise.setSuccess0(DefaultPromise.java:625)
[2023-08-15T07:32:04.784+0000] {spark_submit.py:491} INFO - at io.netty.util.concurrent.DefaultPromise.trySuccess(DefaultPromise.java:105)
[2023-08-15T07:32:04.785+0000] {spark_submit.py:491} INFO - at io.netty.channel.DefaultChannelPromise.trySuccess(DefaultChannelPromise.java:84)
[2023-08-15T07:32:04.786+0000] {spark_submit.py:491} INFO - at io.netty.channel.AbstractChannel$AbstractUnsafe.safeSetSuccess(AbstractChannel.java:990)
[2023-08-15T07:32:04.786+0000] {spark_submit.py:491} INFO - at io.netty.channel.AbstractChannel$AbstractUnsafe.register0(AbstractChannel.java:516)
[2023-08-15T07:32:04.787+0000] {spark_submit.py:491} INFO - at io.netty.channel.AbstractChannel$AbstractUnsafe.access$200(AbstractChannel.java:429)
[2023-08-15T07:32:04.787+0000] {spark_submit.py:491} INFO - at io.netty.channel.AbstractChannel$AbstractUnsafe$1.run(AbstractChannel.java:486)
[2023-08-15T07:32:04.788+0000] {spark_submit.py:491} INFO - at io.netty.util.concurrent.AbstractEventExecutor.runTask(AbstractEventExecutor.java:174)
[2023-08-15T07:32:04.788+0000] {spark_submit.py:491} INFO - at io.netty.util.concurrent.AbstractEventExecutor.safeExecute(AbstractEventExecutor.java:167)
[2023-08-15T07:32:04.789+0000] {spark_submit.py:491} INFO - at io.netty.util.concurrent.SingleThreadEventExecutor.runAllTasks(SingleThreadEventExecutor.java:470)
[2023-08-15T07:32:04.789+0000] {spark_submit.py:491} INFO - at io.netty.channel.nio.NioEventLoop.run(NioEventLoop.java:569)
[2023-08-15T07:32:04.790+0000] {spark_submit.py:491} INFO - at io.netty.util.concurrent.SingleThreadEventExecutor$4.run(SingleThreadEventExecutor.java:997)
[2023-08-15T07:32:04.790+0000] {spark_submit.py:491} INFO - at io.netty.util.internal.ThreadExecutorMap$2.run(ThreadExecutorMap.java:74)
[2023-08-15T07:32:04.790+0000] {spark_submit.py:491} INFO - at io.netty.util.concurrent.FastThreadLocalRunnable.run(FastThreadLocalRunnable.java:30)
[2023-08-15T07:32:04.791+0000] {spark_submit.py:491} INFO - ... 1 more
[2023-08-15T07:32:24.736+0000] {spark_submit.py:491} INFO - 23/08/15 07:32:24 WARN StandaloneSchedulerBackend: Application ID is not initialized yet.
[2023-08-15T07:32:24.740+0000] {spark_submit.py:491} INFO - 23/08/15 07:32:24 ERROR StandaloneSchedulerBackend: Application has been killed. Reason: All masters are unresponsive! Giving up.
[2023-08-15T07:32:24.751+0000] {spark_submit.py:491} INFO - 23/08/15 07:32:24 INFO Utils: Successfully started service 'org.apache.spark.network.netty.NettyBlockTransferService' on port 37857.
[2023-08-15T07:32:24.756+0000] {spark_submit.py:491} INFO - 23/08/15 07:32:24 INFO NettyBlockTransferService: Server created on 34dbf8232cde:37857
[2023-08-15T07:32:24.758+0000] {spark_submit.py:491} INFO - 23/08/15 07:32:24 INFO BlockManager: Using org.apache.spark.storage.RandomBlockReplicationPolicy for block replication policy
[2023-08-15T07:32:24.766+0000] {spark_submit.py:491} INFO - 23/08/15 07:32:24 INFO BlockManagerMaster: Registering BlockManager BlockManagerId(driver, 34dbf8232cde, 37857, None)
[2023-08-15T07:32:24.770+0000] {spark_submit.py:491} INFO - 23/08/15 07:32:24 INFO BlockManagerMasterEndpoint: Registering block manager 34dbf8232cde:37857 with 434.4 MiB RAM, BlockManagerId(driver, 34dbf8232cde, 37857, None)
[2023-08-15T07:32:24.772+0000] {spark_submit.py:491} INFO - 23/08/15 07:32:24 INFO BlockManagerMaster: Registered BlockManager BlockManagerId(driver, 34dbf8232cde, 37857, None)
[2023-08-15T07:32:24.773+0000] {spark_submit.py:491} INFO - 23/08/15 07:32:24 INFO BlockManager: Initialized BlockManager: BlockManagerId(driver, 34dbf8232cde, 37857, None)
[2023-08-15T07:32:24.872+0000] {spark_submit.py:491} INFO - 23/08/15 07:32:24 INFO StandaloneSchedulerBackend: SchedulerBackend is ready for scheduling beginning after reached minRegisteredResourcesRatio: 0.0
[2023-08-15T07:32:25.000+0000] {spark_submit.py:491} INFO - 23/08/15 07:32:24 INFO SparkContext: SparkContext is stopping with exitCode 0.
[2023-08-15T07:32:25.006+0000] {spark_submit.py:491} INFO - 23/08/15 07:32:25 INFO SparkUI: Stopped Spark web UI at http://34dbf8232cde:4040
[2023-08-15T07:32:25.008+0000] {spark_submit.py:491} INFO - 23/08/15 07:32:25 INFO StandaloneSchedulerBackend: Shutting down all executors
[2023-08-15T07:32:25.010+0000] {spark_submit.py:491} INFO - 23/08/15 07:32:25 INFO StandaloneSchedulerBackend$StandaloneDriverEndpoint: Asking each executor to shut down
[2023-08-15T07:32:25.014+0000] {spark_submit.py:491} INFO - 23/08/15 07:32:25 WARN StandaloneAppClient$ClientEndpoint: Drop UnregisterApplication(null) because has not yet connected to master
[2023-08-15T07:32:25.018+0000] {spark_submit.py:491} INFO - 23/08/15 07:32:25 INFO SharedState: Setting hive.metastore.warehouse.dir ('null') to the value of spark.sql.warehouse.dir.
[2023-08-15T07:32:25.022+0000] {spark_submit.py:491} INFO - 23/08/15 07:32:25 INFO MapOutputTrackerMasterEndpoint: MapOutputTrackerMasterEndpoint stopped!
[2023-08-15T07:32:25.024+0000] {spark_submit.py:491} INFO - 23/08/15 07:32:25 INFO SharedState: Warehouse path is 'file:/opt/***/spark-warehouse'.
[2023-08-15T07:32:25.033+0000] {spark_submit.py:491} INFO - 23/08/15 07:32:25 INFO MemoryStore: MemoryStore cleared
[2023-08-15T07:32:25.034+0000] {spark_submit.py:491} INFO - 23/08/15 07:32:25 INFO BlockManager: BlockManager stopped
[2023-08-15T07:32:25.036+0000] {spark_submit.py:491} INFO - 23/08/15 07:32:25 INFO BlockManagerMaster: BlockManagerMaster stopped
[2023-08-15T07:32:25.038+0000] {spark_submit.py:491} INFO - 23/08/15 07:32:25 INFO OutputCommitCoordinator$OutputCommitCoordinatorEndpoint: OutputCommitCoordinator stopped!
[2023-08-15T07:32:25.046+0000] {spark_submit.py:491} INFO - Traceback (most recent call last):
[2023-08-15T07:32:25.047+0000] {spark_submit.py:491} INFO - File "/opt/***/dags/spark_processing.py", line 20, in <module>
[2023-08-15T07:32:25.048+0000] {spark_submit.py:491} INFO - stock_df = spark.read.csv('A.csv', header=True, schema=existing_schema)
[2023-08-15T07:32:25.049+0000] {spark_submit.py:491} INFO - File "/home/***/.local/lib/python3.10/site-packages/pyspark/python/lib/pyspark.zip/pyspark/sql/session.py", line 1515, in read
[2023-08-15T07:32:25.050+0000] {spark_submit.py:491} INFO - File "/home/***/.local/lib/python3.10/site-packages/pyspark/python/lib/pyspark.zip/pyspark/sql/readwriter.py", line 69, in __init__
[2023-08-15T07:32:25.050+0000] {spark_submit.py:491} INFO - File "/home/***/.local/lib/python3.10/site-packages/pyspark/python/lib/py4j-0.10.9.7-src.zip/py4j/java_gateway.py", line 1322, in __call__
[2023-08-15T07:32:25.051+0000] {spark_submit.py:491} INFO - File "/home/***/.local/lib/python3.10/site-packages/pyspark/python/lib/pyspark.zip/pyspark/errors/exceptions/captured.py", line 169, in deco
[2023-08-15T07:32:25.051+0000] {spark_submit.py:491} INFO - File "/home/***/.local/lib/python3.10/site-packages/pyspark/python/lib/py4j-0.10.9.7-src.zip/py4j/protocol.py", line 326, in get_return_value
[2023-08-15T07:32:25.052+0000] {spark_submit.py:491} INFO - py4j.protocol.Py4JJavaError: An error occurred while calling o23.read.
[2023-08-15T07:32:25.052+0000] {spark_submit.py:491} INFO - : java.lang.IllegalStateException: LiveListenerBus is stopped.
[2023-08-15T07:32:25.053+0000] {spark_submit.py:491} INFO - at org.apache.spark.scheduler.LiveListenerBus.addToQueue(LiveListenerBus.scala:98)
[2023-08-15T07:32:25.053+0000] {spark_submit.py:491} INFO - at org.apache.spark.scheduler.LiveListenerBus.addToStatusQueue(LiveListenerBus.scala:81)
[2023-08-15T07:32:25.053+0000] {spark_submit.py:491} INFO - at org.apache.spark.sql.internal.SharedState.<init>(SharedState.scala:115)
[2023-08-15T07:32:25.054+0000] {spark_submit.py:491} INFO - at org.apache.spark.sql.SparkSession.$anonfun$sharedState$1(SparkSession.scala:144)
[2023-08-15T07:32:25.054+0000] {spark_submit.py:491} INFO - at scala.Option.getOrElse(Option.scala:189)
[2023-08-15T07:32:25.055+0000] {spark_submit.py:491} INFO - at org.apache.spark.sql.SparkSession.sharedState$lzycompute(SparkSession.scala:144)
[2023-08-15T07:32:25.055+0000] {spark_submit.py:491} INFO - at org.apache.spark.sql.SparkSession.sharedState(SparkSession.scala:143)
[2023-08-15T07:32:25.056+0000] {spark_submit.py:491} INFO - at org.apache.spark.sql.SparkSession.$anonfun$sessionState$2(SparkSession.scala:163)
[2023-08-15T07:32:25.056+0000] {spark_submit.py:491} INFO - at scala.Option.getOrElse(Option.scala:189)
[2023-08-15T07:32:25.057+0000] {spark_submit.py:491} INFO - at org.apache.spark.sql.SparkSession.sessionState$lzycompute(SparkSession.scala:161)
[2023-08-15T07:32:25.057+0000] {spark_submit.py:491} INFO - at org.apache.spark.sql.SparkSession.sessionState(SparkSession.scala:158)
[2023-08-15T07:32:25.057+0000] {spark_submit.py:491} INFO - at org.apache.spark.sql.DataFrameReader.<init>(DataFrameReader.scala:699)
[2023-08-15T07:32:25.058+0000] {spark_submit.py:491} INFO - at org.apache.spark.sql.SparkSession.read(SparkSession.scala:710)
[2023-08-15T07:32:25.058+0000] {spark_submit.py:491} INFO - at java.base/jdk.internal.reflect.NativeMethodAccessorImpl.invoke0(Native Method)
[2023-08-15T07:32:25.058+0000] {spark_submit.py:491} INFO - at java.base/jdk.internal.reflect.NativeMethodAccessorImpl.invoke(NativeMethodAccessorImpl.java:77)
[2023-08-15T07:32:25.059+0000] {spark_submit.py:491} INFO - at java.base/jdk.internal.reflect.DelegatingMethodAccessorImpl.invoke(DelegatingMethodAccessorImpl.java:43)
[2023-08-15T07:32:25.059+0000] {spark_submit.py:491} INFO - at java.base/java.lang.reflect.Method.invoke(Method.java:568)
[2023-08-15T07:32:25.059+0000] {spark_submit.py:491} INFO - at py4j.reflection.MethodInvoker.invoke(MethodInvoker.java:244)
[2023-08-15T07:32:25.060+0000] {spark_submit.py:491} INFO - at py4j.reflection.ReflectionEngine.invoke(ReflectionEngine.java:374)
[2023-08-15T07:32:25.060+0000] {spark_submit.py:491} INFO - at py4j.Gateway.invoke(Gateway.java:282)
[2023-08-15T07:32:25.060+0000] {spark_submit.py:491} INFO - at py4j.commands.AbstractCommand.invokeMethod(AbstractCommand.java:132)
[2023-08-15T07:32:25.061+0000] {spark_submit.py:491} INFO - at py4j.commands.CallCommand.execute(CallCommand.java:79)
[2023-08-15T07:32:25.061+0000] {spark_submit.py:491} INFO - at py4j.ClientServerConnection.waitForCommands(ClientServerConnection.java:182)
[2023-08-15T07:32:25.061+0000] {spark_submit.py:491} INFO - at py4j.ClientServerConnection.run(ClientServerConnection.java:106)
[2023-08-15T07:32:25.062+0000] {spark_submit.py:491} INFO - at java.base/java.lang.Thread.run(Thread.java:833)
[2023-08-15T07:32:25.062+0000] {spark_submit.py:491} INFO - 
[2023-08-15T07:32:25.063+0000] {spark_submit.py:491} INFO - 23/08/15 07:32:25 INFO SparkContext: Successfully stopped SparkContext
[2023-08-15T07:32:25.077+0000] {spark_submit.py:491} INFO - 23/08/15 07:32:25 INFO ShutdownHookManager: Shutdown hook called
[2023-08-15T07:32:25.078+0000] {spark_submit.py:491} INFO - 23/08/15 07:32:25 INFO ShutdownHookManager: Deleting directory /tmp/spark-3ddd2d20-d72f-4e34-ac3a-dda27f48efab/pyspark-9899892b-1291-4894-804b-60addf3a5435
[2023-08-15T07:32:25.082+0000] {spark_submit.py:491} INFO - 23/08/15 07:32:25 INFO ShutdownHookManager: Deleting directory /tmp/spark-3ddd2d20-d72f-4e34-ac3a-dda27f48efab
[2023-08-15T07:32:25.085+0000] {spark_submit.py:491} INFO - 23/08/15 07:32:25 INFO ShutdownHookManager: Deleting directory /tmp/spark-a776b20c-5b70-4897-8f56-0b255a773cc3
[2023-08-15T07:32:25.146+0000] {taskinstance.py:1824} ERROR - Task failed with exception
Traceback (most recent call last):
  File "/home/airflow/.local/lib/python3.10/site-packages/airflow/providers/apache/spark/operators/spark_submit.py", line 156, in execute
    self._hook.submit(self._application)
  File "/home/airflow/.local/lib/python3.10/site-packages/airflow/providers/apache/spark/hooks/spark_submit.py", line 422, in submit
    raise AirflowException(
airflow.exceptions.AirflowException: Cannot execute: spark-submit --master spark://spark:7077 --name arrow-spark /opt/***/dags/spark_processing.py. Error code is: 1.
[2023-08-15T07:32:25.149+0000] {taskinstance.py:1345} INFO - Marking task as FAILED. dag_id=spark_***_dag, task_id=spark_submit_task, execution_date=20230815T073122, start_date=20230815T073122, end_date=20230815T073225
[2023-08-15T07:32:25.155+0000] {standard_task_runner.py:104} ERROR - Failed to execute job 8 for task spark_submit_task (Cannot execute: spark-submit --master spark://spark:7077 --name arrow-spark /opt/***/dags/spark_processing.py. Error code is: 1.; 1025)
[2023-08-15T07:32:25.182+0000] {local_task_job_runner.py:225} INFO - Task exited with return code 1
[2023-08-15T07:32:25.193+0000] {taskinstance.py:2651} INFO - 0 downstream tasks scheduled from follow-on schedule check
