[2023-08-18T01:44:08.630+0000] {taskinstance.py:1103} INFO - Dependencies all met for dep_context=non-requeueable deps ti=<TaskInstance: spark_airflow_dag.spark_submit_task manual__2023-08-18T01:44:06.978168+00:00 [queued]>
[2023-08-18T01:44:08.642+0000] {taskinstance.py:1103} INFO - Dependencies all met for dep_context=requeueable deps ti=<TaskInstance: spark_airflow_dag.spark_submit_task manual__2023-08-18T01:44:06.978168+00:00 [queued]>
[2023-08-18T01:44:08.643+0000] {taskinstance.py:1308} INFO - Starting attempt 1 of 1
[2023-08-18T01:44:08.658+0000] {taskinstance.py:1327} INFO - Executing <Task(SparkSubmitOperator): spark_submit_task> on 2023-08-18 01:44:06.978168+00:00
[2023-08-18T01:44:08.663+0000] {standard_task_runner.py:57} INFO - Started process 1266 to run task
[2023-08-18T01:44:08.669+0000] {standard_task_runner.py:84} INFO - Running: ['***', 'tasks', 'run', 'spark_***_dag', 'spark_submit_task', 'manual__2023-08-18T01:44:06.978168+00:00', '--job-id', '13', '--raw', '--subdir', 'DAGS_FOLDER/spark_jobs_dag.py', '--cfg-path', '/tmp/tmpub6fup6g']
[2023-08-18T01:44:08.671+0000] {standard_task_runner.py:85} INFO - Job 13: Subtask spark_submit_task
[2023-08-18T01:44:08.741+0000] {task_command.py:410} INFO - Running <TaskInstance: spark_airflow_dag.spark_submit_task manual__2023-08-18T01:44:06.978168+00:00 [running]> on host 15ea5e9ca941
[2023-08-18T01:44:08.824+0000] {taskinstance.py:1545} INFO - Exporting env vars: AIRFLOW_CTX_DAG_OWNER='***' AIRFLOW_CTX_DAG_ID='spark_***_dag' AIRFLOW_CTX_TASK_ID='spark_submit_task' AIRFLOW_CTX_EXECUTION_DATE='2023-08-18T01:44:06.978168+00:00' AIRFLOW_CTX_TRY_NUMBER='1' AIRFLOW_CTX_DAG_RUN_ID='manual__2023-08-18T01:44:06.978168+00:00'
[2023-08-18T01:44:08.836+0000] {base.py:73} INFO - Using connection ID 'spark_local' for task execution.
[2023-08-18T01:44:08.838+0000] {spark_submit.py:340} INFO - Spark-Submit cmd: spark-submit --master spark://spark:7077 --name arrow-spark ./dags/utils/spark_processing.py
[2023-08-18T01:44:08.936+0000] {spark_submit.py:491} INFO - /home/***/.local/lib/python3.10/site-packages/pyspark/bin/load-spark-env.sh: line 68: ps: command not found
[2023-08-18T01:44:11.244+0000] {spark_submit.py:491} INFO - 23/08/18 01:44:11 INFO SparkContext: Running Spark version 3.4.1
[2023-08-18T01:44:11.284+0000] {spark_submit.py:491} INFO - 23/08/18 01:44:11 WARN NativeCodeLoader: Unable to load native-hadoop library for your platform... using builtin-java classes where applicable
[2023-08-18T01:44:11.344+0000] {spark_submit.py:491} INFO - 23/08/18 01:44:11 INFO ResourceUtils: ==============================================================
[2023-08-18T01:44:11.345+0000] {spark_submit.py:491} INFO - 23/08/18 01:44:11 INFO ResourceUtils: No custom resources configured for spark.driver.
[2023-08-18T01:44:11.346+0000] {spark_submit.py:491} INFO - 23/08/18 01:44:11 INFO ResourceUtils: ==============================================================
[2023-08-18T01:44:11.347+0000] {spark_submit.py:491} INFO - 23/08/18 01:44:11 INFO SparkContext: Submitted application: DataExtraction
[2023-08-18T01:44:11.361+0000] {spark_submit.py:491} INFO - 23/08/18 01:44:11 INFO ResourceProfile: Default ResourceProfile created, executor resources: Map(memory -> name: memory, amount: 1024, script: , vendor: , offHeap -> name: offHeap, amount: 0, script: , vendor: ), task resources: Map(cpus -> name: cpus, amount: 1.0)
[2023-08-18T01:44:11.367+0000] {spark_submit.py:491} INFO - 23/08/18 01:44:11 INFO ResourceProfile: Limiting resource is cpu
[2023-08-18T01:44:11.368+0000] {spark_submit.py:491} INFO - 23/08/18 01:44:11 INFO ResourceProfileManager: Added ResourceProfile id: 0
[2023-08-18T01:44:11.402+0000] {spark_submit.py:491} INFO - 23/08/18 01:44:11 INFO SecurityManager: Changing view acls to: default
[2023-08-18T01:44:11.404+0000] {spark_submit.py:491} INFO - 23/08/18 01:44:11 INFO SecurityManager: Changing modify acls to: default
[2023-08-18T01:44:11.405+0000] {spark_submit.py:491} INFO - 23/08/18 01:44:11 INFO SecurityManager: Changing view acls groups to:
[2023-08-18T01:44:11.407+0000] {spark_submit.py:491} INFO - 23/08/18 01:44:11 INFO SecurityManager: Changing modify acls groups to:
[2023-08-18T01:44:11.412+0000] {spark_submit.py:491} INFO - 23/08/18 01:44:11 INFO SecurityManager: SecurityManager: authentication disabled; ui acls disabled; users with view permissions: default; groups with view permissions: EMPTY; users with modify permissions: default; groups with modify permissions: EMPTY
[2023-08-18T01:44:11.564+0000] {spark_submit.py:491} INFO - 23/08/18 01:44:11 INFO Utils: Successfully started service 'sparkDriver' on port 41241.
[2023-08-18T01:44:11.583+0000] {spark_submit.py:491} INFO - 23/08/18 01:44:11 INFO SparkEnv: Registering MapOutputTracker
[2023-08-18T01:44:11.606+0000] {spark_submit.py:491} INFO - 23/08/18 01:44:11 INFO SparkEnv: Registering BlockManagerMaster
[2023-08-18T01:44:11.619+0000] {spark_submit.py:491} INFO - 23/08/18 01:44:11 INFO BlockManagerMasterEndpoint: Using org.apache.spark.storage.DefaultTopologyMapper for getting topology information
[2023-08-18T01:44:11.621+0000] {spark_submit.py:491} INFO - 23/08/18 01:44:11 INFO BlockManagerMasterEndpoint: BlockManagerMasterEndpoint up
[2023-08-18T01:44:11.624+0000] {spark_submit.py:491} INFO - 23/08/18 01:44:11 INFO SparkEnv: Registering BlockManagerMasterHeartbeat
[2023-08-18T01:44:11.638+0000] {spark_submit.py:491} INFO - 23/08/18 01:44:11 INFO DiskBlockManager: Created local directory at /tmp/blockmgr-18e6f8a2-6279-4422-8a34-6a083afe8ca0
[2023-08-18T01:44:11.649+0000] {spark_submit.py:491} INFO - 23/08/18 01:44:11 INFO MemoryStore: MemoryStore started with capacity 434.4 MiB
[2023-08-18T01:44:11.659+0000] {spark_submit.py:491} INFO - 23/08/18 01:44:11 INFO SparkEnv: Registering OutputCommitCoordinator
[2023-08-18T01:44:11.741+0000] {spark_submit.py:491} INFO - 23/08/18 01:44:11 INFO JettyUtils: Start Jetty 0.0.0.0:4040 for SparkUI
[2023-08-18T01:44:11.786+0000] {spark_submit.py:491} INFO - 23/08/18 01:44:11 INFO Utils: Successfully started service 'SparkUI' on port 4040.
[2023-08-18T01:44:11.865+0000] {spark_submit.py:491} INFO - 23/08/18 01:44:11 INFO StandaloneAppClient$ClientEndpoint: Connecting to master spark://spark:7077...
[2023-08-18T01:44:11.895+0000] {spark_submit.py:491} INFO - 23/08/18 01:44:11 INFO TransportClientFactory: Successfully created connection to spark/172.19.0.4:7077 after 17 ms (0 ms spent in bootstraps)
[2023-08-18T01:44:11.960+0000] {spark_submit.py:491} INFO - 23/08/18 01:44:11 INFO StandaloneSchedulerBackend: Connected to Spark cluster with app ID app-20230818014411-0003
[2023-08-18T01:44:11.962+0000] {spark_submit.py:491} INFO - 23/08/18 01:44:11 INFO StandaloneAppClient$ClientEndpoint: Executor added: app-20230818014411-0003/0 on worker-20230818013135-172.19.0.2-36181 (172.19.0.2:36181) with 1 core(s)
[2023-08-18T01:44:11.964+0000] {spark_submit.py:491} INFO - 23/08/18 01:44:11 INFO StandaloneSchedulerBackend: Granted executor ID app-20230818014411-0003/0 on hostPort 172.19.0.2:36181 with 1 core(s), 1024.0 MiB RAM
[2023-08-18T01:44:11.967+0000] {spark_submit.py:491} INFO - 23/08/18 01:44:11 INFO Utils: Successfully started service 'org.apache.spark.network.netty.NettyBlockTransferService' on port 46099.
[2023-08-18T01:44:11.969+0000] {spark_submit.py:491} INFO - 23/08/18 01:44:11 INFO NettyBlockTransferService: Server created on 15ea5e9ca941:46099
[2023-08-18T01:44:11.970+0000] {spark_submit.py:491} INFO - 23/08/18 01:44:11 INFO BlockManager: Using org.apache.spark.storage.RandomBlockReplicationPolicy for block replication policy
[2023-08-18T01:44:11.975+0000] {spark_submit.py:491} INFO - 23/08/18 01:44:11 INFO BlockManagerMaster: Registering BlockManager BlockManagerId(driver, 15ea5e9ca941, 46099, None)
[2023-08-18T01:44:11.979+0000] {spark_submit.py:491} INFO - 23/08/18 01:44:11 INFO BlockManagerMasterEndpoint: Registering block manager 15ea5e9ca941:46099 with 434.4 MiB RAM, BlockManagerId(driver, 15ea5e9ca941, 46099, None)
[2023-08-18T01:44:11.983+0000] {spark_submit.py:491} INFO - 23/08/18 01:44:11 INFO BlockManagerMaster: Registered BlockManager BlockManagerId(driver, 15ea5e9ca941, 46099, None)
[2023-08-18T01:44:11.985+0000] {spark_submit.py:491} INFO - 23/08/18 01:44:11 INFO BlockManager: Initialized BlockManager: BlockManagerId(driver, 15ea5e9ca941, 46099, None)
[2023-08-18T01:44:11.990+0000] {spark_submit.py:491} INFO - 23/08/18 01:44:11 INFO StandaloneAppClient$ClientEndpoint: Executor updated: app-20230818014411-0003/0 is now RUNNING
[2023-08-18T01:44:12.145+0000] {spark_submit.py:491} INFO - 23/08/18 01:44:12 INFO StandaloneSchedulerBackend: SchedulerBackend is ready for scheduling beginning after reached minRegisteredResourcesRatio: 0.0
[2023-08-18T01:44:12.335+0000] {spark_submit.py:491} INFO - 23/08/18 01:44:12 INFO SharedState: Setting hive.metastore.warehouse.dir ('null') to the value of spark.sql.warehouse.dir.
[2023-08-18T01:44:12.340+0000] {spark_submit.py:491} INFO - 23/08/18 01:44:12 INFO SharedState: Warehouse path is 'file:/opt/***/spark-warehouse'.
[2023-08-18T01:44:13.531+0000] {spark_submit.py:491} INFO - Traceback (most recent call last):
[2023-08-18T01:44:13.533+0000] {spark_submit.py:491} INFO - File "/opt/***/dags/utils/spark_processing.py", line 20, in <module>
[2023-08-18T01:44:13.536+0000] {spark_submit.py:491} INFO - stock_df = spark.read.csv("../data/A.csv", header=True, schema=existing_schema)
[2023-08-18T01:44:13.537+0000] {spark_submit.py:491} INFO - File "/home/***/.local/lib/python3.10/site-packages/pyspark/python/lib/pyspark.zip/pyspark/sql/readwriter.py", line 727, in csv
[2023-08-18T01:44:13.538+0000] {spark_submit.py:491} INFO - File "/home/***/.local/lib/python3.10/site-packages/pyspark/python/lib/py4j-0.10.9.7-src.zip/py4j/java_gateway.py", line 1322, in __call__
[2023-08-18T01:44:13.539+0000] {spark_submit.py:491} INFO - File "/home/***/.local/lib/python3.10/site-packages/pyspark/python/lib/pyspark.zip/pyspark/errors/exceptions/captured.py", line 175, in deco
[2023-08-18T01:44:13.547+0000] {spark_submit.py:491} INFO - pyspark.errors.exceptions.captured.AnalysisException: [PATH_NOT_FOUND] Path does not exist: file:/opt/data/A.csv.
[2023-08-18T01:44:13.606+0000] {spark_submit.py:491} INFO - 23/08/18 01:44:13 INFO SparkContext: Invoking stop() from shutdown hook
[2023-08-18T01:44:13.608+0000] {spark_submit.py:491} INFO - 23/08/18 01:44:13 INFO SparkContext: SparkContext is stopping with exitCode 0.
[2023-08-18T01:44:13.620+0000] {spark_submit.py:491} INFO - 23/08/18 01:44:13 INFO SparkUI: Stopped Spark web UI at http://15ea5e9ca941:4040
[2023-08-18T01:44:13.625+0000] {spark_submit.py:491} INFO - 23/08/18 01:44:13 INFO StandaloneSchedulerBackend: Shutting down all executors
[2023-08-18T01:44:13.629+0000] {spark_submit.py:491} INFO - 23/08/18 01:44:13 INFO StandaloneSchedulerBackend$StandaloneDriverEndpoint: Asking each executor to shut down
[2023-08-18T01:44:13.656+0000] {spark_submit.py:491} INFO - 23/08/18 01:44:13 INFO MapOutputTrackerMasterEndpoint: MapOutputTrackerMasterEndpoint stopped!
[2023-08-18T01:44:13.674+0000] {spark_submit.py:491} INFO - 23/08/18 01:44:13 INFO MemoryStore: MemoryStore cleared
[2023-08-18T01:44:13.676+0000] {spark_submit.py:491} INFO - 23/08/18 01:44:13 INFO BlockManager: BlockManager stopped
[2023-08-18T01:44:13.681+0000] {spark_submit.py:491} INFO - 23/08/18 01:44:13 INFO BlockManagerMaster: BlockManagerMaster stopped
[2023-08-18T01:44:13.683+0000] {spark_submit.py:491} INFO - 23/08/18 01:44:13 INFO OutputCommitCoordinator$OutputCommitCoordinatorEndpoint: OutputCommitCoordinator stopped!
[2023-08-18T01:44:13.701+0000] {spark_submit.py:491} INFO - 23/08/18 01:44:13 INFO SparkContext: Successfully stopped SparkContext
[2023-08-18T01:44:13.702+0000] {spark_submit.py:491} INFO - 23/08/18 01:44:13 INFO ShutdownHookManager: Shutdown hook called
[2023-08-18T01:44:13.703+0000] {spark_submit.py:491} INFO - 23/08/18 01:44:13 INFO ShutdownHookManager: Deleting directory /tmp/spark-7db49090-04bd-486c-8e1c-6e9ad4e613ec
[2023-08-18T01:44:13.709+0000] {spark_submit.py:491} INFO - 23/08/18 01:44:13 INFO ShutdownHookManager: Deleting directory /tmp/spark-37cf729a-d45d-4e3e-b866-daee0c293ded/pyspark-3f716077-efad-46ce-baf2-ef5cb7fe27db
[2023-08-18T01:44:13.716+0000] {spark_submit.py:491} INFO - 23/08/18 01:44:13 INFO ShutdownHookManager: Deleting directory /tmp/spark-37cf729a-d45d-4e3e-b866-daee0c293ded
[2023-08-18T01:44:13.779+0000] {taskinstance.py:1824} ERROR - Task failed with exception
Traceback (most recent call last):
  File "/home/airflow/.local/lib/python3.10/site-packages/airflow/providers/apache/spark/operators/spark_submit.py", line 156, in execute
    self._hook.submit(self._application)
  File "/home/airflow/.local/lib/python3.10/site-packages/airflow/providers/apache/spark/hooks/spark_submit.py", line 422, in submit
    raise AirflowException(
airflow.exceptions.AirflowException: Cannot execute: spark-submit --master spark://spark:7077 --name arrow-spark ./dags/utils/spark_processing.py. Error code is: 1.
[2023-08-18T01:44:13.783+0000] {taskinstance.py:1345} INFO - Marking task as FAILED. dag_id=spark_***_dag, task_id=spark_submit_task, execution_date=20230818T014406, start_date=20230818T014408, end_date=20230818T014413
[2023-08-18T01:44:13.793+0000] {standard_task_runner.py:104} ERROR - Failed to execute job 13 for task spark_submit_task (Cannot execute: spark-submit --master spark://spark:7077 --name arrow-spark ./dags/utils/spark_processing.py. Error code is: 1.; 1266)
[2023-08-18T01:44:13.831+0000] {local_task_job_runner.py:225} INFO - Task exited with return code 1
[2023-08-18T01:44:13.846+0000] {taskinstance.py:2651} INFO - 0 downstream tasks scheduled from follow-on schedule check
