[2023-08-17T04:22:14.722+0000] {taskinstance.py:1103} INFO - Dependencies all met for dep_context=non-requeueable deps ti=<TaskInstance: spark_airflow_dag.spark_submit_task manual__2023-08-17T04:22:14.014767+00:00 [queued]>
[2023-08-17T04:22:14.729+0000] {taskinstance.py:1103} INFO - Dependencies all met for dep_context=requeueable deps ti=<TaskInstance: spark_airflow_dag.spark_submit_task manual__2023-08-17T04:22:14.014767+00:00 [queued]>
[2023-08-17T04:22:14.730+0000] {taskinstance.py:1308} INFO - Starting attempt 1 of 1
[2023-08-17T04:22:14.738+0000] {taskinstance.py:1327} INFO - Executing <Task(SparkSubmitOperator): spark_submit_task> on 2023-08-17 04:22:14.014767+00:00
[2023-08-17T04:22:14.742+0000] {standard_task_runner.py:57} INFO - Started process 2454 to run task
[2023-08-17T04:22:14.747+0000] {standard_task_runner.py:84} INFO - Running: ['***', 'tasks', 'run', 'spark_***_dag', 'spark_submit_task', 'manual__2023-08-17T04:22:14.014767+00:00', '--job-id', '16', '--raw', '--subdir', 'DAGS_FOLDER/spark_jobs_dag.py', '--cfg-path', '/tmp/tmp0ka93aoh']
[2023-08-17T04:22:14.748+0000] {standard_task_runner.py:85} INFO - Job 16: Subtask spark_submit_task
[2023-08-17T04:22:14.801+0000] {task_command.py:410} INFO - Running <TaskInstance: spark_airflow_dag.spark_submit_task manual__2023-08-17T04:22:14.014767+00:00 [running]> on host 0d68e811d1ff
[2023-08-17T04:22:14.871+0000] {taskinstance.py:1545} INFO - Exporting env vars: AIRFLOW_CTX_DAG_OWNER='***' AIRFLOW_CTX_DAG_ID='spark_***_dag' AIRFLOW_CTX_TASK_ID='spark_submit_task' AIRFLOW_CTX_EXECUTION_DATE='2023-08-17T04:22:14.014767+00:00' AIRFLOW_CTX_TRY_NUMBER='1' AIRFLOW_CTX_DAG_RUN_ID='manual__2023-08-17T04:22:14.014767+00:00'
[2023-08-17T04:22:14.882+0000] {base.py:73} INFO - Using connection ID 'spark_local' for task execution.
[2023-08-17T04:22:14.884+0000] {spark_submit.py:340} INFO - Spark-Submit cmd: spark-submit --master spark://spark:7077 --name arrow-spark ./dags/spark_processing.py
[2023-08-17T04:22:14.971+0000] {spark_submit.py:491} INFO - /home/***/.local/lib/python3.10/site-packages/pyspark/bin/load-spark-env.sh: line 68: ps: command not found
[2023-08-17T04:22:16.940+0000] {spark_submit.py:491} INFO - 23/08/17 04:22:16 INFO SparkContext: Running Spark version 3.4.1
[2023-08-17T04:22:16.982+0000] {spark_submit.py:491} INFO - 23/08/17 04:22:16 WARN NativeCodeLoader: Unable to load native-hadoop library for your platform... using builtin-java classes where applicable
[2023-08-17T04:22:17.042+0000] {spark_submit.py:491} INFO - 23/08/17 04:22:17 INFO ResourceUtils: ==============================================================
[2023-08-17T04:22:17.043+0000] {spark_submit.py:491} INFO - 23/08/17 04:22:17 INFO ResourceUtils: No custom resources configured for spark.driver.
[2023-08-17T04:22:17.044+0000] {spark_submit.py:491} INFO - 23/08/17 04:22:17 INFO ResourceUtils: ==============================================================
[2023-08-17T04:22:17.045+0000] {spark_submit.py:491} INFO - 23/08/17 04:22:17 INFO SparkContext: Submitted application: DataExtraction
[2023-08-17T04:22:17.057+0000] {spark_submit.py:491} INFO - 23/08/17 04:22:17 INFO ResourceProfile: Default ResourceProfile created, executor resources: Map(memory -> name: memory, amount: 1024, script: , vendor: , offHeap -> name: offHeap, amount: 0, script: , vendor: ), task resources: Map(cpus -> name: cpus, amount: 1.0)
[2023-08-17T04:22:17.064+0000] {spark_submit.py:491} INFO - 23/08/17 04:22:17 INFO ResourceProfile: Limiting resource is cpu
[2023-08-17T04:22:17.065+0000] {spark_submit.py:491} INFO - 23/08/17 04:22:17 INFO ResourceProfileManager: Added ResourceProfile id: 0
[2023-08-17T04:22:17.098+0000] {spark_submit.py:491} INFO - 23/08/17 04:22:17 INFO SecurityManager: Changing view acls to: default
[2023-08-17T04:22:17.100+0000] {spark_submit.py:491} INFO - 23/08/17 04:22:17 INFO SecurityManager: Changing modify acls to: default
[2023-08-17T04:22:17.100+0000] {spark_submit.py:491} INFO - 23/08/17 04:22:17 INFO SecurityManager: Changing view acls groups to:
[2023-08-17T04:22:17.101+0000] {spark_submit.py:491} INFO - 23/08/17 04:22:17 INFO SecurityManager: Changing modify acls groups to:
[2023-08-17T04:22:17.103+0000] {spark_submit.py:491} INFO - 23/08/17 04:22:17 INFO SecurityManager: SecurityManager: authentication disabled; ui acls disabled; users with view permissions: default; groups with view permissions: EMPTY; users with modify permissions: default; groups with modify permissions: EMPTY
[2023-08-17T04:22:17.254+0000] {spark_submit.py:491} INFO - 23/08/17 04:22:17 INFO Utils: Successfully started service 'sparkDriver' on port 40689.
[2023-08-17T04:22:17.273+0000] {spark_submit.py:491} INFO - 23/08/17 04:22:17 INFO SparkEnv: Registering MapOutputTracker
[2023-08-17T04:22:17.298+0000] {spark_submit.py:491} INFO - 23/08/17 04:22:17 INFO SparkEnv: Registering BlockManagerMaster
[2023-08-17T04:22:17.314+0000] {spark_submit.py:491} INFO - 23/08/17 04:22:17 INFO BlockManagerMasterEndpoint: Using org.apache.spark.storage.DefaultTopologyMapper for getting topology information
[2023-08-17T04:22:17.316+0000] {spark_submit.py:491} INFO - 23/08/17 04:22:17 INFO BlockManagerMasterEndpoint: BlockManagerMasterEndpoint up
[2023-08-17T04:22:17.318+0000] {spark_submit.py:491} INFO - 23/08/17 04:22:17 INFO SparkEnv: Registering BlockManagerMasterHeartbeat
[2023-08-17T04:22:17.332+0000] {spark_submit.py:491} INFO - 23/08/17 04:22:17 INFO DiskBlockManager: Created local directory at /tmp/blockmgr-722486c4-2481-4381-b540-321802d657b5
[2023-08-17T04:22:17.343+0000] {spark_submit.py:491} INFO - 23/08/17 04:22:17 INFO MemoryStore: MemoryStore started with capacity 434.4 MiB
[2023-08-17T04:22:17.354+0000] {spark_submit.py:491} INFO - 23/08/17 04:22:17 INFO SparkEnv: Registering OutputCommitCoordinator
[2023-08-17T04:22:17.468+0000] {spark_submit.py:491} INFO - 23/08/17 04:22:17 INFO JettyUtils: Start Jetty 0.0.0.0:4040 for SparkUI
[2023-08-17T04:22:17.518+0000] {spark_submit.py:491} INFO - 23/08/17 04:22:17 INFO Utils: Successfully started service 'SparkUI' on port 4040.
[2023-08-17T04:22:17.615+0000] {spark_submit.py:491} INFO - 23/08/17 04:22:17 INFO StandaloneAppClient$ClientEndpoint: Connecting to master spark://spark:7077...
[2023-08-17T04:22:17.648+0000] {spark_submit.py:491} INFO - 23/08/17 04:22:17 INFO TransportClientFactory: Successfully created connection to spark/172.18.0.9:7077 after 19 ms (0 ms spent in bootstraps)
[2023-08-17T04:22:17.719+0000] {spark_submit.py:491} INFO - 23/08/17 04:22:17 INFO StandaloneSchedulerBackend: Connected to Spark cluster with app ID app-20230817042217-0010
[2023-08-17T04:22:17.720+0000] {spark_submit.py:491} INFO - 23/08/17 04:22:17 INFO StandaloneAppClient$ClientEndpoint: Executor added: app-20230817042217-0010/0 on worker-20230817035656-172.18.0.8-40033 (172.18.0.8:40033) with 1 core(s)
[2023-08-17T04:22:17.722+0000] {spark_submit.py:491} INFO - 23/08/17 04:22:17 INFO StandaloneSchedulerBackend: Granted executor ID app-20230817042217-0010/0 on hostPort 172.18.0.8:40033 with 1 core(s), 1024.0 MiB RAM
[2023-08-17T04:22:17.723+0000] {spark_submit.py:491} INFO - 23/08/17 04:22:17 INFO Utils: Successfully started service 'org.apache.spark.network.netty.NettyBlockTransferService' on port 42479.
[2023-08-17T04:22:17.724+0000] {spark_submit.py:491} INFO - 23/08/17 04:22:17 INFO NettyBlockTransferService: Server created on 0d68e811d1ff:42479
[2023-08-17T04:22:17.725+0000] {spark_submit.py:491} INFO - 23/08/17 04:22:17 INFO BlockManager: Using org.apache.spark.storage.RandomBlockReplicationPolicy for block replication policy
[2023-08-17T04:22:17.728+0000] {spark_submit.py:491} INFO - 23/08/17 04:22:17 INFO BlockManagerMaster: Registering BlockManager BlockManagerId(driver, 0d68e811d1ff, 42479, None)
[2023-08-17T04:22:17.732+0000] {spark_submit.py:491} INFO - 23/08/17 04:22:17 INFO BlockManagerMasterEndpoint: Registering block manager 0d68e811d1ff:42479 with 434.4 MiB RAM, BlockManagerId(driver, 0d68e811d1ff, 42479, None)
[2023-08-17T04:22:17.734+0000] {spark_submit.py:491} INFO - 23/08/17 04:22:17 INFO BlockManagerMaster: Registered BlockManager BlockManagerId(driver, 0d68e811d1ff, 42479, None)
[2023-08-17T04:22:17.736+0000] {spark_submit.py:491} INFO - 23/08/17 04:22:17 INFO BlockManager: Initialized BlockManager: BlockManagerId(driver, 0d68e811d1ff, 42479, None)
[2023-08-17T04:22:17.752+0000] {spark_submit.py:491} INFO - 23/08/17 04:22:17 INFO StandaloneAppClient$ClientEndpoint: Executor updated: app-20230817042217-0010/0 is now RUNNING
[2023-08-17T04:22:18.052+0000] {spark_submit.py:491} INFO - 23/08/17 04:22:18 INFO StandaloneSchedulerBackend: SchedulerBackend is ready for scheduling beginning after reached minRegisteredResourcesRatio: 0.0
[2023-08-17T04:22:18.491+0000] {spark_submit.py:491} INFO - 23/08/17 04:22:18 INFO SharedState: Setting hive.metastore.warehouse.dir ('null') to the value of spark.sql.warehouse.dir.
[2023-08-17T04:22:18.498+0000] {spark_submit.py:491} INFO - 23/08/17 04:22:18 INFO SharedState: Warehouse path is 'file:/opt/***/spark-warehouse'.
[2023-08-17T04:22:19.719+0000] {spark_submit.py:491} INFO - Traceback (most recent call last):
[2023-08-17T04:22:19.721+0000] {spark_submit.py:491} INFO - File "/opt/***/dags/spark_processing.py", line 20, in <module>
[2023-08-17T04:22:19.722+0000] {spark_submit.py:491} INFO - stock_df = spark.read.csv('A.csv', header=True, schema=existing_schema)
[2023-08-17T04:22:19.724+0000] {spark_submit.py:491} INFO - File "/home/***/.local/lib/python3.10/site-packages/pyspark/python/lib/pyspark.zip/pyspark/sql/readwriter.py", line 727, in csv
[2023-08-17T04:22:19.726+0000] {spark_submit.py:491} INFO - File "/home/***/.local/lib/python3.10/site-packages/pyspark/python/lib/py4j-0.10.9.7-src.zip/py4j/java_gateway.py", line 1322, in __call__
[2023-08-17T04:22:19.728+0000] {spark_submit.py:491} INFO - File "/home/***/.local/lib/python3.10/site-packages/pyspark/python/lib/pyspark.zip/pyspark/errors/exceptions/captured.py", line 175, in deco
[2023-08-17T04:22:19.735+0000] {spark_submit.py:491} INFO - pyspark.errors.exceptions.captured.AnalysisException: [PATH_NOT_FOUND] Path does not exist: file:/opt/***/A.csv.
[2023-08-17T04:22:19.797+0000] {spark_submit.py:491} INFO - 23/08/17 04:22:19 INFO SparkContext: Invoking stop() from shutdown hook
[2023-08-17T04:22:19.802+0000] {spark_submit.py:491} INFO - 23/08/17 04:22:19 INFO SparkContext: SparkContext is stopping with exitCode 0.
[2023-08-17T04:22:19.815+0000] {spark_submit.py:491} INFO - 23/08/17 04:22:19 INFO SparkUI: Stopped Spark web UI at http://0d68e811d1ff:4040
[2023-08-17T04:22:19.821+0000] {spark_submit.py:491} INFO - 23/08/17 04:22:19 INFO StandaloneSchedulerBackend: Shutting down all executors
[2023-08-17T04:22:19.826+0000] {spark_submit.py:491} INFO - 23/08/17 04:22:19 INFO StandaloneSchedulerBackend$StandaloneDriverEndpoint: Asking each executor to shut down
[2023-08-17T04:22:19.850+0000] {spark_submit.py:491} INFO - 23/08/17 04:22:19 INFO MapOutputTrackerMasterEndpoint: MapOutputTrackerMasterEndpoint stopped!
[2023-08-17T04:22:19.869+0000] {spark_submit.py:491} INFO - 23/08/17 04:22:19 INFO MemoryStore: MemoryStore cleared
[2023-08-17T04:22:19.871+0000] {spark_submit.py:491} INFO - 23/08/17 04:22:19 INFO BlockManager: BlockManager stopped
[2023-08-17T04:22:19.875+0000] {spark_submit.py:491} INFO - 23/08/17 04:22:19 INFO BlockManagerMaster: BlockManagerMaster stopped
[2023-08-17T04:22:19.878+0000] {spark_submit.py:491} INFO - 23/08/17 04:22:19 INFO OutputCommitCoordinator$OutputCommitCoordinatorEndpoint: OutputCommitCoordinator stopped!
[2023-08-17T04:22:19.896+0000] {spark_submit.py:491} INFO - 23/08/17 04:22:19 INFO SparkContext: Successfully stopped SparkContext
[2023-08-17T04:22:19.898+0000] {spark_submit.py:491} INFO - 23/08/17 04:22:19 INFO ShutdownHookManager: Shutdown hook called
[2023-08-17T04:22:19.899+0000] {spark_submit.py:491} INFO - 23/08/17 04:22:19 INFO ShutdownHookManager: Deleting directory /tmp/spark-717e77ed-dcb1-4430-8a9e-300070928c7d
[2023-08-17T04:22:19.905+0000] {spark_submit.py:491} INFO - 23/08/17 04:22:19 INFO ShutdownHookManager: Deleting directory /tmp/spark-04c14a68-a50e-49f4-9e2c-3aea77aa4d32
[2023-08-17T04:22:19.912+0000] {spark_submit.py:491} INFO - 23/08/17 04:22:19 INFO ShutdownHookManager: Deleting directory /tmp/spark-717e77ed-dcb1-4430-8a9e-300070928c7d/pyspark-715f0ddc-5446-45f0-a939-61124dc477b2
[2023-08-17T04:22:20.004+0000] {taskinstance.py:1824} ERROR - Task failed with exception
Traceback (most recent call last):
  File "/home/airflow/.local/lib/python3.10/site-packages/airflow/providers/apache/spark/operators/spark_submit.py", line 156, in execute
    self._hook.submit(self._application)
  File "/home/airflow/.local/lib/python3.10/site-packages/airflow/providers/apache/spark/hooks/spark_submit.py", line 422, in submit
    raise AirflowException(
airflow.exceptions.AirflowException: Cannot execute: spark-submit --master spark://spark:7077 --name arrow-spark ./dags/spark_processing.py. Error code is: 1.
[2023-08-17T04:22:20.008+0000] {taskinstance.py:1345} INFO - Marking task as FAILED. dag_id=spark_***_dag, task_id=spark_submit_task, execution_date=20230817T042214, start_date=20230817T042214, end_date=20230817T042220
[2023-08-17T04:22:20.018+0000] {standard_task_runner.py:104} ERROR - Failed to execute job 16 for task spark_submit_task (Cannot execute: spark-submit --master spark://spark:7077 --name arrow-spark ./dags/spark_processing.py. Error code is: 1.; 2454)
[2023-08-17T04:22:20.033+0000] {local_task_job_runner.py:225} INFO - Task exited with return code 1
[2023-08-17T04:22:20.050+0000] {taskinstance.py:2651} INFO - 0 downstream tasks scheduled from follow-on schedule check
