[2023-08-17T05:46:36.086+0000] {taskinstance.py:1103} INFO - Dependencies all met for dep_context=non-requeueable deps ti=<TaskInstance: spark_airflow_dag.spark_submit_task manual__2023-08-17T05:46:35.376632+00:00 [queued]>
[2023-08-17T05:46:36.095+0000] {taskinstance.py:1103} INFO - Dependencies all met for dep_context=requeueable deps ti=<TaskInstance: spark_airflow_dag.spark_submit_task manual__2023-08-17T05:46:35.376632+00:00 [queued]>
[2023-08-17T05:46:36.096+0000] {taskinstance.py:1308} INFO - Starting attempt 1 of 1
[2023-08-17T05:46:36.105+0000] {taskinstance.py:1327} INFO - Executing <Task(SparkSubmitOperator): spark_submit_task> on 2023-08-17 05:46:35.376632+00:00
[2023-08-17T05:46:36.110+0000] {standard_task_runner.py:57} INFO - Started process 3639 to run task
[2023-08-17T05:46:36.116+0000] {standard_task_runner.py:84} INFO - Running: ['***', 'tasks', 'run', 'spark_***_dag', 'spark_submit_task', 'manual__2023-08-17T05:46:35.376632+00:00', '--job-id', '21', '--raw', '--subdir', 'DAGS_FOLDER/spark_jobs_dag.py', '--cfg-path', '/tmp/tmp2r1zzgdg']
[2023-08-17T05:46:36.117+0000] {standard_task_runner.py:85} INFO - Job 21: Subtask spark_submit_task
[2023-08-17T05:46:36.176+0000] {task_command.py:410} INFO - Running <TaskInstance: spark_airflow_dag.spark_submit_task manual__2023-08-17T05:46:35.376632+00:00 [running]> on host 0d68e811d1ff
[2023-08-17T05:46:36.249+0000] {taskinstance.py:1545} INFO - Exporting env vars: AIRFLOW_CTX_DAG_OWNER='***' AIRFLOW_CTX_DAG_ID='spark_***_dag' AIRFLOW_CTX_TASK_ID='spark_submit_task' AIRFLOW_CTX_EXECUTION_DATE='2023-08-17T05:46:35.376632+00:00' AIRFLOW_CTX_TRY_NUMBER='1' AIRFLOW_CTX_DAG_RUN_ID='manual__2023-08-17T05:46:35.376632+00:00'
[2023-08-17T05:46:36.261+0000] {base.py:73} INFO - Using connection ID 'spark_local' for task execution.
[2023-08-17T05:46:36.262+0000] {spark_submit.py:340} INFO - Spark-Submit cmd: spark-submit --master spark://spark:7077 --name arrow-spark dags/spark_processing.py
[2023-08-17T05:46:36.351+0000] {spark_submit.py:491} INFO - /home/***/.local/lib/python3.10/site-packages/pyspark/bin/load-spark-env.sh: line 68: ps: command not found
[2023-08-17T05:46:39.115+0000] {spark_submit.py:491} INFO - 23/08/17 05:46:39 INFO SparkContext: Running Spark version 3.4.1
[2023-08-17T05:46:39.160+0000] {spark_submit.py:491} INFO - 23/08/17 05:46:39 WARN NativeCodeLoader: Unable to load native-hadoop library for your platform... using builtin-java classes where applicable
[2023-08-17T05:46:39.222+0000] {spark_submit.py:491} INFO - 23/08/17 05:46:39 INFO ResourceUtils: ==============================================================
[2023-08-17T05:46:39.224+0000] {spark_submit.py:491} INFO - 23/08/17 05:46:39 INFO ResourceUtils: No custom resources configured for spark.driver.
[2023-08-17T05:46:39.225+0000] {spark_submit.py:491} INFO - 23/08/17 05:46:39 INFO ResourceUtils: ==============================================================
[2023-08-17T05:46:39.226+0000] {spark_submit.py:491} INFO - 23/08/17 05:46:39 INFO SparkContext: Submitted application: DataExtraction
[2023-08-17T05:46:39.240+0000] {spark_submit.py:491} INFO - 23/08/17 05:46:39 INFO ResourceProfile: Default ResourceProfile created, executor resources: Map(memory -> name: memory, amount: 1024, script: , vendor: , offHeap -> name: offHeap, amount: 0, script: , vendor: ), task resources: Map(cpus -> name: cpus, amount: 1.0)
[2023-08-17T05:46:39.246+0000] {spark_submit.py:491} INFO - 23/08/17 05:46:39 INFO ResourceProfile: Limiting resource is cpu
[2023-08-17T05:46:39.247+0000] {spark_submit.py:491} INFO - 23/08/17 05:46:39 INFO ResourceProfileManager: Added ResourceProfile id: 0
[2023-08-17T05:46:39.283+0000] {spark_submit.py:491} INFO - 23/08/17 05:46:39 INFO SecurityManager: Changing view acls to: default
[2023-08-17T05:46:39.285+0000] {spark_submit.py:491} INFO - 23/08/17 05:46:39 INFO SecurityManager: Changing modify acls to: default
[2023-08-17T05:46:39.286+0000] {spark_submit.py:491} INFO - 23/08/17 05:46:39 INFO SecurityManager: Changing view acls groups to:
[2023-08-17T05:46:39.287+0000] {spark_submit.py:491} INFO - 23/08/17 05:46:39 INFO SecurityManager: Changing modify acls groups to:
[2023-08-17T05:46:39.288+0000] {spark_submit.py:491} INFO - 23/08/17 05:46:39 INFO SecurityManager: SecurityManager: authentication disabled; ui acls disabled; users with view permissions: default; groups with view permissions: EMPTY; users with modify permissions: default; groups with modify permissions: EMPTY
[2023-08-17T05:46:39.438+0000] {spark_submit.py:491} INFO - 23/08/17 05:46:39 INFO Utils: Successfully started service 'sparkDriver' on port 40313.
[2023-08-17T05:46:39.456+0000] {spark_submit.py:491} INFO - 23/08/17 05:46:39 INFO SparkEnv: Registering MapOutputTracker
[2023-08-17T05:46:39.481+0000] {spark_submit.py:491} INFO - 23/08/17 05:46:39 INFO SparkEnv: Registering BlockManagerMaster
[2023-08-17T05:46:39.496+0000] {spark_submit.py:491} INFO - 23/08/17 05:46:39 INFO BlockManagerMasterEndpoint: Using org.apache.spark.storage.DefaultTopologyMapper for getting topology information
[2023-08-17T05:46:39.497+0000] {spark_submit.py:491} INFO - 23/08/17 05:46:39 INFO BlockManagerMasterEndpoint: BlockManagerMasterEndpoint up
[2023-08-17T05:46:39.499+0000] {spark_submit.py:491} INFO - 23/08/17 05:46:39 INFO SparkEnv: Registering BlockManagerMasterHeartbeat
[2023-08-17T05:46:39.513+0000] {spark_submit.py:491} INFO - 23/08/17 05:46:39 INFO DiskBlockManager: Created local directory at /tmp/blockmgr-135ecca0-314f-4f7a-b836-4bf8fa0b3514
[2023-08-17T05:46:39.524+0000] {spark_submit.py:491} INFO - 23/08/17 05:46:39 INFO MemoryStore: MemoryStore started with capacity 434.4 MiB
[2023-08-17T05:46:39.535+0000] {spark_submit.py:491} INFO - 23/08/17 05:46:39 INFO SparkEnv: Registering OutputCommitCoordinator
[2023-08-17T05:46:39.627+0000] {spark_submit.py:491} INFO - 23/08/17 05:46:39 INFO JettyUtils: Start Jetty 0.0.0.0:4040 for SparkUI
[2023-08-17T05:46:39.664+0000] {spark_submit.py:491} INFO - 23/08/17 05:46:39 INFO Utils: Successfully started service 'SparkUI' on port 4040.
[2023-08-17T05:46:39.746+0000] {spark_submit.py:491} INFO - 23/08/17 05:46:39 INFO StandaloneAppClient$ClientEndpoint: Connecting to master spark://spark:7077...
[2023-08-17T05:46:39.777+0000] {spark_submit.py:491} INFO - 23/08/17 05:46:39 INFO TransportClientFactory: Successfully created connection to spark/172.18.0.9:7077 after 18 ms (0 ms spent in bootstraps)
[2023-08-17T05:46:39.846+0000] {spark_submit.py:491} INFO - 23/08/17 05:46:39 INFO StandaloneSchedulerBackend: Connected to Spark cluster with app ID app-20230817054639-0013
[2023-08-17T05:46:39.849+0000] {spark_submit.py:491} INFO - 23/08/17 05:46:39 INFO StandaloneAppClient$ClientEndpoint: Executor added: app-20230817054639-0013/0 on worker-20230817035656-172.18.0.8-40033 (172.18.0.8:40033) with 1 core(s)
[2023-08-17T05:46:39.853+0000] {spark_submit.py:491} INFO - 23/08/17 05:46:39 INFO StandaloneSchedulerBackend: Granted executor ID app-20230817054639-0013/0 on hostPort 172.18.0.8:40033 with 1 core(s), 1024.0 MiB RAM
[2023-08-17T05:46:39.858+0000] {spark_submit.py:491} INFO - 23/08/17 05:46:39 INFO Utils: Successfully started service 'org.apache.spark.network.netty.NettyBlockTransferService' on port 44135.
[2023-08-17T05:46:39.861+0000] {spark_submit.py:491} INFO - 23/08/17 05:46:39 INFO NettyBlockTransferService: Server created on 0d68e811d1ff:44135
[2023-08-17T05:46:39.863+0000] {spark_submit.py:491} INFO - 23/08/17 05:46:39 INFO BlockManager: Using org.apache.spark.storage.RandomBlockReplicationPolicy for block replication policy
[2023-08-17T05:46:39.869+0000] {spark_submit.py:491} INFO - 23/08/17 05:46:39 INFO BlockManagerMaster: Registering BlockManager BlockManagerId(driver, 0d68e811d1ff, 44135, None)
[2023-08-17T05:46:39.871+0000] {spark_submit.py:491} INFO - 23/08/17 05:46:39 INFO BlockManagerMasterEndpoint: Registering block manager 0d68e811d1ff:44135 with 434.4 MiB RAM, BlockManagerId(driver, 0d68e811d1ff, 44135, None)
[2023-08-17T05:46:39.873+0000] {spark_submit.py:491} INFO - 23/08/17 05:46:39 INFO BlockManagerMaster: Registered BlockManager BlockManagerId(driver, 0d68e811d1ff, 44135, None)
[2023-08-17T05:46:39.875+0000] {spark_submit.py:491} INFO - 23/08/17 05:46:39 INFO BlockManager: Initialized BlockManager: BlockManagerId(driver, 0d68e811d1ff, 44135, None)
[2023-08-17T05:46:39.905+0000] {spark_submit.py:491} INFO - 23/08/17 05:46:39 INFO StandaloneAppClient$ClientEndpoint: Executor updated: app-20230817054639-0013/0 is now RUNNING
[2023-08-17T05:46:40.057+0000] {spark_submit.py:491} INFO - 23/08/17 05:46:40 INFO StandaloneSchedulerBackend: SchedulerBackend is ready for scheduling beginning after reached minRegisteredResourcesRatio: 0.0
[2023-08-17T05:46:40.271+0000] {spark_submit.py:491} INFO - 23/08/17 05:46:40 INFO SharedState: Setting hive.metastore.warehouse.dir ('null') to the value of spark.sql.warehouse.dir.
[2023-08-17T05:46:40.277+0000] {spark_submit.py:491} INFO - 23/08/17 05:46:40 INFO SharedState: Warehouse path is 'file:/opt/***/spark-warehouse'.
[2023-08-17T05:46:41.596+0000] {spark_submit.py:491} INFO - Traceback (most recent call last):
[2023-08-17T05:46:41.598+0000] {spark_submit.py:491} INFO - File "/opt/***/dags/spark_processing.py", line 20, in <module>
[2023-08-17T05:46:41.600+0000] {spark_submit.py:491} INFO - stock_df = spark.read.csv('/Users/hople/working_folder/ML_PIPELINE_AIRFLOW_SPARK_DOCKER/dags/A.csv', header=True, schema=existing_schema)
[2023-08-17T05:46:41.601+0000] {spark_submit.py:491} INFO - File "/home/***/.local/lib/python3.10/site-packages/pyspark/python/lib/pyspark.zip/pyspark/sql/readwriter.py", line 727, in csv
[2023-08-17T05:46:41.602+0000] {spark_submit.py:491} INFO - File "/home/***/.local/lib/python3.10/site-packages/pyspark/python/lib/py4j-0.10.9.7-src.zip/py4j/java_gateway.py", line 1322, in __call__
[2023-08-17T05:46:41.603+0000] {spark_submit.py:491} INFO - File "/home/***/.local/lib/python3.10/site-packages/pyspark/python/lib/pyspark.zip/pyspark/errors/exceptions/captured.py", line 175, in deco
[2023-08-17T05:46:41.622+0000] {spark_submit.py:491} INFO - pyspark.errors.exceptions.captured.AnalysisException: [PATH_NOT_FOUND] Path does not exist: file:/Users/hople/working_folder/ML_PIPELINE_AIRFLOW_SPARK_DOCKER/dags/A.csv.
[2023-08-17T05:46:41.691+0000] {spark_submit.py:491} INFO - 23/08/17 05:46:41 INFO SparkContext: Invoking stop() from shutdown hook
[2023-08-17T05:46:41.693+0000] {spark_submit.py:491} INFO - 23/08/17 05:46:41 INFO SparkContext: SparkContext is stopping with exitCode 0.
[2023-08-17T05:46:41.707+0000] {spark_submit.py:491} INFO - 23/08/17 05:46:41 INFO SparkUI: Stopped Spark web UI at http://0d68e811d1ff:4040
[2023-08-17T05:46:41.716+0000] {spark_submit.py:491} INFO - 23/08/17 05:46:41 INFO StandaloneSchedulerBackend: Shutting down all executors
[2023-08-17T05:46:41.720+0000] {spark_submit.py:491} INFO - 23/08/17 05:46:41 INFO StandaloneSchedulerBackend$StandaloneDriverEndpoint: Asking each executor to shut down
[2023-08-17T05:46:41.747+0000] {spark_submit.py:491} INFO - 23/08/17 05:46:41 INFO MapOutputTrackerMasterEndpoint: MapOutputTrackerMasterEndpoint stopped!
[2023-08-17T05:46:41.770+0000] {spark_submit.py:491} INFO - 23/08/17 05:46:41 INFO MemoryStore: MemoryStore cleared
[2023-08-17T05:46:41.771+0000] {spark_submit.py:491} INFO - 23/08/17 05:46:41 INFO BlockManager: BlockManager stopped
[2023-08-17T05:46:41.776+0000] {spark_submit.py:491} INFO - 23/08/17 05:46:41 INFO BlockManagerMaster: BlockManagerMaster stopped
[2023-08-17T05:46:41.779+0000] {spark_submit.py:491} INFO - 23/08/17 05:46:41 INFO OutputCommitCoordinator$OutputCommitCoordinatorEndpoint: OutputCommitCoordinator stopped!
[2023-08-17T05:46:41.795+0000] {spark_submit.py:491} INFO - 23/08/17 05:46:41 INFO SparkContext: Successfully stopped SparkContext
[2023-08-17T05:46:41.798+0000] {spark_submit.py:491} INFO - 23/08/17 05:46:41 INFO ShutdownHookManager: Shutdown hook called
[2023-08-17T05:46:41.799+0000] {spark_submit.py:491} INFO - 23/08/17 05:46:41 INFO ShutdownHookManager: Deleting directory /tmp/spark-d7159e8f-7787-4e3c-86b5-0c5f9256ff64/pyspark-1acd744b-ae37-482a-b119-eac78194afbd
[2023-08-17T05:46:41.805+0000] {spark_submit.py:491} INFO - 23/08/17 05:46:41 INFO ShutdownHookManager: Deleting directory /tmp/spark-d7159e8f-7787-4e3c-86b5-0c5f9256ff64
[2023-08-17T05:46:41.815+0000] {spark_submit.py:491} INFO - 23/08/17 05:46:41 INFO ShutdownHookManager: Deleting directory /tmp/spark-0bebfb5e-15c1-4b1a-9977-0a979b041e8f
[2023-08-17T05:46:41.925+0000] {taskinstance.py:1824} ERROR - Task failed with exception
Traceback (most recent call last):
  File "/home/airflow/.local/lib/python3.10/site-packages/airflow/providers/apache/spark/operators/spark_submit.py", line 156, in execute
    self._hook.submit(self._application)
  File "/home/airflow/.local/lib/python3.10/site-packages/airflow/providers/apache/spark/hooks/spark_submit.py", line 422, in submit
    raise AirflowException(
airflow.exceptions.AirflowException: Cannot execute: spark-submit --master spark://spark:7077 --name arrow-spark dags/spark_processing.py. Error code is: 1.
[2023-08-17T05:46:41.930+0000] {taskinstance.py:1345} INFO - Marking task as FAILED. dag_id=spark_***_dag, task_id=spark_submit_task, execution_date=20230817T054635, start_date=20230817T054636, end_date=20230817T054641
[2023-08-17T05:46:41.942+0000] {standard_task_runner.py:104} ERROR - Failed to execute job 21 for task spark_submit_task (Cannot execute: spark-submit --master spark://spark:7077 --name arrow-spark dags/spark_processing.py. Error code is: 1.; 3639)
[2023-08-17T05:46:41.990+0000] {local_task_job_runner.py:225} INFO - Task exited with return code 1
[2023-08-17T05:46:42.008+0000] {taskinstance.py:2651} INFO - 0 downstream tasks scheduled from follow-on schedule check
