[2023-08-17T04:05:25.545+0000] {taskinstance.py:1103} INFO - Dependencies all met for dep_context=non-requeueable deps ti=<TaskInstance: spark_airflow_dag.spark_submit_task manual__2023-08-17T04:05:24.341444+00:00 [queued]>
[2023-08-17T04:05:25.552+0000] {taskinstance.py:1103} INFO - Dependencies all met for dep_context=requeueable deps ti=<TaskInstance: spark_airflow_dag.spark_submit_task manual__2023-08-17T04:05:24.341444+00:00 [queued]>
[2023-08-17T04:05:25.553+0000] {taskinstance.py:1308} INFO - Starting attempt 1 of 1
[2023-08-17T04:05:25.561+0000] {taskinstance.py:1327} INFO - Executing <Task(SparkSubmitOperator): spark_submit_task> on 2023-08-17 04:05:24.341444+00:00
[2023-08-17T04:05:25.565+0000] {standard_task_runner.py:57} INFO - Started process 1169 to run task
[2023-08-17T04:05:25.569+0000] {standard_task_runner.py:84} INFO - Running: ['***', 'tasks', 'run', 'spark_***_dag', 'spark_submit_task', 'manual__2023-08-17T04:05:24.341444+00:00', '--job-id', '8', '--raw', '--subdir', 'DAGS_FOLDER/spark_jobs_dag.py', '--cfg-path', '/tmp/tmp6thrmr6i']
[2023-08-17T04:05:25.571+0000] {standard_task_runner.py:85} INFO - Job 8: Subtask spark_submit_task
[2023-08-17T04:05:25.623+0000] {task_command.py:410} INFO - Running <TaskInstance: spark_airflow_dag.spark_submit_task manual__2023-08-17T04:05:24.341444+00:00 [running]> on host 0d68e811d1ff
[2023-08-17T04:05:25.693+0000] {taskinstance.py:1545} INFO - Exporting env vars: AIRFLOW_CTX_DAG_OWNER='***' AIRFLOW_CTX_DAG_ID='spark_***_dag' AIRFLOW_CTX_TASK_ID='spark_submit_task' AIRFLOW_CTX_EXECUTION_DATE='2023-08-17T04:05:24.341444+00:00' AIRFLOW_CTX_TRY_NUMBER='1' AIRFLOW_CTX_DAG_RUN_ID='manual__2023-08-17T04:05:24.341444+00:00'
[2023-08-17T04:05:25.704+0000] {base.py:73} INFO - Using connection ID 'spark_local' for task execution.
[2023-08-17T04:05:25.706+0000] {spark_submit.py:340} INFO - Spark-Submit cmd: spark-submit --master spark://spark:7077 --name arrow-spark /opt/***/dags/spark_processing.py
[2023-08-17T04:05:25.794+0000] {spark_submit.py:491} INFO - /home/***/.local/lib/python3.10/site-packages/pyspark/bin/load-spark-env.sh: line 68: ps: command not found
[2023-08-17T04:05:27.767+0000] {spark_submit.py:491} INFO - 23/08/17 04:05:27 INFO SparkContext: Running Spark version 3.4.1
[2023-08-17T04:05:27.810+0000] {spark_submit.py:491} INFO - 23/08/17 04:05:27 WARN NativeCodeLoader: Unable to load native-hadoop library for your platform... using builtin-java classes where applicable
[2023-08-17T04:05:27.871+0000] {spark_submit.py:491} INFO - 23/08/17 04:05:27 INFO ResourceUtils: ==============================================================
[2023-08-17T04:05:27.872+0000] {spark_submit.py:491} INFO - 23/08/17 04:05:27 INFO ResourceUtils: No custom resources configured for spark.driver.
[2023-08-17T04:05:27.873+0000] {spark_submit.py:491} INFO - 23/08/17 04:05:27 INFO ResourceUtils: ==============================================================
[2023-08-17T04:05:27.873+0000] {spark_submit.py:491} INFO - 23/08/17 04:05:27 INFO SparkContext: Submitted application: DataExtraction
[2023-08-17T04:05:27.888+0000] {spark_submit.py:491} INFO - 23/08/17 04:05:27 INFO ResourceProfile: Default ResourceProfile created, executor resources: Map(memory -> name: memory, amount: 1024, script: , vendor: , offHeap -> name: offHeap, amount: 0, script: , vendor: ), task resources: Map(cpus -> name: cpus, amount: 1.0)
[2023-08-17T04:05:27.894+0000] {spark_submit.py:491} INFO - 23/08/17 04:05:27 INFO ResourceProfile: Limiting resource is cpu
[2023-08-17T04:05:27.895+0000] {spark_submit.py:491} INFO - 23/08/17 04:05:27 INFO ResourceProfileManager: Added ResourceProfile id: 0
[2023-08-17T04:05:27.931+0000] {spark_submit.py:491} INFO - 23/08/17 04:05:27 INFO SecurityManager: Changing view acls to: default
[2023-08-17T04:05:27.932+0000] {spark_submit.py:491} INFO - 23/08/17 04:05:27 INFO SecurityManager: Changing modify acls to: default
[2023-08-17T04:05:27.933+0000] {spark_submit.py:491} INFO - 23/08/17 04:05:27 INFO SecurityManager: Changing view acls groups to:
[2023-08-17T04:05:27.934+0000] {spark_submit.py:491} INFO - 23/08/17 04:05:27 INFO SecurityManager: Changing modify acls groups to:
[2023-08-17T04:05:27.936+0000] {spark_submit.py:491} INFO - 23/08/17 04:05:27 INFO SecurityManager: SecurityManager: authentication disabled; ui acls disabled; users with view permissions: default; groups with view permissions: EMPTY; users with modify permissions: default; groups with modify permissions: EMPTY
[2023-08-17T04:05:28.084+0000] {spark_submit.py:491} INFO - 23/08/17 04:05:28 INFO Utils: Successfully started service 'sparkDriver' on port 44435.
[2023-08-17T04:05:28.103+0000] {spark_submit.py:491} INFO - 23/08/17 04:05:28 INFO SparkEnv: Registering MapOutputTracker
[2023-08-17T04:05:28.128+0000] {spark_submit.py:491} INFO - 23/08/17 04:05:28 INFO SparkEnv: Registering BlockManagerMaster
[2023-08-17T04:05:28.143+0000] {spark_submit.py:491} INFO - 23/08/17 04:05:28 INFO BlockManagerMasterEndpoint: Using org.apache.spark.storage.DefaultTopologyMapper for getting topology information
[2023-08-17T04:05:28.145+0000] {spark_submit.py:491} INFO - 23/08/17 04:05:28 INFO BlockManagerMasterEndpoint: BlockManagerMasterEndpoint up
[2023-08-17T04:05:28.147+0000] {spark_submit.py:491} INFO - 23/08/17 04:05:28 INFO SparkEnv: Registering BlockManagerMasterHeartbeat
[2023-08-17T04:05:28.160+0000] {spark_submit.py:491} INFO - 23/08/17 04:05:28 INFO DiskBlockManager: Created local directory at /tmp/blockmgr-3fb75ad4-64de-48d7-b134-d292cec13e87
[2023-08-17T04:05:28.171+0000] {spark_submit.py:491} INFO - 23/08/17 04:05:28 INFO MemoryStore: MemoryStore started with capacity 434.4 MiB
[2023-08-17T04:05:28.182+0000] {spark_submit.py:491} INFO - 23/08/17 04:05:28 INFO SparkEnv: Registering OutputCommitCoordinator
[2023-08-17T04:05:28.267+0000] {spark_submit.py:491} INFO - 23/08/17 04:05:28 INFO JettyUtils: Start Jetty 0.0.0.0:4040 for SparkUI
[2023-08-17T04:05:28.321+0000] {spark_submit.py:491} INFO - 23/08/17 04:05:28 INFO Utils: Successfully started service 'SparkUI' on port 4040.
[2023-08-17T04:05:28.394+0000] {spark_submit.py:491} INFO - 23/08/17 04:05:28 INFO StandaloneAppClient$ClientEndpoint: Connecting to master spark://spark:7077...
[2023-08-17T04:05:28.424+0000] {spark_submit.py:491} INFO - 23/08/17 04:05:28 INFO TransportClientFactory: Successfully created connection to spark/172.18.0.9:7077 after 16 ms (0 ms spent in bootstraps)
[2023-08-17T04:05:28.488+0000] {spark_submit.py:491} INFO - 23/08/17 04:05:28 INFO StandaloneSchedulerBackend: Connected to Spark cluster with app ID app-20230817040528-0004
[2023-08-17T04:05:28.492+0000] {spark_submit.py:491} INFO - 23/08/17 04:05:28 INFO StandaloneAppClient$ClientEndpoint: Executor added: app-20230817040528-0004/0 on worker-20230817035656-172.18.0.8-40033 (172.18.0.8:40033) with 1 core(s)
[2023-08-17T04:05:28.495+0000] {spark_submit.py:491} INFO - 23/08/17 04:05:28 INFO StandaloneSchedulerBackend: Granted executor ID app-20230817040528-0004/0 on hostPort 172.18.0.8:40033 with 1 core(s), 1024.0 MiB RAM
[2023-08-17T04:05:28.497+0000] {spark_submit.py:491} INFO - 23/08/17 04:05:28 INFO Utils: Successfully started service 'org.apache.spark.network.netty.NettyBlockTransferService' on port 38805.
[2023-08-17T04:05:28.499+0000] {spark_submit.py:491} INFO - 23/08/17 04:05:28 INFO NettyBlockTransferService: Server created on 0d68e811d1ff:38805
[2023-08-17T04:05:28.501+0000] {spark_submit.py:491} INFO - 23/08/17 04:05:28 INFO BlockManager: Using org.apache.spark.storage.RandomBlockReplicationPolicy for block replication policy
[2023-08-17T04:05:28.506+0000] {spark_submit.py:491} INFO - 23/08/17 04:05:28 INFO BlockManagerMaster: Registering BlockManager BlockManagerId(driver, 0d68e811d1ff, 38805, None)
[2023-08-17T04:05:28.509+0000] {spark_submit.py:491} INFO - 23/08/17 04:05:28 INFO BlockManagerMasterEndpoint: Registering block manager 0d68e811d1ff:38805 with 434.4 MiB RAM, BlockManagerId(driver, 0d68e811d1ff, 38805, None)
[2023-08-17T04:05:28.511+0000] {spark_submit.py:491} INFO - 23/08/17 04:05:28 INFO BlockManagerMaster: Registered BlockManager BlockManagerId(driver, 0d68e811d1ff, 38805, None)
[2023-08-17T04:05:28.513+0000] {spark_submit.py:491} INFO - 23/08/17 04:05:28 INFO BlockManager: Initialized BlockManager: BlockManagerId(driver, 0d68e811d1ff, 38805, None)
[2023-08-17T04:05:28.520+0000] {spark_submit.py:491} INFO - 23/08/17 04:05:28 INFO StandaloneAppClient$ClientEndpoint: Executor updated: app-20230817040528-0004/0 is now RUNNING
[2023-08-17T04:05:28.678+0000] {spark_submit.py:491} INFO - 23/08/17 04:05:28 INFO StandaloneSchedulerBackend: SchedulerBackend is ready for scheduling beginning after reached minRegisteredResourcesRatio: 0.0
[2023-08-17T04:05:28.854+0000] {spark_submit.py:491} INFO - 23/08/17 04:05:28 INFO SharedState: Setting hive.metastore.warehouse.dir ('null') to the value of spark.sql.warehouse.dir.
[2023-08-17T04:05:28.860+0000] {spark_submit.py:491} INFO - 23/08/17 04:05:28 INFO SharedState: Warehouse path is 'file:/opt/***/spark-warehouse'.
[2023-08-17T04:05:29.663+0000] {spark_submit.py:491} INFO - 23/08/17 04:05:29 INFO InMemoryFileIndex: It took 52 ms to list leaf files for 1 paths.
[2023-08-17T04:05:30.882+0000] {spark_submit.py:491} INFO - 23/08/17 04:05:30 INFO StandaloneSchedulerBackend$StandaloneDriverEndpoint: Registered executor NettyRpcEndpointRef(spark-client://Executor) (172.18.0.8:42054) with ID 0,  ResourceProfileId 0
[2023-08-17T04:05:30.946+0000] {spark_submit.py:491} INFO - 23/08/17 04:05:30 INFO BlockManagerMasterEndpoint: Registering block manager 172.18.0.8:41749 with 434.4 MiB RAM, BlockManagerId(0, 172.18.0.8, 41749, None)
[2023-08-17T04:05:31.452+0000] {spark_submit.py:491} INFO - 23/08/17 04:05:31 INFO FileSourceStrategy: Pushed Filters:
[2023-08-17T04:05:31.460+0000] {spark_submit.py:491} INFO - 23/08/17 04:05:31 INFO FileSourceStrategy: Post-Scan Filters:
[2023-08-17T04:05:31.526+0000] {spark_submit.py:491} INFO - 23/08/17 04:05:31 INFO ParquetUtils: Using default output committer for Parquet: org.apache.parquet.hadoop.ParquetOutputCommitter
[2023-08-17T04:05:31.542+0000] {spark_submit.py:491} INFO - 23/08/17 04:05:31 INFO FileOutputCommitter: File Output Committer Algorithm version is 1
[2023-08-17T04:05:31.543+0000] {spark_submit.py:491} INFO - 23/08/17 04:05:31 INFO FileOutputCommitter: FileOutputCommitter skip cleanup _temporary folders under output directory:false, ignore cleanup failures: false
[2023-08-17T04:05:31.544+0000] {spark_submit.py:491} INFO - 23/08/17 04:05:31 INFO SQLHadoopMapReduceCommitProtocol: Using user defined output committer class org.apache.parquet.hadoop.ParquetOutputCommitter
[2023-08-17T04:05:31.545+0000] {spark_submit.py:491} INFO - 23/08/17 04:05:31 INFO FileOutputCommitter: File Output Committer Algorithm version is 1
[2023-08-17T04:05:31.546+0000] {spark_submit.py:491} INFO - 23/08/17 04:05:31 INFO FileOutputCommitter: FileOutputCommitter skip cleanup _temporary folders under output directory:false, ignore cleanup failures: false
[2023-08-17T04:05:31.546+0000] {spark_submit.py:491} INFO - 23/08/17 04:05:31 INFO SQLHadoopMapReduceCommitProtocol: Using output committer class org.apache.parquet.hadoop.ParquetOutputCommitter
[2023-08-17T04:05:31.848+0000] {spark_submit.py:491} INFO - 23/08/17 04:05:31 INFO CodeGenerator: Code generated in 116.50825 ms
[2023-08-17T04:05:31.879+0000] {spark_submit.py:491} INFO - 23/08/17 04:05:31 INFO MemoryStore: Block broadcast_0 stored as values in memory (estimated size 199.3 KiB, free 434.2 MiB)
[2023-08-17T04:05:31.916+0000] {spark_submit.py:491} INFO - 23/08/17 04:05:31 INFO MemoryStore: Block broadcast_0_piece0 stored as bytes in memory (estimated size 34.3 KiB, free 434.2 MiB)
[2023-08-17T04:05:31.918+0000] {spark_submit.py:491} INFO - 23/08/17 04:05:31 INFO BlockManagerInfo: Added broadcast_0_piece0 in memory on 0d68e811d1ff:38805 (size: 34.3 KiB, free: 434.4 MiB)
[2023-08-17T04:05:31.921+0000] {spark_submit.py:491} INFO - 23/08/17 04:05:31 INFO SparkContext: Created broadcast 0 from parquet at NativeMethodAccessorImpl.java:0
[2023-08-17T04:05:31.938+0000] {spark_submit.py:491} INFO - 23/08/17 04:05:31 INFO FileSourceScanExec: Planning scan with bin packing, max size: 4194304 bytes, open cost is considered as scanning 4194304 bytes.
[2023-08-17T04:05:31.994+0000] {spark_submit.py:491} INFO - 23/08/17 04:05:31 INFO SparkContext: Starting job: parquet at NativeMethodAccessorImpl.java:0
[2023-08-17T04:05:32.001+0000] {spark_submit.py:491} INFO - 23/08/17 04:05:32 INFO DAGScheduler: Got job 0 (parquet at NativeMethodAccessorImpl.java:0) with 1 output partitions
[2023-08-17T04:05:32.002+0000] {spark_submit.py:491} INFO - 23/08/17 04:05:32 INFO DAGScheduler: Final stage: ResultStage 0 (parquet at NativeMethodAccessorImpl.java:0)
[2023-08-17T04:05:32.003+0000] {spark_submit.py:491} INFO - 23/08/17 04:05:32 INFO DAGScheduler: Parents of final stage: List()
[2023-08-17T04:05:32.004+0000] {spark_submit.py:491} INFO - 23/08/17 04:05:32 INFO DAGScheduler: Missing parents: List()
[2023-08-17T04:05:32.005+0000] {spark_submit.py:491} INFO - 23/08/17 04:05:32 INFO DAGScheduler: Submitting ResultStage 0 (MapPartitionsRDD[3] at parquet at NativeMethodAccessorImpl.java:0), which has no missing parents
[2023-08-17T04:05:32.071+0000] {spark_submit.py:491} INFO - 23/08/17 04:05:32 INFO MemoryStore: Block broadcast_1 stored as values in memory (estimated size 217.9 KiB, free 434.0 MiB)
[2023-08-17T04:05:32.078+0000] {spark_submit.py:491} INFO - 23/08/17 04:05:32 INFO MemoryStore: Block broadcast_1_piece0 stored as bytes in memory (estimated size 78.3 KiB, free 433.9 MiB)
[2023-08-17T04:05:32.080+0000] {spark_submit.py:491} INFO - 23/08/17 04:05:32 INFO BlockManagerInfo: Added broadcast_1_piece0 in memory on 0d68e811d1ff:38805 (size: 78.3 KiB, free: 434.3 MiB)
[2023-08-17T04:05:32.081+0000] {spark_submit.py:491} INFO - 23/08/17 04:05:32 INFO SparkContext: Created broadcast 1 from broadcast at DAGScheduler.scala:1535
[2023-08-17T04:05:32.092+0000] {spark_submit.py:491} INFO - 23/08/17 04:05:32 INFO DAGScheduler: Submitting 1 missing tasks from ResultStage 0 (MapPartitionsRDD[3] at parquet at NativeMethodAccessorImpl.java:0) (first 15 tasks are for partitions Vector(0))
[2023-08-17T04:05:32.093+0000] {spark_submit.py:491} INFO - 23/08/17 04:05:32 INFO TaskSchedulerImpl: Adding task set 0.0 with 1 tasks resource profile 0
[2023-08-17T04:05:32.119+0000] {spark_submit.py:491} INFO - 23/08/17 04:05:32 INFO TaskSetManager: Starting task 0.0 in stage 0.0 (TID 0) (172.18.0.8, executor 0, partition 0, PROCESS_LOCAL, 7914 bytes)
[2023-08-17T04:05:32.274+0000] {spark_submit.py:491} INFO - 23/08/17 04:05:32 INFO BlockManagerInfo: Added broadcast_1_piece0 in memory on 172.18.0.8:41749 (size: 78.3 KiB, free: 434.3 MiB)
[2023-08-17T04:05:33.141+0000] {spark_submit.py:491} INFO - 23/08/17 04:05:33 INFO BlockManagerInfo: Added broadcast_0_piece0 in memory on 172.18.0.8:41749 (size: 34.3 KiB, free: 434.3 MiB)
[2023-08-17T04:05:33.542+0000] {spark_submit.py:491} INFO - 23/08/17 04:05:33 WARN TaskSetManager: Lost task 0.0 in stage 0.0 (TID 0) (172.18.0.8 executor 0): org.apache.spark.SparkException: [TASK_WRITE_FAILED] Task failed while writing rows to file:/opt/***/dags/A_preprocessed.parquet.
[2023-08-17T04:05:33.543+0000] {spark_submit.py:491} INFO - at org.apache.spark.sql.errors.QueryExecutionErrors$.taskFailedWhileWritingRowsError(QueryExecutionErrors.scala:788)
[2023-08-17T04:05:33.544+0000] {spark_submit.py:491} INFO - at org.apache.spark.sql.execution.datasources.FileFormatWriter$.executeTask(FileFormatWriter.scala:420)
[2023-08-17T04:05:33.545+0000] {spark_submit.py:491} INFO - at org.apache.spark.sql.execution.datasources.WriteFilesExec.$anonfun$doExecuteWrite$1(WriteFiles.scala:100)
[2023-08-17T04:05:33.546+0000] {spark_submit.py:491} INFO - at org.apache.spark.rdd.RDD.$anonfun$mapPartitionsInternal$2(RDD.scala:888)
[2023-08-17T04:05:33.547+0000] {spark_submit.py:491} INFO - at org.apache.spark.rdd.RDD.$anonfun$mapPartitionsInternal$2$adapted(RDD.scala:888)
[2023-08-17T04:05:33.552+0000] {spark_submit.py:491} INFO - at org.apache.spark.rdd.MapPartitionsRDD.compute(MapPartitionsRDD.scala:52)
[2023-08-17T04:05:33.554+0000] {spark_submit.py:491} INFO - at org.apache.spark.rdd.RDD.computeOrReadCheckpoint(RDD.scala:364)
[2023-08-17T04:05:33.555+0000] {spark_submit.py:491} INFO - at org.apache.spark.rdd.RDD.iterator(RDD.scala:328)
[2023-08-17T04:05:33.557+0000] {spark_submit.py:491} INFO - at org.apache.spark.scheduler.ResultTask.runTask(ResultTask.scala:92)
[2023-08-17T04:05:33.558+0000] {spark_submit.py:491} INFO - at org.apache.spark.TaskContext.runTaskWithListeners(TaskContext.scala:161)
[2023-08-17T04:05:33.559+0000] {spark_submit.py:491} INFO - at org.apache.spark.scheduler.Task.run(Task.scala:139)
[2023-08-17T04:05:33.560+0000] {spark_submit.py:491} INFO - at org.apache.spark.executor.Executor$TaskRunner.$anonfun$run$3(Executor.scala:554)
[2023-08-17T04:05:33.561+0000] {spark_submit.py:491} INFO - at org.apache.spark.util.Utils$.tryWithSafeFinally(Utils.scala:1529)
[2023-08-17T04:05:33.562+0000] {spark_submit.py:491} INFO - at org.apache.spark.executor.Executor$TaskRunner.run(Executor.scala:557)
[2023-08-17T04:05:33.563+0000] {spark_submit.py:491} INFO - at java.base/java.util.concurrent.ThreadPoolExecutor.runWorker(ThreadPoolExecutor.java:1136)
[2023-08-17T04:05:33.564+0000] {spark_submit.py:491} INFO - at java.base/java.util.concurrent.ThreadPoolExecutor$Worker.run(ThreadPoolExecutor.java:635)
[2023-08-17T04:05:33.565+0000] {spark_submit.py:491} INFO - at java.base/java.lang.Thread.run(Thread.java:833)
[2023-08-17T04:05:33.568+0000] {spark_submit.py:491} INFO - Caused by: org.apache.spark.SparkFileNotFoundException: File file:/opt/***/dags/A.csv does not exist
[2023-08-17T04:05:33.569+0000] {spark_submit.py:491} INFO - It is possible the underlying files have been updated. You can explicitly invalidate the cache in Spark by running 'REFRESH TABLE tableName' command in SQL or by recreating the Dataset/DataFrame involved.
[2023-08-17T04:05:33.570+0000] {spark_submit.py:491} INFO - at org.apache.spark.sql.errors.QueryExecutionErrors$.readCurrentFileNotFoundError(QueryExecutionErrors.scala:794)
[2023-08-17T04:05:33.571+0000] {spark_submit.py:491} INFO - at org.apache.spark.sql.execution.datasources.FileScanRDD$$anon$1.org$apache$spark$sql$execution$datasources$FileScanRDD$$anon$$readCurrentFile(FileScanRDD.scala:234)
[2023-08-17T04:05:33.572+0000] {spark_submit.py:491} INFO - at org.apache.spark.sql.execution.datasources.FileScanRDD$$anon$1.nextIterator(FileScanRDD.scala:293)
[2023-08-17T04:05:33.573+0000] {spark_submit.py:491} INFO - at org.apache.spark.sql.execution.datasources.FileScanRDD$$anon$1.hasNext(FileScanRDD.scala:125)
[2023-08-17T04:05:33.574+0000] {spark_submit.py:491} INFO - at scala.collection.Iterator$$anon$10.hasNext(Iterator.scala:460)
[2023-08-17T04:05:33.574+0000] {spark_submit.py:491} INFO - at org.apache.spark.sql.catalyst.expressions.GeneratedClass$GeneratedIteratorForCodegenStage1.processNext(Unknown Source)
[2023-08-17T04:05:33.576+0000] {spark_submit.py:491} INFO - at org.apache.spark.sql.execution.BufferedRowIterator.hasNext(BufferedRowIterator.java:43)
[2023-08-17T04:05:33.577+0000] {spark_submit.py:491} INFO - at org.apache.spark.sql.execution.WholeStageCodegenExec$$anon$1.hasNext(WholeStageCodegenExec.scala:760)
[2023-08-17T04:05:33.581+0000] {spark_submit.py:491} INFO - at org.apache.spark.sql.execution.datasources.FileFormatDataWriter.writeWithIterator(FileFormatDataWriter.scala:91)
[2023-08-17T04:05:33.582+0000] {spark_submit.py:491} INFO - at org.apache.spark.sql.execution.datasources.FileFormatWriter$.$anonfun$executeTask$1(FileFormatWriter.scala:403)
[2023-08-17T04:05:33.583+0000] {spark_submit.py:491} INFO - at org.apache.spark.util.Utils$.tryWithSafeFinallyAndFailureCallbacks(Utils.scala:1563)
[2023-08-17T04:05:33.584+0000] {spark_submit.py:491} INFO - at org.apache.spark.sql.execution.datasources.FileFormatWriter$.executeTask(FileFormatWriter.scala:410)
[2023-08-17T04:05:33.585+0000] {spark_submit.py:491} INFO - ... 15 more
[2023-08-17T04:05:33.586+0000] {spark_submit.py:491} INFO - 
[2023-08-17T04:05:33.588+0000] {spark_submit.py:491} INFO - 23/08/17 04:05:33 INFO TaskSetManager: Starting task 0.1 in stage 0.0 (TID 1) (172.18.0.8, executor 0, partition 0, PROCESS_LOCAL, 7914 bytes)
[2023-08-17T04:05:33.655+0000] {spark_submit.py:491} INFO - 23/08/17 04:05:33 INFO TaskSetManager: Lost task 0.1 in stage 0.0 (TID 1) on 172.18.0.8, executor 0: org.apache.spark.SparkException ([TASK_WRITE_FAILED] Task failed while writing rows to file:/opt/***/dags/A_preprocessed.parquet.) [duplicate 1]
[2023-08-17T04:05:33.660+0000] {spark_submit.py:491} INFO - 23/08/17 04:05:33 INFO TaskSetManager: Starting task 0.2 in stage 0.0 (TID 2) (172.18.0.8, executor 0, partition 0, PROCESS_LOCAL, 7914 bytes)
[2023-08-17T04:05:33.724+0000] {spark_submit.py:491} INFO - 23/08/17 04:05:33 INFO TaskSetManager: Lost task 0.2 in stage 0.0 (TID 2) on 172.18.0.8, executor 0: org.apache.spark.SparkException ([TASK_WRITE_FAILED] Task failed while writing rows to file:/opt/***/dags/A_preprocessed.parquet.) [duplicate 2]
[2023-08-17T04:05:33.726+0000] {spark_submit.py:491} INFO - 23/08/17 04:05:33 INFO TaskSetManager: Starting task 0.3 in stage 0.0 (TID 3) (172.18.0.8, executor 0, partition 0, PROCESS_LOCAL, 7914 bytes)
[2023-08-17T04:05:33.773+0000] {spark_submit.py:491} INFO - 23/08/17 04:05:33 INFO TaskSetManager: Lost task 0.3 in stage 0.0 (TID 3) on 172.18.0.8, executor 0: org.apache.spark.SparkException ([TASK_WRITE_FAILED] Task failed while writing rows to file:/opt/***/dags/A_preprocessed.parquet.) [duplicate 3]
[2023-08-17T04:05:33.775+0000] {spark_submit.py:491} INFO - 23/08/17 04:05:33 ERROR TaskSetManager: Task 0 in stage 0.0 failed 4 times; aborting job
[2023-08-17T04:05:33.776+0000] {spark_submit.py:491} INFO - 23/08/17 04:05:33 INFO TaskSchedulerImpl: Removed TaskSet 0.0, whose tasks have all completed, from pool
[2023-08-17T04:05:33.777+0000] {spark_submit.py:491} INFO - 23/08/17 04:05:33 INFO TaskSchedulerImpl: Cancelling stage 0
[2023-08-17T04:05:33.778+0000] {spark_submit.py:491} INFO - 23/08/17 04:05:33 INFO TaskSchedulerImpl: Killing all running tasks in stage 0: Stage cancelled
[2023-08-17T04:05:33.780+0000] {spark_submit.py:491} INFO - 23/08/17 04:05:33 INFO DAGScheduler: ResultStage 0 (parquet at NativeMethodAccessorImpl.java:0) failed in 1.758 s due to Job aborted due to stage failure: Task 0 in stage 0.0 failed 4 times, most recent failure: Lost task 0.3 in stage 0.0 (TID 3) (172.18.0.8 executor 0): org.apache.spark.SparkException: [TASK_WRITE_FAILED] Task failed while writing rows to file:/opt/***/dags/A_preprocessed.parquet.
[2023-08-17T04:05:33.780+0000] {spark_submit.py:491} INFO - at org.apache.spark.sql.errors.QueryExecutionErrors$.taskFailedWhileWritingRowsError(QueryExecutionErrors.scala:788)
[2023-08-17T04:05:33.781+0000] {spark_submit.py:491} INFO - at org.apache.spark.sql.execution.datasources.FileFormatWriter$.executeTask(FileFormatWriter.scala:420)
[2023-08-17T04:05:33.782+0000] {spark_submit.py:491} INFO - at org.apache.spark.sql.execution.datasources.WriteFilesExec.$anonfun$doExecuteWrite$1(WriteFiles.scala:100)
[2023-08-17T04:05:33.783+0000] {spark_submit.py:491} INFO - at org.apache.spark.rdd.RDD.$anonfun$mapPartitionsInternal$2(RDD.scala:888)
[2023-08-17T04:05:33.783+0000] {spark_submit.py:491} INFO - at org.apache.spark.rdd.RDD.$anonfun$mapPartitionsInternal$2$adapted(RDD.scala:888)
[2023-08-17T04:05:33.784+0000] {spark_submit.py:491} INFO - at org.apache.spark.rdd.MapPartitionsRDD.compute(MapPartitionsRDD.scala:52)
[2023-08-17T04:05:33.784+0000] {spark_submit.py:491} INFO - at org.apache.spark.rdd.RDD.computeOrReadCheckpoint(RDD.scala:364)
[2023-08-17T04:05:33.785+0000] {spark_submit.py:491} INFO - at org.apache.spark.rdd.RDD.iterator(RDD.scala:328)
[2023-08-17T04:05:33.786+0000] {spark_submit.py:491} INFO - at org.apache.spark.scheduler.ResultTask.runTask(ResultTask.scala:92)
[2023-08-17T04:05:33.786+0000] {spark_submit.py:491} INFO - at org.apache.spark.TaskContext.runTaskWithListeners(TaskContext.scala:161)
[2023-08-17T04:05:33.787+0000] {spark_submit.py:491} INFO - at org.apache.spark.scheduler.Task.run(Task.scala:139)
[2023-08-17T04:05:33.787+0000] {spark_submit.py:491} INFO - at org.apache.spark.executor.Executor$TaskRunner.$anonfun$run$3(Executor.scala:554)
[2023-08-17T04:05:33.788+0000] {spark_submit.py:491} INFO - at org.apache.spark.util.Utils$.tryWithSafeFinally(Utils.scala:1529)
[2023-08-17T04:05:33.789+0000] {spark_submit.py:491} INFO - at org.apache.spark.executor.Executor$TaskRunner.run(Executor.scala:557)
[2023-08-17T04:05:33.791+0000] {spark_submit.py:491} INFO - at java.base/java.util.concurrent.ThreadPoolExecutor.runWorker(ThreadPoolExecutor.java:1136)
[2023-08-17T04:05:33.792+0000] {spark_submit.py:491} INFO - at java.base/java.util.concurrent.ThreadPoolExecutor$Worker.run(ThreadPoolExecutor.java:635)
[2023-08-17T04:05:33.793+0000] {spark_submit.py:491} INFO - at java.base/java.lang.Thread.run(Thread.java:833)
[2023-08-17T04:05:33.794+0000] {spark_submit.py:491} INFO - Caused by: org.apache.spark.SparkFileNotFoundException: File file:/opt/***/dags/A.csv does not exist
[2023-08-17T04:05:33.795+0000] {spark_submit.py:491} INFO - It is possible the underlying files have been updated. You can explicitly invalidate the cache in Spark by running 'REFRESH TABLE tableName' command in SQL or by recreating the Dataset/DataFrame involved.
[2023-08-17T04:05:33.796+0000] {spark_submit.py:491} INFO - at org.apache.spark.sql.errors.QueryExecutionErrors$.readCurrentFileNotFoundError(QueryExecutionErrors.scala:794)
[2023-08-17T04:05:33.796+0000] {spark_submit.py:491} INFO - at org.apache.spark.sql.execution.datasources.FileScanRDD$$anon$1.org$apache$spark$sql$execution$datasources$FileScanRDD$$anon$$readCurrentFile(FileScanRDD.scala:234)
[2023-08-17T04:05:33.797+0000] {spark_submit.py:491} INFO - at org.apache.spark.sql.execution.datasources.FileScanRDD$$anon$1.nextIterator(FileScanRDD.scala:293)
[2023-08-17T04:05:33.798+0000] {spark_submit.py:491} INFO - at org.apache.spark.sql.execution.datasources.FileScanRDD$$anon$1.hasNext(FileScanRDD.scala:125)
[2023-08-17T04:05:33.799+0000] {spark_submit.py:491} INFO - at scala.collection.Iterator$$anon$10.hasNext(Iterator.scala:460)
[2023-08-17T04:05:33.800+0000] {spark_submit.py:491} INFO - at org.apache.spark.sql.catalyst.expressions.GeneratedClass$GeneratedIteratorForCodegenStage1.processNext(Unknown Source)
[2023-08-17T04:05:33.801+0000] {spark_submit.py:491} INFO - at org.apache.spark.sql.execution.BufferedRowIterator.hasNext(BufferedRowIterator.java:43)
[2023-08-17T04:05:33.802+0000] {spark_submit.py:491} INFO - at org.apache.spark.sql.execution.WholeStageCodegenExec$$anon$1.hasNext(WholeStageCodegenExec.scala:760)
[2023-08-17T04:05:33.802+0000] {spark_submit.py:491} INFO - at org.apache.spark.sql.execution.datasources.FileFormatDataWriter.writeWithIterator(FileFormatDataWriter.scala:91)
[2023-08-17T04:05:33.803+0000] {spark_submit.py:491} INFO - at org.apache.spark.sql.execution.datasources.FileFormatWriter$.$anonfun$executeTask$1(FileFormatWriter.scala:403)
[2023-08-17T04:05:33.804+0000] {spark_submit.py:491} INFO - at org.apache.spark.util.Utils$.tryWithSafeFinallyAndFailureCallbacks(Utils.scala:1563)
[2023-08-17T04:05:33.804+0000] {spark_submit.py:491} INFO - at org.apache.spark.sql.execution.datasources.FileFormatWriter$.executeTask(FileFormatWriter.scala:410)
[2023-08-17T04:05:33.805+0000] {spark_submit.py:491} INFO - ... 15 more
[2023-08-17T04:05:33.805+0000] {spark_submit.py:491} INFO - 
[2023-08-17T04:05:33.806+0000] {spark_submit.py:491} INFO - Driver stacktrace:
[2023-08-17T04:05:33.807+0000] {spark_submit.py:491} INFO - 23/08/17 04:05:33 INFO DAGScheduler: Job 0 failed: parquet at NativeMethodAccessorImpl.java:0, took 1.785094 s
[2023-08-17T04:05:33.807+0000] {spark_submit.py:491} INFO - 23/08/17 04:05:33 ERROR FileFormatWriter: Aborting job f2de306a-acae-485b-9b4d-5983ab06e039.
[2023-08-17T04:05:33.808+0000] {spark_submit.py:491} INFO - org.apache.spark.SparkException: Job aborted due to stage failure: Task 0 in stage 0.0 failed 4 times, most recent failure: Lost task 0.3 in stage 0.0 (TID 3) (172.18.0.8 executor 0): org.apache.spark.SparkException: [TASK_WRITE_FAILED] Task failed while writing rows to file:/opt/***/dags/A_preprocessed.parquet.
[2023-08-17T04:05:33.809+0000] {spark_submit.py:491} INFO - at org.apache.spark.sql.errors.QueryExecutionErrors$.taskFailedWhileWritingRowsError(QueryExecutionErrors.scala:788)
[2023-08-17T04:05:33.810+0000] {spark_submit.py:491} INFO - at org.apache.spark.sql.execution.datasources.FileFormatWriter$.executeTask(FileFormatWriter.scala:420)
[2023-08-17T04:05:33.810+0000] {spark_submit.py:491} INFO - at org.apache.spark.sql.execution.datasources.WriteFilesExec.$anonfun$doExecuteWrite$1(WriteFiles.scala:100)
[2023-08-17T04:05:33.811+0000] {spark_submit.py:491} INFO - at org.apache.spark.rdd.RDD.$anonfun$mapPartitionsInternal$2(RDD.scala:888)
[2023-08-17T04:05:33.811+0000] {spark_submit.py:491} INFO - at org.apache.spark.rdd.RDD.$anonfun$mapPartitionsInternal$2$adapted(RDD.scala:888)
[2023-08-17T04:05:33.812+0000] {spark_submit.py:491} INFO - at org.apache.spark.rdd.MapPartitionsRDD.compute(MapPartitionsRDD.scala:52)
[2023-08-17T04:05:33.813+0000] {spark_submit.py:491} INFO - at org.apache.spark.rdd.RDD.computeOrReadCheckpoint(RDD.scala:364)
[2023-08-17T04:05:33.813+0000] {spark_submit.py:491} INFO - at org.apache.spark.rdd.RDD.iterator(RDD.scala:328)
[2023-08-17T04:05:33.814+0000] {spark_submit.py:491} INFO - at org.apache.spark.scheduler.ResultTask.runTask(ResultTask.scala:92)
[2023-08-17T04:05:33.814+0000] {spark_submit.py:491} INFO - at org.apache.spark.TaskContext.runTaskWithListeners(TaskContext.scala:161)
[2023-08-17T04:05:33.815+0000] {spark_submit.py:491} INFO - at org.apache.spark.scheduler.Task.run(Task.scala:139)
[2023-08-17T04:05:33.815+0000] {spark_submit.py:491} INFO - at org.apache.spark.executor.Executor$TaskRunner.$anonfun$run$3(Executor.scala:554)
[2023-08-17T04:05:33.816+0000] {spark_submit.py:491} INFO - at org.apache.spark.util.Utils$.tryWithSafeFinally(Utils.scala:1529)
[2023-08-17T04:05:33.817+0000] {spark_submit.py:491} INFO - at org.apache.spark.executor.Executor$TaskRunner.run(Executor.scala:557)
[2023-08-17T04:05:33.817+0000] {spark_submit.py:491} INFO - at java.base/java.util.concurrent.ThreadPoolExecutor.runWorker(ThreadPoolExecutor.java:1136)
[2023-08-17T04:05:33.818+0000] {spark_submit.py:491} INFO - at java.base/java.util.concurrent.ThreadPoolExecutor$Worker.run(ThreadPoolExecutor.java:635)
[2023-08-17T04:05:33.818+0000] {spark_submit.py:491} INFO - at java.base/java.lang.Thread.run(Thread.java:833)
[2023-08-17T04:05:33.819+0000] {spark_submit.py:491} INFO - Caused by: org.apache.spark.SparkFileNotFoundException: File file:/opt/***/dags/A.csv does not exist
[2023-08-17T04:05:33.819+0000] {spark_submit.py:491} INFO - It is possible the underlying files have been updated. You can explicitly invalidate the cache in Spark by running 'REFRESH TABLE tableName' command in SQL or by recreating the Dataset/DataFrame involved.
[2023-08-17T04:05:33.820+0000] {spark_submit.py:491} INFO - at org.apache.spark.sql.errors.QueryExecutionErrors$.readCurrentFileNotFoundError(QueryExecutionErrors.scala:794)
[2023-08-17T04:05:33.821+0000] {spark_submit.py:491} INFO - at org.apache.spark.sql.execution.datasources.FileScanRDD$$anon$1.org$apache$spark$sql$execution$datasources$FileScanRDD$$anon$$readCurrentFile(FileScanRDD.scala:234)
[2023-08-17T04:05:33.821+0000] {spark_submit.py:491} INFO - at org.apache.spark.sql.execution.datasources.FileScanRDD$$anon$1.nextIterator(FileScanRDD.scala:293)
[2023-08-17T04:05:33.822+0000] {spark_submit.py:491} INFO - at org.apache.spark.sql.execution.datasources.FileScanRDD$$anon$1.hasNext(FileScanRDD.scala:125)
[2023-08-17T04:05:33.823+0000] {spark_submit.py:491} INFO - at scala.collection.Iterator$$anon$10.hasNext(Iterator.scala:460)
[2023-08-17T04:05:33.824+0000] {spark_submit.py:491} INFO - at org.apache.spark.sql.catalyst.expressions.GeneratedClass$GeneratedIteratorForCodegenStage1.processNext(Unknown Source)
[2023-08-17T04:05:33.824+0000] {spark_submit.py:491} INFO - at org.apache.spark.sql.execution.BufferedRowIterator.hasNext(BufferedRowIterator.java:43)
[2023-08-17T04:05:33.825+0000] {spark_submit.py:491} INFO - at org.apache.spark.sql.execution.WholeStageCodegenExec$$anon$1.hasNext(WholeStageCodegenExec.scala:760)
[2023-08-17T04:05:33.826+0000] {spark_submit.py:491} INFO - at org.apache.spark.sql.execution.datasources.FileFormatDataWriter.writeWithIterator(FileFormatDataWriter.scala:91)
[2023-08-17T04:05:33.827+0000] {spark_submit.py:491} INFO - at org.apache.spark.sql.execution.datasources.FileFormatWriter$.$anonfun$executeTask$1(FileFormatWriter.scala:403)
[2023-08-17T04:05:33.827+0000] {spark_submit.py:491} INFO - at org.apache.spark.util.Utils$.tryWithSafeFinallyAndFailureCallbacks(Utils.scala:1563)
[2023-08-17T04:05:33.828+0000] {spark_submit.py:491} INFO - at org.apache.spark.sql.execution.datasources.FileFormatWriter$.executeTask(FileFormatWriter.scala:410)
[2023-08-17T04:05:33.828+0000] {spark_submit.py:491} INFO - ... 15 more
[2023-08-17T04:05:33.829+0000] {spark_submit.py:491} INFO - 
[2023-08-17T04:05:33.829+0000] {spark_submit.py:491} INFO - Driver stacktrace:
[2023-08-17T04:05:33.830+0000] {spark_submit.py:491} INFO - at org.apache.spark.scheduler.DAGScheduler.failJobAndIndependentStages(DAGScheduler.scala:2785)
[2023-08-17T04:05:33.830+0000] {spark_submit.py:491} INFO - at org.apache.spark.scheduler.DAGScheduler.$anonfun$abortStage$2(DAGScheduler.scala:2721)
[2023-08-17T04:05:33.831+0000] {spark_submit.py:491} INFO - at org.apache.spark.scheduler.DAGScheduler.$anonfun$abortStage$2$adapted(DAGScheduler.scala:2720)
[2023-08-17T04:05:33.831+0000] {spark_submit.py:491} INFO - at scala.collection.mutable.ResizableArray.foreach(ResizableArray.scala:62)
[2023-08-17T04:05:33.832+0000] {spark_submit.py:491} INFO - at scala.collection.mutable.ResizableArray.foreach$(ResizableArray.scala:55)
[2023-08-17T04:05:33.833+0000] {spark_submit.py:491} INFO - at scala.collection.mutable.ArrayBuffer.foreach(ArrayBuffer.scala:49)
[2023-08-17T04:05:33.833+0000] {spark_submit.py:491} INFO - at org.apache.spark.scheduler.DAGScheduler.abortStage(DAGScheduler.scala:2720)
[2023-08-17T04:05:33.834+0000] {spark_submit.py:491} INFO - at org.apache.spark.scheduler.DAGScheduler.$anonfun$handleTaskSetFailed$1(DAGScheduler.scala:1206)
[2023-08-17T04:05:33.835+0000] {spark_submit.py:491} INFO - at org.apache.spark.scheduler.DAGScheduler.$anonfun$handleTaskSetFailed$1$adapted(DAGScheduler.scala:1206)
[2023-08-17T04:05:33.836+0000] {spark_submit.py:491} INFO - at scala.Option.foreach(Option.scala:407)
[2023-08-17T04:05:33.837+0000] {spark_submit.py:491} INFO - at org.apache.spark.scheduler.DAGScheduler.handleTaskSetFailed(DAGScheduler.scala:1206)
[2023-08-17T04:05:33.837+0000] {spark_submit.py:491} INFO - at org.apache.spark.scheduler.DAGSchedulerEventProcessLoop.doOnReceive(DAGScheduler.scala:2984)
[2023-08-17T04:05:33.838+0000] {spark_submit.py:491} INFO - at org.apache.spark.scheduler.DAGSchedulerEventProcessLoop.onReceive(DAGScheduler.scala:2923)
[2023-08-17T04:05:33.839+0000] {spark_submit.py:491} INFO - at org.apache.spark.scheduler.DAGSchedulerEventProcessLoop.onReceive(DAGScheduler.scala:2912)
[2023-08-17T04:05:33.840+0000] {spark_submit.py:491} INFO - at org.apache.spark.util.EventLoop$$anon$1.run(EventLoop.scala:49)
[2023-08-17T04:05:33.841+0000] {spark_submit.py:491} INFO - at org.apache.spark.scheduler.DAGScheduler.runJob(DAGScheduler.scala:971)
[2023-08-17T04:05:33.842+0000] {spark_submit.py:491} INFO - at org.apache.spark.SparkContext.runJob(SparkContext.scala:2263)
[2023-08-17T04:05:33.843+0000] {spark_submit.py:491} INFO - at org.apache.spark.sql.execution.datasources.FileFormatWriter$.$anonfun$executeWrite$4(FileFormatWriter.scala:307)
[2023-08-17T04:05:33.843+0000] {spark_submit.py:491} INFO - at org.apache.spark.sql.execution.datasources.FileFormatWriter$.writeAndCommit(FileFormatWriter.scala:271)
[2023-08-17T04:05:33.844+0000] {spark_submit.py:491} INFO - at org.apache.spark.sql.execution.datasources.FileFormatWriter$.executeWrite(FileFormatWriter.scala:304)
[2023-08-17T04:05:33.845+0000] {spark_submit.py:491} INFO - at org.apache.spark.sql.execution.datasources.FileFormatWriter$.write(FileFormatWriter.scala:190)
[2023-08-17T04:05:33.846+0000] {spark_submit.py:491} INFO - at org.apache.spark.sql.execution.datasources.InsertIntoHadoopFsRelationCommand.run(InsertIntoHadoopFsRelationCommand.scala:190)
[2023-08-17T04:05:33.846+0000] {spark_submit.py:491} INFO - at org.apache.spark.sql.execution.command.DataWritingCommandExec.sideEffectResult$lzycompute(commands.scala:113)
[2023-08-17T04:05:33.848+0000] {spark_submit.py:491} INFO - at org.apache.spark.sql.execution.command.DataWritingCommandExec.sideEffectResult(commands.scala:111)
[2023-08-17T04:05:33.848+0000] {spark_submit.py:491} INFO - at org.apache.spark.sql.execution.command.DataWritingCommandExec.executeCollect(commands.scala:125)
[2023-08-17T04:05:33.849+0000] {spark_submit.py:491} INFO - at org.apache.spark.sql.execution.QueryExecution$$anonfun$eagerlyExecuteCommands$1.$anonfun$applyOrElse$1(QueryExecution.scala:98)
[2023-08-17T04:05:33.850+0000] {spark_submit.py:491} INFO - at org.apache.spark.sql.execution.SQLExecution$.$anonfun$withNewExecutionId$6(SQLExecution.scala:118)
[2023-08-17T04:05:33.851+0000] {spark_submit.py:491} INFO - at org.apache.spark.sql.execution.SQLExecution$.withSQLConfPropagated(SQLExecution.scala:195)
[2023-08-17T04:05:33.852+0000] {spark_submit.py:491} INFO - at org.apache.spark.sql.execution.SQLExecution$.$anonfun$withNewExecutionId$1(SQLExecution.scala:103)
[2023-08-17T04:05:33.852+0000] {spark_submit.py:491} INFO - at org.apache.spark.sql.SparkSession.withActive(SparkSession.scala:827)
[2023-08-17T04:05:33.853+0000] {spark_submit.py:491} INFO - at org.apache.spark.sql.execution.SQLExecution$.withNewExecutionId(SQLExecution.scala:65)
[2023-08-17T04:05:33.854+0000] {spark_submit.py:491} INFO - at org.apache.spark.sql.execution.QueryExecution$$anonfun$eagerlyExecuteCommands$1.applyOrElse(QueryExecution.scala:98)
[2023-08-17T04:05:33.855+0000] {spark_submit.py:491} INFO - at org.apache.spark.sql.execution.QueryExecution$$anonfun$eagerlyExecuteCommands$1.applyOrElse(QueryExecution.scala:94)
[2023-08-17T04:05:33.855+0000] {spark_submit.py:491} INFO - at org.apache.spark.sql.catalyst.trees.TreeNode.$anonfun$transformDownWithPruning$1(TreeNode.scala:512)
[2023-08-17T04:05:33.856+0000] {spark_submit.py:491} INFO - at org.apache.spark.sql.catalyst.trees.CurrentOrigin$.withOrigin(TreeNode.scala:104)
[2023-08-17T04:05:33.857+0000] {spark_submit.py:491} INFO - at org.apache.spark.sql.catalyst.trees.TreeNode.transformDownWithPruning(TreeNode.scala:512)
[2023-08-17T04:05:33.858+0000] {spark_submit.py:491} INFO - at org.apache.spark.sql.catalyst.plans.logical.LogicalPlan.org$apache$spark$sql$catalyst$plans$logical$AnalysisHelper$$super$transformDownWithPruning(LogicalPlan.scala:31)
[2023-08-17T04:05:33.860+0000] {spark_submit.py:491} INFO - at org.apache.spark.sql.catalyst.plans.logical.AnalysisHelper.transformDownWithPruning(AnalysisHelper.scala:267)
[2023-08-17T04:05:33.862+0000] {spark_submit.py:491} INFO - at org.apache.spark.sql.catalyst.plans.logical.AnalysisHelper.transformDownWithPruning$(AnalysisHelper.scala:263)
[2023-08-17T04:05:33.863+0000] {spark_submit.py:491} INFO - at org.apache.spark.sql.catalyst.plans.logical.LogicalPlan.transformDownWithPruning(LogicalPlan.scala:31)
[2023-08-17T04:05:33.864+0000] {spark_submit.py:491} INFO - at org.apache.spark.sql.catalyst.plans.logical.LogicalPlan.transformDownWithPruning(LogicalPlan.scala:31)
[2023-08-17T04:05:33.865+0000] {spark_submit.py:491} INFO - at org.apache.spark.sql.catalyst.trees.TreeNode.transformDown(TreeNode.scala:488)
[2023-08-17T04:05:33.866+0000] {spark_submit.py:491} INFO - at org.apache.spark.sql.execution.QueryExecution.eagerlyExecuteCommands(QueryExecution.scala:94)
[2023-08-17T04:05:33.867+0000] {spark_submit.py:491} INFO - at org.apache.spark.sql.execution.QueryExecution.commandExecuted$lzycompute(QueryExecution.scala:81)
[2023-08-17T04:05:33.868+0000] {spark_submit.py:491} INFO - at org.apache.spark.sql.execution.QueryExecution.commandExecuted(QueryExecution.scala:79)
[2023-08-17T04:05:33.869+0000] {spark_submit.py:491} INFO - at org.apache.spark.sql.execution.QueryExecution.assertCommandExecuted(QueryExecution.scala:133)
[2023-08-17T04:05:33.870+0000] {spark_submit.py:491} INFO - at org.apache.spark.sql.DataFrameWriter.runCommand(DataFrameWriter.scala:856)
[2023-08-17T04:05:33.871+0000] {spark_submit.py:491} INFO - at org.apache.spark.sql.DataFrameWriter.saveToV1Source(DataFrameWriter.scala:387)
[2023-08-17T04:05:33.873+0000] {spark_submit.py:491} INFO - at org.apache.spark.sql.DataFrameWriter.saveInternal(DataFrameWriter.scala:360)
[2023-08-17T04:05:33.874+0000] {spark_submit.py:491} INFO - at org.apache.spark.sql.DataFrameWriter.save(DataFrameWriter.scala:239)
[2023-08-17T04:05:33.875+0000] {spark_submit.py:491} INFO - at org.apache.spark.sql.DataFrameWriter.parquet(DataFrameWriter.scala:789)
[2023-08-17T04:05:33.876+0000] {spark_submit.py:491} INFO - at java.base/jdk.internal.reflect.NativeMethodAccessorImpl.invoke0(Native Method)
[2023-08-17T04:05:33.877+0000] {spark_submit.py:491} INFO - at java.base/jdk.internal.reflect.NativeMethodAccessorImpl.invoke(NativeMethodAccessorImpl.java:77)
[2023-08-17T04:05:33.878+0000] {spark_submit.py:491} INFO - at java.base/jdk.internal.reflect.DelegatingMethodAccessorImpl.invoke(DelegatingMethodAccessorImpl.java:43)
[2023-08-17T04:05:33.878+0000] {spark_submit.py:491} INFO - at java.base/java.lang.reflect.Method.invoke(Method.java:568)
[2023-08-17T04:05:33.879+0000] {spark_submit.py:491} INFO - at py4j.reflection.MethodInvoker.invoke(MethodInvoker.java:244)
[2023-08-17T04:05:33.880+0000] {spark_submit.py:491} INFO - at py4j.reflection.ReflectionEngine.invoke(ReflectionEngine.java:374)
[2023-08-17T04:05:33.880+0000] {spark_submit.py:491} INFO - at py4j.Gateway.invoke(Gateway.java:282)
[2023-08-17T04:05:33.881+0000] {spark_submit.py:491} INFO - at py4j.commands.AbstractCommand.invokeMethod(AbstractCommand.java:132)
[2023-08-17T04:05:33.881+0000] {spark_submit.py:491} INFO - at py4j.commands.CallCommand.execute(CallCommand.java:79)
[2023-08-17T04:05:33.882+0000] {spark_submit.py:491} INFO - at py4j.ClientServerConnection.waitForCommands(ClientServerConnection.java:182)
[2023-08-17T04:05:33.883+0000] {spark_submit.py:491} INFO - at py4j.ClientServerConnection.run(ClientServerConnection.java:106)
[2023-08-17T04:05:33.883+0000] {spark_submit.py:491} INFO - at java.base/java.lang.Thread.run(Thread.java:833)
[2023-08-17T04:05:33.884+0000] {spark_submit.py:491} INFO - Caused by: org.apache.spark.SparkException: [TASK_WRITE_FAILED] Task failed while writing rows to file:/opt/***/dags/A_preprocessed.parquet.
[2023-08-17T04:05:33.884+0000] {spark_submit.py:491} INFO - at org.apache.spark.sql.errors.QueryExecutionErrors$.taskFailedWhileWritingRowsError(QueryExecutionErrors.scala:788)
[2023-08-17T04:05:33.885+0000] {spark_submit.py:491} INFO - at org.apache.spark.sql.execution.datasources.FileFormatWriter$.executeTask(FileFormatWriter.scala:420)
[2023-08-17T04:05:33.886+0000] {spark_submit.py:491} INFO - at org.apache.spark.sql.execution.datasources.WriteFilesExec.$anonfun$doExecuteWrite$1(WriteFiles.scala:100)
[2023-08-17T04:05:33.886+0000] {spark_submit.py:491} INFO - at org.apache.spark.rdd.RDD.$anonfun$mapPartitionsInternal$2(RDD.scala:888)
[2023-08-17T04:05:33.887+0000] {spark_submit.py:491} INFO - at org.apache.spark.rdd.RDD.$anonfun$mapPartitionsInternal$2$adapted(RDD.scala:888)
[2023-08-17T04:05:33.887+0000] {spark_submit.py:491} INFO - at org.apache.spark.rdd.MapPartitionsRDD.compute(MapPartitionsRDD.scala:52)
[2023-08-17T04:05:33.888+0000] {spark_submit.py:491} INFO - at org.apache.spark.rdd.RDD.computeOrReadCheckpoint(RDD.scala:364)
[2023-08-17T04:05:33.888+0000] {spark_submit.py:491} INFO - at org.apache.spark.rdd.RDD.iterator(RDD.scala:328)
[2023-08-17T04:05:33.889+0000] {spark_submit.py:491} INFO - at org.apache.spark.scheduler.ResultTask.runTask(ResultTask.scala:92)
[2023-08-17T04:05:33.889+0000] {spark_submit.py:491} INFO - at org.apache.spark.TaskContext.runTaskWithListeners(TaskContext.scala:161)
[2023-08-17T04:05:33.890+0000] {spark_submit.py:491} INFO - at org.apache.spark.scheduler.Task.run(Task.scala:139)
[2023-08-17T04:05:33.890+0000] {spark_submit.py:491} INFO - at org.apache.spark.executor.Executor$TaskRunner.$anonfun$run$3(Executor.scala:554)
[2023-08-17T04:05:33.891+0000] {spark_submit.py:491} INFO - at org.apache.spark.util.Utils$.tryWithSafeFinally(Utils.scala:1529)
[2023-08-17T04:05:33.892+0000] {spark_submit.py:491} INFO - at org.apache.spark.executor.Executor$TaskRunner.run(Executor.scala:557)
[2023-08-17T04:05:33.893+0000] {spark_submit.py:491} INFO - at java.base/java.util.concurrent.ThreadPoolExecutor.runWorker(ThreadPoolExecutor.java:1136)
[2023-08-17T04:05:33.893+0000] {spark_submit.py:491} INFO - at java.base/java.util.concurrent.ThreadPoolExecutor$Worker.run(ThreadPoolExecutor.java:635)
[2023-08-17T04:05:33.894+0000] {spark_submit.py:491} INFO - at java.base/java.lang.Thread.run(Thread.java:833)
[2023-08-17T04:05:33.894+0000] {spark_submit.py:491} INFO - Caused by: org.apache.spark.SparkFileNotFoundException: File file:/opt/***/dags/A.csv does not exist
[2023-08-17T04:05:33.895+0000] {spark_submit.py:491} INFO - It is possible the underlying files have been updated. You can explicitly invalidate the cache in Spark by running 'REFRESH TABLE tableName' command in SQL or by recreating the Dataset/DataFrame involved.
[2023-08-17T04:05:33.895+0000] {spark_submit.py:491} INFO - at org.apache.spark.sql.errors.QueryExecutionErrors$.readCurrentFileNotFoundError(QueryExecutionErrors.scala:794)
[2023-08-17T04:05:33.896+0000] {spark_submit.py:491} INFO - at org.apache.spark.sql.execution.datasources.FileScanRDD$$anon$1.org$apache$spark$sql$execution$datasources$FileScanRDD$$anon$$readCurrentFile(FileScanRDD.scala:234)
[2023-08-17T04:05:33.896+0000] {spark_submit.py:491} INFO - at org.apache.spark.sql.execution.datasources.FileScanRDD$$anon$1.nextIterator(FileScanRDD.scala:293)
[2023-08-17T04:05:33.897+0000] {spark_submit.py:491} INFO - at org.apache.spark.sql.execution.datasources.FileScanRDD$$anon$1.hasNext(FileScanRDD.scala:125)
[2023-08-17T04:05:33.897+0000] {spark_submit.py:491} INFO - at scala.collection.Iterator$$anon$10.hasNext(Iterator.scala:460)
[2023-08-17T04:05:33.898+0000] {spark_submit.py:491} INFO - at org.apache.spark.sql.catalyst.expressions.GeneratedClass$GeneratedIteratorForCodegenStage1.processNext(Unknown Source)
[2023-08-17T04:05:33.898+0000] {spark_submit.py:491} INFO - at org.apache.spark.sql.execution.BufferedRowIterator.hasNext(BufferedRowIterator.java:43)
[2023-08-17T04:05:33.899+0000] {spark_submit.py:491} INFO - at org.apache.spark.sql.execution.WholeStageCodegenExec$$anon$1.hasNext(WholeStageCodegenExec.scala:760)
[2023-08-17T04:05:33.899+0000] {spark_submit.py:491} INFO - at org.apache.spark.sql.execution.datasources.FileFormatDataWriter.writeWithIterator(FileFormatDataWriter.scala:91)
[2023-08-17T04:05:33.900+0000] {spark_submit.py:491} INFO - at org.apache.spark.sql.execution.datasources.FileFormatWriter$.$anonfun$executeTask$1(FileFormatWriter.scala:403)
[2023-08-17T04:05:33.900+0000] {spark_submit.py:491} INFO - at org.apache.spark.util.Utils$.tryWithSafeFinallyAndFailureCallbacks(Utils.scala:1563)
[2023-08-17T04:05:33.901+0000] {spark_submit.py:491} INFO - at org.apache.spark.sql.execution.datasources.FileFormatWriter$.executeTask(FileFormatWriter.scala:410)
[2023-08-17T04:05:33.901+0000] {spark_submit.py:491} INFO - ... 15 more
[2023-08-17T04:05:33.970+0000] {spark_submit.py:491} INFO - Traceback (most recent call last):
[2023-08-17T04:05:33.970+0000] {spark_submit.py:491} INFO - File "/opt/***/dags/spark_processing.py", line 25, in <module>
[2023-08-17T04:05:33.971+0000] {spark_submit.py:491} INFO - stock_df.write.mode("overwrite").option("compression", "snappy").parquet("dags/A"+"_preprocessed.parquet")
[2023-08-17T04:05:33.972+0000] {spark_submit.py:491} INFO - File "/home/***/.local/lib/python3.10/site-packages/pyspark/python/lib/pyspark.zip/pyspark/sql/readwriter.py", line 1656, in parquet
[2023-08-17T04:05:33.972+0000] {spark_submit.py:491} INFO - File "/home/***/.local/lib/python3.10/site-packages/pyspark/python/lib/py4j-0.10.9.7-src.zip/py4j/java_gateway.py", line 1322, in __call__
[2023-08-17T04:05:33.973+0000] {spark_submit.py:491} INFO - File "/home/***/.local/lib/python3.10/site-packages/pyspark/python/lib/pyspark.zip/pyspark/errors/exceptions/captured.py", line 169, in deco
[2023-08-17T04:05:33.974+0000] {spark_submit.py:491} INFO - File "/home/***/.local/lib/python3.10/site-packages/pyspark/python/lib/py4j-0.10.9.7-src.zip/py4j/protocol.py", line 326, in get_return_value
[2023-08-17T04:05:34.015+0000] {spark_submit.py:491} INFO - py4j.protocol.Py4JJavaError: An error occurred while calling o40.parquet.
[2023-08-17T04:05:34.016+0000] {spark_submit.py:491} INFO - : org.apache.spark.SparkException: Job aborted due to stage failure: Task 0 in stage 0.0 failed 4 times, most recent failure: Lost task 0.3 in stage 0.0 (TID 3) (172.18.0.8 executor 0): org.apache.spark.SparkException: [TASK_WRITE_FAILED] Task failed while writing rows to file:/opt/***/dags/A_preprocessed.parquet.
[2023-08-17T04:05:34.017+0000] {spark_submit.py:491} INFO - at org.apache.spark.sql.errors.QueryExecutionErrors$.taskFailedWhileWritingRowsError(QueryExecutionErrors.scala:788)
[2023-08-17T04:05:34.017+0000] {spark_submit.py:491} INFO - at org.apache.spark.sql.execution.datasources.FileFormatWriter$.executeTask(FileFormatWriter.scala:420)
[2023-08-17T04:05:34.018+0000] {spark_submit.py:491} INFO - at org.apache.spark.sql.execution.datasources.WriteFilesExec.$anonfun$doExecuteWrite$1(WriteFiles.scala:100)
[2023-08-17T04:05:34.019+0000] {spark_submit.py:491} INFO - at org.apache.spark.rdd.RDD.$anonfun$mapPartitionsInternal$2(RDD.scala:888)
[2023-08-17T04:05:34.019+0000] {spark_submit.py:491} INFO - at org.apache.spark.rdd.RDD.$anonfun$mapPartitionsInternal$2$adapted(RDD.scala:888)
[2023-08-17T04:05:34.020+0000] {spark_submit.py:491} INFO - at org.apache.spark.rdd.MapPartitionsRDD.compute(MapPartitionsRDD.scala:52)
[2023-08-17T04:05:34.020+0000] {spark_submit.py:491} INFO - at org.apache.spark.rdd.RDD.computeOrReadCheckpoint(RDD.scala:364)
[2023-08-17T04:05:34.021+0000] {spark_submit.py:491} INFO - at org.apache.spark.rdd.RDD.iterator(RDD.scala:328)
[2023-08-17T04:05:34.022+0000] {spark_submit.py:491} INFO - at org.apache.spark.scheduler.ResultTask.runTask(ResultTask.scala:92)
[2023-08-17T04:05:34.022+0000] {spark_submit.py:491} INFO - at org.apache.spark.TaskContext.runTaskWithListeners(TaskContext.scala:161)
[2023-08-17T04:05:34.023+0000] {spark_submit.py:491} INFO - at org.apache.spark.scheduler.Task.run(Task.scala:139)
[2023-08-17T04:05:34.023+0000] {spark_submit.py:491} INFO - at org.apache.spark.executor.Executor$TaskRunner.$anonfun$run$3(Executor.scala:554)
[2023-08-17T04:05:34.024+0000] {spark_submit.py:491} INFO - at org.apache.spark.util.Utils$.tryWithSafeFinally(Utils.scala:1529)
[2023-08-17T04:05:34.024+0000] {spark_submit.py:491} INFO - at org.apache.spark.executor.Executor$TaskRunner.run(Executor.scala:557)
[2023-08-17T04:05:34.025+0000] {spark_submit.py:491} INFO - at java.base/java.util.concurrent.ThreadPoolExecutor.runWorker(ThreadPoolExecutor.java:1136)
[2023-08-17T04:05:34.025+0000] {spark_submit.py:491} INFO - at java.base/java.util.concurrent.ThreadPoolExecutor$Worker.run(ThreadPoolExecutor.java:635)
[2023-08-17T04:05:34.026+0000] {spark_submit.py:491} INFO - at java.base/java.lang.Thread.run(Thread.java:833)
[2023-08-17T04:05:34.027+0000] {spark_submit.py:491} INFO - Caused by: org.apache.spark.SparkFileNotFoundException: File file:/opt/***/dags/A.csv does not exist
[2023-08-17T04:05:34.027+0000] {spark_submit.py:491} INFO - It is possible the underlying files have been updated. You can explicitly invalidate the cache in Spark by running 'REFRESH TABLE tableName' command in SQL or by recreating the Dataset/DataFrame involved.
[2023-08-17T04:05:34.028+0000] {spark_submit.py:491} INFO - at org.apache.spark.sql.errors.QueryExecutionErrors$.readCurrentFileNotFoundError(QueryExecutionErrors.scala:794)
[2023-08-17T04:05:34.028+0000] {spark_submit.py:491} INFO - at org.apache.spark.sql.execution.datasources.FileScanRDD$$anon$1.org$apache$spark$sql$execution$datasources$FileScanRDD$$anon$$readCurrentFile(FileScanRDD.scala:234)
[2023-08-17T04:05:34.029+0000] {spark_submit.py:491} INFO - at org.apache.spark.sql.execution.datasources.FileScanRDD$$anon$1.nextIterator(FileScanRDD.scala:293)
[2023-08-17T04:05:34.029+0000] {spark_submit.py:491} INFO - at org.apache.spark.sql.execution.datasources.FileScanRDD$$anon$1.hasNext(FileScanRDD.scala:125)
[2023-08-17T04:05:34.030+0000] {spark_submit.py:491} INFO - at scala.collection.Iterator$$anon$10.hasNext(Iterator.scala:460)
[2023-08-17T04:05:34.031+0000] {spark_submit.py:491} INFO - at org.apache.spark.sql.catalyst.expressions.GeneratedClass$GeneratedIteratorForCodegenStage1.processNext(Unknown Source)
[2023-08-17T04:05:34.031+0000] {spark_submit.py:491} INFO - at org.apache.spark.sql.execution.BufferedRowIterator.hasNext(BufferedRowIterator.java:43)
[2023-08-17T04:05:34.032+0000] {spark_submit.py:491} INFO - at org.apache.spark.sql.execution.WholeStageCodegenExec$$anon$1.hasNext(WholeStageCodegenExec.scala:760)
[2023-08-17T04:05:34.033+0000] {spark_submit.py:491} INFO - at org.apache.spark.sql.execution.datasources.FileFormatDataWriter.writeWithIterator(FileFormatDataWriter.scala:91)
[2023-08-17T04:05:34.033+0000] {spark_submit.py:491} INFO - at org.apache.spark.sql.execution.datasources.FileFormatWriter$.$anonfun$executeTask$1(FileFormatWriter.scala:403)
[2023-08-17T04:05:34.034+0000] {spark_submit.py:491} INFO - at org.apache.spark.util.Utils$.tryWithSafeFinallyAndFailureCallbacks(Utils.scala:1563)
[2023-08-17T04:05:34.034+0000] {spark_submit.py:491} INFO - at org.apache.spark.sql.execution.datasources.FileFormatWriter$.executeTask(FileFormatWriter.scala:410)
[2023-08-17T04:05:34.035+0000] {spark_submit.py:491} INFO - ... 15 more
[2023-08-17T04:05:34.035+0000] {spark_submit.py:491} INFO - 
[2023-08-17T04:05:34.036+0000] {spark_submit.py:491} INFO - Driver stacktrace:
[2023-08-17T04:05:34.036+0000] {spark_submit.py:491} INFO - at org.apache.spark.scheduler.DAGScheduler.failJobAndIndependentStages(DAGScheduler.scala:2785)
[2023-08-17T04:05:34.037+0000] {spark_submit.py:491} INFO - at org.apache.spark.scheduler.DAGScheduler.$anonfun$abortStage$2(DAGScheduler.scala:2721)
[2023-08-17T04:05:34.037+0000] {spark_submit.py:491} INFO - at org.apache.spark.scheduler.DAGScheduler.$anonfun$abortStage$2$adapted(DAGScheduler.scala:2720)
[2023-08-17T04:05:34.038+0000] {spark_submit.py:491} INFO - at scala.collection.mutable.ResizableArray.foreach(ResizableArray.scala:62)
[2023-08-17T04:05:34.038+0000] {spark_submit.py:491} INFO - at scala.collection.mutable.ResizableArray.foreach$(ResizableArray.scala:55)
[2023-08-17T04:05:34.039+0000] {spark_submit.py:491} INFO - at scala.collection.mutable.ArrayBuffer.foreach(ArrayBuffer.scala:49)
[2023-08-17T04:05:34.039+0000] {spark_submit.py:491} INFO - at org.apache.spark.scheduler.DAGScheduler.abortStage(DAGScheduler.scala:2720)
[2023-08-17T04:05:34.040+0000] {spark_submit.py:491} INFO - at org.apache.spark.scheduler.DAGScheduler.$anonfun$handleTaskSetFailed$1(DAGScheduler.scala:1206)
[2023-08-17T04:05:34.041+0000] {spark_submit.py:491} INFO - at org.apache.spark.scheduler.DAGScheduler.$anonfun$handleTaskSetFailed$1$adapted(DAGScheduler.scala:1206)
[2023-08-17T04:05:34.041+0000] {spark_submit.py:491} INFO - at scala.Option.foreach(Option.scala:407)
[2023-08-17T04:05:34.042+0000] {spark_submit.py:491} INFO - at org.apache.spark.scheduler.DAGScheduler.handleTaskSetFailed(DAGScheduler.scala:1206)
[2023-08-17T04:05:34.042+0000] {spark_submit.py:491} INFO - at org.apache.spark.scheduler.DAGSchedulerEventProcessLoop.doOnReceive(DAGScheduler.scala:2984)
[2023-08-17T04:05:34.043+0000] {spark_submit.py:491} INFO - at org.apache.spark.scheduler.DAGSchedulerEventProcessLoop.onReceive(DAGScheduler.scala:2923)
[2023-08-17T04:05:34.043+0000] {spark_submit.py:491} INFO - at org.apache.spark.scheduler.DAGSchedulerEventProcessLoop.onReceive(DAGScheduler.scala:2912)
[2023-08-17T04:05:34.044+0000] {spark_submit.py:491} INFO - at org.apache.spark.util.EventLoop$$anon$1.run(EventLoop.scala:49)
[2023-08-17T04:05:34.045+0000] {spark_submit.py:491} INFO - at org.apache.spark.scheduler.DAGScheduler.runJob(DAGScheduler.scala:971)
[2023-08-17T04:05:34.045+0000] {spark_submit.py:491} INFO - at org.apache.spark.SparkContext.runJob(SparkContext.scala:2263)
[2023-08-17T04:05:34.046+0000] {spark_submit.py:491} INFO - at org.apache.spark.sql.execution.datasources.FileFormatWriter$.$anonfun$executeWrite$4(FileFormatWriter.scala:307)
[2023-08-17T04:05:34.047+0000] {spark_submit.py:491} INFO - at org.apache.spark.sql.execution.datasources.FileFormatWriter$.writeAndCommit(FileFormatWriter.scala:271)
[2023-08-17T04:05:34.047+0000] {spark_submit.py:491} INFO - at org.apache.spark.sql.execution.datasources.FileFormatWriter$.executeWrite(FileFormatWriter.scala:304)
[2023-08-17T04:05:34.048+0000] {spark_submit.py:491} INFO - at org.apache.spark.sql.execution.datasources.FileFormatWriter$.write(FileFormatWriter.scala:190)
[2023-08-17T04:05:34.048+0000] {spark_submit.py:491} INFO - at org.apache.spark.sql.execution.datasources.InsertIntoHadoopFsRelationCommand.run(InsertIntoHadoopFsRelationCommand.scala:190)
[2023-08-17T04:05:34.049+0000] {spark_submit.py:491} INFO - at org.apache.spark.sql.execution.command.DataWritingCommandExec.sideEffectResult$lzycompute(commands.scala:113)
[2023-08-17T04:05:34.049+0000] {spark_submit.py:491} INFO - at org.apache.spark.sql.execution.command.DataWritingCommandExec.sideEffectResult(commands.scala:111)
[2023-08-17T04:05:34.050+0000] {spark_submit.py:491} INFO - at org.apache.spark.sql.execution.command.DataWritingCommandExec.executeCollect(commands.scala:125)
[2023-08-17T04:05:34.051+0000] {spark_submit.py:491} INFO - at org.apache.spark.sql.execution.QueryExecution$$anonfun$eagerlyExecuteCommands$1.$anonfun$applyOrElse$1(QueryExecution.scala:98)
[2023-08-17T04:05:34.051+0000] {spark_submit.py:491} INFO - at org.apache.spark.sql.execution.SQLExecution$.$anonfun$withNewExecutionId$6(SQLExecution.scala:118)
[2023-08-17T04:05:34.052+0000] {spark_submit.py:491} INFO - at org.apache.spark.sql.execution.SQLExecution$.withSQLConfPropagated(SQLExecution.scala:195)
[2023-08-17T04:05:34.052+0000] {spark_submit.py:491} INFO - at org.apache.spark.sql.execution.SQLExecution$.$anonfun$withNewExecutionId$1(SQLExecution.scala:103)
[2023-08-17T04:05:34.053+0000] {spark_submit.py:491} INFO - at org.apache.spark.sql.SparkSession.withActive(SparkSession.scala:827)
[2023-08-17T04:05:34.054+0000] {spark_submit.py:491} INFO - at org.apache.spark.sql.execution.SQLExecution$.withNewExecutionId(SQLExecution.scala:65)
[2023-08-17T04:05:34.054+0000] {spark_submit.py:491} INFO - at org.apache.spark.sql.execution.QueryExecution$$anonfun$eagerlyExecuteCommands$1.applyOrElse(QueryExecution.scala:98)
[2023-08-17T04:05:34.055+0000] {spark_submit.py:491} INFO - at org.apache.spark.sql.execution.QueryExecution$$anonfun$eagerlyExecuteCommands$1.applyOrElse(QueryExecution.scala:94)
[2023-08-17T04:05:34.056+0000] {spark_submit.py:491} INFO - at org.apache.spark.sql.catalyst.trees.TreeNode.$anonfun$transformDownWithPruning$1(TreeNode.scala:512)
[2023-08-17T04:05:34.056+0000] {spark_submit.py:491} INFO - at org.apache.spark.sql.catalyst.trees.CurrentOrigin$.withOrigin(TreeNode.scala:104)
[2023-08-17T04:05:34.057+0000] {spark_submit.py:491} INFO - at org.apache.spark.sql.catalyst.trees.TreeNode.transformDownWithPruning(TreeNode.scala:512)
[2023-08-17T04:05:34.057+0000] {spark_submit.py:491} INFO - at org.apache.spark.sql.catalyst.plans.logical.LogicalPlan.org$apache$spark$sql$catalyst$plans$logical$AnalysisHelper$$super$transformDownWithPruning(LogicalPlan.scala:31)
[2023-08-17T04:05:34.058+0000] {spark_submit.py:491} INFO - at org.apache.spark.sql.catalyst.plans.logical.AnalysisHelper.transformDownWithPruning(AnalysisHelper.scala:267)
[2023-08-17T04:05:34.059+0000] {spark_submit.py:491} INFO - at org.apache.spark.sql.catalyst.plans.logical.AnalysisHelper.transformDownWithPruning$(AnalysisHelper.scala:263)
[2023-08-17T04:05:34.060+0000] {spark_submit.py:491} INFO - at org.apache.spark.sql.catalyst.plans.logical.LogicalPlan.transformDownWithPruning(LogicalPlan.scala:31)
[2023-08-17T04:05:34.060+0000] {spark_submit.py:491} INFO - at org.apache.spark.sql.catalyst.plans.logical.LogicalPlan.transformDownWithPruning(LogicalPlan.scala:31)
[2023-08-17T04:05:34.061+0000] {spark_submit.py:491} INFO - at org.apache.spark.sql.catalyst.trees.TreeNode.transformDown(TreeNode.scala:488)
[2023-08-17T04:05:34.061+0000] {spark_submit.py:491} INFO - at org.apache.spark.sql.execution.QueryExecution.eagerlyExecuteCommands(QueryExecution.scala:94)
[2023-08-17T04:05:34.063+0000] {spark_submit.py:491} INFO - at org.apache.spark.sql.execution.QueryExecution.commandExecuted$lzycompute(QueryExecution.scala:81)
[2023-08-17T04:05:34.063+0000] {spark_submit.py:491} INFO - at org.apache.spark.sql.execution.QueryExecution.commandExecuted(QueryExecution.scala:79)
[2023-08-17T04:05:34.064+0000] {spark_submit.py:491} INFO - at org.apache.spark.sql.execution.QueryExecution.assertCommandExecuted(QueryExecution.scala:133)
[2023-08-17T04:05:34.064+0000] {spark_submit.py:491} INFO - at org.apache.spark.sql.DataFrameWriter.runCommand(DataFrameWriter.scala:856)
[2023-08-17T04:05:34.065+0000] {spark_submit.py:491} INFO - at org.apache.spark.sql.DataFrameWriter.saveToV1Source(DataFrameWriter.scala:387)
[2023-08-17T04:05:34.066+0000] {spark_submit.py:491} INFO - at org.apache.spark.sql.DataFrameWriter.saveInternal(DataFrameWriter.scala:360)
[2023-08-17T04:05:34.067+0000] {spark_submit.py:491} INFO - at org.apache.spark.sql.DataFrameWriter.save(DataFrameWriter.scala:239)
[2023-08-17T04:05:34.067+0000] {spark_submit.py:491} INFO - at org.apache.spark.sql.DataFrameWriter.parquet(DataFrameWriter.scala:789)
[2023-08-17T04:05:34.068+0000] {spark_submit.py:491} INFO - at java.base/jdk.internal.reflect.NativeMethodAccessorImpl.invoke0(Native Method)
[2023-08-17T04:05:34.069+0000] {spark_submit.py:491} INFO - at java.base/jdk.internal.reflect.NativeMethodAccessorImpl.invoke(NativeMethodAccessorImpl.java:77)
[2023-08-17T04:05:34.070+0000] {spark_submit.py:491} INFO - at java.base/jdk.internal.reflect.DelegatingMethodAccessorImpl.invoke(DelegatingMethodAccessorImpl.java:43)
[2023-08-17T04:05:34.072+0000] {spark_submit.py:491} INFO - at java.base/java.lang.reflect.Method.invoke(Method.java:568)
[2023-08-17T04:05:34.073+0000] {spark_submit.py:491} INFO - at py4j.reflection.MethodInvoker.invoke(MethodInvoker.java:244)
[2023-08-17T04:05:34.074+0000] {spark_submit.py:491} INFO - at py4j.reflection.ReflectionEngine.invoke(ReflectionEngine.java:374)
[2023-08-17T04:05:34.076+0000] {spark_submit.py:491} INFO - at py4j.Gateway.invoke(Gateway.java:282)
[2023-08-17T04:05:34.078+0000] {spark_submit.py:491} INFO - at py4j.commands.AbstractCommand.invokeMethod(AbstractCommand.java:132)
[2023-08-17T04:05:34.079+0000] {spark_submit.py:491} INFO - at py4j.commands.CallCommand.execute(CallCommand.java:79)
[2023-08-17T04:05:34.080+0000] {spark_submit.py:491} INFO - at py4j.ClientServerConnection.waitForCommands(ClientServerConnection.java:182)
[2023-08-17T04:05:34.081+0000] {spark_submit.py:491} INFO - at py4j.ClientServerConnection.run(ClientServerConnection.java:106)
[2023-08-17T04:05:34.083+0000] {spark_submit.py:491} INFO - at java.base/java.lang.Thread.run(Thread.java:833)
[2023-08-17T04:05:34.084+0000] {spark_submit.py:491} INFO - Caused by: org.apache.spark.SparkException: [TASK_WRITE_FAILED] Task failed while writing rows to file:/opt/***/dags/A_preprocessed.parquet.
[2023-08-17T04:05:34.086+0000] {spark_submit.py:491} INFO - at org.apache.spark.sql.errors.QueryExecutionErrors$.taskFailedWhileWritingRowsError(QueryExecutionErrors.scala:788)
[2023-08-17T04:05:34.088+0000] {spark_submit.py:491} INFO - at org.apache.spark.sql.execution.datasources.FileFormatWriter$.executeTask(FileFormatWriter.scala:420)
[2023-08-17T04:05:34.090+0000] {spark_submit.py:491} INFO - at org.apache.spark.sql.execution.datasources.WriteFilesExec.$anonfun$doExecuteWrite$1(WriteFiles.scala:100)
[2023-08-17T04:05:34.091+0000] {spark_submit.py:491} INFO - at org.apache.spark.rdd.RDD.$anonfun$mapPartitionsInternal$2(RDD.scala:888)
[2023-08-17T04:05:34.091+0000] {spark_submit.py:491} INFO - at org.apache.spark.rdd.RDD.$anonfun$mapPartitionsInternal$2$adapted(RDD.scala:888)
[2023-08-17T04:05:34.092+0000] {spark_submit.py:491} INFO - at org.apache.spark.rdd.MapPartitionsRDD.compute(MapPartitionsRDD.scala:52)
[2023-08-17T04:05:34.093+0000] {spark_submit.py:491} INFO - at org.apache.spark.rdd.RDD.computeOrReadCheckpoint(RDD.scala:364)
[2023-08-17T04:05:34.094+0000] {spark_submit.py:491} INFO - at org.apache.spark.rdd.RDD.iterator(RDD.scala:328)
[2023-08-17T04:05:34.094+0000] {spark_submit.py:491} INFO - at org.apache.spark.scheduler.ResultTask.runTask(ResultTask.scala:92)
[2023-08-17T04:05:34.095+0000] {spark_submit.py:491} INFO - at org.apache.spark.TaskContext.runTaskWithListeners(TaskContext.scala:161)
[2023-08-17T04:05:34.095+0000] {spark_submit.py:491} INFO - at org.apache.spark.scheduler.Task.run(Task.scala:139)
[2023-08-17T04:05:34.096+0000] {spark_submit.py:491} INFO - at org.apache.spark.executor.Executor$TaskRunner.$anonfun$run$3(Executor.scala:554)
[2023-08-17T04:05:34.097+0000] {spark_submit.py:491} INFO - at org.apache.spark.util.Utils$.tryWithSafeFinally(Utils.scala:1529)
[2023-08-17T04:05:34.097+0000] {spark_submit.py:491} INFO - at org.apache.spark.executor.Executor$TaskRunner.run(Executor.scala:557)
[2023-08-17T04:05:34.098+0000] {spark_submit.py:491} INFO - at java.base/java.util.concurrent.ThreadPoolExecutor.runWorker(ThreadPoolExecutor.java:1136)
[2023-08-17T04:05:34.099+0000] {spark_submit.py:491} INFO - at java.base/java.util.concurrent.ThreadPoolExecutor$Worker.run(ThreadPoolExecutor.java:635)
[2023-08-17T04:05:34.100+0000] {spark_submit.py:491} INFO - at java.base/java.lang.Thread.run(Thread.java:833)
[2023-08-17T04:05:34.101+0000] {spark_submit.py:491} INFO - Caused by: org.apache.spark.SparkFileNotFoundException: File file:/opt/***/dags/A.csv does not exist
[2023-08-17T04:05:34.102+0000] {spark_submit.py:491} INFO - It is possible the underlying files have been updated. You can explicitly invalidate the cache in Spark by running 'REFRESH TABLE tableName' command in SQL or by recreating the Dataset/DataFrame involved.
[2023-08-17T04:05:34.104+0000] {spark_submit.py:491} INFO - at org.apache.spark.sql.errors.QueryExecutionErrors$.readCurrentFileNotFoundError(QueryExecutionErrors.scala:794)
[2023-08-17T04:05:34.105+0000] {spark_submit.py:491} INFO - at org.apache.spark.sql.execution.datasources.FileScanRDD$$anon$1.org$apache$spark$sql$execution$datasources$FileScanRDD$$anon$$readCurrentFile(FileScanRDD.scala:234)
[2023-08-17T04:05:34.106+0000] {spark_submit.py:491} INFO - at org.apache.spark.sql.execution.datasources.FileScanRDD$$anon$1.nextIterator(FileScanRDD.scala:293)
[2023-08-17T04:05:34.106+0000] {spark_submit.py:491} INFO - at org.apache.spark.sql.execution.datasources.FileScanRDD$$anon$1.hasNext(FileScanRDD.scala:125)
[2023-08-17T04:05:34.107+0000] {spark_submit.py:491} INFO - at scala.collection.Iterator$$anon$10.hasNext(Iterator.scala:460)
[2023-08-17T04:05:34.108+0000] {spark_submit.py:491} INFO - at org.apache.spark.sql.catalyst.expressions.GeneratedClass$GeneratedIteratorForCodegenStage1.processNext(Unknown Source)
[2023-08-17T04:05:34.109+0000] {spark_submit.py:491} INFO - at org.apache.spark.sql.execution.BufferedRowIterator.hasNext(BufferedRowIterator.java:43)
[2023-08-17T04:05:34.110+0000] {spark_submit.py:491} INFO - at org.apache.spark.sql.execution.WholeStageCodegenExec$$anon$1.hasNext(WholeStageCodegenExec.scala:760)
[2023-08-17T04:05:34.111+0000] {spark_submit.py:491} INFO - at org.apache.spark.sql.execution.datasources.FileFormatDataWriter.writeWithIterator(FileFormatDataWriter.scala:91)
[2023-08-17T04:05:34.112+0000] {spark_submit.py:491} INFO - at org.apache.spark.sql.execution.datasources.FileFormatWriter$.$anonfun$executeTask$1(FileFormatWriter.scala:403)
[2023-08-17T04:05:34.112+0000] {spark_submit.py:491} INFO - at org.apache.spark.util.Utils$.tryWithSafeFinallyAndFailureCallbacks(Utils.scala:1563)
[2023-08-17T04:05:34.113+0000] {spark_submit.py:491} INFO - at org.apache.spark.sql.execution.datasources.FileFormatWriter$.executeTask(FileFormatWriter.scala:410)
[2023-08-17T04:05:34.114+0000] {spark_submit.py:491} INFO - ... 15 more
[2023-08-17T04:05:34.115+0000] {spark_submit.py:491} INFO - 
[2023-08-17T04:05:34.116+0000] {spark_submit.py:491} INFO - 23/08/17 04:05:34 INFO SparkContext: Invoking stop() from shutdown hook
[2023-08-17T04:05:34.117+0000] {spark_submit.py:491} INFO - 23/08/17 04:05:34 INFO SparkContext: SparkContext is stopping with exitCode 0.
[2023-08-17T04:05:34.118+0000] {spark_submit.py:491} INFO - 23/08/17 04:05:34 INFO SparkUI: Stopped Spark web UI at http://0d68e811d1ff:4040
[2023-08-17T04:05:34.119+0000] {spark_submit.py:491} INFO - 23/08/17 04:05:34 INFO StandaloneSchedulerBackend: Shutting down all executors
[2023-08-17T04:05:34.119+0000] {spark_submit.py:491} INFO - 23/08/17 04:05:34 INFO StandaloneSchedulerBackend$StandaloneDriverEndpoint: Asking each executor to shut down
[2023-08-17T04:05:34.120+0000] {spark_submit.py:491} INFO - 23/08/17 04:05:34 INFO MapOutputTrackerMasterEndpoint: MapOutputTrackerMasterEndpoint stopped!
[2023-08-17T04:05:34.120+0000] {spark_submit.py:491} INFO - 23/08/17 04:05:34 INFO MemoryStore: MemoryStore cleared
[2023-08-17T04:05:34.121+0000] {spark_submit.py:491} INFO - 23/08/17 04:05:34 INFO BlockManager: BlockManager stopped
[2023-08-17T04:05:34.122+0000] {spark_submit.py:491} INFO - 23/08/17 04:05:34 INFO BlockManagerMaster: BlockManagerMaster stopped
[2023-08-17T04:05:34.122+0000] {spark_submit.py:491} INFO - 23/08/17 04:05:34 INFO OutputCommitCoordinator$OutputCommitCoordinatorEndpoint: OutputCommitCoordinator stopped!
[2023-08-17T04:05:34.123+0000] {spark_submit.py:491} INFO - 23/08/17 04:05:34 INFO SparkContext: Successfully stopped SparkContext
[2023-08-17T04:05:34.124+0000] {spark_submit.py:491} INFO - 23/08/17 04:05:34 INFO ShutdownHookManager: Shutdown hook called
[2023-08-17T04:05:34.124+0000] {spark_submit.py:491} INFO - 23/08/17 04:05:34 INFO ShutdownHookManager: Deleting directory /tmp/spark-76e1c8fe-fd0a-4f5a-9a0f-327c3c96c97a
[2023-08-17T04:05:34.125+0000] {spark_submit.py:491} INFO - 23/08/17 04:05:34 INFO ShutdownHookManager: Deleting directory /tmp/spark-366ce90a-7a15-4ac4-a258-13de08776118
[2023-08-17T04:05:34.130+0000] {spark_submit.py:491} INFO - 23/08/17 04:05:34 INFO ShutdownHookManager: Deleting directory /tmp/spark-366ce90a-7a15-4ac4-a258-13de08776118/pyspark-2c1723fa-fd35-4eb2-ad4a-83beb61f6505
[2023-08-17T04:05:34.235+0000] {taskinstance.py:1824} ERROR - Task failed with exception
Traceback (most recent call last):
  File "/home/airflow/.local/lib/python3.10/site-packages/airflow/providers/apache/spark/operators/spark_submit.py", line 156, in execute
    self._hook.submit(self._application)
  File "/home/airflow/.local/lib/python3.10/site-packages/airflow/providers/apache/spark/hooks/spark_submit.py", line 422, in submit
    raise AirflowException(
airflow.exceptions.AirflowException: Cannot execute: spark-submit --master spark://spark:7077 --name arrow-spark /opt/***/dags/spark_processing.py. Error code is: 1.
[2023-08-17T04:05:34.238+0000] {taskinstance.py:1345} INFO - Marking task as FAILED. dag_id=spark_***_dag, task_id=spark_submit_task, execution_date=20230817T040524, start_date=20230817T040525, end_date=20230817T040534
[2023-08-17T04:05:34.247+0000] {standard_task_runner.py:104} ERROR - Failed to execute job 8 for task spark_submit_task (Cannot execute: spark-submit --master spark://spark:7077 --name arrow-spark /opt/***/dags/spark_processing.py. Error code is: 1.; 1169)
[2023-08-17T04:05:34.276+0000] {local_task_job_runner.py:225} INFO - Task exited with return code 1
[2023-08-17T04:05:34.293+0000] {taskinstance.py:2651} INFO - 0 downstream tasks scheduled from follow-on schedule check
