[2023-08-17T05:44:26.210+0000] {taskinstance.py:1103} INFO - Dependencies all met for dep_context=non-requeueable deps ti=<TaskInstance: spark_airflow_dag.spark_submit_task manual__2023-08-17T05:44:25.368463+00:00 [queued]>
[2023-08-17T05:44:26.217+0000] {taskinstance.py:1103} INFO - Dependencies all met for dep_context=requeueable deps ti=<TaskInstance: spark_airflow_dag.spark_submit_task manual__2023-08-17T05:44:25.368463+00:00 [queued]>
[2023-08-17T05:44:26.218+0000] {taskinstance.py:1308} INFO - Starting attempt 1 of 1
[2023-08-17T05:44:26.226+0000] {taskinstance.py:1327} INFO - Executing <Task(SparkSubmitOperator): spark_submit_task> on 2023-08-17 05:44:25.368463+00:00
[2023-08-17T05:44:26.230+0000] {standard_task_runner.py:57} INFO - Started process 3265 to run task
[2023-08-17T05:44:26.234+0000] {standard_task_runner.py:84} INFO - Running: ['***', 'tasks', 'run', 'spark_***_dag', 'spark_submit_task', 'manual__2023-08-17T05:44:25.368463+00:00', '--job-id', '19', '--raw', '--subdir', 'DAGS_FOLDER/spark_jobs_dag.py', '--cfg-path', '/tmp/tmpubfzuaos']
[2023-08-17T05:44:26.235+0000] {standard_task_runner.py:85} INFO - Job 19: Subtask spark_submit_task
[2023-08-17T05:44:26.288+0000] {task_command.py:410} INFO - Running <TaskInstance: spark_airflow_dag.spark_submit_task manual__2023-08-17T05:44:25.368463+00:00 [running]> on host 0d68e811d1ff
[2023-08-17T05:44:26.359+0000] {taskinstance.py:1545} INFO - Exporting env vars: AIRFLOW_CTX_DAG_OWNER='***' AIRFLOW_CTX_DAG_ID='spark_***_dag' AIRFLOW_CTX_TASK_ID='spark_submit_task' AIRFLOW_CTX_EXECUTION_DATE='2023-08-17T05:44:25.368463+00:00' AIRFLOW_CTX_TRY_NUMBER='1' AIRFLOW_CTX_DAG_RUN_ID='manual__2023-08-17T05:44:25.368463+00:00'
[2023-08-17T05:44:26.371+0000] {base.py:73} INFO - Using connection ID 'spark_local' for task execution.
[2023-08-17T05:44:26.372+0000] {spark_submit.py:340} INFO - Spark-Submit cmd: spark-submit --master spark://spark:7077 --name arrow-spark dags/spark_processing.py
[2023-08-17T05:44:26.458+0000] {spark_submit.py:491} INFO - /home/***/.local/lib/python3.10/site-packages/pyspark/bin/load-spark-env.sh: line 68: ps: command not found
[2023-08-17T05:44:28.610+0000] {spark_submit.py:491} INFO - 23/08/17 05:44:28 INFO SparkContext: Running Spark version 3.4.1
[2023-08-17T05:44:28.653+0000] {spark_submit.py:491} INFO - 23/08/17 05:44:28 WARN NativeCodeLoader: Unable to load native-hadoop library for your platform... using builtin-java classes where applicable
[2023-08-17T05:44:28.725+0000] {spark_submit.py:491} INFO - 23/08/17 05:44:28 INFO ResourceUtils: ==============================================================
[2023-08-17T05:44:28.726+0000] {spark_submit.py:491} INFO - 23/08/17 05:44:28 INFO ResourceUtils: No custom resources configured for spark.driver.
[2023-08-17T05:44:28.727+0000] {spark_submit.py:491} INFO - 23/08/17 05:44:28 INFO ResourceUtils: ==============================================================
[2023-08-17T05:44:28.728+0000] {spark_submit.py:491} INFO - 23/08/17 05:44:28 INFO SparkContext: Submitted application: DataExtraction
[2023-08-17T05:44:28.741+0000] {spark_submit.py:491} INFO - 23/08/17 05:44:28 INFO ResourceProfile: Default ResourceProfile created, executor resources: Map(memory -> name: memory, amount: 1024, script: , vendor: , offHeap -> name: offHeap, amount: 0, script: , vendor: ), task resources: Map(cpus -> name: cpus, amount: 1.0)
[2023-08-17T05:44:28.748+0000] {spark_submit.py:491} INFO - 23/08/17 05:44:28 INFO ResourceProfile: Limiting resource is cpu
[2023-08-17T05:44:28.749+0000] {spark_submit.py:491} INFO - 23/08/17 05:44:28 INFO ResourceProfileManager: Added ResourceProfile id: 0
[2023-08-17T05:44:28.786+0000] {spark_submit.py:491} INFO - 23/08/17 05:44:28 INFO SecurityManager: Changing view acls to: default
[2023-08-17T05:44:28.787+0000] {spark_submit.py:491} INFO - 23/08/17 05:44:28 INFO SecurityManager: Changing modify acls to: default
[2023-08-17T05:44:28.788+0000] {spark_submit.py:491} INFO - 23/08/17 05:44:28 INFO SecurityManager: Changing view acls groups to:
[2023-08-17T05:44:28.789+0000] {spark_submit.py:491} INFO - 23/08/17 05:44:28 INFO SecurityManager: Changing modify acls groups to:
[2023-08-17T05:44:28.790+0000] {spark_submit.py:491} INFO - 23/08/17 05:44:28 INFO SecurityManager: SecurityManager: authentication disabled; ui acls disabled; users with view permissions: default; groups with view permissions: EMPTY; users with modify permissions: default; groups with modify permissions: EMPTY
[2023-08-17T05:44:28.981+0000] {spark_submit.py:491} INFO - 23/08/17 05:44:28 INFO Utils: Successfully started service 'sparkDriver' on port 33839.
[2023-08-17T05:44:29.011+0000] {spark_submit.py:491} INFO - 23/08/17 05:44:29 INFO SparkEnv: Registering MapOutputTracker
[2023-08-17T05:44:29.051+0000] {spark_submit.py:491} INFO - 23/08/17 05:44:29 INFO SparkEnv: Registering BlockManagerMaster
[2023-08-17T05:44:29.071+0000] {spark_submit.py:491} INFO - 23/08/17 05:44:29 INFO BlockManagerMasterEndpoint: Using org.apache.spark.storage.DefaultTopologyMapper for getting topology information
[2023-08-17T05:44:29.074+0000] {spark_submit.py:491} INFO - 23/08/17 05:44:29 INFO BlockManagerMasterEndpoint: BlockManagerMasterEndpoint up
[2023-08-17T05:44:29.078+0000] {spark_submit.py:491} INFO - 23/08/17 05:44:29 INFO SparkEnv: Registering BlockManagerMasterHeartbeat
[2023-08-17T05:44:29.099+0000] {spark_submit.py:491} INFO - 23/08/17 05:44:29 INFO DiskBlockManager: Created local directory at /tmp/blockmgr-da1eaed9-2a75-47ad-8776-465aa81697c4
[2023-08-17T05:44:29.114+0000] {spark_submit.py:491} INFO - 23/08/17 05:44:29 INFO MemoryStore: MemoryStore started with capacity 434.4 MiB
[2023-08-17T05:44:29.132+0000] {spark_submit.py:491} INFO - 23/08/17 05:44:29 INFO SparkEnv: Registering OutputCommitCoordinator
[2023-08-17T05:44:29.264+0000] {spark_submit.py:491} INFO - 23/08/17 05:44:29 INFO JettyUtils: Start Jetty 0.0.0.0:4040 for SparkUI
[2023-08-17T05:44:29.325+0000] {spark_submit.py:491} INFO - 23/08/17 05:44:29 INFO Utils: Successfully started service 'SparkUI' on port 4040.
[2023-08-17T05:44:29.450+0000] {spark_submit.py:491} INFO - 23/08/17 05:44:29 INFO StandaloneAppClient$ClientEndpoint: Connecting to master spark://spark:7077...
[2023-08-17T05:44:29.492+0000] {spark_submit.py:491} INFO - 23/08/17 05:44:29 INFO TransportClientFactory: Successfully created connection to spark/172.18.0.9:7077 after 23 ms (0 ms spent in bootstraps)
[2023-08-17T05:44:29.583+0000] {spark_submit.py:491} INFO - 23/08/17 05:44:29 INFO StandaloneSchedulerBackend: Connected to Spark cluster with app ID app-20230817054429-0011
[2023-08-17T05:44:29.588+0000] {spark_submit.py:491} INFO - 23/08/17 05:44:29 INFO StandaloneAppClient$ClientEndpoint: Executor added: app-20230817054429-0011/0 on worker-20230817035656-172.18.0.8-40033 (172.18.0.8:40033) with 1 core(s)
[2023-08-17T05:44:29.595+0000] {spark_submit.py:491} INFO - 23/08/17 05:44:29 INFO Utils: Successfully started service 'org.apache.spark.network.netty.NettyBlockTransferService' on port 37089.
[2023-08-17T05:44:29.597+0000] {spark_submit.py:491} INFO - 23/08/17 05:44:29 INFO NettyBlockTransferService: Server created on 0d68e811d1ff:37089
[2023-08-17T05:44:29.600+0000] {spark_submit.py:491} INFO - 23/08/17 05:44:29 INFO StandaloneSchedulerBackend: Granted executor ID app-20230817054429-0011/0 on hostPort 172.18.0.8:40033 with 1 core(s), 1024.0 MiB RAM
[2023-08-17T05:44:29.602+0000] {spark_submit.py:491} INFO - 23/08/17 05:44:29 INFO BlockManager: Using org.apache.spark.storage.RandomBlockReplicationPolicy for block replication policy
[2023-08-17T05:44:29.609+0000] {spark_submit.py:491} INFO - 23/08/17 05:44:29 INFO BlockManagerMaster: Registering BlockManager BlockManagerId(driver, 0d68e811d1ff, 37089, None)
[2023-08-17T05:44:29.615+0000] {spark_submit.py:491} INFO - 23/08/17 05:44:29 INFO BlockManagerMasterEndpoint: Registering block manager 0d68e811d1ff:37089 with 434.4 MiB RAM, BlockManagerId(driver, 0d68e811d1ff, 37089, None)
[2023-08-17T05:44:29.619+0000] {spark_submit.py:491} INFO - 23/08/17 05:44:29 INFO BlockManagerMaster: Registered BlockManager BlockManagerId(driver, 0d68e811d1ff, 37089, None)
[2023-08-17T05:44:29.621+0000] {spark_submit.py:491} INFO - 23/08/17 05:44:29 INFO BlockManager: Initialized BlockManager: BlockManagerId(driver, 0d68e811d1ff, 37089, None)
[2023-08-17T05:44:29.669+0000] {spark_submit.py:491} INFO - 23/08/17 05:44:29 INFO StandaloneAppClient$ClientEndpoint: Executor updated: app-20230817054429-0011/0 is now RUNNING
[2023-08-17T05:44:29.882+0000] {spark_submit.py:491} INFO - 23/08/17 05:44:29 INFO StandaloneSchedulerBackend: SchedulerBackend is ready for scheduling beginning after reached minRegisteredResourcesRatio: 0.0
[2023-08-17T05:44:30.177+0000] {spark_submit.py:491} INFO - 23/08/17 05:44:30 INFO SharedState: Setting hive.metastore.warehouse.dir ('null') to the value of spark.sql.warehouse.dir.
[2023-08-17T05:44:30.184+0000] {spark_submit.py:491} INFO - 23/08/17 05:44:30 INFO SharedState: Warehouse path is 'file:/opt/***/spark-warehouse'.
[2023-08-17T05:44:31.365+0000] {spark_submit.py:491} INFO - Traceback (most recent call last):
[2023-08-17T05:44:31.367+0000] {spark_submit.py:491} INFO - File "/opt/***/dags/spark_processing.py", line 20, in <module>
[2023-08-17T05:44:31.368+0000] {spark_submit.py:491} INFO - stock_df = spark.read.csv('/dags/A.csv', header=True, schema=existing_schema)
[2023-08-17T05:44:31.370+0000] {spark_submit.py:491} INFO - File "/home/***/.local/lib/python3.10/site-packages/pyspark/python/lib/pyspark.zip/pyspark/sql/readwriter.py", line 727, in csv
[2023-08-17T05:44:31.372+0000] {spark_submit.py:491} INFO - File "/home/***/.local/lib/python3.10/site-packages/pyspark/python/lib/py4j-0.10.9.7-src.zip/py4j/java_gateway.py", line 1322, in __call__
[2023-08-17T05:44:31.377+0000] {spark_submit.py:491} INFO - File "/home/***/.local/lib/python3.10/site-packages/pyspark/python/lib/pyspark.zip/pyspark/errors/exceptions/captured.py", line 175, in deco
[2023-08-17T05:44:31.387+0000] {spark_submit.py:491} INFO - pyspark.errors.exceptions.captured.AnalysisException: [PATH_NOT_FOUND] Path does not exist: file:/dags/A.csv.
[2023-08-17T05:44:31.445+0000] {spark_submit.py:491} INFO - 23/08/17 05:44:31 INFO SparkContext: Invoking stop() from shutdown hook
[2023-08-17T05:44:31.446+0000] {spark_submit.py:491} INFO - 23/08/17 05:44:31 INFO SparkContext: SparkContext is stopping with exitCode 0.
[2023-08-17T05:44:31.457+0000] {spark_submit.py:491} INFO - 23/08/17 05:44:31 INFO SparkUI: Stopped Spark web UI at http://0d68e811d1ff:4040
[2023-08-17T05:44:31.463+0000] {spark_submit.py:491} INFO - 23/08/17 05:44:31 INFO StandaloneSchedulerBackend: Shutting down all executors
[2023-08-17T05:44:31.467+0000] {spark_submit.py:491} INFO - 23/08/17 05:44:31 INFO StandaloneSchedulerBackend$StandaloneDriverEndpoint: Asking each executor to shut down
[2023-08-17T05:44:31.496+0000] {spark_submit.py:491} INFO - 23/08/17 05:44:31 INFO MapOutputTrackerMasterEndpoint: MapOutputTrackerMasterEndpoint stopped!
[2023-08-17T05:44:31.517+0000] {spark_submit.py:491} INFO - 23/08/17 05:44:31 INFO MemoryStore: MemoryStore cleared
[2023-08-17T05:44:31.518+0000] {spark_submit.py:491} INFO - 23/08/17 05:44:31 INFO BlockManager: BlockManager stopped
[2023-08-17T05:44:31.523+0000] {spark_submit.py:491} INFO - 23/08/17 05:44:31 INFO BlockManagerMaster: BlockManagerMaster stopped
[2023-08-17T05:44:31.526+0000] {spark_submit.py:491} INFO - 23/08/17 05:44:31 INFO OutputCommitCoordinator$OutputCommitCoordinatorEndpoint: OutputCommitCoordinator stopped!
[2023-08-17T05:44:31.548+0000] {spark_submit.py:491} INFO - 23/08/17 05:44:31 INFO SparkContext: Successfully stopped SparkContext
[2023-08-17T05:44:31.550+0000] {spark_submit.py:491} INFO - 23/08/17 05:44:31 INFO ShutdownHookManager: Shutdown hook called
[2023-08-17T05:44:31.552+0000] {spark_submit.py:491} INFO - 23/08/17 05:44:31 INFO ShutdownHookManager: Deleting directory /tmp/spark-6279664c-af24-4664-967d-9f9fe5419bcc
[2023-08-17T05:44:31.562+0000] {spark_submit.py:491} INFO - 23/08/17 05:44:31 INFO ShutdownHookManager: Deleting directory /tmp/spark-62fe831c-b067-40e9-99d8-d1f3e96e0d82
[2023-08-17T05:44:31.571+0000] {spark_submit.py:491} INFO - 23/08/17 05:44:31 INFO ShutdownHookManager: Deleting directory /tmp/spark-62fe831c-b067-40e9-99d8-d1f3e96e0d82/pyspark-4c123c4d-69de-4ace-b912-924c29e9b61b
[2023-08-17T05:44:31.668+0000] {taskinstance.py:1824} ERROR - Task failed with exception
Traceback (most recent call last):
  File "/home/airflow/.local/lib/python3.10/site-packages/airflow/providers/apache/spark/operators/spark_submit.py", line 156, in execute
    self._hook.submit(self._application)
  File "/home/airflow/.local/lib/python3.10/site-packages/airflow/providers/apache/spark/hooks/spark_submit.py", line 422, in submit
    raise AirflowException(
airflow.exceptions.AirflowException: Cannot execute: spark-submit --master spark://spark:7077 --name arrow-spark dags/spark_processing.py. Error code is: 1.
[2023-08-17T05:44:31.672+0000] {taskinstance.py:1345} INFO - Marking task as FAILED. dag_id=spark_***_dag, task_id=spark_submit_task, execution_date=20230817T054425, start_date=20230817T054426, end_date=20230817T054431
[2023-08-17T05:44:31.683+0000] {standard_task_runner.py:104} ERROR - Failed to execute job 19 for task spark_submit_task (Cannot execute: spark-submit --master spark://spark:7077 --name arrow-spark dags/spark_processing.py. Error code is: 1.; 3265)
[2023-08-17T05:44:31.695+0000] {local_task_job_runner.py:225} INFO - Task exited with return code 1
[2023-08-17T05:44:31.713+0000] {taskinstance.py:2651} INFO - 0 downstream tasks scheduled from follow-on schedule check
