[2023-08-17T06:05:27.103+0000] {taskinstance.py:1103} INFO - Dependencies all met for dep_context=non-requeueable deps ti=<TaskInstance: spark_airflow_dag.spark_submit_task manual__2023-08-17T06:05:25.931897+00:00 [queued]>
[2023-08-17T06:05:27.113+0000] {taskinstance.py:1103} INFO - Dependencies all met for dep_context=requeueable deps ti=<TaskInstance: spark_airflow_dag.spark_submit_task manual__2023-08-17T06:05:25.931897+00:00 [queued]>
[2023-08-17T06:05:27.114+0000] {taskinstance.py:1308} INFO - Starting attempt 1 of 1
[2023-08-17T06:05:27.125+0000] {taskinstance.py:1327} INFO - Executing <Task(SparkSubmitOperator): spark_submit_task> on 2023-08-17 06:05:25.931897+00:00
[2023-08-17T06:05:27.130+0000] {standard_task_runner.py:57} INFO - Started process 5463 to run task
[2023-08-17T06:05:27.138+0000] {standard_task_runner.py:84} INFO - Running: ['***', 'tasks', 'run', 'spark_***_dag', 'spark_submit_task', 'manual__2023-08-17T06:05:25.931897+00:00', '--job-id', '30', '--raw', '--subdir', 'DAGS_FOLDER/spark_jobs_dag.py', '--cfg-path', '/tmp/tmp5ap37zaf']
[2023-08-17T06:05:27.140+0000] {standard_task_runner.py:85} INFO - Job 30: Subtask spark_submit_task
[2023-08-17T06:05:27.233+0000] {task_command.py:410} INFO - Running <TaskInstance: spark_airflow_dag.spark_submit_task manual__2023-08-17T06:05:25.931897+00:00 [running]> on host 0d68e811d1ff
[2023-08-17T06:05:27.356+0000] {taskinstance.py:1545} INFO - Exporting env vars: AIRFLOW_CTX_DAG_OWNER='***' AIRFLOW_CTX_DAG_ID='spark_***_dag' AIRFLOW_CTX_TASK_ID='spark_submit_task' AIRFLOW_CTX_EXECUTION_DATE='2023-08-17T06:05:25.931897+00:00' AIRFLOW_CTX_TRY_NUMBER='1' AIRFLOW_CTX_DAG_RUN_ID='manual__2023-08-17T06:05:25.931897+00:00'
[2023-08-17T06:05:27.377+0000] {base.py:73} INFO - Using connection ID 'spark_local' for task execution.
[2023-08-17T06:05:27.380+0000] {spark_submit.py:340} INFO - Spark-Submit cmd: spark-submit --master spark://spark:7077 --name arrow-spark dags/spark_processing.py
[2023-08-17T06:05:27.522+0000] {spark_submit.py:491} INFO - /home/***/.local/lib/python3.10/site-packages/pyspark/bin/load-spark-env.sh: line 68: ps: command not found
[2023-08-17T06:05:30.291+0000] {spark_submit.py:491} INFO - 23/08/17 06:05:30 INFO SparkContext: Running Spark version 3.4.1
[2023-08-17T06:05:30.332+0000] {spark_submit.py:491} INFO - 23/08/17 06:05:30 WARN NativeCodeLoader: Unable to load native-hadoop library for your platform... using builtin-java classes where applicable
[2023-08-17T06:05:30.389+0000] {spark_submit.py:491} INFO - 23/08/17 06:05:30 INFO ResourceUtils: ==============================================================
[2023-08-17T06:05:30.390+0000] {spark_submit.py:491} INFO - 23/08/17 06:05:30 INFO ResourceUtils: No custom resources configured for spark.driver.
[2023-08-17T06:05:30.391+0000] {spark_submit.py:491} INFO - 23/08/17 06:05:30 INFO ResourceUtils: ==============================================================
[2023-08-17T06:05:30.392+0000] {spark_submit.py:491} INFO - 23/08/17 06:05:30 INFO SparkContext: Submitted application: DataExtraction
[2023-08-17T06:05:30.406+0000] {spark_submit.py:491} INFO - 23/08/17 06:05:30 INFO ResourceProfile: Default ResourceProfile created, executor resources: Map(memory -> name: memory, amount: 1024, script: , vendor: , offHeap -> name: offHeap, amount: 0, script: , vendor: ), task resources: Map(cpus -> name: cpus, amount: 1.0)
[2023-08-17T06:05:30.412+0000] {spark_submit.py:491} INFO - 23/08/17 06:05:30 INFO ResourceProfile: Limiting resource is cpu
[2023-08-17T06:05:30.413+0000] {spark_submit.py:491} INFO - 23/08/17 06:05:30 INFO ResourceProfileManager: Added ResourceProfile id: 0
[2023-08-17T06:05:30.449+0000] {spark_submit.py:491} INFO - 23/08/17 06:05:30 INFO SecurityManager: Changing view acls to: default
[2023-08-17T06:05:30.450+0000] {spark_submit.py:491} INFO - 23/08/17 06:05:30 INFO SecurityManager: Changing modify acls to: default
[2023-08-17T06:05:30.451+0000] {spark_submit.py:491} INFO - 23/08/17 06:05:30 INFO SecurityManager: Changing view acls groups to:
[2023-08-17T06:05:30.452+0000] {spark_submit.py:491} INFO - 23/08/17 06:05:30 INFO SecurityManager: Changing modify acls groups to:
[2023-08-17T06:05:30.454+0000] {spark_submit.py:491} INFO - 23/08/17 06:05:30 INFO SecurityManager: SecurityManager: authentication disabled; ui acls disabled; users with view permissions: default; groups with view permissions: EMPTY; users with modify permissions: default; groups with modify permissions: EMPTY
[2023-08-17T06:05:30.602+0000] {spark_submit.py:491} INFO - 23/08/17 06:05:30 INFO Utils: Successfully started service 'sparkDriver' on port 43361.
[2023-08-17T06:05:30.621+0000] {spark_submit.py:491} INFO - 23/08/17 06:05:30 INFO SparkEnv: Registering MapOutputTracker
[2023-08-17T06:05:30.646+0000] {spark_submit.py:491} INFO - 23/08/17 06:05:30 INFO SparkEnv: Registering BlockManagerMaster
[2023-08-17T06:05:30.661+0000] {spark_submit.py:491} INFO - 23/08/17 06:05:30 INFO BlockManagerMasterEndpoint: Using org.apache.spark.storage.DefaultTopologyMapper for getting topology information
[2023-08-17T06:05:30.663+0000] {spark_submit.py:491} INFO - 23/08/17 06:05:30 INFO BlockManagerMasterEndpoint: BlockManagerMasterEndpoint up
[2023-08-17T06:05:30.665+0000] {spark_submit.py:491} INFO - 23/08/17 06:05:30 INFO SparkEnv: Registering BlockManagerMasterHeartbeat
[2023-08-17T06:05:30.679+0000] {spark_submit.py:491} INFO - 23/08/17 06:05:30 INFO DiskBlockManager: Created local directory at /tmp/blockmgr-3c1bbb21-7cf3-4b32-93eb-4afd7f926d3b
[2023-08-17T06:05:30.690+0000] {spark_submit.py:491} INFO - 23/08/17 06:05:30 INFO MemoryStore: MemoryStore started with capacity 434.4 MiB
[2023-08-17T06:05:30.702+0000] {spark_submit.py:491} INFO - 23/08/17 06:05:30 INFO SparkEnv: Registering OutputCommitCoordinator
[2023-08-17T06:05:30.790+0000] {spark_submit.py:491} INFO - 23/08/17 06:05:30 INFO JettyUtils: Start Jetty 0.0.0.0:4040 for SparkUI
[2023-08-17T06:05:30.838+0000] {spark_submit.py:491} INFO - 23/08/17 06:05:30 INFO Utils: Successfully started service 'SparkUI' on port 4040.
[2023-08-17T06:05:30.925+0000] {spark_submit.py:491} INFO - 23/08/17 06:05:30 INFO StandaloneAppClient$ClientEndpoint: Connecting to master spark://spark:7077...
[2023-08-17T06:05:30.955+0000] {spark_submit.py:491} INFO - 23/08/17 06:05:30 INFO TransportClientFactory: Successfully created connection to spark/172.18.0.9:7077 after 17 ms (0 ms spent in bootstraps)
[2023-08-17T06:05:31.040+0000] {spark_submit.py:491} INFO - 23/08/17 06:05:31 INFO StandaloneSchedulerBackend: Connected to Spark cluster with app ID app-20230817060531-0022
[2023-08-17T06:05:31.043+0000] {spark_submit.py:491} INFO - 23/08/17 06:05:31 INFO StandaloneAppClient$ClientEndpoint: Executor added: app-20230817060531-0022/0 on worker-20230817035656-172.18.0.8-40033 (172.18.0.8:40033) with 1 core(s)
[2023-08-17T06:05:31.049+0000] {spark_submit.py:491} INFO - 23/08/17 06:05:31 INFO StandaloneSchedulerBackend: Granted executor ID app-20230817060531-0022/0 on hostPort 172.18.0.8:40033 with 1 core(s), 1024.0 MiB RAM
[2023-08-17T06:05:31.052+0000] {spark_submit.py:491} INFO - 23/08/17 06:05:31 INFO Utils: Successfully started service 'org.apache.spark.network.netty.NettyBlockTransferService' on port 32887.
[2023-08-17T06:05:31.054+0000] {spark_submit.py:491} INFO - 23/08/17 06:05:31 INFO NettyBlockTransferService: Server created on 0d68e811d1ff:32887
[2023-08-17T06:05:31.055+0000] {spark_submit.py:491} INFO - 23/08/17 06:05:31 INFO BlockManager: Using org.apache.spark.storage.RandomBlockReplicationPolicy for block replication policy
[2023-08-17T06:05:31.062+0000] {spark_submit.py:491} INFO - 23/08/17 06:05:31 INFO BlockManagerMaster: Registering BlockManager BlockManagerId(driver, 0d68e811d1ff, 32887, None)
[2023-08-17T06:05:31.068+0000] {spark_submit.py:491} INFO - 23/08/17 06:05:31 INFO BlockManagerMasterEndpoint: Registering block manager 0d68e811d1ff:32887 with 434.4 MiB RAM, BlockManagerId(driver, 0d68e811d1ff, 32887, None)
[2023-08-17T06:05:31.073+0000] {spark_submit.py:491} INFO - 23/08/17 06:05:31 INFO BlockManagerMaster: Registered BlockManager BlockManagerId(driver, 0d68e811d1ff, 32887, None)
[2023-08-17T06:05:31.077+0000] {spark_submit.py:491} INFO - 23/08/17 06:05:31 INFO BlockManager: Initialized BlockManager: BlockManagerId(driver, 0d68e811d1ff, 32887, None)
[2023-08-17T06:05:31.116+0000] {spark_submit.py:491} INFO - 23/08/17 06:05:31 INFO StandaloneAppClient$ClientEndpoint: Executor updated: app-20230817060531-0022/0 is now RUNNING
[2023-08-17T06:05:31.368+0000] {spark_submit.py:491} INFO - 23/08/17 06:05:31 INFO StandaloneSchedulerBackend: SchedulerBackend is ready for scheduling beginning after reached minRegisteredResourcesRatio: 0.0
[2023-08-17T06:05:31.789+0000] {spark_submit.py:491} INFO - 23/08/17 06:05:31 INFO SharedState: Setting hive.metastore.warehouse.dir ('null') to the value of spark.sql.warehouse.dir.
[2023-08-17T06:05:31.800+0000] {spark_submit.py:491} INFO - 23/08/17 06:05:31 INFO SharedState: Warehouse path is 'file:/opt/***/spark-warehouse'.
[2023-08-17T06:05:33.293+0000] {spark_submit.py:491} INFO - Traceback (most recent call last):
[2023-08-17T06:05:33.295+0000] {spark_submit.py:491} INFO - File "/opt/***/dags/spark_processing.py", line 21, in <module>
[2023-08-17T06:05:33.296+0000] {spark_submit.py:491} INFO - stock_df = spark.read.csv("/Users/hople/working_folder/ML_PIPELINE_AIRFLOW_SPARK_DOCKER/A.csv", header=True, schema=existing_schema)
[2023-08-17T06:05:33.297+0000] {spark_submit.py:491} INFO - File "/home/***/.local/lib/python3.10/site-packages/pyspark/python/lib/pyspark.zip/pyspark/sql/readwriter.py", line 727, in csv
[2023-08-17T06:05:33.300+0000] {spark_submit.py:491} INFO - File "/home/***/.local/lib/python3.10/site-packages/pyspark/python/lib/py4j-0.10.9.7-src.zip/py4j/java_gateway.py", line 1322, in __call__
[2023-08-17T06:05:33.301+0000] {spark_submit.py:491} INFO - File "/home/***/.local/lib/python3.10/site-packages/pyspark/python/lib/pyspark.zip/pyspark/errors/exceptions/captured.py", line 175, in deco
[2023-08-17T06:05:33.315+0000] {spark_submit.py:491} INFO - pyspark.errors.exceptions.captured.AnalysisException: [PATH_NOT_FOUND] Path does not exist: file:/Users/hople/working_folder/ML_PIPELINE_AIRFLOW_SPARK_DOCKER/A.csv.
[2023-08-17T06:05:33.394+0000] {spark_submit.py:491} INFO - 23/08/17 06:05:33 INFO SparkContext: Invoking stop() from shutdown hook
[2023-08-17T06:05:33.396+0000] {spark_submit.py:491} INFO - 23/08/17 06:05:33 INFO SparkContext: SparkContext is stopping with exitCode 0.
[2023-08-17T06:05:33.412+0000] {spark_submit.py:491} INFO - 23/08/17 06:05:33 INFO SparkUI: Stopped Spark web UI at http://0d68e811d1ff:4040
[2023-08-17T06:05:33.421+0000] {spark_submit.py:491} INFO - 23/08/17 06:05:33 INFO StandaloneSchedulerBackend: Shutting down all executors
[2023-08-17T06:05:33.426+0000] {spark_submit.py:491} INFO - 23/08/17 06:05:33 INFO StandaloneSchedulerBackend$StandaloneDriverEndpoint: Asking each executor to shut down
[2023-08-17T06:05:33.457+0000] {spark_submit.py:491} INFO - 23/08/17 06:05:33 INFO MapOutputTrackerMasterEndpoint: MapOutputTrackerMasterEndpoint stopped!
[2023-08-17T06:05:33.482+0000] {spark_submit.py:491} INFO - 23/08/17 06:05:33 INFO MemoryStore: MemoryStore cleared
[2023-08-17T06:05:33.483+0000] {spark_submit.py:491} INFO - 23/08/17 06:05:33 INFO BlockManager: BlockManager stopped
[2023-08-17T06:05:33.489+0000] {spark_submit.py:491} INFO - 23/08/17 06:05:33 INFO BlockManagerMaster: BlockManagerMaster stopped
[2023-08-17T06:05:33.493+0000] {spark_submit.py:491} INFO - 23/08/17 06:05:33 INFO OutputCommitCoordinator$OutputCommitCoordinatorEndpoint: OutputCommitCoordinator stopped!
[2023-08-17T06:05:33.514+0000] {spark_submit.py:491} INFO - 23/08/17 06:05:33 INFO SparkContext: Successfully stopped SparkContext
[2023-08-17T06:05:33.516+0000] {spark_submit.py:491} INFO - 23/08/17 06:05:33 INFO ShutdownHookManager: Shutdown hook called
[2023-08-17T06:05:33.518+0000] {spark_submit.py:491} INFO - 23/08/17 06:05:33 INFO ShutdownHookManager: Deleting directory /tmp/spark-263158b6-ff94-4662-8b0b-bed60b8497be
[2023-08-17T06:05:33.528+0000] {spark_submit.py:491} INFO - 23/08/17 06:05:33 INFO ShutdownHookManager: Deleting directory /tmp/spark-263158b6-ff94-4662-8b0b-bed60b8497be/pyspark-bbe30422-b1c0-43c1-b11a-fe7e6633b634
[2023-08-17T06:05:33.538+0000] {spark_submit.py:491} INFO - 23/08/17 06:05:33 INFO ShutdownHookManager: Deleting directory /tmp/spark-d8629163-74d8-450b-8915-4c130b1765e4
[2023-08-17T06:05:33.681+0000] {taskinstance.py:1824} ERROR - Task failed with exception
Traceback (most recent call last):
  File "/home/airflow/.local/lib/python3.10/site-packages/airflow/providers/apache/spark/operators/spark_submit.py", line 156, in execute
    self._hook.submit(self._application)
  File "/home/airflow/.local/lib/python3.10/site-packages/airflow/providers/apache/spark/hooks/spark_submit.py", line 422, in submit
    raise AirflowException(
airflow.exceptions.AirflowException: Cannot execute: spark-submit --master spark://spark:7077 --name arrow-spark dags/spark_processing.py. Error code is: 1.
[2023-08-17T06:05:33.686+0000] {taskinstance.py:1345} INFO - Marking task as FAILED. dag_id=spark_***_dag, task_id=spark_submit_task, execution_date=20230817T060525, start_date=20230817T060527, end_date=20230817T060533
[2023-08-17T06:05:33.700+0000] {standard_task_runner.py:104} ERROR - Failed to execute job 30 for task spark_submit_task (Cannot execute: spark-submit --master spark://spark:7077 --name arrow-spark dags/spark_processing.py. Error code is: 1.; 5463)
[2023-08-17T06:05:33.716+0000] {local_task_job_runner.py:225} INFO - Task exited with return code 1
[2023-08-17T06:05:33.741+0000] {taskinstance.py:2651} INFO - 0 downstream tasks scheduled from follow-on schedule check
