[2023-08-17T04:00:11.862+0000] {taskinstance.py:1103} INFO - Dependencies all met for dep_context=non-requeueable deps ti=<TaskInstance: spark_airflow_dag.spark_submit_task manual__2023-08-17T04:00:11.128107+00:00 [queued]>
[2023-08-17T04:00:11.869+0000] {taskinstance.py:1103} INFO - Dependencies all met for dep_context=requeueable deps ti=<TaskInstance: spark_airflow_dag.spark_submit_task manual__2023-08-17T04:00:11.128107+00:00 [queued]>
[2023-08-17T04:00:11.870+0000] {taskinstance.py:1308} INFO - Starting attempt 1 of 1
[2023-08-17T04:00:11.878+0000] {taskinstance.py:1327} INFO - Executing <Task(SparkSubmitOperator): spark_submit_task> on 2023-08-17 04:00:11.128107+00:00
[2023-08-17T04:00:11.883+0000] {standard_task_runner.py:57} INFO - Started process 573 to run task
[2023-08-17T04:00:11.887+0000] {standard_task_runner.py:84} INFO - Running: ['***', 'tasks', 'run', 'spark_***_dag', 'spark_submit_task', 'manual__2023-08-17T04:00:11.128107+00:00', '--job-id', '5', '--raw', '--subdir', 'DAGS_FOLDER/spark_jobs_dag.py', '--cfg-path', '/tmp/tmpxvnvsy1h']
[2023-08-17T04:00:11.889+0000] {standard_task_runner.py:85} INFO - Job 5: Subtask spark_submit_task
[2023-08-17T04:00:11.943+0000] {task_command.py:410} INFO - Running <TaskInstance: spark_airflow_dag.spark_submit_task manual__2023-08-17T04:00:11.128107+00:00 [running]> on host 0d68e811d1ff
[2023-08-17T04:00:12.015+0000] {taskinstance.py:1545} INFO - Exporting env vars: AIRFLOW_CTX_DAG_OWNER='***' AIRFLOW_CTX_DAG_ID='spark_***_dag' AIRFLOW_CTX_TASK_ID='spark_submit_task' AIRFLOW_CTX_EXECUTION_DATE='2023-08-17T04:00:11.128107+00:00' AIRFLOW_CTX_TRY_NUMBER='1' AIRFLOW_CTX_DAG_RUN_ID='manual__2023-08-17T04:00:11.128107+00:00'
[2023-08-17T04:00:12.027+0000] {base.py:73} INFO - Using connection ID 'spark_local' for task execution.
[2023-08-17T04:00:12.029+0000] {spark_submit.py:340} INFO - Spark-Submit cmd: spark-submit --master spark://spark:7077 --name arrow-spark /opt/***/dags/spark_processing.py
[2023-08-17T04:00:12.116+0000] {spark_submit.py:491} INFO - /home/***/.local/lib/python3.10/site-packages/pyspark/bin/load-spark-env.sh: line 68: ps: command not found
[2023-08-17T04:00:14.169+0000] {spark_submit.py:491} INFO - 23/08/17 04:00:14 INFO SparkContext: Running Spark version 3.4.1
[2023-08-17T04:00:14.211+0000] {spark_submit.py:491} INFO - 23/08/17 04:00:14 WARN NativeCodeLoader: Unable to load native-hadoop library for your platform... using builtin-java classes where applicable
[2023-08-17T04:00:14.271+0000] {spark_submit.py:491} INFO - 23/08/17 04:00:14 INFO ResourceUtils: ==============================================================
[2023-08-17T04:00:14.272+0000] {spark_submit.py:491} INFO - 23/08/17 04:00:14 INFO ResourceUtils: No custom resources configured for spark.driver.
[2023-08-17T04:00:14.273+0000] {spark_submit.py:491} INFO - 23/08/17 04:00:14 INFO ResourceUtils: ==============================================================
[2023-08-17T04:00:14.274+0000] {spark_submit.py:491} INFO - 23/08/17 04:00:14 INFO SparkContext: Submitted application: DataExtraction
[2023-08-17T04:00:14.287+0000] {spark_submit.py:491} INFO - 23/08/17 04:00:14 INFO ResourceProfile: Default ResourceProfile created, executor resources: Map(memory -> name: memory, amount: 1024, script: , vendor: , offHeap -> name: offHeap, amount: 0, script: , vendor: ), task resources: Map(cpus -> name: cpus, amount: 1.0)
[2023-08-17T04:00:14.294+0000] {spark_submit.py:491} INFO - 23/08/17 04:00:14 INFO ResourceProfile: Limiting resource is cpu
[2023-08-17T04:00:14.295+0000] {spark_submit.py:491} INFO - 23/08/17 04:00:14 INFO ResourceProfileManager: Added ResourceProfile id: 0
[2023-08-17T04:00:14.331+0000] {spark_submit.py:491} INFO - 23/08/17 04:00:14 INFO SecurityManager: Changing view acls to: default
[2023-08-17T04:00:14.332+0000] {spark_submit.py:491} INFO - 23/08/17 04:00:14 INFO SecurityManager: Changing modify acls to: default
[2023-08-17T04:00:14.333+0000] {spark_submit.py:491} INFO - 23/08/17 04:00:14 INFO SecurityManager: Changing view acls groups to:
[2023-08-17T04:00:14.334+0000] {spark_submit.py:491} INFO - 23/08/17 04:00:14 INFO SecurityManager: Changing modify acls groups to:
[2023-08-17T04:00:14.336+0000] {spark_submit.py:491} INFO - 23/08/17 04:00:14 INFO SecurityManager: SecurityManager: authentication disabled; ui acls disabled; users with view permissions: default; groups with view permissions: EMPTY; users with modify permissions: default; groups with modify permissions: EMPTY
[2023-08-17T04:00:14.492+0000] {spark_submit.py:491} INFO - 23/08/17 04:00:14 INFO Utils: Successfully started service 'sparkDriver' on port 45259.
[2023-08-17T04:00:14.511+0000] {spark_submit.py:491} INFO - 23/08/17 04:00:14 INFO SparkEnv: Registering MapOutputTracker
[2023-08-17T04:00:14.538+0000] {spark_submit.py:491} INFO - 23/08/17 04:00:14 INFO SparkEnv: Registering BlockManagerMaster
[2023-08-17T04:00:14.554+0000] {spark_submit.py:491} INFO - 23/08/17 04:00:14 INFO BlockManagerMasterEndpoint: Using org.apache.spark.storage.DefaultTopologyMapper for getting topology information
[2023-08-17T04:00:14.555+0000] {spark_submit.py:491} INFO - 23/08/17 04:00:14 INFO BlockManagerMasterEndpoint: BlockManagerMasterEndpoint up
[2023-08-17T04:00:14.557+0000] {spark_submit.py:491} INFO - 23/08/17 04:00:14 INFO SparkEnv: Registering BlockManagerMasterHeartbeat
[2023-08-17T04:00:14.572+0000] {spark_submit.py:491} INFO - 23/08/17 04:00:14 INFO DiskBlockManager: Created local directory at /tmp/blockmgr-8b31152e-b3fb-42fb-bfd7-ed05f50f64bc
[2023-08-17T04:00:14.583+0000] {spark_submit.py:491} INFO - 23/08/17 04:00:14 INFO MemoryStore: MemoryStore started with capacity 434.4 MiB
[2023-08-17T04:00:14.593+0000] {spark_submit.py:491} INFO - 23/08/17 04:00:14 INFO SparkEnv: Registering OutputCommitCoordinator
[2023-08-17T04:00:14.679+0000] {spark_submit.py:491} INFO - 23/08/17 04:00:14 INFO JettyUtils: Start Jetty 0.0.0.0:4040 for SparkUI
[2023-08-17T04:00:14.731+0000] {spark_submit.py:491} INFO - 23/08/17 04:00:14 INFO Utils: Successfully started service 'SparkUI' on port 4040.
[2023-08-17T04:00:14.815+0000] {spark_submit.py:491} INFO - 23/08/17 04:00:14 INFO StandaloneAppClient$ClientEndpoint: Connecting to master spark://spark:7077...
[2023-08-17T04:00:14.846+0000] {spark_submit.py:491} INFO - 23/08/17 04:00:14 INFO TransportClientFactory: Successfully created connection to spark/172.18.0.9:7077 after 18 ms (0 ms spent in bootstraps)
[2023-08-17T04:00:14.915+0000] {spark_submit.py:491} INFO - 23/08/17 04:00:14 INFO StandaloneSchedulerBackend: Connected to Spark cluster with app ID app-20230817040014-0001
[2023-08-17T04:00:14.925+0000] {spark_submit.py:491} INFO - 23/08/17 04:00:14 INFO StandaloneAppClient$ClientEndpoint: Executor added: app-20230817040014-0001/0 on worker-20230817035656-172.18.0.8-40033 (172.18.0.8:40033) with 1 core(s)
[2023-08-17T04:00:14.930+0000] {spark_submit.py:491} INFO - 23/08/17 04:00:14 INFO StandaloneSchedulerBackend: Granted executor ID app-20230817040014-0001/0 on hostPort 172.18.0.8:40033 with 1 core(s), 1024.0 MiB RAM
[2023-08-17T04:00:14.931+0000] {spark_submit.py:491} INFO - 23/08/17 04:00:14 INFO Utils: Successfully started service 'org.apache.spark.network.netty.NettyBlockTransferService' on port 41023.
[2023-08-17T04:00:14.932+0000] {spark_submit.py:491} INFO - 23/08/17 04:00:14 INFO NettyBlockTransferService: Server created on 0d68e811d1ff:41023
[2023-08-17T04:00:14.933+0000] {spark_submit.py:491} INFO - 23/08/17 04:00:14 INFO BlockManager: Using org.apache.spark.storage.RandomBlockReplicationPolicy for block replication policy
[2023-08-17T04:00:14.936+0000] {spark_submit.py:491} INFO - 23/08/17 04:00:14 INFO BlockManagerMaster: Registering BlockManager BlockManagerId(driver, 0d68e811d1ff, 41023, None)
[2023-08-17T04:00:14.939+0000] {spark_submit.py:491} INFO - 23/08/17 04:00:14 INFO BlockManagerMasterEndpoint: Registering block manager 0d68e811d1ff:41023 with 434.4 MiB RAM, BlockManagerId(driver, 0d68e811d1ff, 41023, None)
[2023-08-17T04:00:14.941+0000] {spark_submit.py:491} INFO - 23/08/17 04:00:14 INFO BlockManagerMaster: Registered BlockManager BlockManagerId(driver, 0d68e811d1ff, 41023, None)
[2023-08-17T04:00:14.943+0000] {spark_submit.py:491} INFO - 23/08/17 04:00:14 INFO BlockManager: Initialized BlockManager: BlockManagerId(driver, 0d68e811d1ff, 41023, None)
[2023-08-17T04:00:14.971+0000] {spark_submit.py:491} INFO - 23/08/17 04:00:14 INFO StandaloneAppClient$ClientEndpoint: Executor updated: app-20230817040014-0001/0 is now RUNNING
[2023-08-17T04:00:15.116+0000] {spark_submit.py:491} INFO - 23/08/17 04:00:15 INFO StandaloneSchedulerBackend: SchedulerBackend is ready for scheduling beginning after reached minRegisteredResourcesRatio: 0.0
[2023-08-17T04:00:15.305+0000] {spark_submit.py:491} INFO - 23/08/17 04:00:15 INFO SharedState: Setting hive.metastore.warehouse.dir ('null') to the value of spark.sql.warehouse.dir.
[2023-08-17T04:00:15.310+0000] {spark_submit.py:491} INFO - 23/08/17 04:00:15 INFO SharedState: Warehouse path is 'file:/opt/***/spark-warehouse'.
[2023-08-17T04:00:16.377+0000] {spark_submit.py:491} INFO - Traceback (most recent call last):
[2023-08-17T04:00:16.378+0000] {spark_submit.py:491} INFO - File "/opt/***/dags/spark_processing.py", line 20, in <module>
[2023-08-17T04:00:16.380+0000] {spark_submit.py:491} INFO - stock_df = spark.read.csv('/Users/hople/working_folder/ML_PIPELINE_AIRFLOW_SPARK_DOCKER/dags/A.csv', header=True, schema=existing_schema)
[2023-08-17T04:00:16.381+0000] {spark_submit.py:491} INFO - File "/home/***/.local/lib/python3.10/site-packages/pyspark/python/lib/pyspark.zip/pyspark/sql/readwriter.py", line 727, in csv
[2023-08-17T04:00:16.382+0000] {spark_submit.py:491} INFO - File "/home/***/.local/lib/python3.10/site-packages/pyspark/python/lib/py4j-0.10.9.7-src.zip/py4j/java_gateway.py", line 1322, in __call__
[2023-08-17T04:00:16.383+0000] {spark_submit.py:491} INFO - File "/home/***/.local/lib/python3.10/site-packages/pyspark/python/lib/pyspark.zip/pyspark/errors/exceptions/captured.py", line 175, in deco
[2023-08-17T04:00:16.393+0000] {spark_submit.py:491} INFO - pyspark.errors.exceptions.captured.AnalysisException: [PATH_NOT_FOUND] Path does not exist: file:/Users/hople/working_folder/ML_PIPELINE_AIRFLOW_SPARK_DOCKER/dags/A.csv.
[2023-08-17T04:00:16.452+0000] {spark_submit.py:491} INFO - 23/08/17 04:00:16 INFO SparkContext: Invoking stop() from shutdown hook
[2023-08-17T04:00:16.456+0000] {spark_submit.py:491} INFO - 23/08/17 04:00:16 INFO SparkContext: SparkContext is stopping with exitCode 0.
[2023-08-17T04:00:16.474+0000] {spark_submit.py:491} INFO - 23/08/17 04:00:16 INFO SparkUI: Stopped Spark web UI at http://0d68e811d1ff:4040
[2023-08-17T04:00:16.478+0000] {spark_submit.py:491} INFO - 23/08/17 04:00:16 INFO StandaloneSchedulerBackend: Shutting down all executors
[2023-08-17T04:00:16.487+0000] {spark_submit.py:491} INFO - 23/08/17 04:00:16 INFO StandaloneSchedulerBackend$StandaloneDriverEndpoint: Asking each executor to shut down
[2023-08-17T04:00:16.508+0000] {spark_submit.py:491} INFO - 23/08/17 04:00:16 INFO MapOutputTrackerMasterEndpoint: MapOutputTrackerMasterEndpoint stopped!
[2023-08-17T04:00:16.531+0000] {spark_submit.py:491} INFO - 23/08/17 04:00:16 INFO MemoryStore: MemoryStore cleared
[2023-08-17T04:00:16.533+0000] {spark_submit.py:491} INFO - 23/08/17 04:00:16 INFO BlockManager: BlockManager stopped
[2023-08-17T04:00:16.539+0000] {spark_submit.py:491} INFO - 23/08/17 04:00:16 INFO BlockManagerMaster: BlockManagerMaster stopped
[2023-08-17T04:00:16.542+0000] {spark_submit.py:491} INFO - 23/08/17 04:00:16 INFO OutputCommitCoordinator$OutputCommitCoordinatorEndpoint: OutputCommitCoordinator stopped!
[2023-08-17T04:00:16.557+0000] {spark_submit.py:491} INFO - 23/08/17 04:00:16 INFO SparkContext: Successfully stopped SparkContext
[2023-08-17T04:00:16.558+0000] {spark_submit.py:491} INFO - 23/08/17 04:00:16 INFO ShutdownHookManager: Shutdown hook called
[2023-08-17T04:00:16.559+0000] {spark_submit.py:491} INFO - 23/08/17 04:00:16 INFO ShutdownHookManager: Deleting directory /tmp/spark-1f7e6da8-d72a-4f89-975a-6d9fd3f5d81a/pyspark-63627a5a-e359-4fd1-8c4c-860f81e29c47
[2023-08-17T04:00:16.566+0000] {spark_submit.py:491} INFO - 23/08/17 04:00:16 INFO ShutdownHookManager: Deleting directory /tmp/spark-a6930b7c-1f69-4749-81e1-d9d59cf9d740
[2023-08-17T04:00:16.575+0000] {spark_submit.py:491} INFO - 23/08/17 04:00:16 INFO ShutdownHookManager: Deleting directory /tmp/spark-1f7e6da8-d72a-4f89-975a-6d9fd3f5d81a
[2023-08-17T04:00:16.688+0000] {taskinstance.py:1824} ERROR - Task failed with exception
Traceback (most recent call last):
  File "/home/airflow/.local/lib/python3.10/site-packages/airflow/providers/apache/spark/operators/spark_submit.py", line 156, in execute
    self._hook.submit(self._application)
  File "/home/airflow/.local/lib/python3.10/site-packages/airflow/providers/apache/spark/hooks/spark_submit.py", line 422, in submit
    raise AirflowException(
airflow.exceptions.AirflowException: Cannot execute: spark-submit --master spark://spark:7077 --name arrow-spark /opt/***/dags/spark_processing.py. Error code is: 1.
[2023-08-17T04:00:16.692+0000] {taskinstance.py:1345} INFO - Marking task as FAILED. dag_id=spark_***_dag, task_id=spark_submit_task, execution_date=20230817T040011, start_date=20230817T040011, end_date=20230817T040016
[2023-08-17T04:00:16.701+0000] {standard_task_runner.py:104} ERROR - Failed to execute job 5 for task spark_submit_task (Cannot execute: spark-submit --master spark://spark:7077 --name arrow-spark /opt/***/dags/spark_processing.py. Error code is: 1.; 573)
[2023-08-17T04:00:16.735+0000] {local_task_job_runner.py:225} INFO - Task exited with return code 1
[2023-08-17T04:00:16.753+0000] {taskinstance.py:2651} INFO - 0 downstream tasks scheduled from follow-on schedule check
