[2023-08-18T01:45:38.850+0000] {taskinstance.py:1103} INFO - Dependencies all met for dep_context=non-requeueable deps ti=<TaskInstance: spark_airflow_dag.spark_submit_task manual__2023-08-18T01:45:38.175759+00:00 [queued]>
[2023-08-18T01:45:38.858+0000] {taskinstance.py:1103} INFO - Dependencies all met for dep_context=requeueable deps ti=<TaskInstance: spark_airflow_dag.spark_submit_task manual__2023-08-18T01:45:38.175759+00:00 [queued]>
[2023-08-18T01:45:38.859+0000] {taskinstance.py:1308} INFO - Starting attempt 1 of 1
[2023-08-18T01:45:38.869+0000] {taskinstance.py:1327} INFO - Executing <Task(SparkSubmitOperator): spark_submit_task> on 2023-08-18 01:45:38.175759+00:00
[2023-08-18T01:45:38.873+0000] {standard_task_runner.py:57} INFO - Started process 1787 to run task
[2023-08-18T01:45:38.877+0000] {standard_task_runner.py:84} INFO - Running: ['***', 'tasks', 'run', 'spark_***_dag', 'spark_submit_task', 'manual__2023-08-18T01:45:38.175759+00:00', '--job-id', '16', '--raw', '--subdir', 'DAGS_FOLDER/spark_jobs_dag.py', '--cfg-path', '/tmp/tmpwyqnj6u8']
[2023-08-18T01:45:38.878+0000] {standard_task_runner.py:85} INFO - Job 16: Subtask spark_submit_task
[2023-08-18T01:45:38.929+0000] {task_command.py:410} INFO - Running <TaskInstance: spark_airflow_dag.spark_submit_task manual__2023-08-18T01:45:38.175759+00:00 [running]> on host 15ea5e9ca941
[2023-08-18T01:45:38.996+0000] {taskinstance.py:1545} INFO - Exporting env vars: AIRFLOW_CTX_DAG_OWNER='***' AIRFLOW_CTX_DAG_ID='spark_***_dag' AIRFLOW_CTX_TASK_ID='spark_submit_task' AIRFLOW_CTX_EXECUTION_DATE='2023-08-18T01:45:38.175759+00:00' AIRFLOW_CTX_TRY_NUMBER='1' AIRFLOW_CTX_DAG_RUN_ID='manual__2023-08-18T01:45:38.175759+00:00'
[2023-08-18T01:45:39.006+0000] {base.py:73} INFO - Using connection ID 'spark_local' for task execution.
[2023-08-18T01:45:39.008+0000] {spark_submit.py:340} INFO - Spark-Submit cmd: spark-submit --master spark://spark:7077 --name arrow-spark ./dags/utils/spark_processing.py
[2023-08-18T01:45:39.091+0000] {spark_submit.py:491} INFO - /home/***/.local/lib/python3.10/site-packages/pyspark/bin/load-spark-env.sh: line 68: ps: command not found
[2023-08-18T01:45:41.180+0000] {spark_submit.py:491} INFO - 23/08/18 01:45:41 INFO SparkContext: Running Spark version 3.4.1
[2023-08-18T01:45:41.219+0000] {spark_submit.py:491} INFO - 23/08/18 01:45:41 WARN NativeCodeLoader: Unable to load native-hadoop library for your platform... using builtin-java classes where applicable
[2023-08-18T01:45:41.282+0000] {spark_submit.py:491} INFO - 23/08/18 01:45:41 INFO ResourceUtils: ==============================================================
[2023-08-18T01:45:41.283+0000] {spark_submit.py:491} INFO - 23/08/18 01:45:41 INFO ResourceUtils: No custom resources configured for spark.driver.
[2023-08-18T01:45:41.284+0000] {spark_submit.py:491} INFO - 23/08/18 01:45:41 INFO ResourceUtils: ==============================================================
[2023-08-18T01:45:41.285+0000] {spark_submit.py:491} INFO - 23/08/18 01:45:41 INFO SparkContext: Submitted application: DataExtraction
[2023-08-18T01:45:41.301+0000] {spark_submit.py:491} INFO - 23/08/18 01:45:41 INFO ResourceProfile: Default ResourceProfile created, executor resources: Map(memory -> name: memory, amount: 1024, script: , vendor: , offHeap -> name: offHeap, amount: 0, script: , vendor: ), task resources: Map(cpus -> name: cpus, amount: 1.0)
[2023-08-18T01:45:41.307+0000] {spark_submit.py:491} INFO - 23/08/18 01:45:41 INFO ResourceProfile: Limiting resource is cpu
[2023-08-18T01:45:41.308+0000] {spark_submit.py:491} INFO - 23/08/18 01:45:41 INFO ResourceProfileManager: Added ResourceProfile id: 0
[2023-08-18T01:45:41.342+0000] {spark_submit.py:491} INFO - 23/08/18 01:45:41 INFO SecurityManager: Changing view acls to: default
[2023-08-18T01:45:41.343+0000] {spark_submit.py:491} INFO - 23/08/18 01:45:41 INFO SecurityManager: Changing modify acls to: default
[2023-08-18T01:45:41.344+0000] {spark_submit.py:491} INFO - 23/08/18 01:45:41 INFO SecurityManager: Changing view acls groups to:
[2023-08-18T01:45:41.345+0000] {spark_submit.py:491} INFO - 23/08/18 01:45:41 INFO SecurityManager: Changing modify acls groups to:
[2023-08-18T01:45:41.347+0000] {spark_submit.py:491} INFO - 23/08/18 01:45:41 INFO SecurityManager: SecurityManager: authentication disabled; ui acls disabled; users with view permissions: default; groups with view permissions: EMPTY; users with modify permissions: default; groups with modify permissions: EMPTY
[2023-08-18T01:45:41.493+0000] {spark_submit.py:491} INFO - 23/08/18 01:45:41 INFO Utils: Successfully started service 'sparkDriver' on port 35545.
[2023-08-18T01:45:41.511+0000] {spark_submit.py:491} INFO - 23/08/18 01:45:41 INFO SparkEnv: Registering MapOutputTracker
[2023-08-18T01:45:41.535+0000] {spark_submit.py:491} INFO - 23/08/18 01:45:41 INFO SparkEnv: Registering BlockManagerMaster
[2023-08-18T01:45:41.547+0000] {spark_submit.py:491} INFO - 23/08/18 01:45:41 INFO BlockManagerMasterEndpoint: Using org.apache.spark.storage.DefaultTopologyMapper for getting topology information
[2023-08-18T01:45:41.549+0000] {spark_submit.py:491} INFO - 23/08/18 01:45:41 INFO BlockManagerMasterEndpoint: BlockManagerMasterEndpoint up
[2023-08-18T01:45:41.552+0000] {spark_submit.py:491} INFO - 23/08/18 01:45:41 INFO SparkEnv: Registering BlockManagerMasterHeartbeat
[2023-08-18T01:45:41.566+0000] {spark_submit.py:491} INFO - 23/08/18 01:45:41 INFO DiskBlockManager: Created local directory at /tmp/blockmgr-acb2ac24-1ed2-4112-b765-81f3619c3bda
[2023-08-18T01:45:41.577+0000] {spark_submit.py:491} INFO - 23/08/18 01:45:41 INFO MemoryStore: MemoryStore started with capacity 434.4 MiB
[2023-08-18T01:45:41.588+0000] {spark_submit.py:491} INFO - 23/08/18 01:45:41 INFO SparkEnv: Registering OutputCommitCoordinator
[2023-08-18T01:45:41.669+0000] {spark_submit.py:491} INFO - 23/08/18 01:45:41 INFO JettyUtils: Start Jetty 0.0.0.0:4040 for SparkUI
[2023-08-18T01:45:41.722+0000] {spark_submit.py:491} INFO - 23/08/18 01:45:41 INFO Utils: Successfully started service 'SparkUI' on port 4040.
[2023-08-18T01:45:41.796+0000] {spark_submit.py:491} INFO - 23/08/18 01:45:41 INFO StandaloneAppClient$ClientEndpoint: Connecting to master spark://spark:7077...
[2023-08-18T01:45:41.825+0000] {spark_submit.py:491} INFO - 23/08/18 01:45:41 INFO TransportClientFactory: Successfully created connection to spark/172.19.0.4:7077 after 16 ms (0 ms spent in bootstraps)
[2023-08-18T01:45:41.888+0000] {spark_submit.py:491} INFO - 23/08/18 01:45:41 INFO StandaloneSchedulerBackend: Connected to Spark cluster with app ID app-20230818014541-0006
[2023-08-18T01:45:41.892+0000] {spark_submit.py:491} INFO - 23/08/18 01:45:41 INFO StandaloneAppClient$ClientEndpoint: Executor added: app-20230818014541-0006/0 on worker-20230818013135-172.19.0.2-36181 (172.19.0.2:36181) with 1 core(s)
[2023-08-18T01:45:41.894+0000] {spark_submit.py:491} INFO - 23/08/18 01:45:41 INFO StandaloneSchedulerBackend: Granted executor ID app-20230818014541-0006/0 on hostPort 172.19.0.2:36181 with 1 core(s), 1024.0 MiB RAM
[2023-08-18T01:45:41.896+0000] {spark_submit.py:491} INFO - 23/08/18 01:45:41 INFO Utils: Successfully started service 'org.apache.spark.network.netty.NettyBlockTransferService' on port 37489.
[2023-08-18T01:45:41.897+0000] {spark_submit.py:491} INFO - 23/08/18 01:45:41 INFO NettyBlockTransferService: Server created on 15ea5e9ca941:37489
[2023-08-18T01:45:41.901+0000] {spark_submit.py:491} INFO - 23/08/18 01:45:41 INFO BlockManager: Using org.apache.spark.storage.RandomBlockReplicationPolicy for block replication policy
[2023-08-18T01:45:41.903+0000] {spark_submit.py:491} INFO - 23/08/18 01:45:41 INFO BlockManagerMaster: Registering BlockManager BlockManagerId(driver, 15ea5e9ca941, 37489, None)
[2023-08-18T01:45:41.906+0000] {spark_submit.py:491} INFO - 23/08/18 01:45:41 INFO BlockManagerMasterEndpoint: Registering block manager 15ea5e9ca941:37489 with 434.4 MiB RAM, BlockManagerId(driver, 15ea5e9ca941, 37489, None)
[2023-08-18T01:45:41.909+0000] {spark_submit.py:491} INFO - 23/08/18 01:45:41 INFO BlockManagerMaster: Registered BlockManager BlockManagerId(driver, 15ea5e9ca941, 37489, None)
[2023-08-18T01:45:41.910+0000] {spark_submit.py:491} INFO - 23/08/18 01:45:41 INFO BlockManager: Initialized BlockManager: BlockManagerId(driver, 15ea5e9ca941, 37489, None)
[2023-08-18T01:45:41.924+0000] {spark_submit.py:491} INFO - 23/08/18 01:45:41 INFO StandaloneAppClient$ClientEndpoint: Executor updated: app-20230818014541-0006/0 is now RUNNING
[2023-08-18T01:45:42.077+0000] {spark_submit.py:491} INFO - 23/08/18 01:45:42 INFO StandaloneSchedulerBackend: SchedulerBackend is ready for scheduling beginning after reached minRegisteredResourcesRatio: 0.0
[2023-08-18T01:45:42.253+0000] {spark_submit.py:491} INFO - 23/08/18 01:45:42 INFO SharedState: Setting hive.metastore.warehouse.dir ('null') to the value of spark.sql.warehouse.dir.
[2023-08-18T01:45:42.258+0000] {spark_submit.py:491} INFO - 23/08/18 01:45:42 INFO SharedState: Warehouse path is 'file:/opt/***/spark-warehouse'.
[2023-08-18T01:45:43.403+0000] {spark_submit.py:491} INFO - Traceback (most recent call last):
[2023-08-18T01:45:43.405+0000] {spark_submit.py:491} INFO - File "/opt/***/dags/utils/spark_processing.py", line 20, in <module>
[2023-08-18T01:45:43.408+0000] {spark_submit.py:491} INFO - stock_df = spark.read.csv("../dags/data/A.csv", header=True, schema=existing_schema)
[2023-08-18T01:45:43.409+0000] {spark_submit.py:491} INFO - File "/home/***/.local/lib/python3.10/site-packages/pyspark/python/lib/pyspark.zip/pyspark/sql/readwriter.py", line 727, in csv
[2023-08-18T01:45:43.411+0000] {spark_submit.py:491} INFO - File "/home/***/.local/lib/python3.10/site-packages/pyspark/python/lib/py4j-0.10.9.7-src.zip/py4j/java_gateway.py", line 1322, in __call__
[2023-08-18T01:45:43.413+0000] {spark_submit.py:491} INFO - File "/home/***/.local/lib/python3.10/site-packages/pyspark/python/lib/pyspark.zip/pyspark/errors/exceptions/captured.py", line 175, in deco
[2023-08-18T01:45:43.430+0000] {spark_submit.py:491} INFO - pyspark.errors.exceptions.captured.AnalysisException: [PATH_NOT_FOUND] Path does not exist: file:/opt/dags/data/A.csv.
[2023-08-18T01:45:43.489+0000] {spark_submit.py:491} INFO - 23/08/18 01:45:43 INFO SparkContext: Invoking stop() from shutdown hook
[2023-08-18T01:45:43.492+0000] {spark_submit.py:491} INFO - 23/08/18 01:45:43 INFO SparkContext: SparkContext is stopping with exitCode 0.
[2023-08-18T01:45:43.507+0000] {spark_submit.py:491} INFO - 23/08/18 01:45:43 INFO SparkUI: Stopped Spark web UI at http://15ea5e9ca941:4040
[2023-08-18T01:45:43.511+0000] {spark_submit.py:491} INFO - 23/08/18 01:45:43 INFO StandaloneSchedulerBackend: Shutting down all executors
[2023-08-18T01:45:43.514+0000] {spark_submit.py:491} INFO - 23/08/18 01:45:43 INFO StandaloneSchedulerBackend$StandaloneDriverEndpoint: Asking each executor to shut down
[2023-08-18T01:45:43.549+0000] {spark_submit.py:491} INFO - 23/08/18 01:45:43 INFO MapOutputTrackerMasterEndpoint: MapOutputTrackerMasterEndpoint stopped!
[2023-08-18T01:45:43.573+0000] {spark_submit.py:491} INFO - 23/08/18 01:45:43 INFO MemoryStore: MemoryStore cleared
[2023-08-18T01:45:43.574+0000] {spark_submit.py:491} INFO - 23/08/18 01:45:43 INFO BlockManager: BlockManager stopped
[2023-08-18T01:45:43.578+0000] {spark_submit.py:491} INFO - 23/08/18 01:45:43 INFO BlockManagerMaster: BlockManagerMaster stopped
[2023-08-18T01:45:43.581+0000] {spark_submit.py:491} INFO - 23/08/18 01:45:43 INFO OutputCommitCoordinator$OutputCommitCoordinatorEndpoint: OutputCommitCoordinator stopped!
[2023-08-18T01:45:43.598+0000] {spark_submit.py:491} INFO - 23/08/18 01:45:43 INFO SparkContext: Successfully stopped SparkContext
[2023-08-18T01:45:43.599+0000] {spark_submit.py:491} INFO - 23/08/18 01:45:43 INFO ShutdownHookManager: Shutdown hook called
[2023-08-18T01:45:43.600+0000] {spark_submit.py:491} INFO - 23/08/18 01:45:43 INFO ShutdownHookManager: Deleting directory /tmp/spark-77ac5852-fe9a-43ff-942b-d36db946096a
[2023-08-18T01:45:43.607+0000] {spark_submit.py:491} INFO - 23/08/18 01:45:43 INFO ShutdownHookManager: Deleting directory /tmp/spark-7a0d5367-55e6-4d3b-be98-4a6732dfc522
[2023-08-18T01:45:43.615+0000] {spark_submit.py:491} INFO - 23/08/18 01:45:43 INFO ShutdownHookManager: Deleting directory /tmp/spark-7a0d5367-55e6-4d3b-be98-4a6732dfc522/pyspark-a9841313-c9b8-4067-a885-2d59c6a29b2a
[2023-08-18T01:45:43.686+0000] {taskinstance.py:1824} ERROR - Task failed with exception
Traceback (most recent call last):
  File "/home/airflow/.local/lib/python3.10/site-packages/airflow/providers/apache/spark/operators/spark_submit.py", line 156, in execute
    self._hook.submit(self._application)
  File "/home/airflow/.local/lib/python3.10/site-packages/airflow/providers/apache/spark/hooks/spark_submit.py", line 422, in submit
    raise AirflowException(
airflow.exceptions.AirflowException: Cannot execute: spark-submit --master spark://spark:7077 --name arrow-spark ./dags/utils/spark_processing.py. Error code is: 1.
[2023-08-18T01:45:43.689+0000] {taskinstance.py:1345} INFO - Marking task as FAILED. dag_id=spark_***_dag, task_id=spark_submit_task, execution_date=20230818T014538, start_date=20230818T014538, end_date=20230818T014543
[2023-08-18T01:45:43.700+0000] {standard_task_runner.py:104} ERROR - Failed to execute job 16 for task spark_submit_task (Cannot execute: spark-submit --master spark://spark:7077 --name arrow-spark ./dags/utils/spark_processing.py. Error code is: 1.; 1787)
[2023-08-18T01:45:43.716+0000] {local_task_job_runner.py:225} INFO - Task exited with return code 1
[2023-08-18T01:45:43.734+0000] {taskinstance.py:2651} INFO - 0 downstream tasks scheduled from follow-on schedule check
