[2023-08-17T05:52:48.986+0000] {taskinstance.py:1103} INFO - Dependencies all met for dep_context=non-requeueable deps ti=<TaskInstance: spark_airflow_dag.spark_submit_task manual__2023-08-17T05:52:47.871394+00:00 [queued]>
[2023-08-17T05:52:48.993+0000] {taskinstance.py:1103} INFO - Dependencies all met for dep_context=requeueable deps ti=<TaskInstance: spark_airflow_dag.spark_submit_task manual__2023-08-17T05:52:47.871394+00:00 [queued]>
[2023-08-17T05:52:48.994+0000] {taskinstance.py:1308} INFO - Starting attempt 1 of 1
[2023-08-17T05:52:49.002+0000] {taskinstance.py:1327} INFO - Executing <Task(SparkSubmitOperator): spark_submit_task> on 2023-08-17 05:52:47.871394+00:00
[2023-08-17T05:52:49.006+0000] {standard_task_runner.py:57} INFO - Started process 4257 to run task
[2023-08-17T05:52:49.010+0000] {standard_task_runner.py:84} INFO - Running: ['***', 'tasks', 'run', 'spark_***_dag', 'spark_submit_task', 'manual__2023-08-17T05:52:47.871394+00:00', '--job-id', '24', '--raw', '--subdir', 'DAGS_FOLDER/spark_jobs_dag.py', '--cfg-path', '/tmp/tmpjxl1l352']
[2023-08-17T05:52:49.011+0000] {standard_task_runner.py:85} INFO - Job 24: Subtask spark_submit_task
[2023-08-17T05:52:49.064+0000] {task_command.py:410} INFO - Running <TaskInstance: spark_airflow_dag.spark_submit_task manual__2023-08-17T05:52:47.871394+00:00 [running]> on host 0d68e811d1ff
[2023-08-17T05:52:49.135+0000] {taskinstance.py:1545} INFO - Exporting env vars: AIRFLOW_CTX_DAG_OWNER='***' AIRFLOW_CTX_DAG_ID='spark_***_dag' AIRFLOW_CTX_TASK_ID='spark_submit_task' AIRFLOW_CTX_EXECUTION_DATE='2023-08-17T05:52:47.871394+00:00' AIRFLOW_CTX_TRY_NUMBER='1' AIRFLOW_CTX_DAG_RUN_ID='manual__2023-08-17T05:52:47.871394+00:00'
[2023-08-17T05:52:49.146+0000] {base.py:73} INFO - Using connection ID 'spark_local' for task execution.
[2023-08-17T05:52:49.148+0000] {spark_submit.py:340} INFO - Spark-Submit cmd: spark-submit --master spark://spark:7077 --name arrow-spark dags/spark_processing.py
[2023-08-17T05:52:49.235+0000] {spark_submit.py:491} INFO - /home/***/.local/lib/python3.10/site-packages/pyspark/bin/load-spark-env.sh: line 68: ps: command not found
[2023-08-17T05:52:51.219+0000] {spark_submit.py:491} INFO - 23/08/17 05:52:51 INFO SparkContext: Running Spark version 3.4.1
[2023-08-17T05:52:51.262+0000] {spark_submit.py:491} INFO - 23/08/17 05:52:51 WARN NativeCodeLoader: Unable to load native-hadoop library for your platform... using builtin-java classes where applicable
[2023-08-17T05:52:51.333+0000] {spark_submit.py:491} INFO - 23/08/17 05:52:51 INFO ResourceUtils: ==============================================================
[2023-08-17T05:52:51.335+0000] {spark_submit.py:491} INFO - 23/08/17 05:52:51 INFO ResourceUtils: No custom resources configured for spark.driver.
[2023-08-17T05:52:51.335+0000] {spark_submit.py:491} INFO - 23/08/17 05:52:51 INFO ResourceUtils: ==============================================================
[2023-08-17T05:52:51.336+0000] {spark_submit.py:491} INFO - 23/08/17 05:52:51 INFO SparkContext: Submitted application: DataExtraction
[2023-08-17T05:52:51.350+0000] {spark_submit.py:491} INFO - 23/08/17 05:52:51 INFO ResourceProfile: Default ResourceProfile created, executor resources: Map(memory -> name: memory, amount: 1024, script: , vendor: , offHeap -> name: offHeap, amount: 0, script: , vendor: ), task resources: Map(cpus -> name: cpus, amount: 1.0)
[2023-08-17T05:52:51.357+0000] {spark_submit.py:491} INFO - 23/08/17 05:52:51 INFO ResourceProfile: Limiting resource is cpu
[2023-08-17T05:52:51.358+0000] {spark_submit.py:491} INFO - 23/08/17 05:52:51 INFO ResourceProfileManager: Added ResourceProfile id: 0
[2023-08-17T05:52:51.393+0000] {spark_submit.py:491} INFO - 23/08/17 05:52:51 INFO SecurityManager: Changing view acls to: default
[2023-08-17T05:52:51.394+0000] {spark_submit.py:491} INFO - 23/08/17 05:52:51 INFO SecurityManager: Changing modify acls to: default
[2023-08-17T05:52:51.395+0000] {spark_submit.py:491} INFO - 23/08/17 05:52:51 INFO SecurityManager: Changing view acls groups to:
[2023-08-17T05:52:51.396+0000] {spark_submit.py:491} INFO - 23/08/17 05:52:51 INFO SecurityManager: Changing modify acls groups to:
[2023-08-17T05:52:51.399+0000] {spark_submit.py:491} INFO - 23/08/17 05:52:51 INFO SecurityManager: SecurityManager: authentication disabled; ui acls disabled; users with view permissions: default; groups with view permissions: EMPTY; users with modify permissions: default; groups with modify permissions: EMPTY
[2023-08-17T05:52:51.546+0000] {spark_submit.py:491} INFO - 23/08/17 05:52:51 INFO Utils: Successfully started service 'sparkDriver' on port 44443.
[2023-08-17T05:52:51.565+0000] {spark_submit.py:491} INFO - 23/08/17 05:52:51 INFO SparkEnv: Registering MapOutputTracker
[2023-08-17T05:52:51.589+0000] {spark_submit.py:491} INFO - 23/08/17 05:52:51 INFO SparkEnv: Registering BlockManagerMaster
[2023-08-17T05:52:51.604+0000] {spark_submit.py:491} INFO - 23/08/17 05:52:51 INFO BlockManagerMasterEndpoint: Using org.apache.spark.storage.DefaultTopologyMapper for getting topology information
[2023-08-17T05:52:51.606+0000] {spark_submit.py:491} INFO - 23/08/17 05:52:51 INFO BlockManagerMasterEndpoint: BlockManagerMasterEndpoint up
[2023-08-17T05:52:51.608+0000] {spark_submit.py:491} INFO - 23/08/17 05:52:51 INFO SparkEnv: Registering BlockManagerMasterHeartbeat
[2023-08-17T05:52:51.622+0000] {spark_submit.py:491} INFO - 23/08/17 05:52:51 INFO DiskBlockManager: Created local directory at /tmp/blockmgr-69b61440-0667-47ad-b76b-68ae8bcd40f5
[2023-08-17T05:52:51.632+0000] {spark_submit.py:491} INFO - 23/08/17 05:52:51 INFO MemoryStore: MemoryStore started with capacity 434.4 MiB
[2023-08-17T05:52:51.643+0000] {spark_submit.py:491} INFO - 23/08/17 05:52:51 INFO SparkEnv: Registering OutputCommitCoordinator
[2023-08-17T05:52:51.727+0000] {spark_submit.py:491} INFO - 23/08/17 05:52:51 INFO JettyUtils: Start Jetty 0.0.0.0:4040 for SparkUI
[2023-08-17T05:52:51.772+0000] {spark_submit.py:491} INFO - 23/08/17 05:52:51 INFO Utils: Successfully started service 'SparkUI' on port 4040.
[2023-08-17T05:52:51.855+0000] {spark_submit.py:491} INFO - 23/08/17 05:52:51 INFO StandaloneAppClient$ClientEndpoint: Connecting to master spark://spark:7077...
[2023-08-17T05:52:51.885+0000] {spark_submit.py:491} INFO - 23/08/17 05:52:51 INFO TransportClientFactory: Successfully created connection to spark/172.18.0.9:7077 after 17 ms (0 ms spent in bootstraps)
[2023-08-17T05:52:51.952+0000] {spark_submit.py:491} INFO - 23/08/17 05:52:51 INFO StandaloneSchedulerBackend: Connected to Spark cluster with app ID app-20230817055251-0016
[2023-08-17T05:52:51.954+0000] {spark_submit.py:491} INFO - 23/08/17 05:52:51 INFO StandaloneAppClient$ClientEndpoint: Executor added: app-20230817055251-0016/0 on worker-20230817035656-172.18.0.8-40033 (172.18.0.8:40033) with 1 core(s)
[2023-08-17T05:52:51.955+0000] {spark_submit.py:491} INFO - 23/08/17 05:52:51 INFO StandaloneSchedulerBackend: Granted executor ID app-20230817055251-0016/0 on hostPort 172.18.0.8:40033 with 1 core(s), 1024.0 MiB RAM
[2023-08-17T05:52:51.956+0000] {spark_submit.py:491} INFO - 23/08/17 05:52:51 INFO Utils: Successfully started service 'org.apache.spark.network.netty.NettyBlockTransferService' on port 43269.
[2023-08-17T05:52:51.958+0000] {spark_submit.py:491} INFO - 23/08/17 05:52:51 INFO NettyBlockTransferService: Server created on 0d68e811d1ff:43269
[2023-08-17T05:52:51.959+0000] {spark_submit.py:491} INFO - 23/08/17 05:52:51 INFO BlockManager: Using org.apache.spark.storage.RandomBlockReplicationPolicy for block replication policy
[2023-08-17T05:52:51.965+0000] {spark_submit.py:491} INFO - 23/08/17 05:52:51 INFO BlockManagerMaster: Registering BlockManager BlockManagerId(driver, 0d68e811d1ff, 43269, None)
[2023-08-17T05:52:51.968+0000] {spark_submit.py:491} INFO - 23/08/17 05:52:51 INFO BlockManagerMasterEndpoint: Registering block manager 0d68e811d1ff:43269 with 434.4 MiB RAM, BlockManagerId(driver, 0d68e811d1ff, 43269, None)
[2023-08-17T05:52:51.971+0000] {spark_submit.py:491} INFO - 23/08/17 05:52:51 INFO BlockManagerMaster: Registered BlockManager BlockManagerId(driver, 0d68e811d1ff, 43269, None)
[2023-08-17T05:52:51.973+0000] {spark_submit.py:491} INFO - 23/08/17 05:52:51 INFO BlockManager: Initialized BlockManager: BlockManagerId(driver, 0d68e811d1ff, 43269, None)
[2023-08-17T05:52:51.989+0000] {spark_submit.py:491} INFO - 23/08/17 05:52:51 INFO StandaloneAppClient$ClientEndpoint: Executor updated: app-20230817055251-0016/0 is now RUNNING
[2023-08-17T05:52:52.149+0000] {spark_submit.py:491} INFO - 23/08/17 05:52:52 INFO StandaloneSchedulerBackend: SchedulerBackend is ready for scheduling beginning after reached minRegisteredResourcesRatio: 0.0
[2023-08-17T05:52:52.392+0000] {spark_submit.py:491} INFO - 23/08/17 05:52:52 INFO SharedState: Setting hive.metastore.warehouse.dir ('null') to the value of spark.sql.warehouse.dir.
[2023-08-17T05:52:52.401+0000] {spark_submit.py:491} INFO - 23/08/17 05:52:52 INFO SharedState: Warehouse path is 'file:/opt/***/spark-warehouse'.
[2023-08-17T05:52:53.600+0000] {spark_submit.py:491} INFO - Traceback (most recent call last):
[2023-08-17T05:52:53.601+0000] {spark_submit.py:491} INFO - File "/opt/***/dags/spark_processing.py", line 20, in <module>
[2023-08-17T05:52:53.602+0000] {spark_submit.py:491} INFO - stock_df = spark.read.csv('A.csv', header=True, schema=existing_schema)
[2023-08-17T05:52:53.604+0000] {spark_submit.py:491} INFO - File "/home/***/.local/lib/python3.10/site-packages/pyspark/python/lib/pyspark.zip/pyspark/sql/readwriter.py", line 727, in csv
[2023-08-17T05:52:53.605+0000] {spark_submit.py:491} INFO - File "/home/***/.local/lib/python3.10/site-packages/pyspark/python/lib/py4j-0.10.9.7-src.zip/py4j/java_gateway.py", line 1322, in __call__
[2023-08-17T05:52:53.607+0000] {spark_submit.py:491} INFO - File "/home/***/.local/lib/python3.10/site-packages/pyspark/python/lib/pyspark.zip/pyspark/errors/exceptions/captured.py", line 175, in deco
[2023-08-17T05:52:53.616+0000] {spark_submit.py:491} INFO - pyspark.errors.exceptions.captured.AnalysisException: [PATH_NOT_FOUND] Path does not exist: file:/opt/***/A.csv.
[2023-08-17T05:52:53.679+0000] {spark_submit.py:491} INFO - 23/08/17 05:52:53 INFO SparkContext: Invoking stop() from shutdown hook
[2023-08-17T05:52:53.681+0000] {spark_submit.py:491} INFO - 23/08/17 05:52:53 INFO SparkContext: SparkContext is stopping with exitCode 0.
[2023-08-17T05:52:53.695+0000] {spark_submit.py:491} INFO - 23/08/17 05:52:53 INFO SparkUI: Stopped Spark web UI at http://0d68e811d1ff:4040
[2023-08-17T05:52:53.702+0000] {spark_submit.py:491} INFO - 23/08/17 05:52:53 INFO StandaloneSchedulerBackend: Shutting down all executors
[2023-08-17T05:52:53.707+0000] {spark_submit.py:491} INFO - 23/08/17 05:52:53 INFO StandaloneSchedulerBackend$StandaloneDriverEndpoint: Asking each executor to shut down
[2023-08-17T05:52:53.733+0000] {spark_submit.py:491} INFO - 23/08/17 05:52:53 INFO MapOutputTrackerMasterEndpoint: MapOutputTrackerMasterEndpoint stopped!
[2023-08-17T05:52:53.755+0000] {spark_submit.py:491} INFO - 23/08/17 05:52:53 INFO MemoryStore: MemoryStore cleared
[2023-08-17T05:52:53.757+0000] {spark_submit.py:491} INFO - 23/08/17 05:52:53 INFO BlockManager: BlockManager stopped
[2023-08-17T05:52:53.762+0000] {spark_submit.py:491} INFO - 23/08/17 05:52:53 INFO BlockManagerMaster: BlockManagerMaster stopped
[2023-08-17T05:52:53.764+0000] {spark_submit.py:491} INFO - 23/08/17 05:52:53 INFO OutputCommitCoordinator$OutputCommitCoordinatorEndpoint: OutputCommitCoordinator stopped!
[2023-08-17T05:52:53.781+0000] {spark_submit.py:491} INFO - 23/08/17 05:52:53 INFO SparkContext: Successfully stopped SparkContext
[2023-08-17T05:52:53.783+0000] {spark_submit.py:491} INFO - 23/08/17 05:52:53 INFO ShutdownHookManager: Shutdown hook called
[2023-08-17T05:52:53.784+0000] {spark_submit.py:491} INFO - 23/08/17 05:52:53 INFO ShutdownHookManager: Deleting directory /tmp/spark-9666535e-8fb9-4434-b410-e4499ba3ff03
[2023-08-17T05:52:53.791+0000] {spark_submit.py:491} INFO - 23/08/17 05:52:53 INFO ShutdownHookManager: Deleting directory /tmp/spark-5fd5fcbc-bfcd-4d72-8dc9-3f7224bc7075
[2023-08-17T05:52:53.800+0000] {spark_submit.py:491} INFO - 23/08/17 05:52:53 INFO ShutdownHookManager: Deleting directory /tmp/spark-5fd5fcbc-bfcd-4d72-8dc9-3f7224bc7075/pyspark-e3f2fe2a-ce07-4ec7-a7bb-705b3b6ac3d8
[2023-08-17T05:52:53.900+0000] {taskinstance.py:1824} ERROR - Task failed with exception
Traceback (most recent call last):
  File "/home/airflow/.local/lib/python3.10/site-packages/airflow/providers/apache/spark/operators/spark_submit.py", line 156, in execute
    self._hook.submit(self._application)
  File "/home/airflow/.local/lib/python3.10/site-packages/airflow/providers/apache/spark/hooks/spark_submit.py", line 422, in submit
    raise AirflowException(
airflow.exceptions.AirflowException: Cannot execute: spark-submit --master spark://spark:7077 --name arrow-spark dags/spark_processing.py. Error code is: 1.
[2023-08-17T05:52:53.905+0000] {taskinstance.py:1345} INFO - Marking task as FAILED. dag_id=spark_***_dag, task_id=spark_submit_task, execution_date=20230817T055247, start_date=20230817T055248, end_date=20230817T055253
[2023-08-17T05:52:53.916+0000] {standard_task_runner.py:104} ERROR - Failed to execute job 24 for task spark_submit_task (Cannot execute: spark-submit --master spark://spark:7077 --name arrow-spark dags/spark_processing.py. Error code is: 1.; 4257)
[2023-08-17T05:52:53.958+0000] {local_task_job_runner.py:225} INFO - Task exited with return code 1
[2023-08-17T05:52:53.976+0000] {taskinstance.py:2651} INFO - 0 downstream tasks scheduled from follow-on schedule check
