[2023-08-17T04:08:03.031+0000] {taskinstance.py:1103} INFO - Dependencies all met for dep_context=non-requeueable deps ti=<TaskInstance: spark_airflow_dag.spark_submit_task manual__2023-08-17T04:08:01.834670+00:00 [queued]>
[2023-08-17T04:08:03.040+0000] {taskinstance.py:1103} INFO - Dependencies all met for dep_context=requeueable deps ti=<TaskInstance: spark_airflow_dag.spark_submit_task manual__2023-08-17T04:08:01.834670+00:00 [queued]>
[2023-08-17T04:08:03.041+0000] {taskinstance.py:1308} INFO - Starting attempt 1 of 1
[2023-08-17T04:08:03.049+0000] {taskinstance.py:1327} INFO - Executing <Task(SparkSubmitOperator): spark_submit_task> on 2023-08-17 04:08:01.834670+00:00
[2023-08-17T04:08:03.053+0000] {standard_task_runner.py:57} INFO - Started process 1547 to run task
[2023-08-17T04:08:03.058+0000] {standard_task_runner.py:84} INFO - Running: ['***', 'tasks', 'run', 'spark_***_dag', 'spark_submit_task', 'manual__2023-08-17T04:08:01.834670+00:00', '--job-id', '10', '--raw', '--subdir', 'DAGS_FOLDER/spark_jobs_dag.py', '--cfg-path', '/tmp/tmp__05qkag']
[2023-08-17T04:08:03.059+0000] {standard_task_runner.py:85} INFO - Job 10: Subtask spark_submit_task
[2023-08-17T04:08:03.114+0000] {task_command.py:410} INFO - Running <TaskInstance: spark_airflow_dag.spark_submit_task manual__2023-08-17T04:08:01.834670+00:00 [running]> on host 0d68e811d1ff
[2023-08-17T04:08:03.185+0000] {taskinstance.py:1545} INFO - Exporting env vars: AIRFLOW_CTX_DAG_OWNER='***' AIRFLOW_CTX_DAG_ID='spark_***_dag' AIRFLOW_CTX_TASK_ID='spark_submit_task' AIRFLOW_CTX_EXECUTION_DATE='2023-08-17T04:08:01.834670+00:00' AIRFLOW_CTX_TRY_NUMBER='1' AIRFLOW_CTX_DAG_RUN_ID='manual__2023-08-17T04:08:01.834670+00:00'
[2023-08-17T04:08:03.197+0000] {base.py:73} INFO - Using connection ID 'spark_local' for task execution.
[2023-08-17T04:08:03.198+0000] {spark_submit.py:340} INFO - Spark-Submit cmd: spark-submit --master spark://spark:7077 --name arrow-spark /opt/***/dags/spark_processing.py
[2023-08-17T04:08:03.285+0000] {spark_submit.py:491} INFO - /home/***/.local/lib/python3.10/site-packages/pyspark/bin/load-spark-env.sh: line 68: ps: command not found
[2023-08-17T04:08:05.550+0000] {spark_submit.py:491} INFO - 23/08/17 04:08:05 INFO SparkContext: Running Spark version 3.4.1
[2023-08-17T04:08:05.591+0000] {spark_submit.py:491} INFO - 23/08/17 04:08:05 WARN NativeCodeLoader: Unable to load native-hadoop library for your platform... using builtin-java classes where applicable
[2023-08-17T04:08:05.654+0000] {spark_submit.py:491} INFO - 23/08/17 04:08:05 INFO ResourceUtils: ==============================================================
[2023-08-17T04:08:05.656+0000] {spark_submit.py:491} INFO - 23/08/17 04:08:05 INFO ResourceUtils: No custom resources configured for spark.driver.
[2023-08-17T04:08:05.657+0000] {spark_submit.py:491} INFO - 23/08/17 04:08:05 INFO ResourceUtils: ==============================================================
[2023-08-17T04:08:05.658+0000] {spark_submit.py:491} INFO - 23/08/17 04:08:05 INFO SparkContext: Submitted application: DataExtraction
[2023-08-17T04:08:05.672+0000] {spark_submit.py:491} INFO - 23/08/17 04:08:05 INFO ResourceProfile: Default ResourceProfile created, executor resources: Map(memory -> name: memory, amount: 1024, script: , vendor: , offHeap -> name: offHeap, amount: 0, script: , vendor: ), task resources: Map(cpus -> name: cpus, amount: 1.0)
[2023-08-17T04:08:05.678+0000] {spark_submit.py:491} INFO - 23/08/17 04:08:05 INFO ResourceProfile: Limiting resource is cpu
[2023-08-17T04:08:05.679+0000] {spark_submit.py:491} INFO - 23/08/17 04:08:05 INFO ResourceProfileManager: Added ResourceProfile id: 0
[2023-08-17T04:08:05.715+0000] {spark_submit.py:491} INFO - 23/08/17 04:08:05 INFO SecurityManager: Changing view acls to: default
[2023-08-17T04:08:05.716+0000] {spark_submit.py:491} INFO - 23/08/17 04:08:05 INFO SecurityManager: Changing modify acls to: default
[2023-08-17T04:08:05.717+0000] {spark_submit.py:491} INFO - 23/08/17 04:08:05 INFO SecurityManager: Changing view acls groups to:
[2023-08-17T04:08:05.718+0000] {spark_submit.py:491} INFO - 23/08/17 04:08:05 INFO SecurityManager: Changing modify acls groups to:
[2023-08-17T04:08:05.720+0000] {spark_submit.py:491} INFO - 23/08/17 04:08:05 INFO SecurityManager: SecurityManager: authentication disabled; ui acls disabled; users with view permissions: default; groups with view permissions: EMPTY; users with modify permissions: default; groups with modify permissions: EMPTY
[2023-08-17T04:08:05.874+0000] {spark_submit.py:491} INFO - 23/08/17 04:08:05 INFO Utils: Successfully started service 'sparkDriver' on port 36619.
[2023-08-17T04:08:05.893+0000] {spark_submit.py:491} INFO - 23/08/17 04:08:05 INFO SparkEnv: Registering MapOutputTracker
[2023-08-17T04:08:05.917+0000] {spark_submit.py:491} INFO - 23/08/17 04:08:05 INFO SparkEnv: Registering BlockManagerMaster
[2023-08-17T04:08:05.933+0000] {spark_submit.py:491} INFO - 23/08/17 04:08:05 INFO BlockManagerMasterEndpoint: Using org.apache.spark.storage.DefaultTopologyMapper for getting topology information
[2023-08-17T04:08:05.934+0000] {spark_submit.py:491} INFO - 23/08/17 04:08:05 INFO BlockManagerMasterEndpoint: BlockManagerMasterEndpoint up
[2023-08-17T04:08:05.936+0000] {spark_submit.py:491} INFO - 23/08/17 04:08:05 INFO SparkEnv: Registering BlockManagerMasterHeartbeat
[2023-08-17T04:08:05.950+0000] {spark_submit.py:491} INFO - 23/08/17 04:08:05 INFO DiskBlockManager: Created local directory at /tmp/blockmgr-9917cec7-576d-481d-a2ee-f5168ad9c1c4
[2023-08-17T04:08:05.961+0000] {spark_submit.py:491} INFO - 23/08/17 04:08:05 INFO MemoryStore: MemoryStore started with capacity 434.4 MiB
[2023-08-17T04:08:05.972+0000] {spark_submit.py:491} INFO - 23/08/17 04:08:05 INFO SparkEnv: Registering OutputCommitCoordinator
[2023-08-17T04:08:06.054+0000] {spark_submit.py:491} INFO - 23/08/17 04:08:06 INFO JettyUtils: Start Jetty 0.0.0.0:4040 for SparkUI
[2023-08-17T04:08:06.099+0000] {spark_submit.py:491} INFO - 23/08/17 04:08:06 INFO Utils: Successfully started service 'SparkUI' on port 4040.
[2023-08-17T04:08:06.180+0000] {spark_submit.py:491} INFO - 23/08/17 04:08:06 INFO StandaloneAppClient$ClientEndpoint: Connecting to master spark://spark:7077...
[2023-08-17T04:08:06.209+0000] {spark_submit.py:491} INFO - 23/08/17 04:08:06 INFO TransportClientFactory: Successfully created connection to spark/172.18.0.9:7077 after 17 ms (0 ms spent in bootstraps)
[2023-08-17T04:08:06.275+0000] {spark_submit.py:491} INFO - 23/08/17 04:08:06 INFO StandaloneSchedulerBackend: Connected to Spark cluster with app ID app-20230817040806-0006
[2023-08-17T04:08:06.277+0000] {spark_submit.py:491} INFO - 23/08/17 04:08:06 INFO StandaloneAppClient$ClientEndpoint: Executor added: app-20230817040806-0006/0 on worker-20230817035656-172.18.0.8-40033 (172.18.0.8:40033) with 1 core(s)
[2023-08-17T04:08:06.278+0000] {spark_submit.py:491} INFO - 23/08/17 04:08:06 INFO StandaloneSchedulerBackend: Granted executor ID app-20230817040806-0006/0 on hostPort 172.18.0.8:40033 with 1 core(s), 1024.0 MiB RAM
[2023-08-17T04:08:06.284+0000] {spark_submit.py:491} INFO - 23/08/17 04:08:06 INFO Utils: Successfully started service 'org.apache.spark.network.netty.NettyBlockTransferService' on port 39289.
[2023-08-17T04:08:06.286+0000] {spark_submit.py:491} INFO - 23/08/17 04:08:06 INFO NettyBlockTransferService: Server created on 0d68e811d1ff:39289
[2023-08-17T04:08:06.288+0000] {spark_submit.py:491} INFO - 23/08/17 04:08:06 INFO BlockManager: Using org.apache.spark.storage.RandomBlockReplicationPolicy for block replication policy
[2023-08-17T04:08:06.292+0000] {spark_submit.py:491} INFO - 23/08/17 04:08:06 INFO BlockManagerMaster: Registering BlockManager BlockManagerId(driver, 0d68e811d1ff, 39289, None)
[2023-08-17T04:08:06.295+0000] {spark_submit.py:491} INFO - 23/08/17 04:08:06 INFO BlockManagerMasterEndpoint: Registering block manager 0d68e811d1ff:39289 with 434.4 MiB RAM, BlockManagerId(driver, 0d68e811d1ff, 39289, None)
[2023-08-17T04:08:06.296+0000] {spark_submit.py:491} INFO - 23/08/17 04:08:06 INFO BlockManagerMaster: Registered BlockManager BlockManagerId(driver, 0d68e811d1ff, 39289, None)
[2023-08-17T04:08:06.300+0000] {spark_submit.py:491} INFO - 23/08/17 04:08:06 INFO BlockManager: Initialized BlockManager: BlockManagerId(driver, 0d68e811d1ff, 39289, None)
[2023-08-17T04:08:06.322+0000] {spark_submit.py:491} INFO - 23/08/17 04:08:06 INFO StandaloneAppClient$ClientEndpoint: Executor updated: app-20230817040806-0006/0 is now RUNNING
[2023-08-17T04:08:06.453+0000] {spark_submit.py:491} INFO - 23/08/17 04:08:06 INFO StandaloneSchedulerBackend: SchedulerBackend is ready for scheduling beginning after reached minRegisteredResourcesRatio: 0.0
[2023-08-17T04:08:06.638+0000] {spark_submit.py:491} INFO - 23/08/17 04:08:06 INFO SharedState: Setting hive.metastore.warehouse.dir ('null') to the value of spark.sql.warehouse.dir.
[2023-08-17T04:08:06.643+0000] {spark_submit.py:491} INFO - 23/08/17 04:08:06 INFO SharedState: Warehouse path is 'file:/opt/***/spark-warehouse'.
[2023-08-17T04:08:07.776+0000] {spark_submit.py:491} INFO - Traceback (most recent call last):
[2023-08-17T04:08:07.778+0000] {spark_submit.py:491} INFO - File "/opt/***/dags/spark_processing.py", line 20, in <module>
[2023-08-17T04:08:07.779+0000] {spark_submit.py:491} INFO - stock_df = spark.read.csv('A.csv', header=True, schema=existing_schema)
[2023-08-17T04:08:07.780+0000] {spark_submit.py:491} INFO - File "/home/***/.local/lib/python3.10/site-packages/pyspark/python/lib/pyspark.zip/pyspark/sql/readwriter.py", line 727, in csv
[2023-08-17T04:08:07.782+0000] {spark_submit.py:491} INFO - File "/home/***/.local/lib/python3.10/site-packages/pyspark/python/lib/py4j-0.10.9.7-src.zip/py4j/java_gateway.py", line 1322, in __call__
[2023-08-17T04:08:07.783+0000] {spark_submit.py:491} INFO - File "/home/***/.local/lib/python3.10/site-packages/pyspark/python/lib/pyspark.zip/pyspark/errors/exceptions/captured.py", line 175, in deco
[2023-08-17T04:08:07.790+0000] {spark_submit.py:491} INFO - pyspark.errors.exceptions.captured.AnalysisException: [PATH_NOT_FOUND] Path does not exist: file:/opt/***/A.csv.
[2023-08-17T04:08:07.845+0000] {spark_submit.py:491} INFO - 23/08/17 04:08:07 INFO SparkContext: Invoking stop() from shutdown hook
[2023-08-17T04:08:07.847+0000] {spark_submit.py:491} INFO - 23/08/17 04:08:07 INFO SparkContext: SparkContext is stopping with exitCode 0.
[2023-08-17T04:08:07.861+0000] {spark_submit.py:491} INFO - 23/08/17 04:08:07 INFO SparkUI: Stopped Spark web UI at http://0d68e811d1ff:4040
[2023-08-17T04:08:07.866+0000] {spark_submit.py:491} INFO - 23/08/17 04:08:07 INFO StandaloneSchedulerBackend: Shutting down all executors
[2023-08-17T04:08:07.870+0000] {spark_submit.py:491} INFO - 23/08/17 04:08:07 INFO StandaloneSchedulerBackend$StandaloneDriverEndpoint: Asking each executor to shut down
[2023-08-17T04:08:07.897+0000] {spark_submit.py:491} INFO - 23/08/17 04:08:07 INFO MapOutputTrackerMasterEndpoint: MapOutputTrackerMasterEndpoint stopped!
[2023-08-17T04:08:07.916+0000] {spark_submit.py:491} INFO - 23/08/17 04:08:07 INFO MemoryStore: MemoryStore cleared
[2023-08-17T04:08:07.918+0000] {spark_submit.py:491} INFO - 23/08/17 04:08:07 INFO BlockManager: BlockManager stopped
[2023-08-17T04:08:07.922+0000] {spark_submit.py:491} INFO - 23/08/17 04:08:07 INFO BlockManagerMaster: BlockManagerMaster stopped
[2023-08-17T04:08:07.925+0000] {spark_submit.py:491} INFO - 23/08/17 04:08:07 INFO OutputCommitCoordinator$OutputCommitCoordinatorEndpoint: OutputCommitCoordinator stopped!
[2023-08-17T04:08:07.942+0000] {spark_submit.py:491} INFO - 23/08/17 04:08:07 INFO SparkContext: Successfully stopped SparkContext
[2023-08-17T04:08:07.944+0000] {spark_submit.py:491} INFO - 23/08/17 04:08:07 INFO ShutdownHookManager: Shutdown hook called
[2023-08-17T04:08:07.945+0000] {spark_submit.py:491} INFO - 23/08/17 04:08:07 INFO ShutdownHookManager: Deleting directory /tmp/spark-a260240b-aac0-4876-9b0b-3f4e2788ac8f
[2023-08-17T04:08:07.953+0000] {spark_submit.py:491} INFO - 23/08/17 04:08:07 INFO ShutdownHookManager: Deleting directory /tmp/spark-8bb170c7-4854-4ab7-bff0-b30397713bc7
[2023-08-17T04:08:07.962+0000] {spark_submit.py:491} INFO - 23/08/17 04:08:07 INFO ShutdownHookManager: Deleting directory /tmp/spark-8bb170c7-4854-4ab7-bff0-b30397713bc7/pyspark-040e226c-22b7-4d77-87b9-a937ac14280f
[2023-08-17T04:08:08.060+0000] {taskinstance.py:1824} ERROR - Task failed with exception
Traceback (most recent call last):
  File "/home/airflow/.local/lib/python3.10/site-packages/airflow/providers/apache/spark/operators/spark_submit.py", line 156, in execute
    self._hook.submit(self._application)
  File "/home/airflow/.local/lib/python3.10/site-packages/airflow/providers/apache/spark/hooks/spark_submit.py", line 422, in submit
    raise AirflowException(
airflow.exceptions.AirflowException: Cannot execute: spark-submit --master spark://spark:7077 --name arrow-spark /opt/***/dags/spark_processing.py. Error code is: 1.
[2023-08-17T04:08:08.064+0000] {taskinstance.py:1345} INFO - Marking task as FAILED. dag_id=spark_***_dag, task_id=spark_submit_task, execution_date=20230817T040801, start_date=20230817T040803, end_date=20230817T040808
[2023-08-17T04:08:08.074+0000] {standard_task_runner.py:104} ERROR - Failed to execute job 10 for task spark_submit_task (Cannot execute: spark-submit --master spark://spark:7077 --name arrow-spark /opt/***/dags/spark_processing.py. Error code is: 1.; 1547)
[2023-08-17T04:08:08.102+0000] {local_task_job_runner.py:225} INFO - Task exited with return code 1
[2023-08-17T04:08:08.120+0000] {taskinstance.py:2651} INFO - 0 downstream tasks scheduled from follow-on schedule check
