[2023-08-18T01:44:21.002+0000] {taskinstance.py:1103} INFO - Dependencies all met for dep_context=non-requeueable deps ti=<TaskInstance: spark_airflow_dag.spark_submit_task manual__2023-08-18T01:44:20.206866+00:00 [queued]>
[2023-08-18T01:44:21.009+0000] {taskinstance.py:1103} INFO - Dependencies all met for dep_context=requeueable deps ti=<TaskInstance: spark_airflow_dag.spark_submit_task manual__2023-08-18T01:44:20.206866+00:00 [queued]>
[2023-08-18T01:44:21.009+0000] {taskinstance.py:1308} INFO - Starting attempt 1 of 1
[2023-08-18T01:44:21.017+0000] {taskinstance.py:1327} INFO - Executing <Task(SparkSubmitOperator): spark_submit_task> on 2023-08-18 01:44:20.206866+00:00
[2023-08-18T01:44:21.021+0000] {standard_task_runner.py:57} INFO - Started process 1440 to run task
[2023-08-18T01:44:21.024+0000] {standard_task_runner.py:84} INFO - Running: ['***', 'tasks', 'run', 'spark_***_dag', 'spark_submit_task', 'manual__2023-08-18T01:44:20.206866+00:00', '--job-id', '14', '--raw', '--subdir', 'DAGS_FOLDER/spark_jobs_dag.py', '--cfg-path', '/tmp/tmp3lybpgc8']
[2023-08-18T01:44:21.026+0000] {standard_task_runner.py:85} INFO - Job 14: Subtask spark_submit_task
[2023-08-18T01:44:21.074+0000] {task_command.py:410} INFO - Running <TaskInstance: spark_airflow_dag.spark_submit_task manual__2023-08-18T01:44:20.206866+00:00 [running]> on host 15ea5e9ca941
[2023-08-18T01:44:21.140+0000] {taskinstance.py:1545} INFO - Exporting env vars: AIRFLOW_CTX_DAG_OWNER='***' AIRFLOW_CTX_DAG_ID='spark_***_dag' AIRFLOW_CTX_TASK_ID='spark_submit_task' AIRFLOW_CTX_EXECUTION_DATE='2023-08-18T01:44:20.206866+00:00' AIRFLOW_CTX_TRY_NUMBER='1' AIRFLOW_CTX_DAG_RUN_ID='manual__2023-08-18T01:44:20.206866+00:00'
[2023-08-18T01:44:21.151+0000] {base.py:73} INFO - Using connection ID 'spark_local' for task execution.
[2023-08-18T01:44:21.153+0000] {spark_submit.py:340} INFO - Spark-Submit cmd: spark-submit --master spark://spark:7077 --name arrow-spark ./dags/utils/spark_processing.py
[2023-08-18T01:44:21.236+0000] {spark_submit.py:491} INFO - /home/***/.local/lib/python3.10/site-packages/pyspark/bin/load-spark-env.sh: line 68: ps: command not found
[2023-08-18T01:44:23.130+0000] {spark_submit.py:491} INFO - 23/08/18 01:44:23 INFO SparkContext: Running Spark version 3.4.1
[2023-08-18T01:44:23.176+0000] {spark_submit.py:491} INFO - 23/08/18 01:44:23 WARN NativeCodeLoader: Unable to load native-hadoop library for your platform... using builtin-java classes where applicable
[2023-08-18T01:44:23.244+0000] {spark_submit.py:491} INFO - 23/08/18 01:44:23 INFO ResourceUtils: ==============================================================
[2023-08-18T01:44:23.246+0000] {spark_submit.py:491} INFO - 23/08/18 01:44:23 INFO ResourceUtils: No custom resources configured for spark.driver.
[2023-08-18T01:44:23.247+0000] {spark_submit.py:491} INFO - 23/08/18 01:44:23 INFO ResourceUtils: ==============================================================
[2023-08-18T01:44:23.247+0000] {spark_submit.py:491} INFO - 23/08/18 01:44:23 INFO SparkContext: Submitted application: DataExtraction
[2023-08-18T01:44:23.264+0000] {spark_submit.py:491} INFO - 23/08/18 01:44:23 INFO ResourceProfile: Default ResourceProfile created, executor resources: Map(memory -> name: memory, amount: 1024, script: , vendor: , offHeap -> name: offHeap, amount: 0, script: , vendor: ), task resources: Map(cpus -> name: cpus, amount: 1.0)
[2023-08-18T01:44:23.271+0000] {spark_submit.py:491} INFO - 23/08/18 01:44:23 INFO ResourceProfile: Limiting resource is cpu
[2023-08-18T01:44:23.272+0000] {spark_submit.py:491} INFO - 23/08/18 01:44:23 INFO ResourceProfileManager: Added ResourceProfile id: 0
[2023-08-18T01:44:23.309+0000] {spark_submit.py:491} INFO - 23/08/18 01:44:23 INFO SecurityManager: Changing view acls to: default
[2023-08-18T01:44:23.311+0000] {spark_submit.py:491} INFO - 23/08/18 01:44:23 INFO SecurityManager: Changing modify acls to: default
[2023-08-18T01:44:23.312+0000] {spark_submit.py:491} INFO - 23/08/18 01:44:23 INFO SecurityManager: Changing view acls groups to:
[2023-08-18T01:44:23.313+0000] {spark_submit.py:491} INFO - 23/08/18 01:44:23 INFO SecurityManager: Changing modify acls groups to:
[2023-08-18T01:44:23.315+0000] {spark_submit.py:491} INFO - 23/08/18 01:44:23 INFO SecurityManager: SecurityManager: authentication disabled; ui acls disabled; users with view permissions: default; groups with view permissions: EMPTY; users with modify permissions: default; groups with modify permissions: EMPTY
[2023-08-18T01:44:23.511+0000] {spark_submit.py:491} INFO - 23/08/18 01:44:23 INFO Utils: Successfully started service 'sparkDriver' on port 33541.
[2023-08-18T01:44:23.536+0000] {spark_submit.py:491} INFO - 23/08/18 01:44:23 INFO SparkEnv: Registering MapOutputTracker
[2023-08-18T01:44:23.565+0000] {spark_submit.py:491} INFO - 23/08/18 01:44:23 INFO SparkEnv: Registering BlockManagerMaster
[2023-08-18T01:44:23.581+0000] {spark_submit.py:491} INFO - 23/08/18 01:44:23 INFO BlockManagerMasterEndpoint: Using org.apache.spark.storage.DefaultTopologyMapper for getting topology information
[2023-08-18T01:44:23.583+0000] {spark_submit.py:491} INFO - 23/08/18 01:44:23 INFO BlockManagerMasterEndpoint: BlockManagerMasterEndpoint up
[2023-08-18T01:44:23.586+0000] {spark_submit.py:491} INFO - 23/08/18 01:44:23 INFO SparkEnv: Registering BlockManagerMasterHeartbeat
[2023-08-18T01:44:23.604+0000] {spark_submit.py:491} INFO - 23/08/18 01:44:23 INFO DiskBlockManager: Created local directory at /tmp/blockmgr-fd0734f9-5595-4240-a362-464bb8b95f0a
[2023-08-18T01:44:23.616+0000] {spark_submit.py:491} INFO - 23/08/18 01:44:23 INFO MemoryStore: MemoryStore started with capacity 434.4 MiB
[2023-08-18T01:44:23.627+0000] {spark_submit.py:491} INFO - 23/08/18 01:44:23 INFO SparkEnv: Registering OutputCommitCoordinator
[2023-08-18T01:44:23.718+0000] {spark_submit.py:491} INFO - 23/08/18 01:44:23 INFO JettyUtils: Start Jetty 0.0.0.0:4040 for SparkUI
[2023-08-18T01:44:23.764+0000] {spark_submit.py:491} INFO - 23/08/18 01:44:23 INFO Utils: Successfully started service 'SparkUI' on port 4040.
[2023-08-18T01:44:23.842+0000] {spark_submit.py:491} INFO - 23/08/18 01:44:23 INFO StandaloneAppClient$ClientEndpoint: Connecting to master spark://spark:7077...
[2023-08-18T01:44:23.877+0000] {spark_submit.py:491} INFO - 23/08/18 01:44:23 INFO TransportClientFactory: Successfully created connection to spark/172.19.0.4:7077 after 21 ms (0 ms spent in bootstraps)
[2023-08-18T01:44:24.006+0000] {spark_submit.py:491} INFO - 23/08/18 01:44:24 INFO StandaloneSchedulerBackend: Connected to Spark cluster with app ID app-20230818014423-0004
[2023-08-18T01:44:24.010+0000] {spark_submit.py:491} INFO - 23/08/18 01:44:24 INFO StandaloneAppClient$ClientEndpoint: Executor added: app-20230818014423-0004/0 on worker-20230818013135-172.19.0.2-36181 (172.19.0.2:36181) with 1 core(s)
[2023-08-18T01:44:24.019+0000] {spark_submit.py:491} INFO - 23/08/18 01:44:24 INFO StandaloneSchedulerBackend: Granted executor ID app-20230818014423-0004/0 on hostPort 172.19.0.2:36181 with 1 core(s), 1024.0 MiB RAM
[2023-08-18T01:44:24.033+0000] {spark_submit.py:491} INFO - 23/08/18 01:44:24 INFO Utils: Successfully started service 'org.apache.spark.network.netty.NettyBlockTransferService' on port 38675.
[2023-08-18T01:44:24.035+0000] {spark_submit.py:491} INFO - 23/08/18 01:44:24 INFO NettyBlockTransferService: Server created on 15ea5e9ca941:38675
[2023-08-18T01:44:24.037+0000] {spark_submit.py:491} INFO - 23/08/18 01:44:24 INFO BlockManager: Using org.apache.spark.storage.RandomBlockReplicationPolicy for block replication policy
[2023-08-18T01:44:24.067+0000] {spark_submit.py:491} INFO - 23/08/18 01:44:24 INFO BlockManagerMaster: Registering BlockManager BlockManagerId(driver, 15ea5e9ca941, 38675, None)
[2023-08-18T01:44:24.076+0000] {spark_submit.py:491} INFO - 23/08/18 01:44:24 INFO BlockManagerMasterEndpoint: Registering block manager 15ea5e9ca941:38675 with 434.4 MiB RAM, BlockManagerId(driver, 15ea5e9ca941, 38675, None)
[2023-08-18T01:44:24.089+0000] {spark_submit.py:491} INFO - 23/08/18 01:44:24 INFO BlockManagerMaster: Registered BlockManager BlockManagerId(driver, 15ea5e9ca941, 38675, None)
[2023-08-18T01:44:24.101+0000] {spark_submit.py:491} INFO - 23/08/18 01:44:24 INFO BlockManager: Initialized BlockManager: BlockManagerId(driver, 15ea5e9ca941, 38675, None)
[2023-08-18T01:44:24.106+0000] {spark_submit.py:491} INFO - 23/08/18 01:44:24 INFO StandaloneAppClient$ClientEndpoint: Executor updated: app-20230818014423-0004/0 is now RUNNING
[2023-08-18T01:44:24.528+0000] {spark_submit.py:491} INFO - 23/08/18 01:44:24 INFO StandaloneSchedulerBackend: SchedulerBackend is ready for scheduling beginning after reached minRegisteredResourcesRatio: 0.0
[2023-08-18T01:44:24.735+0000] {spark_submit.py:491} INFO - 23/08/18 01:44:24 INFO SharedState: Setting hive.metastore.warehouse.dir ('null') to the value of spark.sql.warehouse.dir.
[2023-08-18T01:44:24.741+0000] {spark_submit.py:491} INFO - 23/08/18 01:44:24 INFO SharedState: Warehouse path is 'file:/opt/***/spark-warehouse'.
[2023-08-18T01:44:26.370+0000] {spark_submit.py:491} INFO - Traceback (most recent call last):
[2023-08-18T01:44:26.372+0000] {spark_submit.py:491} INFO - File "/opt/***/dags/utils/spark_processing.py", line 20, in <module>
[2023-08-18T01:44:26.375+0000] {spark_submit.py:491} INFO - stock_df = spark.read.csv("../data/A.csv", header=True, schema=existing_schema)
[2023-08-18T01:44:26.377+0000] {spark_submit.py:491} INFO - File "/home/***/.local/lib/python3.10/site-packages/pyspark/python/lib/pyspark.zip/pyspark/sql/readwriter.py", line 727, in csv
[2023-08-18T01:44:26.379+0000] {spark_submit.py:491} INFO - File "/home/***/.local/lib/python3.10/site-packages/pyspark/python/lib/py4j-0.10.9.7-src.zip/py4j/java_gateway.py", line 1322, in __call__
[2023-08-18T01:44:26.380+0000] {spark_submit.py:491} INFO - File "/home/***/.local/lib/python3.10/site-packages/pyspark/python/lib/pyspark.zip/pyspark/errors/exceptions/captured.py", line 175, in deco
[2023-08-18T01:44:26.399+0000] {spark_submit.py:491} INFO - pyspark.errors.exceptions.captured.AnalysisException: [PATH_NOT_FOUND] Path does not exist: file:/opt/data/A.csv.
[2023-08-18T01:44:26.495+0000] {spark_submit.py:491} INFO - 23/08/18 01:44:26 INFO SparkContext: Invoking stop() from shutdown hook
[2023-08-18T01:44:26.500+0000] {spark_submit.py:491} INFO - 23/08/18 01:44:26 INFO SparkContext: SparkContext is stopping with exitCode 0.
[2023-08-18T01:44:26.522+0000] {spark_submit.py:491} INFO - 23/08/18 01:44:26 INFO SparkUI: Stopped Spark web UI at http://15ea5e9ca941:4040
[2023-08-18T01:44:26.532+0000] {spark_submit.py:491} INFO - 23/08/18 01:44:26 INFO StandaloneSchedulerBackend: Shutting down all executors
[2023-08-18T01:44:26.541+0000] {spark_submit.py:491} INFO - 23/08/18 01:44:26 INFO StandaloneSchedulerBackend$StandaloneDriverEndpoint: Asking each executor to shut down
[2023-08-18T01:44:26.588+0000] {spark_submit.py:491} INFO - 23/08/18 01:44:26 INFO MapOutputTrackerMasterEndpoint: MapOutputTrackerMasterEndpoint stopped!
[2023-08-18T01:44:26.624+0000] {spark_submit.py:491} INFO - 23/08/18 01:44:26 INFO MemoryStore: MemoryStore cleared
[2023-08-18T01:44:26.627+0000] {spark_submit.py:491} INFO - 23/08/18 01:44:26 INFO BlockManager: BlockManager stopped
[2023-08-18T01:44:26.637+0000] {spark_submit.py:491} INFO - 23/08/18 01:44:26 INFO BlockManagerMaster: BlockManagerMaster stopped
[2023-08-18T01:44:26.653+0000] {spark_submit.py:491} INFO - 23/08/18 01:44:26 INFO OutputCommitCoordinator$OutputCommitCoordinatorEndpoint: OutputCommitCoordinator stopped!
[2023-08-18T01:44:26.694+0000] {spark_submit.py:491} INFO - 23/08/18 01:44:26 INFO SparkContext: Successfully stopped SparkContext
[2023-08-18T01:44:26.702+0000] {spark_submit.py:491} INFO - 23/08/18 01:44:26 INFO ShutdownHookManager: Shutdown hook called
[2023-08-18T01:44:26.708+0000] {spark_submit.py:491} INFO - 23/08/18 01:44:26 INFO ShutdownHookManager: Deleting directory /tmp/spark-0d034660-d5b4-45ce-944c-d326bd68f10a/pyspark-3e26545c-7b76-4355-a34e-ecf1edef5827
[2023-08-18T01:44:26.711+0000] {spark_submit.py:491} INFO - 23/08/18 01:44:26 INFO ShutdownHookManager: Deleting directory /tmp/spark-0d034660-d5b4-45ce-944c-d326bd68f10a
[2023-08-18T01:44:26.725+0000] {spark_submit.py:491} INFO - 23/08/18 01:44:26 INFO ShutdownHookManager: Deleting directory /tmp/spark-9cc84f9b-ab43-403f-a9e2-c8dde6df2c41
[2023-08-18T01:44:26.913+0000] {taskinstance.py:1824} ERROR - Task failed with exception
Traceback (most recent call last):
  File "/home/airflow/.local/lib/python3.10/site-packages/airflow/providers/apache/spark/operators/spark_submit.py", line 156, in execute
    self._hook.submit(self._application)
  File "/home/airflow/.local/lib/python3.10/site-packages/airflow/providers/apache/spark/hooks/spark_submit.py", line 422, in submit
    raise AirflowException(
airflow.exceptions.AirflowException: Cannot execute: spark-submit --master spark://spark:7077 --name arrow-spark ./dags/utils/spark_processing.py. Error code is: 1.
[2023-08-18T01:44:26.918+0000] {taskinstance.py:1345} INFO - Marking task as FAILED. dag_id=spark_***_dag, task_id=spark_submit_task, execution_date=20230818T014420, start_date=20230818T014421, end_date=20230818T014426
[2023-08-18T01:44:26.934+0000] {standard_task_runner.py:104} ERROR - Failed to execute job 14 for task spark_submit_task (Cannot execute: spark-submit --master spark://spark:7077 --name arrow-spark ./dags/utils/spark_processing.py. Error code is: 1.; 1440)
[2023-08-18T01:44:26.961+0000] {local_task_job_runner.py:225} INFO - Task exited with return code 1
[2023-08-18T01:44:26.987+0000] {taskinstance.py:2651} INFO - 0 downstream tasks scheduled from follow-on schedule check
