[2023-08-17T06:05:32.076+0000] {taskinstance.py:1103} INFO - Dependencies all met for dep_context=non-requeueable deps ti=<TaskInstance: spark_airflow_dag.spark_submit_task manual__2023-08-17T06:05:31.109547+00:00 [queued]>
[2023-08-17T06:05:32.090+0000] {taskinstance.py:1103} INFO - Dependencies all met for dep_context=requeueable deps ti=<TaskInstance: spark_airflow_dag.spark_submit_task manual__2023-08-17T06:05:31.109547+00:00 [queued]>
[2023-08-17T06:05:32.098+0000] {taskinstance.py:1308} INFO - Starting attempt 1 of 1
[2023-08-17T06:05:32.119+0000] {taskinstance.py:1327} INFO - Executing <Task(SparkSubmitOperator): spark_submit_task> on 2023-08-17 06:05:31.109547+00:00
[2023-08-17T06:05:32.128+0000] {standard_task_runner.py:57} INFO - Started process 5589 to run task
[2023-08-17T06:05:32.135+0000] {standard_task_runner.py:84} INFO - Running: ['***', 'tasks', 'run', 'spark_***_dag', 'spark_submit_task', 'manual__2023-08-17T06:05:31.109547+00:00', '--job-id', '31', '--raw', '--subdir', 'DAGS_FOLDER/spark_jobs_dag.py', '--cfg-path', '/tmp/tmp7d_5j203']
[2023-08-17T06:05:32.137+0000] {standard_task_runner.py:85} INFO - Job 31: Subtask spark_submit_task
[2023-08-17T06:05:32.232+0000] {task_command.py:410} INFO - Running <TaskInstance: spark_airflow_dag.spark_submit_task manual__2023-08-17T06:05:31.109547+00:00 [running]> on host 0d68e811d1ff
[2023-08-17T06:05:32.354+0000] {taskinstance.py:1545} INFO - Exporting env vars: AIRFLOW_CTX_DAG_OWNER='***' AIRFLOW_CTX_DAG_ID='spark_***_dag' AIRFLOW_CTX_TASK_ID='spark_submit_task' AIRFLOW_CTX_EXECUTION_DATE='2023-08-17T06:05:31.109547+00:00' AIRFLOW_CTX_TRY_NUMBER='1' AIRFLOW_CTX_DAG_RUN_ID='manual__2023-08-17T06:05:31.109547+00:00'
[2023-08-17T06:05:32.373+0000] {base.py:73} INFO - Using connection ID 'spark_local' for task execution.
[2023-08-17T06:05:32.376+0000] {spark_submit.py:340} INFO - Spark-Submit cmd: spark-submit --master spark://spark:7077 --name arrow-spark dags/spark_processing.py
[2023-08-17T06:05:32.509+0000] {spark_submit.py:491} INFO - /home/***/.local/lib/python3.10/site-packages/pyspark/bin/load-spark-env.sh: line 68: ps: command not found
[2023-08-17T06:05:35.274+0000] {spark_submit.py:491} INFO - 23/08/17 06:05:35 INFO SparkContext: Running Spark version 3.4.1
[2023-08-17T06:05:35.321+0000] {spark_submit.py:491} INFO - 23/08/17 06:05:35 WARN NativeCodeLoader: Unable to load native-hadoop library for your platform... using builtin-java classes where applicable
[2023-08-17T06:05:35.379+0000] {spark_submit.py:491} INFO - 23/08/17 06:05:35 INFO ResourceUtils: ==============================================================
[2023-08-17T06:05:35.380+0000] {spark_submit.py:491} INFO - 23/08/17 06:05:35 INFO ResourceUtils: No custom resources configured for spark.driver.
[2023-08-17T06:05:35.381+0000] {spark_submit.py:491} INFO - 23/08/17 06:05:35 INFO ResourceUtils: ==============================================================
[2023-08-17T06:05:35.382+0000] {spark_submit.py:491} INFO - 23/08/17 06:05:35 INFO SparkContext: Submitted application: DataExtraction
[2023-08-17T06:05:35.395+0000] {spark_submit.py:491} INFO - 23/08/17 06:05:35 INFO ResourceProfile: Default ResourceProfile created, executor resources: Map(memory -> name: memory, amount: 1024, script: , vendor: , offHeap -> name: offHeap, amount: 0, script: , vendor: ), task resources: Map(cpus -> name: cpus, amount: 1.0)
[2023-08-17T06:05:35.402+0000] {spark_submit.py:491} INFO - 23/08/17 06:05:35 INFO ResourceProfile: Limiting resource is cpu
[2023-08-17T06:05:35.404+0000] {spark_submit.py:491} INFO - 23/08/17 06:05:35 INFO ResourceProfileManager: Added ResourceProfile id: 0
[2023-08-17T06:05:35.440+0000] {spark_submit.py:491} INFO - 23/08/17 06:05:35 INFO SecurityManager: Changing view acls to: default
[2023-08-17T06:05:35.441+0000] {spark_submit.py:491} INFO - 23/08/17 06:05:35 INFO SecurityManager: Changing modify acls to: default
[2023-08-17T06:05:35.442+0000] {spark_submit.py:491} INFO - 23/08/17 06:05:35 INFO SecurityManager: Changing view acls groups to:
[2023-08-17T06:05:35.443+0000] {spark_submit.py:491} INFO - 23/08/17 06:05:35 INFO SecurityManager: Changing modify acls groups to:
[2023-08-17T06:05:35.445+0000] {spark_submit.py:491} INFO - 23/08/17 06:05:35 INFO SecurityManager: SecurityManager: authentication disabled; ui acls disabled; users with view permissions: default; groups with view permissions: EMPTY; users with modify permissions: default; groups with modify permissions: EMPTY
[2023-08-17T06:05:35.595+0000] {spark_submit.py:491} INFO - 23/08/17 06:05:35 INFO Utils: Successfully started service 'sparkDriver' on port 43721.
[2023-08-17T06:05:35.614+0000] {spark_submit.py:491} INFO - 23/08/17 06:05:35 INFO SparkEnv: Registering MapOutputTracker
[2023-08-17T06:05:35.640+0000] {spark_submit.py:491} INFO - 23/08/17 06:05:35 INFO SparkEnv: Registering BlockManagerMaster
[2023-08-17T06:05:35.655+0000] {spark_submit.py:491} INFO - 23/08/17 06:05:35 INFO BlockManagerMasterEndpoint: Using org.apache.spark.storage.DefaultTopologyMapper for getting topology information
[2023-08-17T06:05:35.656+0000] {spark_submit.py:491} INFO - 23/08/17 06:05:35 INFO BlockManagerMasterEndpoint: BlockManagerMasterEndpoint up
[2023-08-17T06:05:35.659+0000] {spark_submit.py:491} INFO - 23/08/17 06:05:35 INFO SparkEnv: Registering BlockManagerMasterHeartbeat
[2023-08-17T06:05:35.672+0000] {spark_submit.py:491} INFO - 23/08/17 06:05:35 INFO DiskBlockManager: Created local directory at /tmp/blockmgr-af90e9b3-6f77-4884-82bd-c44c2fabe914
[2023-08-17T06:05:35.682+0000] {spark_submit.py:491} INFO - 23/08/17 06:05:35 INFO MemoryStore: MemoryStore started with capacity 434.4 MiB
[2023-08-17T06:05:35.693+0000] {spark_submit.py:491} INFO - 23/08/17 06:05:35 INFO SparkEnv: Registering OutputCommitCoordinator
[2023-08-17T06:05:35.780+0000] {spark_submit.py:491} INFO - 23/08/17 06:05:35 INFO JettyUtils: Start Jetty 0.0.0.0:4040 for SparkUI
[2023-08-17T06:05:35.840+0000] {spark_submit.py:491} INFO - 23/08/17 06:05:35 INFO Utils: Successfully started service 'SparkUI' on port 4040.
[2023-08-17T06:05:35.925+0000] {spark_submit.py:491} INFO - 23/08/17 06:05:35 INFO StandaloneAppClient$ClientEndpoint: Connecting to master spark://spark:7077...
[2023-08-17T06:05:35.956+0000] {spark_submit.py:491} INFO - 23/08/17 06:05:35 INFO TransportClientFactory: Successfully created connection to spark/172.18.0.9:7077 after 18 ms (0 ms spent in bootstraps)
[2023-08-17T06:05:36.022+0000] {spark_submit.py:491} INFO - 23/08/17 06:05:36 INFO StandaloneSchedulerBackend: Connected to Spark cluster with app ID app-20230817060536-0023
[2023-08-17T06:05:36.025+0000] {spark_submit.py:491} INFO - 23/08/17 06:05:36 INFO StandaloneAppClient$ClientEndpoint: Executor added: app-20230817060536-0023/0 on worker-20230817035656-172.18.0.8-40033 (172.18.0.8:40033) with 1 core(s)
[2023-08-17T06:05:36.028+0000] {spark_submit.py:491} INFO - 23/08/17 06:05:36 INFO StandaloneSchedulerBackend: Granted executor ID app-20230817060536-0023/0 on hostPort 172.18.0.8:40033 with 1 core(s), 1024.0 MiB RAM
[2023-08-17T06:05:36.032+0000] {spark_submit.py:491} INFO - 23/08/17 06:05:36 INFO Utils: Successfully started service 'org.apache.spark.network.netty.NettyBlockTransferService' on port 37383.
[2023-08-17T06:05:36.036+0000] {spark_submit.py:491} INFO - 23/08/17 06:05:36 INFO NettyBlockTransferService: Server created on 0d68e811d1ff:37383
[2023-08-17T06:05:36.038+0000] {spark_submit.py:491} INFO - 23/08/17 06:05:36 INFO BlockManager: Using org.apache.spark.storage.RandomBlockReplicationPolicy for block replication policy
[2023-08-17T06:05:36.041+0000] {spark_submit.py:491} INFO - 23/08/17 06:05:36 INFO BlockManagerMaster: Registering BlockManager BlockManagerId(driver, 0d68e811d1ff, 37383, None)
[2023-08-17T06:05:36.044+0000] {spark_submit.py:491} INFO - 23/08/17 06:05:36 INFO BlockManagerMasterEndpoint: Registering block manager 0d68e811d1ff:37383 with 434.4 MiB RAM, BlockManagerId(driver, 0d68e811d1ff, 37383, None)
[2023-08-17T06:05:36.052+0000] {spark_submit.py:491} INFO - 23/08/17 06:05:36 INFO BlockManagerMaster: Registered BlockManager BlockManagerId(driver, 0d68e811d1ff, 37383, None)
[2023-08-17T06:05:36.056+0000] {spark_submit.py:491} INFO - 23/08/17 06:05:36 INFO BlockManager: Initialized BlockManager: BlockManagerId(driver, 0d68e811d1ff, 37383, None)
[2023-08-17T06:05:36.059+0000] {spark_submit.py:491} INFO - 23/08/17 06:05:36 INFO StandaloneAppClient$ClientEndpoint: Executor updated: app-20230817060536-0023/0 is now RUNNING
[2023-08-17T06:05:36.247+0000] {spark_submit.py:491} INFO - 23/08/17 06:05:36 INFO StandaloneSchedulerBackend: SchedulerBackend is ready for scheduling beginning after reached minRegisteredResourcesRatio: 0.0
[2023-08-17T06:05:36.555+0000] {spark_submit.py:491} INFO - 23/08/17 06:05:36 INFO SharedState: Setting hive.metastore.warehouse.dir ('null') to the value of spark.sql.warehouse.dir.
[2023-08-17T06:05:36.565+0000] {spark_submit.py:491} INFO - 23/08/17 06:05:36 INFO SharedState: Warehouse path is 'file:/opt/***/spark-warehouse'.
[2023-08-17T06:05:38.003+0000] {spark_submit.py:491} INFO - Traceback (most recent call last):
[2023-08-17T06:05:38.005+0000] {spark_submit.py:491} INFO - File "/opt/***/dags/spark_processing.py", line 21, in <module>
[2023-08-17T06:05:38.006+0000] {spark_submit.py:491} INFO - stock_df = spark.read.csv("/Users/hople/working_folder/ML_PIPELINE_AIRFLOW_SPARK_DOCKER/A.csv", header=True, schema=existing_schema)
[2023-08-17T06:05:38.008+0000] {spark_submit.py:491} INFO - File "/home/***/.local/lib/python3.10/site-packages/pyspark/python/lib/pyspark.zip/pyspark/sql/readwriter.py", line 727, in csv
[2023-08-17T06:05:38.009+0000] {spark_submit.py:491} INFO - File "/home/***/.local/lib/python3.10/site-packages/pyspark/python/lib/py4j-0.10.9.7-src.zip/py4j/java_gateway.py", line 1322, in __call__
[2023-08-17T06:05:38.010+0000] {spark_submit.py:491} INFO - File "/home/***/.local/lib/python3.10/site-packages/pyspark/python/lib/pyspark.zip/pyspark/errors/exceptions/captured.py", line 175, in deco
[2023-08-17T06:05:38.021+0000] {spark_submit.py:491} INFO - pyspark.errors.exceptions.captured.AnalysisException: [PATH_NOT_FOUND] Path does not exist: file:/Users/hople/working_folder/ML_PIPELINE_AIRFLOW_SPARK_DOCKER/A.csv.
[2023-08-17T06:05:38.122+0000] {spark_submit.py:491} INFO - 23/08/17 06:05:38 INFO SparkContext: Invoking stop() from shutdown hook
[2023-08-17T06:05:38.125+0000] {spark_submit.py:491} INFO - 23/08/17 06:05:38 INFO SparkContext: SparkContext is stopping with exitCode 0.
[2023-08-17T06:05:38.144+0000] {spark_submit.py:491} INFO - 23/08/17 06:05:38 INFO SparkUI: Stopped Spark web UI at http://0d68e811d1ff:4040
[2023-08-17T06:05:38.151+0000] {spark_submit.py:491} INFO - 23/08/17 06:05:38 INFO StandaloneSchedulerBackend: Shutting down all executors
[2023-08-17T06:05:38.157+0000] {spark_submit.py:491} INFO - 23/08/17 06:05:38 INFO StandaloneSchedulerBackend$StandaloneDriverEndpoint: Asking each executor to shut down
[2023-08-17T06:05:38.196+0000] {spark_submit.py:491} INFO - 23/08/17 06:05:38 INFO MapOutputTrackerMasterEndpoint: MapOutputTrackerMasterEndpoint stopped!
[2023-08-17T06:05:38.248+0000] {spark_submit.py:491} INFO - 23/08/17 06:05:38 INFO MemoryStore: MemoryStore cleared
[2023-08-17T06:05:38.255+0000] {spark_submit.py:491} INFO - 23/08/17 06:05:38 INFO BlockManager: BlockManager stopped
[2023-08-17T06:05:38.257+0000] {spark_submit.py:491} INFO - 23/08/17 06:05:38 INFO BlockManagerMaster: BlockManagerMaster stopped
[2023-08-17T06:05:38.259+0000] {spark_submit.py:491} INFO - 23/08/17 06:05:38 INFO OutputCommitCoordinator$OutputCommitCoordinatorEndpoint: OutputCommitCoordinator stopped!
[2023-08-17T06:05:38.290+0000] {spark_submit.py:491} INFO - 23/08/17 06:05:38 INFO SparkContext: Successfully stopped SparkContext
[2023-08-17T06:05:38.293+0000] {spark_submit.py:491} INFO - 23/08/17 06:05:38 INFO ShutdownHookManager: Shutdown hook called
[2023-08-17T06:05:38.296+0000] {spark_submit.py:491} INFO - 23/08/17 06:05:38 INFO ShutdownHookManager: Deleting directory /tmp/spark-da7e0661-2fd8-4cab-8ed4-dc06d98e5184/pyspark-96a06465-f446-4f95-87b9-a3af8df568c5
[2023-08-17T06:05:38.308+0000] {spark_submit.py:491} INFO - 23/08/17 06:05:38 INFO ShutdownHookManager: Deleting directory /tmp/spark-00b43d3f-a538-49be-8209-9d0b39f47a65
[2023-08-17T06:05:38.318+0000] {spark_submit.py:491} INFO - 23/08/17 06:05:38 INFO ShutdownHookManager: Deleting directory /tmp/spark-da7e0661-2fd8-4cab-8ed4-dc06d98e5184
[2023-08-17T06:05:38.450+0000] {taskinstance.py:1824} ERROR - Task failed with exception
Traceback (most recent call last):
  File "/home/airflow/.local/lib/python3.10/site-packages/airflow/providers/apache/spark/operators/spark_submit.py", line 156, in execute
    self._hook.submit(self._application)
  File "/home/airflow/.local/lib/python3.10/site-packages/airflow/providers/apache/spark/hooks/spark_submit.py", line 422, in submit
    raise AirflowException(
airflow.exceptions.AirflowException: Cannot execute: spark-submit --master spark://spark:7077 --name arrow-spark dags/spark_processing.py. Error code is: 1.
[2023-08-17T06:05:38.455+0000] {taskinstance.py:1345} INFO - Marking task as FAILED. dag_id=spark_***_dag, task_id=spark_submit_task, execution_date=20230817T060531, start_date=20230817T060532, end_date=20230817T060538
[2023-08-17T06:05:38.468+0000] {standard_task_runner.py:104} ERROR - Failed to execute job 31 for task spark_submit_task (Cannot execute: spark-submit --master spark://spark:7077 --name arrow-spark dags/spark_processing.py. Error code is: 1.; 5589)
[2023-08-17T06:05:38.493+0000] {local_task_job_runner.py:225} INFO - Task exited with return code 1
[2023-08-17T06:05:38.553+0000] {taskinstance.py:2651} INFO - 0 downstream tasks scheduled from follow-on schedule check
