[2023-08-18T01:42:26.208+0000] {taskinstance.py:1103} INFO - Dependencies all met for dep_context=non-requeueable deps ti=<TaskInstance: spark_airflow_dag.spark_submit_task manual__2023-08-18T01:42:24.990298+00:00 [queued]>
[2023-08-18T01:42:26.215+0000] {taskinstance.py:1103} INFO - Dependencies all met for dep_context=requeueable deps ti=<TaskInstance: spark_airflow_dag.spark_submit_task manual__2023-08-18T01:42:24.990298+00:00 [queued]>
[2023-08-18T01:42:26.216+0000] {taskinstance.py:1308} INFO - Starting attempt 1 of 1
[2023-08-18T01:42:26.225+0000] {taskinstance.py:1327} INFO - Executing <Task(SparkSubmitOperator): spark_submit_task> on 2023-08-18 01:42:24.990298+00:00
[2023-08-18T01:42:26.228+0000] {standard_task_runner.py:57} INFO - Started process 895 to run task
[2023-08-18T01:42:26.232+0000] {standard_task_runner.py:84} INFO - Running: ['***', 'tasks', 'run', 'spark_***_dag', 'spark_submit_task', 'manual__2023-08-18T01:42:24.990298+00:00', '--job-id', '11', '--raw', '--subdir', 'DAGS_FOLDER/spark_jobs_dag.py', '--cfg-path', '/tmp/tmpxcdhbki3']
[2023-08-18T01:42:26.234+0000] {standard_task_runner.py:85} INFO - Job 11: Subtask spark_submit_task
[2023-08-18T01:42:26.286+0000] {task_command.py:410} INFO - Running <TaskInstance: spark_airflow_dag.spark_submit_task manual__2023-08-18T01:42:24.990298+00:00 [running]> on host 15ea5e9ca941
[2023-08-18T01:42:26.357+0000] {taskinstance.py:1545} INFO - Exporting env vars: AIRFLOW_CTX_DAG_OWNER='***' AIRFLOW_CTX_DAG_ID='spark_***_dag' AIRFLOW_CTX_TASK_ID='spark_submit_task' AIRFLOW_CTX_EXECUTION_DATE='2023-08-18T01:42:24.990298+00:00' AIRFLOW_CTX_TRY_NUMBER='1' AIRFLOW_CTX_DAG_RUN_ID='manual__2023-08-18T01:42:24.990298+00:00'
[2023-08-18T01:42:26.368+0000] {base.py:73} INFO - Using connection ID 'spark_local' for task execution.
[2023-08-18T01:42:26.370+0000] {spark_submit.py:340} INFO - Spark-Submit cmd: spark-submit --master spark://spark:7077 --name arrow-spark ./dags/utils/spark_processing.py
[2023-08-18T01:42:26.461+0000] {spark_submit.py:491} INFO - /home/***/.local/lib/python3.10/site-packages/pyspark/bin/load-spark-env.sh: line 68: ps: command not found
[2023-08-18T01:42:28.544+0000] {spark_submit.py:491} INFO - 23/08/18 01:42:28 INFO SparkContext: Running Spark version 3.4.1
[2023-08-18T01:42:28.583+0000] {spark_submit.py:491} INFO - 23/08/18 01:42:28 WARN NativeCodeLoader: Unable to load native-hadoop library for your platform... using builtin-java classes where applicable
[2023-08-18T01:42:28.644+0000] {spark_submit.py:491} INFO - 23/08/18 01:42:28 INFO ResourceUtils: ==============================================================
[2023-08-18T01:42:28.645+0000] {spark_submit.py:491} INFO - 23/08/18 01:42:28 INFO ResourceUtils: No custom resources configured for spark.driver.
[2023-08-18T01:42:28.645+0000] {spark_submit.py:491} INFO - 23/08/18 01:42:28 INFO ResourceUtils: ==============================================================
[2023-08-18T01:42:28.646+0000] {spark_submit.py:491} INFO - 23/08/18 01:42:28 INFO SparkContext: Submitted application: DataExtraction
[2023-08-18T01:42:28.659+0000] {spark_submit.py:491} INFO - 23/08/18 01:42:28 INFO ResourceProfile: Default ResourceProfile created, executor resources: Map(memory -> name: memory, amount: 1024, script: , vendor: , offHeap -> name: offHeap, amount: 0, script: , vendor: ), task resources: Map(cpus -> name: cpus, amount: 1.0)
[2023-08-18T01:42:28.665+0000] {spark_submit.py:491} INFO - 23/08/18 01:42:28 INFO ResourceProfile: Limiting resource is cpu
[2023-08-18T01:42:28.666+0000] {spark_submit.py:491} INFO - 23/08/18 01:42:28 INFO ResourceProfileManager: Added ResourceProfile id: 0
[2023-08-18T01:42:28.701+0000] {spark_submit.py:491} INFO - 23/08/18 01:42:28 INFO SecurityManager: Changing view acls to: default
[2023-08-18T01:42:28.703+0000] {spark_submit.py:491} INFO - 23/08/18 01:42:28 INFO SecurityManager: Changing modify acls to: default
[2023-08-18T01:42:28.704+0000] {spark_submit.py:491} INFO - 23/08/18 01:42:28 INFO SecurityManager: Changing view acls groups to:
[2023-08-18T01:42:28.705+0000] {spark_submit.py:491} INFO - 23/08/18 01:42:28 INFO SecurityManager: Changing modify acls groups to:
[2023-08-18T01:42:28.707+0000] {spark_submit.py:491} INFO - 23/08/18 01:42:28 INFO SecurityManager: SecurityManager: authentication disabled; ui acls disabled; users with view permissions: default; groups with view permissions: EMPTY; users with modify permissions: default; groups with modify permissions: EMPTY
[2023-08-18T01:42:28.849+0000] {spark_submit.py:491} INFO - 23/08/18 01:42:28 INFO Utils: Successfully started service 'sparkDriver' on port 46621.
[2023-08-18T01:42:28.869+0000] {spark_submit.py:491} INFO - 23/08/18 01:42:28 INFO SparkEnv: Registering MapOutputTracker
[2023-08-18T01:42:28.894+0000] {spark_submit.py:491} INFO - 23/08/18 01:42:28 INFO SparkEnv: Registering BlockManagerMaster
[2023-08-18T01:42:28.909+0000] {spark_submit.py:491} INFO - 23/08/18 01:42:28 INFO BlockManagerMasterEndpoint: Using org.apache.spark.storage.DefaultTopologyMapper for getting topology information
[2023-08-18T01:42:28.911+0000] {spark_submit.py:491} INFO - 23/08/18 01:42:28 INFO BlockManagerMasterEndpoint: BlockManagerMasterEndpoint up
[2023-08-18T01:42:28.913+0000] {spark_submit.py:491} INFO - 23/08/18 01:42:28 INFO SparkEnv: Registering BlockManagerMasterHeartbeat
[2023-08-18T01:42:28.927+0000] {spark_submit.py:491} INFO - 23/08/18 01:42:28 INFO DiskBlockManager: Created local directory at /tmp/blockmgr-5b878b61-3846-4388-88db-294435044ed3
[2023-08-18T01:42:28.937+0000] {spark_submit.py:491} INFO - 23/08/18 01:42:28 INFO MemoryStore: MemoryStore started with capacity 434.4 MiB
[2023-08-18T01:42:28.949+0000] {spark_submit.py:491} INFO - 23/08/18 01:42:28 INFO SparkEnv: Registering OutputCommitCoordinator
[2023-08-18T01:42:29.036+0000] {spark_submit.py:491} INFO - 23/08/18 01:42:29 INFO JettyUtils: Start Jetty 0.0.0.0:4040 for SparkUI
[2023-08-18T01:42:29.081+0000] {spark_submit.py:491} INFO - 23/08/18 01:42:29 INFO Utils: Successfully started service 'SparkUI' on port 4040.
[2023-08-18T01:42:29.170+0000] {spark_submit.py:491} INFO - 23/08/18 01:42:29 INFO StandaloneAppClient$ClientEndpoint: Connecting to master spark://spark:7077...
[2023-08-18T01:42:29.204+0000] {spark_submit.py:491} INFO - 23/08/18 01:42:29 INFO TransportClientFactory: Successfully created connection to spark/172.19.0.4:7077 after 20 ms (0 ms spent in bootstraps)
[2023-08-18T01:42:29.275+0000] {spark_submit.py:491} INFO - 23/08/18 01:42:29 INFO StandaloneSchedulerBackend: Connected to Spark cluster with app ID app-20230818014229-0001
[2023-08-18T01:42:29.284+0000] {spark_submit.py:491} INFO - 23/08/18 01:42:29 INFO StandaloneAppClient$ClientEndpoint: Executor added: app-20230818014229-0001/0 on worker-20230818013135-172.19.0.2-36181 (172.19.0.2:36181) with 1 core(s)
[2023-08-18T01:42:29.286+0000] {spark_submit.py:491} INFO - 23/08/18 01:42:29 INFO StandaloneSchedulerBackend: Granted executor ID app-20230818014229-0001/0 on hostPort 172.19.0.2:36181 with 1 core(s), 1024.0 MiB RAM
[2023-08-18T01:42:29.289+0000] {spark_submit.py:491} INFO - 23/08/18 01:42:29 INFO Utils: Successfully started service 'org.apache.spark.network.netty.NettyBlockTransferService' on port 35229.
[2023-08-18T01:42:29.291+0000] {spark_submit.py:491} INFO - 23/08/18 01:42:29 INFO NettyBlockTransferService: Server created on 15ea5e9ca941:35229
[2023-08-18T01:42:29.292+0000] {spark_submit.py:491} INFO - 23/08/18 01:42:29 INFO BlockManager: Using org.apache.spark.storage.RandomBlockReplicationPolicy for block replication policy
[2023-08-18T01:42:29.298+0000] {spark_submit.py:491} INFO - 23/08/18 01:42:29 INFO BlockManagerMaster: Registering BlockManager BlockManagerId(driver, 15ea5e9ca941, 35229, None)
[2023-08-18T01:42:29.301+0000] {spark_submit.py:491} INFO - 23/08/18 01:42:29 INFO BlockManagerMasterEndpoint: Registering block manager 15ea5e9ca941:35229 with 434.4 MiB RAM, BlockManagerId(driver, 15ea5e9ca941, 35229, None)
[2023-08-18T01:42:29.303+0000] {spark_submit.py:491} INFO - 23/08/18 01:42:29 INFO BlockManagerMaster: Registered BlockManager BlockManagerId(driver, 15ea5e9ca941, 35229, None)
[2023-08-18T01:42:29.304+0000] {spark_submit.py:491} INFO - 23/08/18 01:42:29 INFO BlockManager: Initialized BlockManager: BlockManagerId(driver, 15ea5e9ca941, 35229, None)
[2023-08-18T01:42:29.331+0000] {spark_submit.py:491} INFO - 23/08/18 01:42:29 INFO StandaloneAppClient$ClientEndpoint: Executor updated: app-20230818014229-0001/0 is now RUNNING
[2023-08-18T01:42:29.496+0000] {spark_submit.py:491} INFO - 23/08/18 01:42:29 INFO StandaloneSchedulerBackend: SchedulerBackend is ready for scheduling beginning after reached minRegisteredResourcesRatio: 0.0
[2023-08-18T01:42:29.673+0000] {spark_submit.py:491} INFO - 23/08/18 01:42:29 INFO SharedState: Setting hive.metastore.warehouse.dir ('null') to the value of spark.sql.warehouse.dir.
[2023-08-18T01:42:29.678+0000] {spark_submit.py:491} INFO - 23/08/18 01:42:29 INFO SharedState: Warehouse path is 'file:/opt/***/spark-warehouse'.
[2023-08-18T01:42:30.626+0000] {spark_submit.py:491} INFO - 23/08/18 01:42:30 INFO InMemoryFileIndex: It took 52 ms to list leaf files for 1 paths.
[2023-08-18T01:42:32.103+0000] {spark_submit.py:491} INFO - 23/08/18 01:42:32 INFO StandaloneSchedulerBackend$StandaloneDriverEndpoint: Registered executor NettyRpcEndpointRef(spark-client://Executor) (172.19.0.2:51542) with ID 0,  ResourceProfileId 0
[2023-08-18T01:42:32.206+0000] {spark_submit.py:491} INFO - 23/08/18 01:42:32 INFO BlockManagerMasterEndpoint: Registering block manager 172.19.0.2:35725 with 434.4 MiB RAM, BlockManagerId(0, 172.19.0.2, 35725, None)
[2023-08-18T01:42:32.864+0000] {spark_submit.py:491} INFO - 23/08/18 01:42:32 INFO FileSourceStrategy: Pushed Filters:
[2023-08-18T01:42:32.874+0000] {spark_submit.py:491} INFO - 23/08/18 01:42:32 INFO FileSourceStrategy: Post-Scan Filters:
[2023-08-18T01:42:32.952+0000] {spark_submit.py:491} INFO - 23/08/18 01:42:32 INFO ParquetUtils: Using default output committer for Parquet: org.apache.parquet.hadoop.ParquetOutputCommitter
[2023-08-18T01:42:32.969+0000] {spark_submit.py:491} INFO - 23/08/18 01:42:32 INFO FileOutputCommitter: File Output Committer Algorithm version is 1
[2023-08-18T01:42:32.970+0000] {spark_submit.py:491} INFO - 23/08/18 01:42:32 INFO FileOutputCommitter: FileOutputCommitter skip cleanup _temporary folders under output directory:false, ignore cleanup failures: false
[2023-08-18T01:42:32.972+0000] {spark_submit.py:491} INFO - 23/08/18 01:42:32 INFO SQLHadoopMapReduceCommitProtocol: Using user defined output committer class org.apache.parquet.hadoop.ParquetOutputCommitter
[2023-08-18T01:42:32.972+0000] {spark_submit.py:491} INFO - 23/08/18 01:42:32 INFO FileOutputCommitter: File Output Committer Algorithm version is 1
[2023-08-18T01:42:32.973+0000] {spark_submit.py:491} INFO - 23/08/18 01:42:32 INFO FileOutputCommitter: FileOutputCommitter skip cleanup _temporary folders under output directory:false, ignore cleanup failures: false
[2023-08-18T01:42:32.974+0000] {spark_submit.py:491} INFO - 23/08/18 01:42:32 INFO SQLHadoopMapReduceCommitProtocol: Using output committer class org.apache.parquet.hadoop.ParquetOutputCommitter
[2023-08-18T01:42:33.322+0000] {spark_submit.py:491} INFO - 23/08/18 01:42:33 INFO CodeGenerator: Code generated in 144.62725 ms
[2023-08-18T01:42:33.357+0000] {spark_submit.py:491} INFO - 23/08/18 01:42:33 INFO MemoryStore: Block broadcast_0 stored as values in memory (estimated size 199.3 KiB, free 434.2 MiB)
[2023-08-18T01:42:33.397+0000] {spark_submit.py:491} INFO - 23/08/18 01:42:33 INFO MemoryStore: Block broadcast_0_piece0 stored as bytes in memory (estimated size 34.3 KiB, free 434.2 MiB)
[2023-08-18T01:42:33.400+0000] {spark_submit.py:491} INFO - 23/08/18 01:42:33 INFO BlockManagerInfo: Added broadcast_0_piece0 in memory on 15ea5e9ca941:35229 (size: 34.3 KiB, free: 434.4 MiB)
[2023-08-18T01:42:33.403+0000] {spark_submit.py:491} INFO - 23/08/18 01:42:33 INFO SparkContext: Created broadcast 0 from parquet at NativeMethodAccessorImpl.java:0
[2023-08-18T01:42:33.427+0000] {spark_submit.py:491} INFO - 23/08/18 01:42:33 INFO FileSourceScanExec: Planning scan with bin packing, max size: 4194304 bytes, open cost is considered as scanning 4194304 bytes.
[2023-08-18T01:42:33.489+0000] {spark_submit.py:491} INFO - 23/08/18 01:42:33 INFO SparkContext: Starting job: parquet at NativeMethodAccessorImpl.java:0
[2023-08-18T01:42:33.498+0000] {spark_submit.py:491} INFO - 23/08/18 01:42:33 INFO DAGScheduler: Got job 0 (parquet at NativeMethodAccessorImpl.java:0) with 1 output partitions
[2023-08-18T01:42:33.499+0000] {spark_submit.py:491} INFO - 23/08/18 01:42:33 INFO DAGScheduler: Final stage: ResultStage 0 (parquet at NativeMethodAccessorImpl.java:0)
[2023-08-18T01:42:33.501+0000] {spark_submit.py:491} INFO - 23/08/18 01:42:33 INFO DAGScheduler: Parents of final stage: List()
[2023-08-18T01:42:33.502+0000] {spark_submit.py:491} INFO - 23/08/18 01:42:33 INFO DAGScheduler: Missing parents: List()
[2023-08-18T01:42:33.503+0000] {spark_submit.py:491} INFO - 23/08/18 01:42:33 INFO DAGScheduler: Submitting ResultStage 0 (MapPartitionsRDD[3] at parquet at NativeMethodAccessorImpl.java:0), which has no missing parents
[2023-08-18T01:42:33.577+0000] {spark_submit.py:491} INFO - 23/08/18 01:42:33 INFO MemoryStore: Block broadcast_1 stored as values in memory (estimated size 217.9 KiB, free 434.0 MiB)
[2023-08-18T01:42:33.586+0000] {spark_submit.py:491} INFO - 23/08/18 01:42:33 INFO MemoryStore: Block broadcast_1_piece0 stored as bytes in memory (estimated size 78.4 KiB, free 433.9 MiB)
[2023-08-18T01:42:33.588+0000] {spark_submit.py:491} INFO - 23/08/18 01:42:33 INFO BlockManagerInfo: Added broadcast_1_piece0 in memory on 15ea5e9ca941:35229 (size: 78.4 KiB, free: 434.3 MiB)
[2023-08-18T01:42:33.590+0000] {spark_submit.py:491} INFO - 23/08/18 01:42:33 INFO SparkContext: Created broadcast 1 from broadcast at DAGScheduler.scala:1535
[2023-08-18T01:42:33.599+0000] {spark_submit.py:491} INFO - 23/08/18 01:42:33 INFO DAGScheduler: Submitting 1 missing tasks from ResultStage 0 (MapPartitionsRDD[3] at parquet at NativeMethodAccessorImpl.java:0) (first 15 tasks are for partitions Vector(0))
[2023-08-18T01:42:33.601+0000] {spark_submit.py:491} INFO - 23/08/18 01:42:33 INFO TaskSchedulerImpl: Adding task set 0.0 with 1 tasks resource profile 0
[2023-08-18T01:42:33.629+0000] {spark_submit.py:491} INFO - 23/08/18 01:42:33 INFO TaskSetManager: Starting task 0.0 in stage 0.0 (TID 0) (172.19.0.2, executor 0, partition 0, PROCESS_LOCAL, 7919 bytes)
[2023-08-18T01:42:33.787+0000] {spark_submit.py:491} INFO - 23/08/18 01:42:33 INFO BlockManagerInfo: Added broadcast_1_piece0 in memory on 172.19.0.2:35725 (size: 78.4 KiB, free: 434.3 MiB)
[2023-08-18T01:42:34.711+0000] {spark_submit.py:491} INFO - 23/08/18 01:42:34 INFO BlockManagerInfo: Added broadcast_0_piece0 in memory on 172.19.0.2:35725 (size: 34.3 KiB, free: 434.3 MiB)
[2023-08-18T01:42:35.167+0000] {spark_submit.py:491} INFO - 23/08/18 01:42:35 WARN TaskSetManager: Lost task 0.0 in stage 0.0 (TID 0) (172.19.0.2 executor 0): org.apache.spark.SparkException: [TASK_WRITE_FAILED] Task failed while writing rows to file:/opt/***/dags/data/A_preprocessed.parquet.
[2023-08-18T01:42:35.169+0000] {spark_submit.py:491} INFO - at org.apache.spark.sql.errors.QueryExecutionErrors$.taskFailedWhileWritingRowsError(QueryExecutionErrors.scala:788)
[2023-08-18T01:42:35.170+0000] {spark_submit.py:491} INFO - at org.apache.spark.sql.execution.datasources.FileFormatWriter$.executeTask(FileFormatWriter.scala:420)
[2023-08-18T01:42:35.171+0000] {spark_submit.py:491} INFO - at org.apache.spark.sql.execution.datasources.WriteFilesExec.$anonfun$doExecuteWrite$1(WriteFiles.scala:100)
[2023-08-18T01:42:35.172+0000] {spark_submit.py:491} INFO - at org.apache.spark.rdd.RDD.$anonfun$mapPartitionsInternal$2(RDD.scala:888)
[2023-08-18T01:42:35.173+0000] {spark_submit.py:491} INFO - at org.apache.spark.rdd.RDD.$anonfun$mapPartitionsInternal$2$adapted(RDD.scala:888)
[2023-08-18T01:42:35.174+0000] {spark_submit.py:491} INFO - at org.apache.spark.rdd.MapPartitionsRDD.compute(MapPartitionsRDD.scala:52)
[2023-08-18T01:42:35.175+0000] {spark_submit.py:491} INFO - at org.apache.spark.rdd.RDD.computeOrReadCheckpoint(RDD.scala:364)
[2023-08-18T01:42:35.176+0000] {spark_submit.py:491} INFO - at org.apache.spark.rdd.RDD.iterator(RDD.scala:328)
[2023-08-18T01:42:35.178+0000] {spark_submit.py:491} INFO - at org.apache.spark.scheduler.ResultTask.runTask(ResultTask.scala:92)
[2023-08-18T01:42:35.179+0000] {spark_submit.py:491} INFO - at org.apache.spark.TaskContext.runTaskWithListeners(TaskContext.scala:161)
[2023-08-18T01:42:35.181+0000] {spark_submit.py:491} INFO - at org.apache.spark.scheduler.Task.run(Task.scala:139)
[2023-08-18T01:42:35.182+0000] {spark_submit.py:491} INFO - at org.apache.spark.executor.Executor$TaskRunner.$anonfun$run$3(Executor.scala:554)
[2023-08-18T01:42:35.183+0000] {spark_submit.py:491} INFO - at org.apache.spark.util.Utils$.tryWithSafeFinally(Utils.scala:1529)
[2023-08-18T01:42:35.184+0000] {spark_submit.py:491} INFO - at org.apache.spark.executor.Executor$TaskRunner.run(Executor.scala:557)
[2023-08-18T01:42:35.185+0000] {spark_submit.py:491} INFO - at java.base/java.util.concurrent.ThreadPoolExecutor.runWorker(ThreadPoolExecutor.java:1136)
[2023-08-18T01:42:35.186+0000] {spark_submit.py:491} INFO - at java.base/java.util.concurrent.ThreadPoolExecutor$Worker.run(ThreadPoolExecutor.java:635)
[2023-08-18T01:42:35.187+0000] {spark_submit.py:491} INFO - at java.base/java.lang.Thread.run(Thread.java:833)
[2023-08-18T01:42:35.188+0000] {spark_submit.py:491} INFO - Caused by: org.apache.spark.SparkFileNotFoundException: File file:/opt/***/dags/data/A.csv does not exist
[2023-08-18T01:42:35.189+0000] {spark_submit.py:491} INFO - It is possible the underlying files have been updated. You can explicitly invalidate the cache in Spark by running 'REFRESH TABLE tableName' command in SQL or by recreating the Dataset/DataFrame involved.
[2023-08-18T01:42:35.191+0000] {spark_submit.py:491} INFO - at org.apache.spark.sql.errors.QueryExecutionErrors$.readCurrentFileNotFoundError(QueryExecutionErrors.scala:794)
[2023-08-18T01:42:35.192+0000] {spark_submit.py:491} INFO - at org.apache.spark.sql.execution.datasources.FileScanRDD$$anon$1.org$apache$spark$sql$execution$datasources$FileScanRDD$$anon$$readCurrentFile(FileScanRDD.scala:234)
[2023-08-18T01:42:35.193+0000] {spark_submit.py:491} INFO - at org.apache.spark.sql.execution.datasources.FileScanRDD$$anon$1.nextIterator(FileScanRDD.scala:293)
[2023-08-18T01:42:35.194+0000] {spark_submit.py:491} INFO - at org.apache.spark.sql.execution.datasources.FileScanRDD$$anon$1.hasNext(FileScanRDD.scala:125)
[2023-08-18T01:42:35.195+0000] {spark_submit.py:491} INFO - at scala.collection.Iterator$$anon$10.hasNext(Iterator.scala:460)
[2023-08-18T01:42:35.195+0000] {spark_submit.py:491} INFO - at org.apache.spark.sql.catalyst.expressions.GeneratedClass$GeneratedIteratorForCodegenStage1.processNext(Unknown Source)
[2023-08-18T01:42:35.196+0000] {spark_submit.py:491} INFO - at org.apache.spark.sql.execution.BufferedRowIterator.hasNext(BufferedRowIterator.java:43)
[2023-08-18T01:42:35.197+0000] {spark_submit.py:491} INFO - at org.apache.spark.sql.execution.WholeStageCodegenExec$$anon$1.hasNext(WholeStageCodegenExec.scala:760)
[2023-08-18T01:42:35.198+0000] {spark_submit.py:491} INFO - at org.apache.spark.sql.execution.datasources.FileFormatDataWriter.writeWithIterator(FileFormatDataWriter.scala:91)
[2023-08-18T01:42:35.198+0000] {spark_submit.py:491} INFO - at org.apache.spark.sql.execution.datasources.FileFormatWriter$.$anonfun$executeTask$1(FileFormatWriter.scala:403)
[2023-08-18T01:42:35.199+0000] {spark_submit.py:491} INFO - at org.apache.spark.util.Utils$.tryWithSafeFinallyAndFailureCallbacks(Utils.scala:1563)
[2023-08-18T01:42:35.201+0000] {spark_submit.py:491} INFO - at org.apache.spark.sql.execution.datasources.FileFormatWriter$.executeTask(FileFormatWriter.scala:410)
[2023-08-18T01:42:35.202+0000] {spark_submit.py:491} INFO - ... 15 more
[2023-08-18T01:42:35.204+0000] {spark_submit.py:491} INFO - 
[2023-08-18T01:42:35.206+0000] {spark_submit.py:491} INFO - 23/08/18 01:42:35 INFO TaskSetManager: Starting task 0.1 in stage 0.0 (TID 1) (172.19.0.2, executor 0, partition 0, PROCESS_LOCAL, 7919 bytes)
[2023-08-18T01:42:35.254+0000] {spark_submit.py:491} INFO - 23/08/18 01:42:35 INFO TaskSetManager: Lost task 0.1 in stage 0.0 (TID 1) on 172.19.0.2, executor 0: org.apache.spark.SparkException ([TASK_WRITE_FAILED] Task failed while writing rows to file:/opt/***/dags/data/A_preprocessed.parquet.) [duplicate 1]
[2023-08-18T01:42:35.257+0000] {spark_submit.py:491} INFO - 23/08/18 01:42:35 INFO TaskSetManager: Starting task 0.2 in stage 0.0 (TID 2) (172.19.0.2, executor 0, partition 0, PROCESS_LOCAL, 7919 bytes)
[2023-08-18T01:42:35.318+0000] {spark_submit.py:491} INFO - 23/08/18 01:42:35 INFO TaskSetManager: Lost task 0.2 in stage 0.0 (TID 2) on 172.19.0.2, executor 0: org.apache.spark.SparkException ([TASK_WRITE_FAILED] Task failed while writing rows to file:/opt/***/dags/data/A_preprocessed.parquet.) [duplicate 2]
[2023-08-18T01:42:35.320+0000] {spark_submit.py:491} INFO - 23/08/18 01:42:35 INFO TaskSetManager: Starting task 0.3 in stage 0.0 (TID 3) (172.19.0.2, executor 0, partition 0, PROCESS_LOCAL, 7919 bytes)
[2023-08-18T01:42:35.382+0000] {spark_submit.py:491} INFO - 23/08/18 01:42:35 INFO TaskSetManager: Lost task 0.3 in stage 0.0 (TID 3) on 172.19.0.2, executor 0: org.apache.spark.SparkException ([TASK_WRITE_FAILED] Task failed while writing rows to file:/opt/***/dags/data/A_preprocessed.parquet.) [duplicate 3]
[2023-08-18T01:42:35.383+0000] {spark_submit.py:491} INFO - 23/08/18 01:42:35 ERROR TaskSetManager: Task 0 in stage 0.0 failed 4 times; aborting job
[2023-08-18T01:42:35.385+0000] {spark_submit.py:491} INFO - 23/08/18 01:42:35 INFO TaskSchedulerImpl: Removed TaskSet 0.0, whose tasks have all completed, from pool
[2023-08-18T01:42:35.386+0000] {spark_submit.py:491} INFO - 23/08/18 01:42:35 INFO TaskSchedulerImpl: Cancelling stage 0
[2023-08-18T01:42:35.387+0000] {spark_submit.py:491} INFO - 23/08/18 01:42:35 INFO TaskSchedulerImpl: Killing all running tasks in stage 0: Stage cancelled
[2023-08-18T01:42:35.388+0000] {spark_submit.py:491} INFO - 23/08/18 01:42:35 INFO DAGScheduler: ResultStage 0 (parquet at NativeMethodAccessorImpl.java:0) failed in 1.869 s due to Job aborted due to stage failure: Task 0 in stage 0.0 failed 4 times, most recent failure: Lost task 0.3 in stage 0.0 (TID 3) (172.19.0.2 executor 0): org.apache.spark.SparkException: [TASK_WRITE_FAILED] Task failed while writing rows to file:/opt/***/dags/data/A_preprocessed.parquet.
[2023-08-18T01:42:35.390+0000] {spark_submit.py:491} INFO - at org.apache.spark.sql.errors.QueryExecutionErrors$.taskFailedWhileWritingRowsError(QueryExecutionErrors.scala:788)
[2023-08-18T01:42:35.391+0000] {spark_submit.py:491} INFO - at org.apache.spark.sql.execution.datasources.FileFormatWriter$.executeTask(FileFormatWriter.scala:420)
[2023-08-18T01:42:35.392+0000] {spark_submit.py:491} INFO - at org.apache.spark.sql.execution.datasources.WriteFilesExec.$anonfun$doExecuteWrite$1(WriteFiles.scala:100)
[2023-08-18T01:42:35.393+0000] {spark_submit.py:491} INFO - at org.apache.spark.rdd.RDD.$anonfun$mapPartitionsInternal$2(RDD.scala:888)
[2023-08-18T01:42:35.394+0000] {spark_submit.py:491} INFO - at org.apache.spark.rdd.RDD.$anonfun$mapPartitionsInternal$2$adapted(RDD.scala:888)
[2023-08-18T01:42:35.395+0000] {spark_submit.py:491} INFO - at org.apache.spark.rdd.MapPartitionsRDD.compute(MapPartitionsRDD.scala:52)
[2023-08-18T01:42:35.396+0000] {spark_submit.py:491} INFO - at org.apache.spark.rdd.RDD.computeOrReadCheckpoint(RDD.scala:364)
[2023-08-18T01:42:35.396+0000] {spark_submit.py:491} INFO - at org.apache.spark.rdd.RDD.iterator(RDD.scala:328)
[2023-08-18T01:42:35.397+0000] {spark_submit.py:491} INFO - at org.apache.spark.scheduler.ResultTask.runTask(ResultTask.scala:92)
[2023-08-18T01:42:35.398+0000] {spark_submit.py:491} INFO - at org.apache.spark.TaskContext.runTaskWithListeners(TaskContext.scala:161)
[2023-08-18T01:42:35.399+0000] {spark_submit.py:491} INFO - at org.apache.spark.scheduler.Task.run(Task.scala:139)
[2023-08-18T01:42:35.400+0000] {spark_submit.py:491} INFO - at org.apache.spark.executor.Executor$TaskRunner.$anonfun$run$3(Executor.scala:554)
[2023-08-18T01:42:35.401+0000] {spark_submit.py:491} INFO - at org.apache.spark.util.Utils$.tryWithSafeFinally(Utils.scala:1529)
[2023-08-18T01:42:35.402+0000] {spark_submit.py:491} INFO - at org.apache.spark.executor.Executor$TaskRunner.run(Executor.scala:557)
[2023-08-18T01:42:35.403+0000] {spark_submit.py:491} INFO - at java.base/java.util.concurrent.ThreadPoolExecutor.runWorker(ThreadPoolExecutor.java:1136)
[2023-08-18T01:42:35.404+0000] {spark_submit.py:491} INFO - at java.base/java.util.concurrent.ThreadPoolExecutor$Worker.run(ThreadPoolExecutor.java:635)
[2023-08-18T01:42:35.405+0000] {spark_submit.py:491} INFO - at java.base/java.lang.Thread.run(Thread.java:833)
[2023-08-18T01:42:35.406+0000] {spark_submit.py:491} INFO - Caused by: org.apache.spark.SparkFileNotFoundException: File file:/opt/***/dags/data/A.csv does not exist
[2023-08-18T01:42:35.407+0000] {spark_submit.py:491} INFO - It is possible the underlying files have been updated. You can explicitly invalidate the cache in Spark by running 'REFRESH TABLE tableName' command in SQL or by recreating the Dataset/DataFrame involved.
[2023-08-18T01:42:35.408+0000] {spark_submit.py:491} INFO - at org.apache.spark.sql.errors.QueryExecutionErrors$.readCurrentFileNotFoundError(QueryExecutionErrors.scala:794)
[2023-08-18T01:42:35.408+0000] {spark_submit.py:491} INFO - at org.apache.spark.sql.execution.datasources.FileScanRDD$$anon$1.org$apache$spark$sql$execution$datasources$FileScanRDD$$anon$$readCurrentFile(FileScanRDD.scala:234)
[2023-08-18T01:42:35.409+0000] {spark_submit.py:491} INFO - at org.apache.spark.sql.execution.datasources.FileScanRDD$$anon$1.nextIterator(FileScanRDD.scala:293)
[2023-08-18T01:42:35.410+0000] {spark_submit.py:491} INFO - at org.apache.spark.sql.execution.datasources.FileScanRDD$$anon$1.hasNext(FileScanRDD.scala:125)
[2023-08-18T01:42:35.411+0000] {spark_submit.py:491} INFO - at scala.collection.Iterator$$anon$10.hasNext(Iterator.scala:460)
[2023-08-18T01:42:35.412+0000] {spark_submit.py:491} INFO - at org.apache.spark.sql.catalyst.expressions.GeneratedClass$GeneratedIteratorForCodegenStage1.processNext(Unknown Source)
[2023-08-18T01:42:35.413+0000] {spark_submit.py:491} INFO - at org.apache.spark.sql.execution.BufferedRowIterator.hasNext(BufferedRowIterator.java:43)
[2023-08-18T01:42:35.414+0000] {spark_submit.py:491} INFO - at org.apache.spark.sql.execution.WholeStageCodegenExec$$anon$1.hasNext(WholeStageCodegenExec.scala:760)
[2023-08-18T01:42:35.415+0000] {spark_submit.py:491} INFO - at org.apache.spark.sql.execution.datasources.FileFormatDataWriter.writeWithIterator(FileFormatDataWriter.scala:91)
[2023-08-18T01:42:35.416+0000] {spark_submit.py:491} INFO - at org.apache.spark.sql.execution.datasources.FileFormatWriter$.$anonfun$executeTask$1(FileFormatWriter.scala:403)
[2023-08-18T01:42:35.417+0000] {spark_submit.py:491} INFO - at org.apache.spark.util.Utils$.tryWithSafeFinallyAndFailureCallbacks(Utils.scala:1563)
[2023-08-18T01:42:35.418+0000] {spark_submit.py:491} INFO - at org.apache.spark.sql.execution.datasources.FileFormatWriter$.executeTask(FileFormatWriter.scala:410)
[2023-08-18T01:42:35.418+0000] {spark_submit.py:491} INFO - ... 15 more
[2023-08-18T01:42:35.419+0000] {spark_submit.py:491} INFO - 
[2023-08-18T01:42:35.420+0000] {spark_submit.py:491} INFO - Driver stacktrace:
[2023-08-18T01:42:35.421+0000] {spark_submit.py:491} INFO - 23/08/18 01:42:35 INFO DAGScheduler: Job 0 failed: parquet at NativeMethodAccessorImpl.java:0, took 1.900300 s
[2023-08-18T01:42:35.422+0000] {spark_submit.py:491} INFO - 23/08/18 01:42:35 ERROR FileFormatWriter: Aborting job 5905ba53-56a9-415e-bd37-359fddfbf973.
[2023-08-18T01:42:35.423+0000] {spark_submit.py:491} INFO - org.apache.spark.SparkException: Job aborted due to stage failure: Task 0 in stage 0.0 failed 4 times, most recent failure: Lost task 0.3 in stage 0.0 (TID 3) (172.19.0.2 executor 0): org.apache.spark.SparkException: [TASK_WRITE_FAILED] Task failed while writing rows to file:/opt/***/dags/data/A_preprocessed.parquet.
[2023-08-18T01:42:35.425+0000] {spark_submit.py:491} INFO - at org.apache.spark.sql.errors.QueryExecutionErrors$.taskFailedWhileWritingRowsError(QueryExecutionErrors.scala:788)
[2023-08-18T01:42:35.427+0000] {spark_submit.py:491} INFO - at org.apache.spark.sql.execution.datasources.FileFormatWriter$.executeTask(FileFormatWriter.scala:420)
[2023-08-18T01:42:35.428+0000] {spark_submit.py:491} INFO - at org.apache.spark.sql.execution.datasources.WriteFilesExec.$anonfun$doExecuteWrite$1(WriteFiles.scala:100)
[2023-08-18T01:42:35.429+0000] {spark_submit.py:491} INFO - at org.apache.spark.rdd.RDD.$anonfun$mapPartitionsInternal$2(RDD.scala:888)
[2023-08-18T01:42:35.430+0000] {spark_submit.py:491} INFO - at org.apache.spark.rdd.RDD.$anonfun$mapPartitionsInternal$2$adapted(RDD.scala:888)
[2023-08-18T01:42:35.431+0000] {spark_submit.py:491} INFO - at org.apache.spark.rdd.MapPartitionsRDD.compute(MapPartitionsRDD.scala:52)
[2023-08-18T01:42:35.432+0000] {spark_submit.py:491} INFO - at org.apache.spark.rdd.RDD.computeOrReadCheckpoint(RDD.scala:364)
[2023-08-18T01:42:35.433+0000] {spark_submit.py:491} INFO - at org.apache.spark.rdd.RDD.iterator(RDD.scala:328)
[2023-08-18T01:42:35.434+0000] {spark_submit.py:491} INFO - at org.apache.spark.scheduler.ResultTask.runTask(ResultTask.scala:92)
[2023-08-18T01:42:35.436+0000] {spark_submit.py:491} INFO - at org.apache.spark.TaskContext.runTaskWithListeners(TaskContext.scala:161)
[2023-08-18T01:42:35.437+0000] {spark_submit.py:491} INFO - at org.apache.spark.scheduler.Task.run(Task.scala:139)
[2023-08-18T01:42:35.439+0000] {spark_submit.py:491} INFO - at org.apache.spark.executor.Executor$TaskRunner.$anonfun$run$3(Executor.scala:554)
[2023-08-18T01:42:35.440+0000] {spark_submit.py:491} INFO - at org.apache.spark.util.Utils$.tryWithSafeFinally(Utils.scala:1529)
[2023-08-18T01:42:35.441+0000] {spark_submit.py:491} INFO - at org.apache.spark.executor.Executor$TaskRunner.run(Executor.scala:557)
[2023-08-18T01:42:35.442+0000] {spark_submit.py:491} INFO - at java.base/java.util.concurrent.ThreadPoolExecutor.runWorker(ThreadPoolExecutor.java:1136)
[2023-08-18T01:42:35.443+0000] {spark_submit.py:491} INFO - at java.base/java.util.concurrent.ThreadPoolExecutor$Worker.run(ThreadPoolExecutor.java:635)
[2023-08-18T01:42:35.444+0000] {spark_submit.py:491} INFO - at java.base/java.lang.Thread.run(Thread.java:833)
[2023-08-18T01:42:35.446+0000] {spark_submit.py:491} INFO - Caused by: org.apache.spark.SparkFileNotFoundException: File file:/opt/***/dags/data/A.csv does not exist
[2023-08-18T01:42:35.447+0000] {spark_submit.py:491} INFO - It is possible the underlying files have been updated. You can explicitly invalidate the cache in Spark by running 'REFRESH TABLE tableName' command in SQL or by recreating the Dataset/DataFrame involved.
[2023-08-18T01:42:35.448+0000] {spark_submit.py:491} INFO - at org.apache.spark.sql.errors.QueryExecutionErrors$.readCurrentFileNotFoundError(QueryExecutionErrors.scala:794)
[2023-08-18T01:42:35.449+0000] {spark_submit.py:491} INFO - at org.apache.spark.sql.execution.datasources.FileScanRDD$$anon$1.org$apache$spark$sql$execution$datasources$FileScanRDD$$anon$$readCurrentFile(FileScanRDD.scala:234)
[2023-08-18T01:42:35.450+0000] {spark_submit.py:491} INFO - at org.apache.spark.sql.execution.datasources.FileScanRDD$$anon$1.nextIterator(FileScanRDD.scala:293)
[2023-08-18T01:42:35.451+0000] {spark_submit.py:491} INFO - at org.apache.spark.sql.execution.datasources.FileScanRDD$$anon$1.hasNext(FileScanRDD.scala:125)
[2023-08-18T01:42:35.452+0000] {spark_submit.py:491} INFO - at scala.collection.Iterator$$anon$10.hasNext(Iterator.scala:460)
[2023-08-18T01:42:35.453+0000] {spark_submit.py:491} INFO - at org.apache.spark.sql.catalyst.expressions.GeneratedClass$GeneratedIteratorForCodegenStage1.processNext(Unknown Source)
[2023-08-18T01:42:35.454+0000] {spark_submit.py:491} INFO - at org.apache.spark.sql.execution.BufferedRowIterator.hasNext(BufferedRowIterator.java:43)
[2023-08-18T01:42:35.455+0000] {spark_submit.py:491} INFO - at org.apache.spark.sql.execution.WholeStageCodegenExec$$anon$1.hasNext(WholeStageCodegenExec.scala:760)
[2023-08-18T01:42:35.456+0000] {spark_submit.py:491} INFO - at org.apache.spark.sql.execution.datasources.FileFormatDataWriter.writeWithIterator(FileFormatDataWriter.scala:91)
[2023-08-18T01:42:35.457+0000] {spark_submit.py:491} INFO - at org.apache.spark.sql.execution.datasources.FileFormatWriter$.$anonfun$executeTask$1(FileFormatWriter.scala:403)
[2023-08-18T01:42:35.458+0000] {spark_submit.py:491} INFO - at org.apache.spark.util.Utils$.tryWithSafeFinallyAndFailureCallbacks(Utils.scala:1563)
[2023-08-18T01:42:35.459+0000] {spark_submit.py:491} INFO - at org.apache.spark.sql.execution.datasources.FileFormatWriter$.executeTask(FileFormatWriter.scala:410)
[2023-08-18T01:42:35.460+0000] {spark_submit.py:491} INFO - ... 15 more
[2023-08-18T01:42:35.461+0000] {spark_submit.py:491} INFO - 
[2023-08-18T01:42:35.462+0000] {spark_submit.py:491} INFO - Driver stacktrace:
[2023-08-18T01:42:35.463+0000] {spark_submit.py:491} INFO - at org.apache.spark.scheduler.DAGScheduler.failJobAndIndependentStages(DAGScheduler.scala:2785)
[2023-08-18T01:42:35.464+0000] {spark_submit.py:491} INFO - at org.apache.spark.scheduler.DAGScheduler.$anonfun$abortStage$2(DAGScheduler.scala:2721)
[2023-08-18T01:42:35.464+0000] {spark_submit.py:491} INFO - at org.apache.spark.scheduler.DAGScheduler.$anonfun$abortStage$2$adapted(DAGScheduler.scala:2720)
[2023-08-18T01:42:35.465+0000] {spark_submit.py:491} INFO - at scala.collection.mutable.ResizableArray.foreach(ResizableArray.scala:62)
[2023-08-18T01:42:35.466+0000] {spark_submit.py:491} INFO - at scala.collection.mutable.ResizableArray.foreach$(ResizableArray.scala:55)
[2023-08-18T01:42:35.467+0000] {spark_submit.py:491} INFO - at scala.collection.mutable.ArrayBuffer.foreach(ArrayBuffer.scala:49)
[2023-08-18T01:42:35.468+0000] {spark_submit.py:491} INFO - at org.apache.spark.scheduler.DAGScheduler.abortStage(DAGScheduler.scala:2720)
[2023-08-18T01:42:35.469+0000] {spark_submit.py:491} INFO - at org.apache.spark.scheduler.DAGScheduler.$anonfun$handleTaskSetFailed$1(DAGScheduler.scala:1206)
[2023-08-18T01:42:35.470+0000] {spark_submit.py:491} INFO - at org.apache.spark.scheduler.DAGScheduler.$anonfun$handleTaskSetFailed$1$adapted(DAGScheduler.scala:1206)
[2023-08-18T01:42:35.471+0000] {spark_submit.py:491} INFO - at scala.Option.foreach(Option.scala:407)
[2023-08-18T01:42:35.472+0000] {spark_submit.py:491} INFO - at org.apache.spark.scheduler.DAGScheduler.handleTaskSetFailed(DAGScheduler.scala:1206)
[2023-08-18T01:42:35.473+0000] {spark_submit.py:491} INFO - at org.apache.spark.scheduler.DAGSchedulerEventProcessLoop.doOnReceive(DAGScheduler.scala:2984)
[2023-08-18T01:42:35.474+0000] {spark_submit.py:491} INFO - at org.apache.spark.scheduler.DAGSchedulerEventProcessLoop.onReceive(DAGScheduler.scala:2923)
[2023-08-18T01:42:35.475+0000] {spark_submit.py:491} INFO - at org.apache.spark.scheduler.DAGSchedulerEventProcessLoop.onReceive(DAGScheduler.scala:2912)
[2023-08-18T01:42:35.476+0000] {spark_submit.py:491} INFO - at org.apache.spark.util.EventLoop$$anon$1.run(EventLoop.scala:49)
[2023-08-18T01:42:35.477+0000] {spark_submit.py:491} INFO - at org.apache.spark.scheduler.DAGScheduler.runJob(DAGScheduler.scala:971)
[2023-08-18T01:42:35.478+0000] {spark_submit.py:491} INFO - at org.apache.spark.SparkContext.runJob(SparkContext.scala:2263)
[2023-08-18T01:42:35.479+0000] {spark_submit.py:491} INFO - at org.apache.spark.sql.execution.datasources.FileFormatWriter$.$anonfun$executeWrite$4(FileFormatWriter.scala:307)
[2023-08-18T01:42:35.480+0000] {spark_submit.py:491} INFO - at org.apache.spark.sql.execution.datasources.FileFormatWriter$.writeAndCommit(FileFormatWriter.scala:271)
[2023-08-18T01:42:35.482+0000] {spark_submit.py:491} INFO - at org.apache.spark.sql.execution.datasources.FileFormatWriter$.executeWrite(FileFormatWriter.scala:304)
[2023-08-18T01:42:35.483+0000] {spark_submit.py:491} INFO - at org.apache.spark.sql.execution.datasources.FileFormatWriter$.write(FileFormatWriter.scala:190)
[2023-08-18T01:42:35.484+0000] {spark_submit.py:491} INFO - at org.apache.spark.sql.execution.datasources.InsertIntoHadoopFsRelationCommand.run(InsertIntoHadoopFsRelationCommand.scala:190)
[2023-08-18T01:42:35.486+0000] {spark_submit.py:491} INFO - at org.apache.spark.sql.execution.command.DataWritingCommandExec.sideEffectResult$lzycompute(commands.scala:113)
[2023-08-18T01:42:35.487+0000] {spark_submit.py:491} INFO - at org.apache.spark.sql.execution.command.DataWritingCommandExec.sideEffectResult(commands.scala:111)
[2023-08-18T01:42:35.488+0000] {spark_submit.py:491} INFO - at org.apache.spark.sql.execution.command.DataWritingCommandExec.executeCollect(commands.scala:125)
[2023-08-18T01:42:35.489+0000] {spark_submit.py:491} INFO - at org.apache.spark.sql.execution.QueryExecution$$anonfun$eagerlyExecuteCommands$1.$anonfun$applyOrElse$1(QueryExecution.scala:98)
[2023-08-18T01:42:35.490+0000] {spark_submit.py:491} INFO - at org.apache.spark.sql.execution.SQLExecution$.$anonfun$withNewExecutionId$6(SQLExecution.scala:118)
[2023-08-18T01:42:35.491+0000] {spark_submit.py:491} INFO - at org.apache.spark.sql.execution.SQLExecution$.withSQLConfPropagated(SQLExecution.scala:195)
[2023-08-18T01:42:35.492+0000] {spark_submit.py:491} INFO - at org.apache.spark.sql.execution.SQLExecution$.$anonfun$withNewExecutionId$1(SQLExecution.scala:103)
[2023-08-18T01:42:35.493+0000] {spark_submit.py:491} INFO - at org.apache.spark.sql.SparkSession.withActive(SparkSession.scala:827)
[2023-08-18T01:42:35.494+0000] {spark_submit.py:491} INFO - at org.apache.spark.sql.execution.SQLExecution$.withNewExecutionId(SQLExecution.scala:65)
[2023-08-18T01:42:35.495+0000] {spark_submit.py:491} INFO - at org.apache.spark.sql.execution.QueryExecution$$anonfun$eagerlyExecuteCommands$1.applyOrElse(QueryExecution.scala:98)
[2023-08-18T01:42:35.496+0000] {spark_submit.py:491} INFO - at org.apache.spark.sql.execution.QueryExecution$$anonfun$eagerlyExecuteCommands$1.applyOrElse(QueryExecution.scala:94)
[2023-08-18T01:42:35.497+0000] {spark_submit.py:491} INFO - at org.apache.spark.sql.catalyst.trees.TreeNode.$anonfun$transformDownWithPruning$1(TreeNode.scala:512)
[2023-08-18T01:42:35.498+0000] {spark_submit.py:491} INFO - at org.apache.spark.sql.catalyst.trees.CurrentOrigin$.withOrigin(TreeNode.scala:104)
[2023-08-18T01:42:35.499+0000] {spark_submit.py:491} INFO - at org.apache.spark.sql.catalyst.trees.TreeNode.transformDownWithPruning(TreeNode.scala:512)
[2023-08-18T01:42:35.500+0000] {spark_submit.py:491} INFO - at org.apache.spark.sql.catalyst.plans.logical.LogicalPlan.org$apache$spark$sql$catalyst$plans$logical$AnalysisHelper$$super$transformDownWithPruning(LogicalPlan.scala:31)
[2023-08-18T01:42:35.501+0000] {spark_submit.py:491} INFO - at org.apache.spark.sql.catalyst.plans.logical.AnalysisHelper.transformDownWithPruning(AnalysisHelper.scala:267)
[2023-08-18T01:42:35.502+0000] {spark_submit.py:491} INFO - at org.apache.spark.sql.catalyst.plans.logical.AnalysisHelper.transformDownWithPruning$(AnalysisHelper.scala:263)
[2023-08-18T01:42:35.503+0000] {spark_submit.py:491} INFO - at org.apache.spark.sql.catalyst.plans.logical.LogicalPlan.transformDownWithPruning(LogicalPlan.scala:31)
[2023-08-18T01:42:35.505+0000] {spark_submit.py:491} INFO - at org.apache.spark.sql.catalyst.plans.logical.LogicalPlan.transformDownWithPruning(LogicalPlan.scala:31)
[2023-08-18T01:42:35.506+0000] {spark_submit.py:491} INFO - at org.apache.spark.sql.catalyst.trees.TreeNode.transformDown(TreeNode.scala:488)
[2023-08-18T01:42:35.507+0000] {spark_submit.py:491} INFO - at org.apache.spark.sql.execution.QueryExecution.eagerlyExecuteCommands(QueryExecution.scala:94)
[2023-08-18T01:42:35.508+0000] {spark_submit.py:491} INFO - at org.apache.spark.sql.execution.QueryExecution.commandExecuted$lzycompute(QueryExecution.scala:81)
[2023-08-18T01:42:35.509+0000] {spark_submit.py:491} INFO - at org.apache.spark.sql.execution.QueryExecution.commandExecuted(QueryExecution.scala:79)
[2023-08-18T01:42:35.510+0000] {spark_submit.py:491} INFO - at org.apache.spark.sql.execution.QueryExecution.assertCommandExecuted(QueryExecution.scala:133)
[2023-08-18T01:42:35.511+0000] {spark_submit.py:491} INFO - at org.apache.spark.sql.DataFrameWriter.runCommand(DataFrameWriter.scala:856)
[2023-08-18T01:42:35.513+0000] {spark_submit.py:491} INFO - at org.apache.spark.sql.DataFrameWriter.saveToV1Source(DataFrameWriter.scala:387)
[2023-08-18T01:42:35.514+0000] {spark_submit.py:491} INFO - at org.apache.spark.sql.DataFrameWriter.saveInternal(DataFrameWriter.scala:360)
[2023-08-18T01:42:35.515+0000] {spark_submit.py:491} INFO - at org.apache.spark.sql.DataFrameWriter.save(DataFrameWriter.scala:239)
[2023-08-18T01:42:35.517+0000] {spark_submit.py:491} INFO - at org.apache.spark.sql.DataFrameWriter.parquet(DataFrameWriter.scala:789)
[2023-08-18T01:42:35.518+0000] {spark_submit.py:491} INFO - at java.base/jdk.internal.reflect.NativeMethodAccessorImpl.invoke0(Native Method)
[2023-08-18T01:42:35.519+0000] {spark_submit.py:491} INFO - at java.base/jdk.internal.reflect.NativeMethodAccessorImpl.invoke(NativeMethodAccessorImpl.java:77)
[2023-08-18T01:42:35.520+0000] {spark_submit.py:491} INFO - at java.base/jdk.internal.reflect.DelegatingMethodAccessorImpl.invoke(DelegatingMethodAccessorImpl.java:43)
[2023-08-18T01:42:35.521+0000] {spark_submit.py:491} INFO - at java.base/java.lang.reflect.Method.invoke(Method.java:568)
[2023-08-18T01:42:35.522+0000] {spark_submit.py:491} INFO - at py4j.reflection.MethodInvoker.invoke(MethodInvoker.java:244)
[2023-08-18T01:42:35.523+0000] {spark_submit.py:491} INFO - at py4j.reflection.ReflectionEngine.invoke(ReflectionEngine.java:374)
[2023-08-18T01:42:35.524+0000] {spark_submit.py:491} INFO - at py4j.Gateway.invoke(Gateway.java:282)
[2023-08-18T01:42:35.525+0000] {spark_submit.py:491} INFO - at py4j.commands.AbstractCommand.invokeMethod(AbstractCommand.java:132)
[2023-08-18T01:42:35.526+0000] {spark_submit.py:491} INFO - at py4j.commands.CallCommand.execute(CallCommand.java:79)
[2023-08-18T01:42:35.527+0000] {spark_submit.py:491} INFO - at py4j.ClientServerConnection.waitForCommands(ClientServerConnection.java:182)
[2023-08-18T01:42:35.527+0000] {spark_submit.py:491} INFO - at py4j.ClientServerConnection.run(ClientServerConnection.java:106)
[2023-08-18T01:42:35.528+0000] {spark_submit.py:491} INFO - at java.base/java.lang.Thread.run(Thread.java:833)
[2023-08-18T01:42:35.529+0000] {spark_submit.py:491} INFO - Caused by: org.apache.spark.SparkException: [TASK_WRITE_FAILED] Task failed while writing rows to file:/opt/***/dags/data/A_preprocessed.parquet.
[2023-08-18T01:42:35.530+0000] {spark_submit.py:491} INFO - at org.apache.spark.sql.errors.QueryExecutionErrors$.taskFailedWhileWritingRowsError(QueryExecutionErrors.scala:788)
[2023-08-18T01:42:35.531+0000] {spark_submit.py:491} INFO - at org.apache.spark.sql.execution.datasources.FileFormatWriter$.executeTask(FileFormatWriter.scala:420)
[2023-08-18T01:42:35.532+0000] {spark_submit.py:491} INFO - at org.apache.spark.sql.execution.datasources.WriteFilesExec.$anonfun$doExecuteWrite$1(WriteFiles.scala:100)
[2023-08-18T01:42:35.533+0000] {spark_submit.py:491} INFO - at org.apache.spark.rdd.RDD.$anonfun$mapPartitionsInternal$2(RDD.scala:888)
[2023-08-18T01:42:35.533+0000] {spark_submit.py:491} INFO - at org.apache.spark.rdd.RDD.$anonfun$mapPartitionsInternal$2$adapted(RDD.scala:888)
[2023-08-18T01:42:35.534+0000] {spark_submit.py:491} INFO - at org.apache.spark.rdd.MapPartitionsRDD.compute(MapPartitionsRDD.scala:52)
[2023-08-18T01:42:35.535+0000] {spark_submit.py:491} INFO - at org.apache.spark.rdd.RDD.computeOrReadCheckpoint(RDD.scala:364)
[2023-08-18T01:42:35.536+0000] {spark_submit.py:491} INFO - at org.apache.spark.rdd.RDD.iterator(RDD.scala:328)
[2023-08-18T01:42:35.537+0000] {spark_submit.py:491} INFO - at org.apache.spark.scheduler.ResultTask.runTask(ResultTask.scala:92)
[2023-08-18T01:42:35.537+0000] {spark_submit.py:491} INFO - at org.apache.spark.TaskContext.runTaskWithListeners(TaskContext.scala:161)
[2023-08-18T01:42:35.538+0000] {spark_submit.py:491} INFO - at org.apache.spark.scheduler.Task.run(Task.scala:139)
[2023-08-18T01:42:35.539+0000] {spark_submit.py:491} INFO - at org.apache.spark.executor.Executor$TaskRunner.$anonfun$run$3(Executor.scala:554)
[2023-08-18T01:42:35.540+0000] {spark_submit.py:491} INFO - at org.apache.spark.util.Utils$.tryWithSafeFinally(Utils.scala:1529)
[2023-08-18T01:42:35.541+0000] {spark_submit.py:491} INFO - at org.apache.spark.executor.Executor$TaskRunner.run(Executor.scala:557)
[2023-08-18T01:42:35.542+0000] {spark_submit.py:491} INFO - at java.base/java.util.concurrent.ThreadPoolExecutor.runWorker(ThreadPoolExecutor.java:1136)
[2023-08-18T01:42:35.543+0000] {spark_submit.py:491} INFO - at java.base/java.util.concurrent.ThreadPoolExecutor$Worker.run(ThreadPoolExecutor.java:635)
[2023-08-18T01:42:35.544+0000] {spark_submit.py:491} INFO - at java.base/java.lang.Thread.run(Thread.java:833)
[2023-08-18T01:42:35.544+0000] {spark_submit.py:491} INFO - Caused by: org.apache.spark.SparkFileNotFoundException: File file:/opt/***/dags/data/A.csv does not exist
[2023-08-18T01:42:35.545+0000] {spark_submit.py:491} INFO - It is possible the underlying files have been updated. You can explicitly invalidate the cache in Spark by running 'REFRESH TABLE tableName' command in SQL or by recreating the Dataset/DataFrame involved.
[2023-08-18T01:42:35.546+0000] {spark_submit.py:491} INFO - at org.apache.spark.sql.errors.QueryExecutionErrors$.readCurrentFileNotFoundError(QueryExecutionErrors.scala:794)
[2023-08-18T01:42:35.546+0000] {spark_submit.py:491} INFO - at org.apache.spark.sql.execution.datasources.FileScanRDD$$anon$1.org$apache$spark$sql$execution$datasources$FileScanRDD$$anon$$readCurrentFile(FileScanRDD.scala:234)
[2023-08-18T01:42:35.547+0000] {spark_submit.py:491} INFO - at org.apache.spark.sql.execution.datasources.FileScanRDD$$anon$1.nextIterator(FileScanRDD.scala:293)
[2023-08-18T01:42:35.547+0000] {spark_submit.py:491} INFO - at org.apache.spark.sql.execution.datasources.FileScanRDD$$anon$1.hasNext(FileScanRDD.scala:125)
[2023-08-18T01:42:35.548+0000] {spark_submit.py:491} INFO - at scala.collection.Iterator$$anon$10.hasNext(Iterator.scala:460)
[2023-08-18T01:42:35.549+0000] {spark_submit.py:491} INFO - at org.apache.spark.sql.catalyst.expressions.GeneratedClass$GeneratedIteratorForCodegenStage1.processNext(Unknown Source)
[2023-08-18T01:42:35.549+0000] {spark_submit.py:491} INFO - at org.apache.spark.sql.execution.BufferedRowIterator.hasNext(BufferedRowIterator.java:43)
[2023-08-18T01:42:35.550+0000] {spark_submit.py:491} INFO - at org.apache.spark.sql.execution.WholeStageCodegenExec$$anon$1.hasNext(WholeStageCodegenExec.scala:760)
[2023-08-18T01:42:35.550+0000] {spark_submit.py:491} INFO - at org.apache.spark.sql.execution.datasources.FileFormatDataWriter.writeWithIterator(FileFormatDataWriter.scala:91)
[2023-08-18T01:42:35.551+0000] {spark_submit.py:491} INFO - at org.apache.spark.sql.execution.datasources.FileFormatWriter$.$anonfun$executeTask$1(FileFormatWriter.scala:403)
[2023-08-18T01:42:35.552+0000] {spark_submit.py:491} INFO - at org.apache.spark.util.Utils$.tryWithSafeFinallyAndFailureCallbacks(Utils.scala:1563)
[2023-08-18T01:42:35.552+0000] {spark_submit.py:491} INFO - at org.apache.spark.sql.execution.datasources.FileFormatWriter$.executeTask(FileFormatWriter.scala:410)
[2023-08-18T01:42:35.553+0000] {spark_submit.py:491} INFO - ... 15 more
[2023-08-18T01:42:35.623+0000] {spark_submit.py:491} INFO - Traceback (most recent call last):
[2023-08-18T01:42:35.624+0000] {spark_submit.py:491} INFO - File "/opt/***/dags/utils/spark_processing.py", line 25, in <module>
[2023-08-18T01:42:35.625+0000] {spark_submit.py:491} INFO - stock_df.write.mode("overwrite").option("compression", "snappy").parquet("dags/data/A_preprocessed.parquet")
[2023-08-18T01:42:35.626+0000] {spark_submit.py:491} INFO - File "/home/***/.local/lib/python3.10/site-packages/pyspark/python/lib/pyspark.zip/pyspark/sql/readwriter.py", line 1656, in parquet
[2023-08-18T01:42:35.626+0000] {spark_submit.py:491} INFO - File "/home/***/.local/lib/python3.10/site-packages/pyspark/python/lib/py4j-0.10.9.7-src.zip/py4j/java_gateway.py", line 1322, in __call__
[2023-08-18T01:42:35.627+0000] {spark_submit.py:491} INFO - File "/home/***/.local/lib/python3.10/site-packages/pyspark/python/lib/pyspark.zip/pyspark/errors/exceptions/captured.py", line 169, in deco
[2023-08-18T01:42:35.628+0000] {spark_submit.py:491} INFO - File "/home/***/.local/lib/python3.10/site-packages/pyspark/python/lib/py4j-0.10.9.7-src.zip/py4j/protocol.py", line 326, in get_return_value
[2023-08-18T01:42:35.673+0000] {spark_submit.py:491} INFO - py4j.protocol.Py4JJavaError: An error occurred while calling o40.parquet.
[2023-08-18T01:42:35.674+0000] {spark_submit.py:491} INFO - : org.apache.spark.SparkException: Job aborted due to stage failure: Task 0 in stage 0.0 failed 4 times, most recent failure: Lost task 0.3 in stage 0.0 (TID 3) (172.19.0.2 executor 0): org.apache.spark.SparkException: [TASK_WRITE_FAILED] Task failed while writing rows to file:/opt/***/dags/data/A_preprocessed.parquet.
[2023-08-18T01:42:35.674+0000] {spark_submit.py:491} INFO - at org.apache.spark.sql.errors.QueryExecutionErrors$.taskFailedWhileWritingRowsError(QueryExecutionErrors.scala:788)
[2023-08-18T01:42:35.675+0000] {spark_submit.py:491} INFO - at org.apache.spark.sql.execution.datasources.FileFormatWriter$.executeTask(FileFormatWriter.scala:420)
[2023-08-18T01:42:35.676+0000] {spark_submit.py:491} INFO - at org.apache.spark.sql.execution.datasources.WriteFilesExec.$anonfun$doExecuteWrite$1(WriteFiles.scala:100)
[2023-08-18T01:42:35.676+0000] {spark_submit.py:491} INFO - at org.apache.spark.rdd.RDD.$anonfun$mapPartitionsInternal$2(RDD.scala:888)
[2023-08-18T01:42:35.677+0000] {spark_submit.py:491} INFO - at org.apache.spark.rdd.RDD.$anonfun$mapPartitionsInternal$2$adapted(RDD.scala:888)
[2023-08-18T01:42:35.677+0000] {spark_submit.py:491} INFO - at org.apache.spark.rdd.MapPartitionsRDD.compute(MapPartitionsRDD.scala:52)
[2023-08-18T01:42:35.678+0000] {spark_submit.py:491} INFO - at org.apache.spark.rdd.RDD.computeOrReadCheckpoint(RDD.scala:364)
[2023-08-18T01:42:35.678+0000] {spark_submit.py:491} INFO - at org.apache.spark.rdd.RDD.iterator(RDD.scala:328)
[2023-08-18T01:42:35.679+0000] {spark_submit.py:491} INFO - at org.apache.spark.scheduler.ResultTask.runTask(ResultTask.scala:92)
[2023-08-18T01:42:35.679+0000] {spark_submit.py:491} INFO - at org.apache.spark.TaskContext.runTaskWithListeners(TaskContext.scala:161)
[2023-08-18T01:42:35.680+0000] {spark_submit.py:491} INFO - at org.apache.spark.scheduler.Task.run(Task.scala:139)
[2023-08-18T01:42:35.680+0000] {spark_submit.py:491} INFO - at org.apache.spark.executor.Executor$TaskRunner.$anonfun$run$3(Executor.scala:554)
[2023-08-18T01:42:35.681+0000] {spark_submit.py:491} INFO - at org.apache.spark.util.Utils$.tryWithSafeFinally(Utils.scala:1529)
[2023-08-18T01:42:35.681+0000] {spark_submit.py:491} INFO - at org.apache.spark.executor.Executor$TaskRunner.run(Executor.scala:557)
[2023-08-18T01:42:35.682+0000] {spark_submit.py:491} INFO - at java.base/java.util.concurrent.ThreadPoolExecutor.runWorker(ThreadPoolExecutor.java:1136)
[2023-08-18T01:42:35.682+0000] {spark_submit.py:491} INFO - at java.base/java.util.concurrent.ThreadPoolExecutor$Worker.run(ThreadPoolExecutor.java:635)
[2023-08-18T01:42:35.683+0000] {spark_submit.py:491} INFO - at java.base/java.lang.Thread.run(Thread.java:833)
[2023-08-18T01:42:35.683+0000] {spark_submit.py:491} INFO - Caused by: org.apache.spark.SparkFileNotFoundException: File file:/opt/***/dags/data/A.csv does not exist
[2023-08-18T01:42:35.684+0000] {spark_submit.py:491} INFO - It is possible the underlying files have been updated. You can explicitly invalidate the cache in Spark by running 'REFRESH TABLE tableName' command in SQL or by recreating the Dataset/DataFrame involved.
[2023-08-18T01:42:35.684+0000] {spark_submit.py:491} INFO - at org.apache.spark.sql.errors.QueryExecutionErrors$.readCurrentFileNotFoundError(QueryExecutionErrors.scala:794)
[2023-08-18T01:42:35.685+0000] {spark_submit.py:491} INFO - at org.apache.spark.sql.execution.datasources.FileScanRDD$$anon$1.org$apache$spark$sql$execution$datasources$FileScanRDD$$anon$$readCurrentFile(FileScanRDD.scala:234)
[2023-08-18T01:42:35.685+0000] {spark_submit.py:491} INFO - at org.apache.spark.sql.execution.datasources.FileScanRDD$$anon$1.nextIterator(FileScanRDD.scala:293)
[2023-08-18T01:42:35.686+0000] {spark_submit.py:491} INFO - at org.apache.spark.sql.execution.datasources.FileScanRDD$$anon$1.hasNext(FileScanRDD.scala:125)
[2023-08-18T01:42:35.687+0000] {spark_submit.py:491} INFO - at scala.collection.Iterator$$anon$10.hasNext(Iterator.scala:460)
[2023-08-18T01:42:35.687+0000] {spark_submit.py:491} INFO - at org.apache.spark.sql.catalyst.expressions.GeneratedClass$GeneratedIteratorForCodegenStage1.processNext(Unknown Source)
[2023-08-18T01:42:35.688+0000] {spark_submit.py:491} INFO - at org.apache.spark.sql.execution.BufferedRowIterator.hasNext(BufferedRowIterator.java:43)
[2023-08-18T01:42:35.688+0000] {spark_submit.py:491} INFO - at org.apache.spark.sql.execution.WholeStageCodegenExec$$anon$1.hasNext(WholeStageCodegenExec.scala:760)
[2023-08-18T01:42:35.689+0000] {spark_submit.py:491} INFO - at org.apache.spark.sql.execution.datasources.FileFormatDataWriter.writeWithIterator(FileFormatDataWriter.scala:91)
[2023-08-18T01:42:35.689+0000] {spark_submit.py:491} INFO - at org.apache.spark.sql.execution.datasources.FileFormatWriter$.$anonfun$executeTask$1(FileFormatWriter.scala:403)
[2023-08-18T01:42:35.690+0000] {spark_submit.py:491} INFO - at org.apache.spark.util.Utils$.tryWithSafeFinallyAndFailureCallbacks(Utils.scala:1563)
[2023-08-18T01:42:35.690+0000] {spark_submit.py:491} INFO - at org.apache.spark.sql.execution.datasources.FileFormatWriter$.executeTask(FileFormatWriter.scala:410)
[2023-08-18T01:42:35.691+0000] {spark_submit.py:491} INFO - ... 15 more
[2023-08-18T01:42:35.691+0000] {spark_submit.py:491} INFO - 
[2023-08-18T01:42:35.692+0000] {spark_submit.py:491} INFO - Driver stacktrace:
[2023-08-18T01:42:35.692+0000] {spark_submit.py:491} INFO - at org.apache.spark.scheduler.DAGScheduler.failJobAndIndependentStages(DAGScheduler.scala:2785)
[2023-08-18T01:42:35.693+0000] {spark_submit.py:491} INFO - at org.apache.spark.scheduler.DAGScheduler.$anonfun$abortStage$2(DAGScheduler.scala:2721)
[2023-08-18T01:42:35.693+0000] {spark_submit.py:491} INFO - at org.apache.spark.scheduler.DAGScheduler.$anonfun$abortStage$2$adapted(DAGScheduler.scala:2720)
[2023-08-18T01:42:35.694+0000] {spark_submit.py:491} INFO - at scala.collection.mutable.ResizableArray.foreach(ResizableArray.scala:62)
[2023-08-18T01:42:35.694+0000] {spark_submit.py:491} INFO - at scala.collection.mutable.ResizableArray.foreach$(ResizableArray.scala:55)
[2023-08-18T01:42:35.694+0000] {spark_submit.py:491} INFO - at scala.collection.mutable.ArrayBuffer.foreach(ArrayBuffer.scala:49)
[2023-08-18T01:42:35.695+0000] {spark_submit.py:491} INFO - at org.apache.spark.scheduler.DAGScheduler.abortStage(DAGScheduler.scala:2720)
[2023-08-18T01:42:35.695+0000] {spark_submit.py:491} INFO - at org.apache.spark.scheduler.DAGScheduler.$anonfun$handleTaskSetFailed$1(DAGScheduler.scala:1206)
[2023-08-18T01:42:35.696+0000] {spark_submit.py:491} INFO - at org.apache.spark.scheduler.DAGScheduler.$anonfun$handleTaskSetFailed$1$adapted(DAGScheduler.scala:1206)
[2023-08-18T01:42:35.696+0000] {spark_submit.py:491} INFO - at scala.Option.foreach(Option.scala:407)
[2023-08-18T01:42:35.697+0000] {spark_submit.py:491} INFO - at org.apache.spark.scheduler.DAGScheduler.handleTaskSetFailed(DAGScheduler.scala:1206)
[2023-08-18T01:42:35.697+0000] {spark_submit.py:491} INFO - at org.apache.spark.scheduler.DAGSchedulerEventProcessLoop.doOnReceive(DAGScheduler.scala:2984)
[2023-08-18T01:42:35.698+0000] {spark_submit.py:491} INFO - at org.apache.spark.scheduler.DAGSchedulerEventProcessLoop.onReceive(DAGScheduler.scala:2923)
[2023-08-18T01:42:35.698+0000] {spark_submit.py:491} INFO - at org.apache.spark.scheduler.DAGSchedulerEventProcessLoop.onReceive(DAGScheduler.scala:2912)
[2023-08-18T01:42:35.699+0000] {spark_submit.py:491} INFO - at org.apache.spark.util.EventLoop$$anon$1.run(EventLoop.scala:49)
[2023-08-18T01:42:35.699+0000] {spark_submit.py:491} INFO - at org.apache.spark.scheduler.DAGScheduler.runJob(DAGScheduler.scala:971)
[2023-08-18T01:42:35.700+0000] {spark_submit.py:491} INFO - at org.apache.spark.SparkContext.runJob(SparkContext.scala:2263)
[2023-08-18T01:42:35.700+0000] {spark_submit.py:491} INFO - at org.apache.spark.sql.execution.datasources.FileFormatWriter$.$anonfun$executeWrite$4(FileFormatWriter.scala:307)
[2023-08-18T01:42:35.701+0000] {spark_submit.py:491} INFO - at org.apache.spark.sql.execution.datasources.FileFormatWriter$.writeAndCommit(FileFormatWriter.scala:271)
[2023-08-18T01:42:35.701+0000] {spark_submit.py:491} INFO - at org.apache.spark.sql.execution.datasources.FileFormatWriter$.executeWrite(FileFormatWriter.scala:304)
[2023-08-18T01:42:35.702+0000] {spark_submit.py:491} INFO - at org.apache.spark.sql.execution.datasources.FileFormatWriter$.write(FileFormatWriter.scala:190)
[2023-08-18T01:42:35.702+0000] {spark_submit.py:491} INFO - at org.apache.spark.sql.execution.datasources.InsertIntoHadoopFsRelationCommand.run(InsertIntoHadoopFsRelationCommand.scala:190)
[2023-08-18T01:42:35.703+0000] {spark_submit.py:491} INFO - at org.apache.spark.sql.execution.command.DataWritingCommandExec.sideEffectResult$lzycompute(commands.scala:113)
[2023-08-18T01:42:35.703+0000] {spark_submit.py:491} INFO - at org.apache.spark.sql.execution.command.DataWritingCommandExec.sideEffectResult(commands.scala:111)
[2023-08-18T01:42:35.704+0000] {spark_submit.py:491} INFO - at org.apache.spark.sql.execution.command.DataWritingCommandExec.executeCollect(commands.scala:125)
[2023-08-18T01:42:35.704+0000] {spark_submit.py:491} INFO - at org.apache.spark.sql.execution.QueryExecution$$anonfun$eagerlyExecuteCommands$1.$anonfun$applyOrElse$1(QueryExecution.scala:98)
[2023-08-18T01:42:35.705+0000] {spark_submit.py:491} INFO - at org.apache.spark.sql.execution.SQLExecution$.$anonfun$withNewExecutionId$6(SQLExecution.scala:118)
[2023-08-18T01:42:35.705+0000] {spark_submit.py:491} INFO - at org.apache.spark.sql.execution.SQLExecution$.withSQLConfPropagated(SQLExecution.scala:195)
[2023-08-18T01:42:35.706+0000] {spark_submit.py:491} INFO - at org.apache.spark.sql.execution.SQLExecution$.$anonfun$withNewExecutionId$1(SQLExecution.scala:103)
[2023-08-18T01:42:35.706+0000] {spark_submit.py:491} INFO - at org.apache.spark.sql.SparkSession.withActive(SparkSession.scala:827)
[2023-08-18T01:42:35.707+0000] {spark_submit.py:491} INFO - at org.apache.spark.sql.execution.SQLExecution$.withNewExecutionId(SQLExecution.scala:65)
[2023-08-18T01:42:35.707+0000] {spark_submit.py:491} INFO - at org.apache.spark.sql.execution.QueryExecution$$anonfun$eagerlyExecuteCommands$1.applyOrElse(QueryExecution.scala:98)
[2023-08-18T01:42:35.708+0000] {spark_submit.py:491} INFO - at org.apache.spark.sql.execution.QueryExecution$$anonfun$eagerlyExecuteCommands$1.applyOrElse(QueryExecution.scala:94)
[2023-08-18T01:42:35.708+0000] {spark_submit.py:491} INFO - at org.apache.spark.sql.catalyst.trees.TreeNode.$anonfun$transformDownWithPruning$1(TreeNode.scala:512)
[2023-08-18T01:42:35.709+0000] {spark_submit.py:491} INFO - at org.apache.spark.sql.catalyst.trees.CurrentOrigin$.withOrigin(TreeNode.scala:104)
[2023-08-18T01:42:35.709+0000] {spark_submit.py:491} INFO - at org.apache.spark.sql.catalyst.trees.TreeNode.transformDownWithPruning(TreeNode.scala:512)
[2023-08-18T01:42:35.710+0000] {spark_submit.py:491} INFO - at org.apache.spark.sql.catalyst.plans.logical.LogicalPlan.org$apache$spark$sql$catalyst$plans$logical$AnalysisHelper$$super$transformDownWithPruning(LogicalPlan.scala:31)
[2023-08-18T01:42:35.710+0000] {spark_submit.py:491} INFO - at org.apache.spark.sql.catalyst.plans.logical.AnalysisHelper.transformDownWithPruning(AnalysisHelper.scala:267)
[2023-08-18T01:42:35.711+0000] {spark_submit.py:491} INFO - at org.apache.spark.sql.catalyst.plans.logical.AnalysisHelper.transformDownWithPruning$(AnalysisHelper.scala:263)
[2023-08-18T01:42:35.711+0000] {spark_submit.py:491} INFO - at org.apache.spark.sql.catalyst.plans.logical.LogicalPlan.transformDownWithPruning(LogicalPlan.scala:31)
[2023-08-18T01:42:35.712+0000] {spark_submit.py:491} INFO - at org.apache.spark.sql.catalyst.plans.logical.LogicalPlan.transformDownWithPruning(LogicalPlan.scala:31)
[2023-08-18T01:42:35.712+0000] {spark_submit.py:491} INFO - at org.apache.spark.sql.catalyst.trees.TreeNode.transformDown(TreeNode.scala:488)
[2023-08-18T01:42:35.713+0000] {spark_submit.py:491} INFO - at org.apache.spark.sql.execution.QueryExecution.eagerlyExecuteCommands(QueryExecution.scala:94)
[2023-08-18T01:42:35.714+0000] {spark_submit.py:491} INFO - at org.apache.spark.sql.execution.QueryExecution.commandExecuted$lzycompute(QueryExecution.scala:81)
[2023-08-18T01:42:35.715+0000] {spark_submit.py:491} INFO - at org.apache.spark.sql.execution.QueryExecution.commandExecuted(QueryExecution.scala:79)
[2023-08-18T01:42:35.715+0000] {spark_submit.py:491} INFO - at org.apache.spark.sql.execution.QueryExecution.assertCommandExecuted(QueryExecution.scala:133)
[2023-08-18T01:42:35.716+0000] {spark_submit.py:491} INFO - at org.apache.spark.sql.DataFrameWriter.runCommand(DataFrameWriter.scala:856)
[2023-08-18T01:42:35.716+0000] {spark_submit.py:491} INFO - at org.apache.spark.sql.DataFrameWriter.saveToV1Source(DataFrameWriter.scala:387)
[2023-08-18T01:42:35.717+0000] {spark_submit.py:491} INFO - at org.apache.spark.sql.DataFrameWriter.saveInternal(DataFrameWriter.scala:360)
[2023-08-18T01:42:35.717+0000] {spark_submit.py:491} INFO - at org.apache.spark.sql.DataFrameWriter.save(DataFrameWriter.scala:239)
[2023-08-18T01:42:35.718+0000] {spark_submit.py:491} INFO - at org.apache.spark.sql.DataFrameWriter.parquet(DataFrameWriter.scala:789)
[2023-08-18T01:42:35.718+0000] {spark_submit.py:491} INFO - at java.base/jdk.internal.reflect.NativeMethodAccessorImpl.invoke0(Native Method)
[2023-08-18T01:42:35.719+0000] {spark_submit.py:491} INFO - at java.base/jdk.internal.reflect.NativeMethodAccessorImpl.invoke(NativeMethodAccessorImpl.java:77)
[2023-08-18T01:42:35.719+0000] {spark_submit.py:491} INFO - at java.base/jdk.internal.reflect.DelegatingMethodAccessorImpl.invoke(DelegatingMethodAccessorImpl.java:43)
[2023-08-18T01:42:35.720+0000] {spark_submit.py:491} INFO - at java.base/java.lang.reflect.Method.invoke(Method.java:568)
[2023-08-18T01:42:35.721+0000] {spark_submit.py:491} INFO - at py4j.reflection.MethodInvoker.invoke(MethodInvoker.java:244)
[2023-08-18T01:42:35.721+0000] {spark_submit.py:491} INFO - at py4j.reflection.ReflectionEngine.invoke(ReflectionEngine.java:374)
[2023-08-18T01:42:35.722+0000] {spark_submit.py:491} INFO - at py4j.Gateway.invoke(Gateway.java:282)
[2023-08-18T01:42:35.723+0000] {spark_submit.py:491} INFO - at py4j.commands.AbstractCommand.invokeMethod(AbstractCommand.java:132)
[2023-08-18T01:42:35.723+0000] {spark_submit.py:491} INFO - at py4j.commands.CallCommand.execute(CallCommand.java:79)
[2023-08-18T01:42:35.724+0000] {spark_submit.py:491} INFO - at py4j.ClientServerConnection.waitForCommands(ClientServerConnection.java:182)
[2023-08-18T01:42:35.725+0000] {spark_submit.py:491} INFO - at py4j.ClientServerConnection.run(ClientServerConnection.java:106)
[2023-08-18T01:42:35.726+0000] {spark_submit.py:491} INFO - at java.base/java.lang.Thread.run(Thread.java:833)
[2023-08-18T01:42:35.726+0000] {spark_submit.py:491} INFO - Caused by: org.apache.spark.SparkException: [TASK_WRITE_FAILED] Task failed while writing rows to file:/opt/***/dags/data/A_preprocessed.parquet.
[2023-08-18T01:42:35.727+0000] {spark_submit.py:491} INFO - at org.apache.spark.sql.errors.QueryExecutionErrors$.taskFailedWhileWritingRowsError(QueryExecutionErrors.scala:788)
[2023-08-18T01:42:35.728+0000] {spark_submit.py:491} INFO - at org.apache.spark.sql.execution.datasources.FileFormatWriter$.executeTask(FileFormatWriter.scala:420)
[2023-08-18T01:42:35.730+0000] {spark_submit.py:491} INFO - at org.apache.spark.sql.execution.datasources.WriteFilesExec.$anonfun$doExecuteWrite$1(WriteFiles.scala:100)
[2023-08-18T01:42:35.731+0000] {spark_submit.py:491} INFO - at org.apache.spark.rdd.RDD.$anonfun$mapPartitionsInternal$2(RDD.scala:888)
[2023-08-18T01:42:35.733+0000] {spark_submit.py:491} INFO - at org.apache.spark.rdd.RDD.$anonfun$mapPartitionsInternal$2$adapted(RDD.scala:888)
[2023-08-18T01:42:35.735+0000] {spark_submit.py:491} INFO - at org.apache.spark.rdd.MapPartitionsRDD.compute(MapPartitionsRDD.scala:52)
[2023-08-18T01:42:35.737+0000] {spark_submit.py:491} INFO - at org.apache.spark.rdd.RDD.computeOrReadCheckpoint(RDD.scala:364)
[2023-08-18T01:42:35.740+0000] {spark_submit.py:491} INFO - at org.apache.spark.rdd.RDD.iterator(RDD.scala:328)
[2023-08-18T01:42:35.742+0000] {spark_submit.py:491} INFO - at org.apache.spark.scheduler.ResultTask.runTask(ResultTask.scala:92)
[2023-08-18T01:42:35.744+0000] {spark_submit.py:491} INFO - at org.apache.spark.TaskContext.runTaskWithListeners(TaskContext.scala:161)
[2023-08-18T01:42:35.745+0000] {spark_submit.py:491} INFO - at org.apache.spark.scheduler.Task.run(Task.scala:139)
[2023-08-18T01:42:35.748+0000] {spark_submit.py:491} INFO - at org.apache.spark.executor.Executor$TaskRunner.$anonfun$run$3(Executor.scala:554)
[2023-08-18T01:42:35.749+0000] {spark_submit.py:491} INFO - at org.apache.spark.util.Utils$.tryWithSafeFinally(Utils.scala:1529)
[2023-08-18T01:42:35.750+0000] {spark_submit.py:491} INFO - at org.apache.spark.executor.Executor$TaskRunner.run(Executor.scala:557)
[2023-08-18T01:42:35.751+0000] {spark_submit.py:491} INFO - at java.base/java.util.concurrent.ThreadPoolExecutor.runWorker(ThreadPoolExecutor.java:1136)
[2023-08-18T01:42:35.753+0000] {spark_submit.py:491} INFO - at java.base/java.util.concurrent.ThreadPoolExecutor$Worker.run(ThreadPoolExecutor.java:635)
[2023-08-18T01:42:35.754+0000] {spark_submit.py:491} INFO - at java.base/java.lang.Thread.run(Thread.java:833)
[2023-08-18T01:42:35.756+0000] {spark_submit.py:491} INFO - Caused by: org.apache.spark.SparkFileNotFoundException: File file:/opt/***/dags/data/A.csv does not exist
[2023-08-18T01:42:35.757+0000] {spark_submit.py:491} INFO - It is possible the underlying files have been updated. You can explicitly invalidate the cache in Spark by running 'REFRESH TABLE tableName' command in SQL or by recreating the Dataset/DataFrame involved.
[2023-08-18T01:42:35.758+0000] {spark_submit.py:491} INFO - at org.apache.spark.sql.errors.QueryExecutionErrors$.readCurrentFileNotFoundError(QueryExecutionErrors.scala:794)
[2023-08-18T01:42:35.758+0000] {spark_submit.py:491} INFO - at org.apache.spark.sql.execution.datasources.FileScanRDD$$anon$1.org$apache$spark$sql$execution$datasources$FileScanRDD$$anon$$readCurrentFile(FileScanRDD.scala:234)
[2023-08-18T01:42:35.759+0000] {spark_submit.py:491} INFO - at org.apache.spark.sql.execution.datasources.FileScanRDD$$anon$1.nextIterator(FileScanRDD.scala:293)
[2023-08-18T01:42:35.760+0000] {spark_submit.py:491} INFO - at org.apache.spark.sql.execution.datasources.FileScanRDD$$anon$1.hasNext(FileScanRDD.scala:125)
[2023-08-18T01:42:35.760+0000] {spark_submit.py:491} INFO - at scala.collection.Iterator$$anon$10.hasNext(Iterator.scala:460)
[2023-08-18T01:42:35.761+0000] {spark_submit.py:491} INFO - at org.apache.spark.sql.catalyst.expressions.GeneratedClass$GeneratedIteratorForCodegenStage1.processNext(Unknown Source)
[2023-08-18T01:42:35.762+0000] {spark_submit.py:491} INFO - at org.apache.spark.sql.execution.BufferedRowIterator.hasNext(BufferedRowIterator.java:43)
[2023-08-18T01:42:35.762+0000] {spark_submit.py:491} INFO - at org.apache.spark.sql.execution.WholeStageCodegenExec$$anon$1.hasNext(WholeStageCodegenExec.scala:760)
[2023-08-18T01:42:35.763+0000] {spark_submit.py:491} INFO - at org.apache.spark.sql.execution.datasources.FileFormatDataWriter.writeWithIterator(FileFormatDataWriter.scala:91)
[2023-08-18T01:42:35.764+0000] {spark_submit.py:491} INFO - at org.apache.spark.sql.execution.datasources.FileFormatWriter$.$anonfun$executeTask$1(FileFormatWriter.scala:403)
[2023-08-18T01:42:35.765+0000] {spark_submit.py:491} INFO - at org.apache.spark.util.Utils$.tryWithSafeFinallyAndFailureCallbacks(Utils.scala:1563)
[2023-08-18T01:42:35.765+0000] {spark_submit.py:491} INFO - at org.apache.spark.sql.execution.datasources.FileFormatWriter$.executeTask(FileFormatWriter.scala:410)
[2023-08-18T01:42:35.766+0000] {spark_submit.py:491} INFO - ... 15 more
[2023-08-18T01:42:35.767+0000] {spark_submit.py:491} INFO - 
[2023-08-18T01:42:35.768+0000] {spark_submit.py:491} INFO - 23/08/18 01:42:35 INFO SparkContext: Invoking stop() from shutdown hook
[2023-08-18T01:42:35.770+0000] {spark_submit.py:491} INFO - 23/08/18 01:42:35 INFO SparkContext: SparkContext is stopping with exitCode 0.
[2023-08-18T01:42:35.771+0000] {spark_submit.py:491} INFO - 23/08/18 01:42:35 INFO SparkUI: Stopped Spark web UI at http://15ea5e9ca941:4040
[2023-08-18T01:42:35.772+0000] {spark_submit.py:491} INFO - 23/08/18 01:42:35 INFO StandaloneSchedulerBackend: Shutting down all executors
[2023-08-18T01:42:35.773+0000] {spark_submit.py:491} INFO - 23/08/18 01:42:35 INFO StandaloneSchedulerBackend$StandaloneDriverEndpoint: Asking each executor to shut down
[2023-08-18T01:42:35.774+0000] {spark_submit.py:491} INFO - 23/08/18 01:42:35 INFO MapOutputTrackerMasterEndpoint: MapOutputTrackerMasterEndpoint stopped!
[2023-08-18T01:42:35.774+0000] {spark_submit.py:491} INFO - 23/08/18 01:42:35 INFO MemoryStore: MemoryStore cleared
[2023-08-18T01:42:35.775+0000] {spark_submit.py:491} INFO - 23/08/18 01:42:35 INFO BlockManager: BlockManager stopped
[2023-08-18T01:42:35.776+0000] {spark_submit.py:491} INFO - 23/08/18 01:42:35 INFO BlockManagerMaster: BlockManagerMaster stopped
[2023-08-18T01:42:35.776+0000] {spark_submit.py:491} INFO - 23/08/18 01:42:35 INFO OutputCommitCoordinator$OutputCommitCoordinatorEndpoint: OutputCommitCoordinator stopped!
[2023-08-18T01:42:35.778+0000] {spark_submit.py:491} INFO - 23/08/18 01:42:35 INFO SparkContext: Successfully stopped SparkContext
[2023-08-18T01:42:35.779+0000] {spark_submit.py:491} INFO - 23/08/18 01:42:35 INFO ShutdownHookManager: Shutdown hook called
[2023-08-18T01:42:35.780+0000] {spark_submit.py:491} INFO - 23/08/18 01:42:35 INFO ShutdownHookManager: Deleting directory /tmp/spark-0fab2a10-48c4-438a-8367-ca1d6af9663d/pyspark-03551f9a-8c53-4fdc-ab7d-09daeed6e6b9
[2023-08-18T01:42:35.785+0000] {spark_submit.py:491} INFO - 23/08/18 01:42:35 INFO ShutdownHookManager: Deleting directory /tmp/spark-0fab2a10-48c4-438a-8367-ca1d6af9663d
[2023-08-18T01:42:35.790+0000] {spark_submit.py:491} INFO - 23/08/18 01:42:35 INFO ShutdownHookManager: Deleting directory /tmp/spark-9fa7d7af-3e7d-469d-bb90-32609cd97338
[2023-08-18T01:42:35.851+0000] {taskinstance.py:1824} ERROR - Task failed with exception
Traceback (most recent call last):
  File "/home/airflow/.local/lib/python3.10/site-packages/airflow/providers/apache/spark/operators/spark_submit.py", line 156, in execute
    self._hook.submit(self._application)
  File "/home/airflow/.local/lib/python3.10/site-packages/airflow/providers/apache/spark/hooks/spark_submit.py", line 422, in submit
    raise AirflowException(
airflow.exceptions.AirflowException: Cannot execute: spark-submit --master spark://spark:7077 --name arrow-spark ./dags/utils/spark_processing.py. Error code is: 1.
[2023-08-18T01:42:35.855+0000] {taskinstance.py:1345} INFO - Marking task as FAILED. dag_id=spark_***_dag, task_id=spark_submit_task, execution_date=20230818T014224, start_date=20230818T014226, end_date=20230818T014235
[2023-08-18T01:42:35.864+0000] {standard_task_runner.py:104} ERROR - Failed to execute job 11 for task spark_submit_task (Cannot execute: spark-submit --master spark://spark:7077 --name arrow-spark ./dags/utils/spark_processing.py. Error code is: 1.; 895)
[2023-08-18T01:42:35.902+0000] {local_task_job_runner.py:225} INFO - Task exited with return code 1
[2023-08-18T01:42:35.918+0000] {taskinstance.py:2651} INFO - 0 downstream tasks scheduled from follow-on schedule check
