[2023-08-17T06:12:11.928+0000] {taskinstance.py:1103} INFO - Dependencies all met for dep_context=non-requeueable deps ti=<TaskInstance: spark_airflow_dag.spark_submit_task manual__2023-08-17T06:12:10.693991+00:00 [queued]>
[2023-08-17T06:12:11.936+0000] {taskinstance.py:1103} INFO - Dependencies all met for dep_context=requeueable deps ti=<TaskInstance: spark_airflow_dag.spark_submit_task manual__2023-08-17T06:12:10.693991+00:00 [queued]>
[2023-08-17T06:12:11.936+0000] {taskinstance.py:1308} INFO - Starting attempt 1 of 1
[2023-08-17T06:12:11.945+0000] {taskinstance.py:1327} INFO - Executing <Task(SparkSubmitOperator): spark_submit_task> on 2023-08-17 06:12:10.693991+00:00
[2023-08-17T06:12:11.948+0000] {standard_task_runner.py:57} INFO - Started process 6053 to run task
[2023-08-17T06:12:11.953+0000] {standard_task_runner.py:84} INFO - Running: ['***', 'tasks', 'run', 'spark_***_dag', 'spark_submit_task', 'manual__2023-08-17T06:12:10.693991+00:00', '--job-id', '33', '--raw', '--subdir', 'DAGS_FOLDER/spark_jobs_dag.py', '--cfg-path', '/tmp/tmpsom88_h_']
[2023-08-17T06:12:11.954+0000] {standard_task_runner.py:85} INFO - Job 33: Subtask spark_submit_task
[2023-08-17T06:12:12.008+0000] {task_command.py:410} INFO - Running <TaskInstance: spark_airflow_dag.spark_submit_task manual__2023-08-17T06:12:10.693991+00:00 [running]> on host 0d68e811d1ff
[2023-08-17T06:12:12.079+0000] {taskinstance.py:1545} INFO - Exporting env vars: AIRFLOW_CTX_DAG_OWNER='***' AIRFLOW_CTX_DAG_ID='spark_***_dag' AIRFLOW_CTX_TASK_ID='spark_submit_task' AIRFLOW_CTX_EXECUTION_DATE='2023-08-17T06:12:10.693991+00:00' AIRFLOW_CTX_TRY_NUMBER='1' AIRFLOW_CTX_DAG_RUN_ID='manual__2023-08-17T06:12:10.693991+00:00'
[2023-08-17T06:12:12.091+0000] {base.py:73} INFO - Using connection ID 'spark_local' for task execution.
[2023-08-17T06:12:12.092+0000] {spark_submit.py:340} INFO - Spark-Submit cmd: spark-submit --master spark://spark:7077 --name arrow-spark dags/spark_processing.py
[2023-08-17T06:12:12.181+0000] {spark_submit.py:491} INFO - /home/***/.local/lib/python3.10/site-packages/pyspark/bin/load-spark-env.sh: line 68: ps: command not found
[2023-08-17T06:12:14.157+0000] {spark_submit.py:491} INFO - 23/08/17 06:12:14 INFO SparkContext: Running Spark version 3.4.1
[2023-08-17T06:12:14.199+0000] {spark_submit.py:491} INFO - 23/08/17 06:12:14 WARN NativeCodeLoader: Unable to load native-hadoop library for your platform... using builtin-java classes where applicable
[2023-08-17T06:12:14.278+0000] {spark_submit.py:491} INFO - 23/08/17 06:12:14 INFO ResourceUtils: ==============================================================
[2023-08-17T06:12:14.280+0000] {spark_submit.py:491} INFO - 23/08/17 06:12:14 INFO ResourceUtils: No custom resources configured for spark.driver.
[2023-08-17T06:12:14.282+0000] {spark_submit.py:491} INFO - 23/08/17 06:12:14 INFO ResourceUtils: ==============================================================
[2023-08-17T06:12:14.283+0000] {spark_submit.py:491} INFO - 23/08/17 06:12:14 INFO SparkContext: Submitted application: DataExtraction
[2023-08-17T06:12:14.299+0000] {spark_submit.py:491} INFO - 23/08/17 06:12:14 INFO ResourceProfile: Default ResourceProfile created, executor resources: Map(memory -> name: memory, amount: 1024, script: , vendor: , offHeap -> name: offHeap, amount: 0, script: , vendor: ), task resources: Map(cpus -> name: cpus, amount: 1.0)
[2023-08-17T06:12:14.307+0000] {spark_submit.py:491} INFO - 23/08/17 06:12:14 INFO ResourceProfile: Limiting resource is cpu
[2023-08-17T06:12:14.308+0000] {spark_submit.py:491} INFO - 23/08/17 06:12:14 INFO ResourceProfileManager: Added ResourceProfile id: 0
[2023-08-17T06:12:14.351+0000] {spark_submit.py:491} INFO - 23/08/17 06:12:14 INFO SecurityManager: Changing view acls to: default
[2023-08-17T06:12:14.353+0000] {spark_submit.py:491} INFO - 23/08/17 06:12:14 INFO SecurityManager: Changing modify acls to: default
[2023-08-17T06:12:14.354+0000] {spark_submit.py:491} INFO - 23/08/17 06:12:14 INFO SecurityManager: Changing view acls groups to:
[2023-08-17T06:12:14.358+0000] {spark_submit.py:491} INFO - 23/08/17 06:12:14 INFO SecurityManager: Changing modify acls groups to:
[2023-08-17T06:12:14.360+0000] {spark_submit.py:491} INFO - 23/08/17 06:12:14 INFO SecurityManager: SecurityManager: authentication disabled; ui acls disabled; users with view permissions: default; groups with view permissions: EMPTY; users with modify permissions: default; groups with modify permissions: EMPTY
[2023-08-17T06:12:14.607+0000] {spark_submit.py:491} INFO - 23/08/17 06:12:14 INFO Utils: Successfully started service 'sparkDriver' on port 41943.
[2023-08-17T06:12:14.637+0000] {spark_submit.py:491} INFO - 23/08/17 06:12:14 INFO SparkEnv: Registering MapOutputTracker
[2023-08-17T06:12:14.673+0000] {spark_submit.py:491} INFO - 23/08/17 06:12:14 INFO SparkEnv: Registering BlockManagerMaster
[2023-08-17T06:12:14.693+0000] {spark_submit.py:491} INFO - 23/08/17 06:12:14 INFO BlockManagerMasterEndpoint: Using org.apache.spark.storage.DefaultTopologyMapper for getting topology information
[2023-08-17T06:12:14.695+0000] {spark_submit.py:491} INFO - 23/08/17 06:12:14 INFO BlockManagerMasterEndpoint: BlockManagerMasterEndpoint up
[2023-08-17T06:12:14.698+0000] {spark_submit.py:491} INFO - 23/08/17 06:12:14 INFO SparkEnv: Registering BlockManagerMasterHeartbeat
[2023-08-17T06:12:14.716+0000] {spark_submit.py:491} INFO - 23/08/17 06:12:14 INFO DiskBlockManager: Created local directory at /tmp/blockmgr-7bbb7aaf-31c4-466d-8b33-0ed73cd899d0
[2023-08-17T06:12:14.730+0000] {spark_submit.py:491} INFO - 23/08/17 06:12:14 INFO MemoryStore: MemoryStore started with capacity 434.4 MiB
[2023-08-17T06:12:14.744+0000] {spark_submit.py:491} INFO - 23/08/17 06:12:14 INFO SparkEnv: Registering OutputCommitCoordinator
[2023-08-17T06:12:14.849+0000] {spark_submit.py:491} INFO - 23/08/17 06:12:14 INFO JettyUtils: Start Jetty 0.0.0.0:4040 for SparkUI
[2023-08-17T06:12:14.911+0000] {spark_submit.py:491} INFO - 23/08/17 06:12:14 INFO Utils: Successfully started service 'SparkUI' on port 4040.
[2023-08-17T06:12:15.010+0000] {spark_submit.py:491} INFO - 23/08/17 06:12:15 INFO StandaloneAppClient$ClientEndpoint: Connecting to master spark://spark:7077...
[2023-08-17T06:12:15.049+0000] {spark_submit.py:491} INFO - 23/08/17 06:12:15 INFO TransportClientFactory: Successfully created connection to spark/172.18.0.9:7077 after 21 ms (0 ms spent in bootstraps)
[2023-08-17T06:12:15.126+0000] {spark_submit.py:491} INFO - 23/08/17 06:12:15 INFO StandaloneSchedulerBackend: Connected to Spark cluster with app ID app-20230817061215-0025
[2023-08-17T06:12:15.128+0000] {spark_submit.py:491} INFO - 23/08/17 06:12:15 INFO StandaloneAppClient$ClientEndpoint: Executor added: app-20230817061215-0025/0 on worker-20230817035656-172.18.0.8-40033 (172.18.0.8:40033) with 1 core(s)
[2023-08-17T06:12:15.139+0000] {spark_submit.py:491} INFO - 23/08/17 06:12:15 INFO StandaloneSchedulerBackend: Granted executor ID app-20230817061215-0025/0 on hostPort 172.18.0.8:40033 with 1 core(s), 1024.0 MiB RAM
[2023-08-17T06:12:15.142+0000] {spark_submit.py:491} INFO - 23/08/17 06:12:15 INFO Utils: Successfully started service 'org.apache.spark.network.netty.NettyBlockTransferService' on port 33461.
[2023-08-17T06:12:15.144+0000] {spark_submit.py:491} INFO - 23/08/17 06:12:15 INFO NettyBlockTransferService: Server created on 0d68e811d1ff:33461
[2023-08-17T06:12:15.145+0000] {spark_submit.py:491} INFO - 23/08/17 06:12:15 INFO BlockManager: Using org.apache.spark.storage.RandomBlockReplicationPolicy for block replication policy
[2023-08-17T06:12:15.151+0000] {spark_submit.py:491} INFO - 23/08/17 06:12:15 INFO BlockManagerMaster: Registering BlockManager BlockManagerId(driver, 0d68e811d1ff, 33461, None)
[2023-08-17T06:12:15.154+0000] {spark_submit.py:491} INFO - 23/08/17 06:12:15 INFO BlockManagerMasterEndpoint: Registering block manager 0d68e811d1ff:33461 with 434.4 MiB RAM, BlockManagerId(driver, 0d68e811d1ff, 33461, None)
[2023-08-17T06:12:15.157+0000] {spark_submit.py:491} INFO - 23/08/17 06:12:15 INFO BlockManagerMaster: Registered BlockManager BlockManagerId(driver, 0d68e811d1ff, 33461, None)
[2023-08-17T06:12:15.158+0000] {spark_submit.py:491} INFO - 23/08/17 06:12:15 INFO BlockManager: Initialized BlockManager: BlockManagerId(driver, 0d68e811d1ff, 33461, None)
[2023-08-17T06:12:15.186+0000] {spark_submit.py:491} INFO - 23/08/17 06:12:15 INFO StandaloneAppClient$ClientEndpoint: Executor updated: app-20230817061215-0025/0 is now RUNNING
[2023-08-17T06:12:15.407+0000] {spark_submit.py:491} INFO - 23/08/17 06:12:15 INFO StandaloneSchedulerBackend: SchedulerBackend is ready for scheduling beginning after reached minRegisteredResourcesRatio: 0.0
[2023-08-17T06:12:15.708+0000] {spark_submit.py:491} INFO - 23/08/17 06:12:15 INFO SharedState: Setting hive.metastore.warehouse.dir ('null') to the value of spark.sql.warehouse.dir.
[2023-08-17T06:12:15.715+0000] {spark_submit.py:491} INFO - 23/08/17 06:12:15 INFO SharedState: Warehouse path is 'file:/opt/***/spark-warehouse'.
[2023-08-17T06:12:16.759+0000] {spark_submit.py:491} INFO - 23/08/17 06:12:16 INFO InMemoryFileIndex: It took 45 ms to list leaf files for 1 paths.
[2023-08-17T06:12:18.148+0000] {spark_submit.py:491} INFO - 23/08/17 06:12:18 INFO StandaloneSchedulerBackend$StandaloneDriverEndpoint: Registered executor NettyRpcEndpointRef(spark-client://Executor) (172.18.0.8:57490) with ID 0,  ResourceProfileId 0
[2023-08-17T06:12:18.230+0000] {spark_submit.py:491} INFO - 23/08/17 06:12:18 INFO BlockManagerMasterEndpoint: Registering block manager 172.18.0.8:35511 with 434.4 MiB RAM, BlockManagerId(0, 172.18.0.8, 35511, None)
[2023-08-17T06:12:18.879+0000] {spark_submit.py:491} INFO - 23/08/17 06:12:18 INFO FileSourceStrategy: Pushed Filters:
[2023-08-17T06:12:18.888+0000] {spark_submit.py:491} INFO - 23/08/17 06:12:18 INFO FileSourceStrategy: Post-Scan Filters:
[2023-08-17T06:12:18.973+0000] {spark_submit.py:491} INFO - 23/08/17 06:12:18 INFO ParquetUtils: Using default output committer for Parquet: org.apache.parquet.hadoop.ParquetOutputCommitter
[2023-08-17T06:12:18.993+0000] {spark_submit.py:491} INFO - 23/08/17 06:12:18 INFO FileOutputCommitter: File Output Committer Algorithm version is 1
[2023-08-17T06:12:18.995+0000] {spark_submit.py:491} INFO - 23/08/17 06:12:18 INFO FileOutputCommitter: FileOutputCommitter skip cleanup _temporary folders under output directory:false, ignore cleanup failures: false
[2023-08-17T06:12:18.995+0000] {spark_submit.py:491} INFO - 23/08/17 06:12:18 INFO SQLHadoopMapReduceCommitProtocol: Using user defined output committer class org.apache.parquet.hadoop.ParquetOutputCommitter
[2023-08-17T06:12:18.996+0000] {spark_submit.py:491} INFO - 23/08/17 06:12:18 INFO FileOutputCommitter: File Output Committer Algorithm version is 1
[2023-08-17T06:12:18.997+0000] {spark_submit.py:491} INFO - 23/08/17 06:12:18 INFO FileOutputCommitter: FileOutputCommitter skip cleanup _temporary folders under output directory:false, ignore cleanup failures: false
[2023-08-17T06:12:18.998+0000] {spark_submit.py:491} INFO - 23/08/17 06:12:18 INFO SQLHadoopMapReduceCommitProtocol: Using output committer class org.apache.parquet.hadoop.ParquetOutputCommitter
[2023-08-17T06:12:19.369+0000] {spark_submit.py:491} INFO - 23/08/17 06:12:19 INFO CodeGenerator: Code generated in 149.72975 ms
[2023-08-17T06:12:19.405+0000] {spark_submit.py:491} INFO - 23/08/17 06:12:19 INFO MemoryStore: Block broadcast_0 stored as values in memory (estimated size 199.3 KiB, free 434.2 MiB)
[2023-08-17T06:12:19.441+0000] {spark_submit.py:491} INFO - 23/08/17 06:12:19 INFO MemoryStore: Block broadcast_0_piece0 stored as bytes in memory (estimated size 34.3 KiB, free 434.2 MiB)
[2023-08-17T06:12:19.443+0000] {spark_submit.py:491} INFO - 23/08/17 06:12:19 INFO BlockManagerInfo: Added broadcast_0_piece0 in memory on 0d68e811d1ff:33461 (size: 34.3 KiB, free: 434.4 MiB)
[2023-08-17T06:12:19.446+0000] {spark_submit.py:491} INFO - 23/08/17 06:12:19 INFO SparkContext: Created broadcast 0 from parquet at NativeMethodAccessorImpl.java:0
[2023-08-17T06:12:19.462+0000] {spark_submit.py:491} INFO - 23/08/17 06:12:19 INFO FileSourceScanExec: Planning scan with bin packing, max size: 4194304 bytes, open cost is considered as scanning 4194304 bytes.
[2023-08-17T06:12:19.536+0000] {spark_submit.py:491} INFO - 23/08/17 06:12:19 INFO SparkContext: Starting job: parquet at NativeMethodAccessorImpl.java:0
[2023-08-17T06:12:19.544+0000] {spark_submit.py:491} INFO - 23/08/17 06:12:19 INFO DAGScheduler: Got job 0 (parquet at NativeMethodAccessorImpl.java:0) with 1 output partitions
[2023-08-17T06:12:19.545+0000] {spark_submit.py:491} INFO - 23/08/17 06:12:19 INFO DAGScheduler: Final stage: ResultStage 0 (parquet at NativeMethodAccessorImpl.java:0)
[2023-08-17T06:12:19.546+0000] {spark_submit.py:491} INFO - 23/08/17 06:12:19 INFO DAGScheduler: Parents of final stage: List()
[2023-08-17T06:12:19.548+0000] {spark_submit.py:491} INFO - 23/08/17 06:12:19 INFO DAGScheduler: Missing parents: List()
[2023-08-17T06:12:19.549+0000] {spark_submit.py:491} INFO - 23/08/17 06:12:19 INFO DAGScheduler: Submitting ResultStage 0 (MapPartitionsRDD[3] at parquet at NativeMethodAccessorImpl.java:0), which has no missing parents
[2023-08-17T06:12:19.624+0000] {spark_submit.py:491} INFO - 23/08/17 06:12:19 INFO MemoryStore: Block broadcast_1 stored as values in memory (estimated size 217.9 KiB, free 434.0 MiB)
[2023-08-17T06:12:19.626+0000] {spark_submit.py:491} INFO - 23/08/17 06:12:19 INFO MemoryStore: Block broadcast_1_piece0 stored as bytes in memory (estimated size 78.3 KiB, free 433.9 MiB)
[2023-08-17T06:12:19.629+0000] {spark_submit.py:491} INFO - 23/08/17 06:12:19 INFO BlockManagerInfo: Added broadcast_1_piece0 in memory on 0d68e811d1ff:33461 (size: 78.3 KiB, free: 434.3 MiB)
[2023-08-17T06:12:19.631+0000] {spark_submit.py:491} INFO - 23/08/17 06:12:19 INFO SparkContext: Created broadcast 1 from broadcast at DAGScheduler.scala:1535
[2023-08-17T06:12:19.647+0000] {spark_submit.py:491} INFO - 23/08/17 06:12:19 INFO DAGScheduler: Submitting 1 missing tasks from ResultStage 0 (MapPartitionsRDD[3] at parquet at NativeMethodAccessorImpl.java:0) (first 15 tasks are for partitions Vector(0))
[2023-08-17T06:12:19.648+0000] {spark_submit.py:491} INFO - 23/08/17 06:12:19 INFO TaskSchedulerImpl: Adding task set 0.0 with 1 tasks resource profile 0
[2023-08-17T06:12:19.670+0000] {spark_submit.py:491} INFO - 23/08/17 06:12:19 INFO TaskSetManager: Starting task 0.0 in stage 0.0 (TID 0) (172.18.0.8, executor 0, partition 0, PROCESS_LOCAL, 7914 bytes)
[2023-08-17T06:12:19.859+0000] {spark_submit.py:491} INFO - 23/08/17 06:12:19 INFO BlockManagerInfo: Added broadcast_1_piece0 in memory on 172.18.0.8:35511 (size: 78.3 KiB, free: 434.3 MiB)
[2023-08-17T06:12:20.941+0000] {spark_submit.py:491} INFO - 23/08/17 06:12:20 INFO BlockManagerInfo: Added broadcast_0_piece0 in memory on 172.18.0.8:35511 (size: 34.3 KiB, free: 434.3 MiB)
[2023-08-17T06:12:21.395+0000] {spark_submit.py:491} INFO - 23/08/17 06:12:21 WARN TaskSetManager: Lost task 0.0 in stage 0.0 (TID 0) (172.18.0.8 executor 0): org.apache.spark.SparkException: [TASK_WRITE_FAILED] Task failed while writing rows to file:/opt/***/dags/A_preprocessed.parquet.
[2023-08-17T06:12:21.396+0000] {spark_submit.py:491} INFO - at org.apache.spark.sql.errors.QueryExecutionErrors$.taskFailedWhileWritingRowsError(QueryExecutionErrors.scala:788)
[2023-08-17T06:12:21.397+0000] {spark_submit.py:491} INFO - at org.apache.spark.sql.execution.datasources.FileFormatWriter$.executeTask(FileFormatWriter.scala:420)
[2023-08-17T06:12:21.398+0000] {spark_submit.py:491} INFO - at org.apache.spark.sql.execution.datasources.WriteFilesExec.$anonfun$doExecuteWrite$1(WriteFiles.scala:100)
[2023-08-17T06:12:21.399+0000] {spark_submit.py:491} INFO - at org.apache.spark.rdd.RDD.$anonfun$mapPartitionsInternal$2(RDD.scala:888)
[2023-08-17T06:12:21.400+0000] {spark_submit.py:491} INFO - at org.apache.spark.rdd.RDD.$anonfun$mapPartitionsInternal$2$adapted(RDD.scala:888)
[2023-08-17T06:12:21.401+0000] {spark_submit.py:491} INFO - at org.apache.spark.rdd.MapPartitionsRDD.compute(MapPartitionsRDD.scala:52)
[2023-08-17T06:12:21.403+0000] {spark_submit.py:491} INFO - at org.apache.spark.rdd.RDD.computeOrReadCheckpoint(RDD.scala:364)
[2023-08-17T06:12:21.404+0000] {spark_submit.py:491} INFO - at org.apache.spark.rdd.RDD.iterator(RDD.scala:328)
[2023-08-17T06:12:21.405+0000] {spark_submit.py:491} INFO - at org.apache.spark.scheduler.ResultTask.runTask(ResultTask.scala:92)
[2023-08-17T06:12:21.406+0000] {spark_submit.py:491} INFO - at org.apache.spark.TaskContext.runTaskWithListeners(TaskContext.scala:161)
[2023-08-17T06:12:21.407+0000] {spark_submit.py:491} INFO - at org.apache.spark.scheduler.Task.run(Task.scala:139)
[2023-08-17T06:12:21.408+0000] {spark_submit.py:491} INFO - at org.apache.spark.executor.Executor$TaskRunner.$anonfun$run$3(Executor.scala:554)
[2023-08-17T06:12:21.410+0000] {spark_submit.py:491} INFO - at org.apache.spark.util.Utils$.tryWithSafeFinally(Utils.scala:1529)
[2023-08-17T06:12:21.411+0000] {spark_submit.py:491} INFO - at org.apache.spark.executor.Executor$TaskRunner.run(Executor.scala:557)
[2023-08-17T06:12:21.411+0000] {spark_submit.py:491} INFO - at java.base/java.util.concurrent.ThreadPoolExecutor.runWorker(ThreadPoolExecutor.java:1136)
[2023-08-17T06:12:21.414+0000] {spark_submit.py:491} INFO - at java.base/java.util.concurrent.ThreadPoolExecutor$Worker.run(ThreadPoolExecutor.java:635)
[2023-08-17T06:12:21.415+0000] {spark_submit.py:491} INFO - at java.base/java.lang.Thread.run(Thread.java:833)
[2023-08-17T06:12:21.416+0000] {spark_submit.py:491} INFO - Caused by: org.apache.spark.SparkFileNotFoundException: File file:/opt/***/dags/A.csv does not exist
[2023-08-17T06:12:21.417+0000] {spark_submit.py:491} INFO - It is possible the underlying files have been updated. You can explicitly invalidate the cache in Spark by running 'REFRESH TABLE tableName' command in SQL or by recreating the Dataset/DataFrame involved.
[2023-08-17T06:12:21.418+0000] {spark_submit.py:491} INFO - at org.apache.spark.sql.errors.QueryExecutionErrors$.readCurrentFileNotFoundError(QueryExecutionErrors.scala:794)
[2023-08-17T06:12:21.418+0000] {spark_submit.py:491} INFO - at org.apache.spark.sql.execution.datasources.FileScanRDD$$anon$1.org$apache$spark$sql$execution$datasources$FileScanRDD$$anon$$readCurrentFile(FileScanRDD.scala:234)
[2023-08-17T06:12:21.420+0000] {spark_submit.py:491} INFO - at org.apache.spark.sql.execution.datasources.FileScanRDD$$anon$1.nextIterator(FileScanRDD.scala:293)
[2023-08-17T06:12:21.421+0000] {spark_submit.py:491} INFO - at org.apache.spark.sql.execution.datasources.FileScanRDD$$anon$1.hasNext(FileScanRDD.scala:125)
[2023-08-17T06:12:21.422+0000] {spark_submit.py:491} INFO - at scala.collection.Iterator$$anon$10.hasNext(Iterator.scala:460)
[2023-08-17T06:12:21.423+0000] {spark_submit.py:491} INFO - at org.apache.spark.sql.catalyst.expressions.GeneratedClass$GeneratedIteratorForCodegenStage1.processNext(Unknown Source)
[2023-08-17T06:12:21.424+0000] {spark_submit.py:491} INFO - at org.apache.spark.sql.execution.BufferedRowIterator.hasNext(BufferedRowIterator.java:43)
[2023-08-17T06:12:21.425+0000] {spark_submit.py:491} INFO - at org.apache.spark.sql.execution.WholeStageCodegenExec$$anon$1.hasNext(WholeStageCodegenExec.scala:760)
[2023-08-17T06:12:21.426+0000] {spark_submit.py:491} INFO - at org.apache.spark.sql.execution.datasources.FileFormatDataWriter.writeWithIterator(FileFormatDataWriter.scala:91)
[2023-08-17T06:12:21.427+0000] {spark_submit.py:491} INFO - at org.apache.spark.sql.execution.datasources.FileFormatWriter$.$anonfun$executeTask$1(FileFormatWriter.scala:403)
[2023-08-17T06:12:21.429+0000] {spark_submit.py:491} INFO - at org.apache.spark.util.Utils$.tryWithSafeFinallyAndFailureCallbacks(Utils.scala:1563)
[2023-08-17T06:12:21.431+0000] {spark_submit.py:491} INFO - at org.apache.spark.sql.execution.datasources.FileFormatWriter$.executeTask(FileFormatWriter.scala:410)
[2023-08-17T06:12:21.432+0000] {spark_submit.py:491} INFO - ... 15 more
[2023-08-17T06:12:21.433+0000] {spark_submit.py:491} INFO - 
[2023-08-17T06:12:21.434+0000] {spark_submit.py:491} INFO - 23/08/17 06:12:21 INFO TaskSetManager: Starting task 0.1 in stage 0.0 (TID 1) (172.18.0.8, executor 0, partition 0, PROCESS_LOCAL, 7914 bytes)
[2023-08-17T06:12:21.495+0000] {spark_submit.py:491} INFO - 23/08/17 06:12:21 INFO TaskSetManager: Lost task 0.1 in stage 0.0 (TID 1) on 172.18.0.8, executor 0: org.apache.spark.SparkException ([TASK_WRITE_FAILED] Task failed while writing rows to file:/opt/***/dags/A_preprocessed.parquet.) [duplicate 1]
[2023-08-17T06:12:21.498+0000] {spark_submit.py:491} INFO - 23/08/17 06:12:21 INFO TaskSetManager: Starting task 0.2 in stage 0.0 (TID 2) (172.18.0.8, executor 0, partition 0, PROCESS_LOCAL, 7914 bytes)
[2023-08-17T06:12:21.569+0000] {spark_submit.py:491} INFO - 23/08/17 06:12:21 INFO TaskSetManager: Lost task 0.2 in stage 0.0 (TID 2) on 172.18.0.8, executor 0: org.apache.spark.SparkException ([TASK_WRITE_FAILED] Task failed while writing rows to file:/opt/***/dags/A_preprocessed.parquet.) [duplicate 2]
[2023-08-17T06:12:21.570+0000] {spark_submit.py:491} INFO - 23/08/17 06:12:21 INFO TaskSetManager: Starting task 0.3 in stage 0.0 (TID 3) (172.18.0.8, executor 0, partition 0, PROCESS_LOCAL, 7914 bytes)
[2023-08-17T06:12:21.619+0000] {spark_submit.py:491} INFO - 23/08/17 06:12:21 INFO TaskSetManager: Lost task 0.3 in stage 0.0 (TID 3) on 172.18.0.8, executor 0: org.apache.spark.SparkException ([TASK_WRITE_FAILED] Task failed while writing rows to file:/opt/***/dags/A_preprocessed.parquet.) [duplicate 3]
[2023-08-17T06:12:21.621+0000] {spark_submit.py:491} INFO - 23/08/17 06:12:21 ERROR TaskSetManager: Task 0 in stage 0.0 failed 4 times; aborting job
[2023-08-17T06:12:21.622+0000] {spark_submit.py:491} INFO - 23/08/17 06:12:21 INFO TaskSchedulerImpl: Removed TaskSet 0.0, whose tasks have all completed, from pool
[2023-08-17T06:12:21.623+0000] {spark_submit.py:491} INFO - 23/08/17 06:12:21 INFO TaskSchedulerImpl: Cancelling stage 0
[2023-08-17T06:12:21.624+0000] {spark_submit.py:491} INFO - 23/08/17 06:12:21 INFO TaskSchedulerImpl: Killing all running tasks in stage 0: Stage cancelled
[2023-08-17T06:12:21.625+0000] {spark_submit.py:491} INFO - 23/08/17 06:12:21 INFO DAGScheduler: ResultStage 0 (parquet at NativeMethodAccessorImpl.java:0) failed in 2.061 s due to Job aborted due to stage failure: Task 0 in stage 0.0 failed 4 times, most recent failure: Lost task 0.3 in stage 0.0 (TID 3) (172.18.0.8 executor 0): org.apache.spark.SparkException: [TASK_WRITE_FAILED] Task failed while writing rows to file:/opt/***/dags/A_preprocessed.parquet.
[2023-08-17T06:12:21.626+0000] {spark_submit.py:491} INFO - at org.apache.spark.sql.errors.QueryExecutionErrors$.taskFailedWhileWritingRowsError(QueryExecutionErrors.scala:788)
[2023-08-17T06:12:21.627+0000] {spark_submit.py:491} INFO - at org.apache.spark.sql.execution.datasources.FileFormatWriter$.executeTask(FileFormatWriter.scala:420)
[2023-08-17T06:12:21.628+0000] {spark_submit.py:491} INFO - at org.apache.spark.sql.execution.datasources.WriteFilesExec.$anonfun$doExecuteWrite$1(WriteFiles.scala:100)
[2023-08-17T06:12:21.629+0000] {spark_submit.py:491} INFO - at org.apache.spark.rdd.RDD.$anonfun$mapPartitionsInternal$2(RDD.scala:888)
[2023-08-17T06:12:21.630+0000] {spark_submit.py:491} INFO - at org.apache.spark.rdd.RDD.$anonfun$mapPartitionsInternal$2$adapted(RDD.scala:888)
[2023-08-17T06:12:21.631+0000] {spark_submit.py:491} INFO - at org.apache.spark.rdd.MapPartitionsRDD.compute(MapPartitionsRDD.scala:52)
[2023-08-17T06:12:21.631+0000] {spark_submit.py:491} INFO - at org.apache.spark.rdd.RDD.computeOrReadCheckpoint(RDD.scala:364)
[2023-08-17T06:12:21.632+0000] {spark_submit.py:491} INFO - at org.apache.spark.rdd.RDD.iterator(RDD.scala:328)
[2023-08-17T06:12:21.633+0000] {spark_submit.py:491} INFO - at org.apache.spark.scheduler.ResultTask.runTask(ResultTask.scala:92)
[2023-08-17T06:12:21.634+0000] {spark_submit.py:491} INFO - at org.apache.spark.TaskContext.runTaskWithListeners(TaskContext.scala:161)
[2023-08-17T06:12:21.634+0000] {spark_submit.py:491} INFO - at org.apache.spark.scheduler.Task.run(Task.scala:139)
[2023-08-17T06:12:21.635+0000] {spark_submit.py:491} INFO - at org.apache.spark.executor.Executor$TaskRunner.$anonfun$run$3(Executor.scala:554)
[2023-08-17T06:12:21.636+0000] {spark_submit.py:491} INFO - at org.apache.spark.util.Utils$.tryWithSafeFinally(Utils.scala:1529)
[2023-08-17T06:12:21.637+0000] {spark_submit.py:491} INFO - at org.apache.spark.executor.Executor$TaskRunner.run(Executor.scala:557)
[2023-08-17T06:12:21.637+0000] {spark_submit.py:491} INFO - at java.base/java.util.concurrent.ThreadPoolExecutor.runWorker(ThreadPoolExecutor.java:1136)
[2023-08-17T06:12:21.638+0000] {spark_submit.py:491} INFO - at java.base/java.util.concurrent.ThreadPoolExecutor$Worker.run(ThreadPoolExecutor.java:635)
[2023-08-17T06:12:21.639+0000] {spark_submit.py:491} INFO - at java.base/java.lang.Thread.run(Thread.java:833)
[2023-08-17T06:12:21.639+0000] {spark_submit.py:491} INFO - Caused by: org.apache.spark.SparkFileNotFoundException: File file:/opt/***/dags/A.csv does not exist
[2023-08-17T06:12:21.640+0000] {spark_submit.py:491} INFO - It is possible the underlying files have been updated. You can explicitly invalidate the cache in Spark by running 'REFRESH TABLE tableName' command in SQL or by recreating the Dataset/DataFrame involved.
[2023-08-17T06:12:21.640+0000] {spark_submit.py:491} INFO - at org.apache.spark.sql.errors.QueryExecutionErrors$.readCurrentFileNotFoundError(QueryExecutionErrors.scala:794)
[2023-08-17T06:12:21.641+0000] {spark_submit.py:491} INFO - at org.apache.spark.sql.execution.datasources.FileScanRDD$$anon$1.org$apache$spark$sql$execution$datasources$FileScanRDD$$anon$$readCurrentFile(FileScanRDD.scala:234)
[2023-08-17T06:12:21.642+0000] {spark_submit.py:491} INFO - at org.apache.spark.sql.execution.datasources.FileScanRDD$$anon$1.nextIterator(FileScanRDD.scala:293)
[2023-08-17T06:12:21.642+0000] {spark_submit.py:491} INFO - at org.apache.spark.sql.execution.datasources.FileScanRDD$$anon$1.hasNext(FileScanRDD.scala:125)
[2023-08-17T06:12:21.643+0000] {spark_submit.py:491} INFO - at scala.collection.Iterator$$anon$10.hasNext(Iterator.scala:460)
[2023-08-17T06:12:21.644+0000] {spark_submit.py:491} INFO - at org.apache.spark.sql.catalyst.expressions.GeneratedClass$GeneratedIteratorForCodegenStage1.processNext(Unknown Source)
[2023-08-17T06:12:21.645+0000] {spark_submit.py:491} INFO - at org.apache.spark.sql.execution.BufferedRowIterator.hasNext(BufferedRowIterator.java:43)
[2023-08-17T06:12:21.645+0000] {spark_submit.py:491} INFO - at org.apache.spark.sql.execution.WholeStageCodegenExec$$anon$1.hasNext(WholeStageCodegenExec.scala:760)
[2023-08-17T06:12:21.646+0000] {spark_submit.py:491} INFO - at org.apache.spark.sql.execution.datasources.FileFormatDataWriter.writeWithIterator(FileFormatDataWriter.scala:91)
[2023-08-17T06:12:21.647+0000] {spark_submit.py:491} INFO - at org.apache.spark.sql.execution.datasources.FileFormatWriter$.$anonfun$executeTask$1(FileFormatWriter.scala:403)
[2023-08-17T06:12:21.648+0000] {spark_submit.py:491} INFO - at org.apache.spark.util.Utils$.tryWithSafeFinallyAndFailureCallbacks(Utils.scala:1563)
[2023-08-17T06:12:21.649+0000] {spark_submit.py:491} INFO - at org.apache.spark.sql.execution.datasources.FileFormatWriter$.executeTask(FileFormatWriter.scala:410)
[2023-08-17T06:12:21.650+0000] {spark_submit.py:491} INFO - ... 15 more
[2023-08-17T06:12:21.650+0000] {spark_submit.py:491} INFO - 
[2023-08-17T06:12:21.651+0000] {spark_submit.py:491} INFO - Driver stacktrace:
[2023-08-17T06:12:21.652+0000] {spark_submit.py:491} INFO - 23/08/17 06:12:21 INFO DAGScheduler: Job 0 failed: parquet at NativeMethodAccessorImpl.java:0, took 2.090559 s
[2023-08-17T06:12:21.653+0000] {spark_submit.py:491} INFO - 23/08/17 06:12:21 ERROR FileFormatWriter: Aborting job 118f1da4-d75d-471d-b9c1-98518f5a7719.
[2023-08-17T06:12:21.654+0000] {spark_submit.py:491} INFO - org.apache.spark.SparkException: Job aborted due to stage failure: Task 0 in stage 0.0 failed 4 times, most recent failure: Lost task 0.3 in stage 0.0 (TID 3) (172.18.0.8 executor 0): org.apache.spark.SparkException: [TASK_WRITE_FAILED] Task failed while writing rows to file:/opt/***/dags/A_preprocessed.parquet.
[2023-08-17T06:12:21.655+0000] {spark_submit.py:491} INFO - at org.apache.spark.sql.errors.QueryExecutionErrors$.taskFailedWhileWritingRowsError(QueryExecutionErrors.scala:788)
[2023-08-17T06:12:21.657+0000] {spark_submit.py:491} INFO - at org.apache.spark.sql.execution.datasources.FileFormatWriter$.executeTask(FileFormatWriter.scala:420)
[2023-08-17T06:12:21.658+0000] {spark_submit.py:491} INFO - at org.apache.spark.sql.execution.datasources.WriteFilesExec.$anonfun$doExecuteWrite$1(WriteFiles.scala:100)
[2023-08-17T06:12:21.658+0000] {spark_submit.py:491} INFO - at org.apache.spark.rdd.RDD.$anonfun$mapPartitionsInternal$2(RDD.scala:888)
[2023-08-17T06:12:21.659+0000] {spark_submit.py:491} INFO - at org.apache.spark.rdd.RDD.$anonfun$mapPartitionsInternal$2$adapted(RDD.scala:888)
[2023-08-17T06:12:21.660+0000] {spark_submit.py:491} INFO - at org.apache.spark.rdd.MapPartitionsRDD.compute(MapPartitionsRDD.scala:52)
[2023-08-17T06:12:21.661+0000] {spark_submit.py:491} INFO - at org.apache.spark.rdd.RDD.computeOrReadCheckpoint(RDD.scala:364)
[2023-08-17T06:12:21.661+0000] {spark_submit.py:491} INFO - at org.apache.spark.rdd.RDD.iterator(RDD.scala:328)
[2023-08-17T06:12:21.662+0000] {spark_submit.py:491} INFO - at org.apache.spark.scheduler.ResultTask.runTask(ResultTask.scala:92)
[2023-08-17T06:12:21.663+0000] {spark_submit.py:491} INFO - at org.apache.spark.TaskContext.runTaskWithListeners(TaskContext.scala:161)
[2023-08-17T06:12:21.663+0000] {spark_submit.py:491} INFO - at org.apache.spark.scheduler.Task.run(Task.scala:139)
[2023-08-17T06:12:21.664+0000] {spark_submit.py:491} INFO - at org.apache.spark.executor.Executor$TaskRunner.$anonfun$run$3(Executor.scala:554)
[2023-08-17T06:12:21.665+0000] {spark_submit.py:491} INFO - at org.apache.spark.util.Utils$.tryWithSafeFinally(Utils.scala:1529)
[2023-08-17T06:12:21.665+0000] {spark_submit.py:491} INFO - at org.apache.spark.executor.Executor$TaskRunner.run(Executor.scala:557)
[2023-08-17T06:12:21.666+0000] {spark_submit.py:491} INFO - at java.base/java.util.concurrent.ThreadPoolExecutor.runWorker(ThreadPoolExecutor.java:1136)
[2023-08-17T06:12:21.667+0000] {spark_submit.py:491} INFO - at java.base/java.util.concurrent.ThreadPoolExecutor$Worker.run(ThreadPoolExecutor.java:635)
[2023-08-17T06:12:21.667+0000] {spark_submit.py:491} INFO - at java.base/java.lang.Thread.run(Thread.java:833)
[2023-08-17T06:12:21.668+0000] {spark_submit.py:491} INFO - Caused by: org.apache.spark.SparkFileNotFoundException: File file:/opt/***/dags/A.csv does not exist
[2023-08-17T06:12:21.669+0000] {spark_submit.py:491} INFO - It is possible the underlying files have been updated. You can explicitly invalidate the cache in Spark by running 'REFRESH TABLE tableName' command in SQL or by recreating the Dataset/DataFrame involved.
[2023-08-17T06:12:21.670+0000] {spark_submit.py:491} INFO - at org.apache.spark.sql.errors.QueryExecutionErrors$.readCurrentFileNotFoundError(QueryExecutionErrors.scala:794)
[2023-08-17T06:12:21.671+0000] {spark_submit.py:491} INFO - at org.apache.spark.sql.execution.datasources.FileScanRDD$$anon$1.org$apache$spark$sql$execution$datasources$FileScanRDD$$anon$$readCurrentFile(FileScanRDD.scala:234)
[2023-08-17T06:12:21.671+0000] {spark_submit.py:491} INFO - at org.apache.spark.sql.execution.datasources.FileScanRDD$$anon$1.nextIterator(FileScanRDD.scala:293)
[2023-08-17T06:12:21.672+0000] {spark_submit.py:491} INFO - at org.apache.spark.sql.execution.datasources.FileScanRDD$$anon$1.hasNext(FileScanRDD.scala:125)
[2023-08-17T06:12:21.673+0000] {spark_submit.py:491} INFO - at scala.collection.Iterator$$anon$10.hasNext(Iterator.scala:460)
[2023-08-17T06:12:21.673+0000] {spark_submit.py:491} INFO - at org.apache.spark.sql.catalyst.expressions.GeneratedClass$GeneratedIteratorForCodegenStage1.processNext(Unknown Source)
[2023-08-17T06:12:21.674+0000] {spark_submit.py:491} INFO - at org.apache.spark.sql.execution.BufferedRowIterator.hasNext(BufferedRowIterator.java:43)
[2023-08-17T06:12:21.675+0000] {spark_submit.py:491} INFO - at org.apache.spark.sql.execution.WholeStageCodegenExec$$anon$1.hasNext(WholeStageCodegenExec.scala:760)
[2023-08-17T06:12:21.676+0000] {spark_submit.py:491} INFO - at org.apache.spark.sql.execution.datasources.FileFormatDataWriter.writeWithIterator(FileFormatDataWriter.scala:91)
[2023-08-17T06:12:21.677+0000] {spark_submit.py:491} INFO - at org.apache.spark.sql.execution.datasources.FileFormatWriter$.$anonfun$executeTask$1(FileFormatWriter.scala:403)
[2023-08-17T06:12:21.678+0000] {spark_submit.py:491} INFO - at org.apache.spark.util.Utils$.tryWithSafeFinallyAndFailureCallbacks(Utils.scala:1563)
[2023-08-17T06:12:21.678+0000] {spark_submit.py:491} INFO - at org.apache.spark.sql.execution.datasources.FileFormatWriter$.executeTask(FileFormatWriter.scala:410)
[2023-08-17T06:12:21.679+0000] {spark_submit.py:491} INFO - ... 15 more
[2023-08-17T06:12:21.680+0000] {spark_submit.py:491} INFO - 
[2023-08-17T06:12:21.681+0000] {spark_submit.py:491} INFO - Driver stacktrace:
[2023-08-17T06:12:21.682+0000] {spark_submit.py:491} INFO - at org.apache.spark.scheduler.DAGScheduler.failJobAndIndependentStages(DAGScheduler.scala:2785)
[2023-08-17T06:12:21.683+0000] {spark_submit.py:491} INFO - at org.apache.spark.scheduler.DAGScheduler.$anonfun$abortStage$2(DAGScheduler.scala:2721)
[2023-08-17T06:12:21.683+0000] {spark_submit.py:491} INFO - at org.apache.spark.scheduler.DAGScheduler.$anonfun$abortStage$2$adapted(DAGScheduler.scala:2720)
[2023-08-17T06:12:21.684+0000] {spark_submit.py:491} INFO - at scala.collection.mutable.ResizableArray.foreach(ResizableArray.scala:62)
[2023-08-17T06:12:21.685+0000] {spark_submit.py:491} INFO - at scala.collection.mutable.ResizableArray.foreach$(ResizableArray.scala:55)
[2023-08-17T06:12:21.686+0000] {spark_submit.py:491} INFO - at scala.collection.mutable.ArrayBuffer.foreach(ArrayBuffer.scala:49)
[2023-08-17T06:12:21.686+0000] {spark_submit.py:491} INFO - at org.apache.spark.scheduler.DAGScheduler.abortStage(DAGScheduler.scala:2720)
[2023-08-17T06:12:21.687+0000] {spark_submit.py:491} INFO - at org.apache.spark.scheduler.DAGScheduler.$anonfun$handleTaskSetFailed$1(DAGScheduler.scala:1206)
[2023-08-17T06:12:21.688+0000] {spark_submit.py:491} INFO - at org.apache.spark.scheduler.DAGScheduler.$anonfun$handleTaskSetFailed$1$adapted(DAGScheduler.scala:1206)
[2023-08-17T06:12:21.688+0000] {spark_submit.py:491} INFO - at scala.Option.foreach(Option.scala:407)
[2023-08-17T06:12:21.689+0000] {spark_submit.py:491} INFO - at org.apache.spark.scheduler.DAGScheduler.handleTaskSetFailed(DAGScheduler.scala:1206)
[2023-08-17T06:12:21.690+0000] {spark_submit.py:491} INFO - at org.apache.spark.scheduler.DAGSchedulerEventProcessLoop.doOnReceive(DAGScheduler.scala:2984)
[2023-08-17T06:12:21.690+0000] {spark_submit.py:491} INFO - at org.apache.spark.scheduler.DAGSchedulerEventProcessLoop.onReceive(DAGScheduler.scala:2923)
[2023-08-17T06:12:21.691+0000] {spark_submit.py:491} INFO - at org.apache.spark.scheduler.DAGSchedulerEventProcessLoop.onReceive(DAGScheduler.scala:2912)
[2023-08-17T06:12:21.692+0000] {spark_submit.py:491} INFO - at org.apache.spark.util.EventLoop$$anon$1.run(EventLoop.scala:49)
[2023-08-17T06:12:21.692+0000] {spark_submit.py:491} INFO - at org.apache.spark.scheduler.DAGScheduler.runJob(DAGScheduler.scala:971)
[2023-08-17T06:12:21.694+0000] {spark_submit.py:491} INFO - at org.apache.spark.SparkContext.runJob(SparkContext.scala:2263)
[2023-08-17T06:12:21.695+0000] {spark_submit.py:491} INFO - at org.apache.spark.sql.execution.datasources.FileFormatWriter$.$anonfun$executeWrite$4(FileFormatWriter.scala:307)
[2023-08-17T06:12:21.695+0000] {spark_submit.py:491} INFO - at org.apache.spark.sql.execution.datasources.FileFormatWriter$.writeAndCommit(FileFormatWriter.scala:271)
[2023-08-17T06:12:21.696+0000] {spark_submit.py:491} INFO - at org.apache.spark.sql.execution.datasources.FileFormatWriter$.executeWrite(FileFormatWriter.scala:304)
[2023-08-17T06:12:21.697+0000] {spark_submit.py:491} INFO - at org.apache.spark.sql.execution.datasources.FileFormatWriter$.write(FileFormatWriter.scala:190)
[2023-08-17T06:12:21.698+0000] {spark_submit.py:491} INFO - at org.apache.spark.sql.execution.datasources.InsertIntoHadoopFsRelationCommand.run(InsertIntoHadoopFsRelationCommand.scala:190)
[2023-08-17T06:12:21.699+0000] {spark_submit.py:491} INFO - at org.apache.spark.sql.execution.command.DataWritingCommandExec.sideEffectResult$lzycompute(commands.scala:113)
[2023-08-17T06:12:21.701+0000] {spark_submit.py:491} INFO - at org.apache.spark.sql.execution.command.DataWritingCommandExec.sideEffectResult(commands.scala:111)
[2023-08-17T06:12:21.702+0000] {spark_submit.py:491} INFO - at org.apache.spark.sql.execution.command.DataWritingCommandExec.executeCollect(commands.scala:125)
[2023-08-17T06:12:21.703+0000] {spark_submit.py:491} INFO - at org.apache.spark.sql.execution.QueryExecution$$anonfun$eagerlyExecuteCommands$1.$anonfun$applyOrElse$1(QueryExecution.scala:98)
[2023-08-17T06:12:21.704+0000] {spark_submit.py:491} INFO - at org.apache.spark.sql.execution.SQLExecution$.$anonfun$withNewExecutionId$6(SQLExecution.scala:118)
[2023-08-17T06:12:21.705+0000] {spark_submit.py:491} INFO - at org.apache.spark.sql.execution.SQLExecution$.withSQLConfPropagated(SQLExecution.scala:195)
[2023-08-17T06:12:21.706+0000] {spark_submit.py:491} INFO - at org.apache.spark.sql.execution.SQLExecution$.$anonfun$withNewExecutionId$1(SQLExecution.scala:103)
[2023-08-17T06:12:21.707+0000] {spark_submit.py:491} INFO - at org.apache.spark.sql.SparkSession.withActive(SparkSession.scala:827)
[2023-08-17T06:12:21.707+0000] {spark_submit.py:491} INFO - at org.apache.spark.sql.execution.SQLExecution$.withNewExecutionId(SQLExecution.scala:65)
[2023-08-17T06:12:21.708+0000] {spark_submit.py:491} INFO - at org.apache.spark.sql.execution.QueryExecution$$anonfun$eagerlyExecuteCommands$1.applyOrElse(QueryExecution.scala:98)
[2023-08-17T06:12:21.709+0000] {spark_submit.py:491} INFO - at org.apache.spark.sql.execution.QueryExecution$$anonfun$eagerlyExecuteCommands$1.applyOrElse(QueryExecution.scala:94)
[2023-08-17T06:12:21.710+0000] {spark_submit.py:491} INFO - at org.apache.spark.sql.catalyst.trees.TreeNode.$anonfun$transformDownWithPruning$1(TreeNode.scala:512)
[2023-08-17T06:12:21.710+0000] {spark_submit.py:491} INFO - at org.apache.spark.sql.catalyst.trees.CurrentOrigin$.withOrigin(TreeNode.scala:104)
[2023-08-17T06:12:21.711+0000] {spark_submit.py:491} INFO - at org.apache.spark.sql.catalyst.trees.TreeNode.transformDownWithPruning(TreeNode.scala:512)
[2023-08-17T06:12:21.712+0000] {spark_submit.py:491} INFO - at org.apache.spark.sql.catalyst.plans.logical.LogicalPlan.org$apache$spark$sql$catalyst$plans$logical$AnalysisHelper$$super$transformDownWithPruning(LogicalPlan.scala:31)
[2023-08-17T06:12:21.713+0000] {spark_submit.py:491} INFO - at org.apache.spark.sql.catalyst.plans.logical.AnalysisHelper.transformDownWithPruning(AnalysisHelper.scala:267)
[2023-08-17T06:12:21.713+0000] {spark_submit.py:491} INFO - at org.apache.spark.sql.catalyst.plans.logical.AnalysisHelper.transformDownWithPruning$(AnalysisHelper.scala:263)
[2023-08-17T06:12:21.714+0000] {spark_submit.py:491} INFO - at org.apache.spark.sql.catalyst.plans.logical.LogicalPlan.transformDownWithPruning(LogicalPlan.scala:31)
[2023-08-17T06:12:21.715+0000] {spark_submit.py:491} INFO - at org.apache.spark.sql.catalyst.plans.logical.LogicalPlan.transformDownWithPruning(LogicalPlan.scala:31)
[2023-08-17T06:12:21.716+0000] {spark_submit.py:491} INFO - at org.apache.spark.sql.catalyst.trees.TreeNode.transformDown(TreeNode.scala:488)
[2023-08-17T06:12:21.717+0000] {spark_submit.py:491} INFO - at org.apache.spark.sql.execution.QueryExecution.eagerlyExecuteCommands(QueryExecution.scala:94)
[2023-08-17T06:12:21.717+0000] {spark_submit.py:491} INFO - at org.apache.spark.sql.execution.QueryExecution.commandExecuted$lzycompute(QueryExecution.scala:81)
[2023-08-17T06:12:21.718+0000] {spark_submit.py:491} INFO - at org.apache.spark.sql.execution.QueryExecution.commandExecuted(QueryExecution.scala:79)
[2023-08-17T06:12:21.719+0000] {spark_submit.py:491} INFO - at org.apache.spark.sql.execution.QueryExecution.assertCommandExecuted(QueryExecution.scala:133)
[2023-08-17T06:12:21.720+0000] {spark_submit.py:491} INFO - at org.apache.spark.sql.DataFrameWriter.runCommand(DataFrameWriter.scala:856)
[2023-08-17T06:12:21.721+0000] {spark_submit.py:491} INFO - at org.apache.spark.sql.DataFrameWriter.saveToV1Source(DataFrameWriter.scala:387)
[2023-08-17T06:12:21.725+0000] {spark_submit.py:491} INFO - at org.apache.spark.sql.DataFrameWriter.saveInternal(DataFrameWriter.scala:360)
[2023-08-17T06:12:21.727+0000] {spark_submit.py:491} INFO - at org.apache.spark.sql.DataFrameWriter.save(DataFrameWriter.scala:239)
[2023-08-17T06:12:21.729+0000] {spark_submit.py:491} INFO - at org.apache.spark.sql.DataFrameWriter.parquet(DataFrameWriter.scala:789)
[2023-08-17T06:12:21.730+0000] {spark_submit.py:491} INFO - at java.base/jdk.internal.reflect.NativeMethodAccessorImpl.invoke0(Native Method)
[2023-08-17T06:12:21.731+0000] {spark_submit.py:491} INFO - at java.base/jdk.internal.reflect.NativeMethodAccessorImpl.invoke(NativeMethodAccessorImpl.java:77)
[2023-08-17T06:12:21.732+0000] {spark_submit.py:491} INFO - at java.base/jdk.internal.reflect.DelegatingMethodAccessorImpl.invoke(DelegatingMethodAccessorImpl.java:43)
[2023-08-17T06:12:21.733+0000] {spark_submit.py:491} INFO - at java.base/java.lang.reflect.Method.invoke(Method.java:568)
[2023-08-17T06:12:21.733+0000] {spark_submit.py:491} INFO - at py4j.reflection.MethodInvoker.invoke(MethodInvoker.java:244)
[2023-08-17T06:12:21.734+0000] {spark_submit.py:491} INFO - at py4j.reflection.ReflectionEngine.invoke(ReflectionEngine.java:374)
[2023-08-17T06:12:21.735+0000] {spark_submit.py:491} INFO - at py4j.Gateway.invoke(Gateway.java:282)
[2023-08-17T06:12:21.736+0000] {spark_submit.py:491} INFO - at py4j.commands.AbstractCommand.invokeMethod(AbstractCommand.java:132)
[2023-08-17T06:12:21.737+0000] {spark_submit.py:491} INFO - at py4j.commands.CallCommand.execute(CallCommand.java:79)
[2023-08-17T06:12:21.739+0000] {spark_submit.py:491} INFO - at py4j.ClientServerConnection.waitForCommands(ClientServerConnection.java:182)
[2023-08-17T06:12:21.740+0000] {spark_submit.py:491} INFO - at py4j.ClientServerConnection.run(ClientServerConnection.java:106)
[2023-08-17T06:12:21.741+0000] {spark_submit.py:491} INFO - at java.base/java.lang.Thread.run(Thread.java:833)
[2023-08-17T06:12:21.742+0000] {spark_submit.py:491} INFO - Caused by: org.apache.spark.SparkException: [TASK_WRITE_FAILED] Task failed while writing rows to file:/opt/***/dags/A_preprocessed.parquet.
[2023-08-17T06:12:21.743+0000] {spark_submit.py:491} INFO - at org.apache.spark.sql.errors.QueryExecutionErrors$.taskFailedWhileWritingRowsError(QueryExecutionErrors.scala:788)
[2023-08-17T06:12:21.743+0000] {spark_submit.py:491} INFO - at org.apache.spark.sql.execution.datasources.FileFormatWriter$.executeTask(FileFormatWriter.scala:420)
[2023-08-17T06:12:21.745+0000] {spark_submit.py:491} INFO - at org.apache.spark.sql.execution.datasources.WriteFilesExec.$anonfun$doExecuteWrite$1(WriteFiles.scala:100)
[2023-08-17T06:12:21.746+0000] {spark_submit.py:491} INFO - at org.apache.spark.rdd.RDD.$anonfun$mapPartitionsInternal$2(RDD.scala:888)
[2023-08-17T06:12:21.747+0000] {spark_submit.py:491} INFO - at org.apache.spark.rdd.RDD.$anonfun$mapPartitionsInternal$2$adapted(RDD.scala:888)
[2023-08-17T06:12:21.747+0000] {spark_submit.py:491} INFO - at org.apache.spark.rdd.MapPartitionsRDD.compute(MapPartitionsRDD.scala:52)
[2023-08-17T06:12:21.748+0000] {spark_submit.py:491} INFO - at org.apache.spark.rdd.RDD.computeOrReadCheckpoint(RDD.scala:364)
[2023-08-17T06:12:21.749+0000] {spark_submit.py:491} INFO - at org.apache.spark.rdd.RDD.iterator(RDD.scala:328)
[2023-08-17T06:12:21.750+0000] {spark_submit.py:491} INFO - at org.apache.spark.scheduler.ResultTask.runTask(ResultTask.scala:92)
[2023-08-17T06:12:21.751+0000] {spark_submit.py:491} INFO - at org.apache.spark.TaskContext.runTaskWithListeners(TaskContext.scala:161)
[2023-08-17T06:12:21.752+0000] {spark_submit.py:491} INFO - at org.apache.spark.scheduler.Task.run(Task.scala:139)
[2023-08-17T06:12:21.753+0000] {spark_submit.py:491} INFO - at org.apache.spark.executor.Executor$TaskRunner.$anonfun$run$3(Executor.scala:554)
[2023-08-17T06:12:21.754+0000] {spark_submit.py:491} INFO - at org.apache.spark.util.Utils$.tryWithSafeFinally(Utils.scala:1529)
[2023-08-17T06:12:21.755+0000] {spark_submit.py:491} INFO - at org.apache.spark.executor.Executor$TaskRunner.run(Executor.scala:557)
[2023-08-17T06:12:21.756+0000] {spark_submit.py:491} INFO - at java.base/java.util.concurrent.ThreadPoolExecutor.runWorker(ThreadPoolExecutor.java:1136)
[2023-08-17T06:12:21.757+0000] {spark_submit.py:491} INFO - at java.base/java.util.concurrent.ThreadPoolExecutor$Worker.run(ThreadPoolExecutor.java:635)
[2023-08-17T06:12:21.758+0000] {spark_submit.py:491} INFO - at java.base/java.lang.Thread.run(Thread.java:833)
[2023-08-17T06:12:21.758+0000] {spark_submit.py:491} INFO - Caused by: org.apache.spark.SparkFileNotFoundException: File file:/opt/***/dags/A.csv does not exist
[2023-08-17T06:12:21.759+0000] {spark_submit.py:491} INFO - It is possible the underlying files have been updated. You can explicitly invalidate the cache in Spark by running 'REFRESH TABLE tableName' command in SQL or by recreating the Dataset/DataFrame involved.
[2023-08-17T06:12:21.759+0000] {spark_submit.py:491} INFO - at org.apache.spark.sql.errors.QueryExecutionErrors$.readCurrentFileNotFoundError(QueryExecutionErrors.scala:794)
[2023-08-17T06:12:21.760+0000] {spark_submit.py:491} INFO - at org.apache.spark.sql.execution.datasources.FileScanRDD$$anon$1.org$apache$spark$sql$execution$datasources$FileScanRDD$$anon$$readCurrentFile(FileScanRDD.scala:234)
[2023-08-17T06:12:21.761+0000] {spark_submit.py:491} INFO - at org.apache.spark.sql.execution.datasources.FileScanRDD$$anon$1.nextIterator(FileScanRDD.scala:293)
[2023-08-17T06:12:21.762+0000] {spark_submit.py:491} INFO - at org.apache.spark.sql.execution.datasources.FileScanRDD$$anon$1.hasNext(FileScanRDD.scala:125)
[2023-08-17T06:12:21.762+0000] {spark_submit.py:491} INFO - at scala.collection.Iterator$$anon$10.hasNext(Iterator.scala:460)
[2023-08-17T06:12:21.763+0000] {spark_submit.py:491} INFO - at org.apache.spark.sql.catalyst.expressions.GeneratedClass$GeneratedIteratorForCodegenStage1.processNext(Unknown Source)
[2023-08-17T06:12:21.763+0000] {spark_submit.py:491} INFO - at org.apache.spark.sql.execution.BufferedRowIterator.hasNext(BufferedRowIterator.java:43)
[2023-08-17T06:12:21.764+0000] {spark_submit.py:491} INFO - at org.apache.spark.sql.execution.WholeStageCodegenExec$$anon$1.hasNext(WholeStageCodegenExec.scala:760)
[2023-08-17T06:12:21.765+0000] {spark_submit.py:491} INFO - at org.apache.spark.sql.execution.datasources.FileFormatDataWriter.writeWithIterator(FileFormatDataWriter.scala:91)
[2023-08-17T06:12:21.766+0000] {spark_submit.py:491} INFO - at org.apache.spark.sql.execution.datasources.FileFormatWriter$.$anonfun$executeTask$1(FileFormatWriter.scala:403)
[2023-08-17T06:12:21.766+0000] {spark_submit.py:491} INFO - at org.apache.spark.util.Utils$.tryWithSafeFinallyAndFailureCallbacks(Utils.scala:1563)
[2023-08-17T06:12:21.767+0000] {spark_submit.py:491} INFO - at org.apache.spark.sql.execution.datasources.FileFormatWriter$.executeTask(FileFormatWriter.scala:410)
[2023-08-17T06:12:21.768+0000] {spark_submit.py:491} INFO - ... 15 more
[2023-08-17T06:12:21.845+0000] {spark_submit.py:491} INFO - Traceback (most recent call last):
[2023-08-17T06:12:21.846+0000] {spark_submit.py:491} INFO - File "/opt/***/dags/spark_processing.py", line 25, in <module>
[2023-08-17T06:12:21.847+0000] {spark_submit.py:491} INFO - stock_df.write.mode("overwrite").option("compression", "snappy").parquet("dags/A_preprocessed.parquet")
[2023-08-17T06:12:21.847+0000] {spark_submit.py:491} INFO - File "/home/***/.local/lib/python3.10/site-packages/pyspark/python/lib/pyspark.zip/pyspark/sql/readwriter.py", line 1656, in parquet
[2023-08-17T06:12:21.848+0000] {spark_submit.py:491} INFO - File "/home/***/.local/lib/python3.10/site-packages/pyspark/python/lib/py4j-0.10.9.7-src.zip/py4j/java_gateway.py", line 1322, in __call__
[2023-08-17T06:12:21.849+0000] {spark_submit.py:491} INFO - File "/home/***/.local/lib/python3.10/site-packages/pyspark/python/lib/pyspark.zip/pyspark/errors/exceptions/captured.py", line 169, in deco
[2023-08-17T06:12:21.850+0000] {spark_submit.py:491} INFO - File "/home/***/.local/lib/python3.10/site-packages/pyspark/python/lib/py4j-0.10.9.7-src.zip/py4j/protocol.py", line 326, in get_return_value
[2023-08-17T06:12:21.894+0000] {spark_submit.py:491} INFO - py4j.protocol.Py4JJavaError: An error occurred while calling o40.parquet.
[2023-08-17T06:12:21.895+0000] {spark_submit.py:491} INFO - : org.apache.spark.SparkException: Job aborted due to stage failure: Task 0 in stage 0.0 failed 4 times, most recent failure: Lost task 0.3 in stage 0.0 (TID 3) (172.18.0.8 executor 0): org.apache.spark.SparkException: [TASK_WRITE_FAILED] Task failed while writing rows to file:/opt/***/dags/A_preprocessed.parquet.
[2023-08-17T06:12:21.896+0000] {spark_submit.py:491} INFO - at org.apache.spark.sql.errors.QueryExecutionErrors$.taskFailedWhileWritingRowsError(QueryExecutionErrors.scala:788)
[2023-08-17T06:12:21.897+0000] {spark_submit.py:491} INFO - at org.apache.spark.sql.execution.datasources.FileFormatWriter$.executeTask(FileFormatWriter.scala:420)
[2023-08-17T06:12:21.898+0000] {spark_submit.py:491} INFO - at org.apache.spark.sql.execution.datasources.WriteFilesExec.$anonfun$doExecuteWrite$1(WriteFiles.scala:100)
[2023-08-17T06:12:21.899+0000] {spark_submit.py:491} INFO - at org.apache.spark.rdd.RDD.$anonfun$mapPartitionsInternal$2(RDD.scala:888)
[2023-08-17T06:12:21.899+0000] {spark_submit.py:491} INFO - at org.apache.spark.rdd.RDD.$anonfun$mapPartitionsInternal$2$adapted(RDD.scala:888)
[2023-08-17T06:12:21.900+0000] {spark_submit.py:491} INFO - at org.apache.spark.rdd.MapPartitionsRDD.compute(MapPartitionsRDD.scala:52)
[2023-08-17T06:12:21.901+0000] {spark_submit.py:491} INFO - at org.apache.spark.rdd.RDD.computeOrReadCheckpoint(RDD.scala:364)
[2023-08-17T06:12:21.901+0000] {spark_submit.py:491} INFO - at org.apache.spark.rdd.RDD.iterator(RDD.scala:328)
[2023-08-17T06:12:21.902+0000] {spark_submit.py:491} INFO - at org.apache.spark.scheduler.ResultTask.runTask(ResultTask.scala:92)
[2023-08-17T06:12:21.903+0000] {spark_submit.py:491} INFO - at org.apache.spark.TaskContext.runTaskWithListeners(TaskContext.scala:161)
[2023-08-17T06:12:21.903+0000] {spark_submit.py:491} INFO - at org.apache.spark.scheduler.Task.run(Task.scala:139)
[2023-08-17T06:12:21.904+0000] {spark_submit.py:491} INFO - at org.apache.spark.executor.Executor$TaskRunner.$anonfun$run$3(Executor.scala:554)
[2023-08-17T06:12:21.905+0000] {spark_submit.py:491} INFO - at org.apache.spark.util.Utils$.tryWithSafeFinally(Utils.scala:1529)
[2023-08-17T06:12:21.905+0000] {spark_submit.py:491} INFO - at org.apache.spark.executor.Executor$TaskRunner.run(Executor.scala:557)
[2023-08-17T06:12:21.906+0000] {spark_submit.py:491} INFO - at java.base/java.util.concurrent.ThreadPoolExecutor.runWorker(ThreadPoolExecutor.java:1136)
[2023-08-17T06:12:21.906+0000] {spark_submit.py:491} INFO - at java.base/java.util.concurrent.ThreadPoolExecutor$Worker.run(ThreadPoolExecutor.java:635)
[2023-08-17T06:12:21.907+0000] {spark_submit.py:491} INFO - at java.base/java.lang.Thread.run(Thread.java:833)
[2023-08-17T06:12:21.908+0000] {spark_submit.py:491} INFO - Caused by: org.apache.spark.SparkFileNotFoundException: File file:/opt/***/dags/A.csv does not exist
[2023-08-17T06:12:21.908+0000] {spark_submit.py:491} INFO - It is possible the underlying files have been updated. You can explicitly invalidate the cache in Spark by running 'REFRESH TABLE tableName' command in SQL or by recreating the Dataset/DataFrame involved.
[2023-08-17T06:12:21.909+0000] {spark_submit.py:491} INFO - at org.apache.spark.sql.errors.QueryExecutionErrors$.readCurrentFileNotFoundError(QueryExecutionErrors.scala:794)
[2023-08-17T06:12:21.910+0000] {spark_submit.py:491} INFO - at org.apache.spark.sql.execution.datasources.FileScanRDD$$anon$1.org$apache$spark$sql$execution$datasources$FileScanRDD$$anon$$readCurrentFile(FileScanRDD.scala:234)
[2023-08-17T06:12:21.910+0000] {spark_submit.py:491} INFO - at org.apache.spark.sql.execution.datasources.FileScanRDD$$anon$1.nextIterator(FileScanRDD.scala:293)
[2023-08-17T06:12:21.911+0000] {spark_submit.py:491} INFO - at org.apache.spark.sql.execution.datasources.FileScanRDD$$anon$1.hasNext(FileScanRDD.scala:125)
[2023-08-17T06:12:21.912+0000] {spark_submit.py:491} INFO - at scala.collection.Iterator$$anon$10.hasNext(Iterator.scala:460)
[2023-08-17T06:12:21.913+0000] {spark_submit.py:491} INFO - at org.apache.spark.sql.catalyst.expressions.GeneratedClass$GeneratedIteratorForCodegenStage1.processNext(Unknown Source)
[2023-08-17T06:12:21.913+0000] {spark_submit.py:491} INFO - at org.apache.spark.sql.execution.BufferedRowIterator.hasNext(BufferedRowIterator.java:43)
[2023-08-17T06:12:21.914+0000] {spark_submit.py:491} INFO - at org.apache.spark.sql.execution.WholeStageCodegenExec$$anon$1.hasNext(WholeStageCodegenExec.scala:760)
[2023-08-17T06:12:21.915+0000] {spark_submit.py:491} INFO - at org.apache.spark.sql.execution.datasources.FileFormatDataWriter.writeWithIterator(FileFormatDataWriter.scala:91)
[2023-08-17T06:12:21.915+0000] {spark_submit.py:491} INFO - at org.apache.spark.sql.execution.datasources.FileFormatWriter$.$anonfun$executeTask$1(FileFormatWriter.scala:403)
[2023-08-17T06:12:21.916+0000] {spark_submit.py:491} INFO - at org.apache.spark.util.Utils$.tryWithSafeFinallyAndFailureCallbacks(Utils.scala:1563)
[2023-08-17T06:12:21.916+0000] {spark_submit.py:491} INFO - at org.apache.spark.sql.execution.datasources.FileFormatWriter$.executeTask(FileFormatWriter.scala:410)
[2023-08-17T06:12:21.917+0000] {spark_submit.py:491} INFO - ... 15 more
[2023-08-17T06:12:21.918+0000] {spark_submit.py:491} INFO - 
[2023-08-17T06:12:21.918+0000] {spark_submit.py:491} INFO - Driver stacktrace:
[2023-08-17T06:12:21.919+0000] {spark_submit.py:491} INFO - at org.apache.spark.scheduler.DAGScheduler.failJobAndIndependentStages(DAGScheduler.scala:2785)
[2023-08-17T06:12:21.919+0000] {spark_submit.py:491} INFO - at org.apache.spark.scheduler.DAGScheduler.$anonfun$abortStage$2(DAGScheduler.scala:2721)
[2023-08-17T06:12:21.920+0000] {spark_submit.py:491} INFO - at org.apache.spark.scheduler.DAGScheduler.$anonfun$abortStage$2$adapted(DAGScheduler.scala:2720)
[2023-08-17T06:12:21.921+0000] {spark_submit.py:491} INFO - at scala.collection.mutable.ResizableArray.foreach(ResizableArray.scala:62)
[2023-08-17T06:12:21.921+0000] {spark_submit.py:491} INFO - at scala.collection.mutable.ResizableArray.foreach$(ResizableArray.scala:55)
[2023-08-17T06:12:21.922+0000] {spark_submit.py:491} INFO - at scala.collection.mutable.ArrayBuffer.foreach(ArrayBuffer.scala:49)
[2023-08-17T06:12:21.922+0000] {spark_submit.py:491} INFO - at org.apache.spark.scheduler.DAGScheduler.abortStage(DAGScheduler.scala:2720)
[2023-08-17T06:12:21.923+0000] {spark_submit.py:491} INFO - at org.apache.spark.scheduler.DAGScheduler.$anonfun$handleTaskSetFailed$1(DAGScheduler.scala:1206)
[2023-08-17T06:12:21.924+0000] {spark_submit.py:491} INFO - at org.apache.spark.scheduler.DAGScheduler.$anonfun$handleTaskSetFailed$1$adapted(DAGScheduler.scala:1206)
[2023-08-17T06:12:21.925+0000] {spark_submit.py:491} INFO - at scala.Option.foreach(Option.scala:407)
[2023-08-17T06:12:21.925+0000] {spark_submit.py:491} INFO - at org.apache.spark.scheduler.DAGScheduler.handleTaskSetFailed(DAGScheduler.scala:1206)
[2023-08-17T06:12:21.926+0000] {spark_submit.py:491} INFO - at org.apache.spark.scheduler.DAGSchedulerEventProcessLoop.doOnReceive(DAGScheduler.scala:2984)
[2023-08-17T06:12:21.927+0000] {spark_submit.py:491} INFO - at org.apache.spark.scheduler.DAGSchedulerEventProcessLoop.onReceive(DAGScheduler.scala:2923)
[2023-08-17T06:12:21.927+0000] {spark_submit.py:491} INFO - at org.apache.spark.scheduler.DAGSchedulerEventProcessLoop.onReceive(DAGScheduler.scala:2912)
[2023-08-17T06:12:21.928+0000] {spark_submit.py:491} INFO - at org.apache.spark.util.EventLoop$$anon$1.run(EventLoop.scala:49)
[2023-08-17T06:12:21.929+0000] {spark_submit.py:491} INFO - at org.apache.spark.scheduler.DAGScheduler.runJob(DAGScheduler.scala:971)
[2023-08-17T06:12:21.929+0000] {spark_submit.py:491} INFO - at org.apache.spark.SparkContext.runJob(SparkContext.scala:2263)
[2023-08-17T06:12:21.930+0000] {spark_submit.py:491} INFO - at org.apache.spark.sql.execution.datasources.FileFormatWriter$.$anonfun$executeWrite$4(FileFormatWriter.scala:307)
[2023-08-17T06:12:21.931+0000] {spark_submit.py:491} INFO - at org.apache.spark.sql.execution.datasources.FileFormatWriter$.writeAndCommit(FileFormatWriter.scala:271)
[2023-08-17T06:12:21.932+0000] {spark_submit.py:491} INFO - at org.apache.spark.sql.execution.datasources.FileFormatWriter$.executeWrite(FileFormatWriter.scala:304)
[2023-08-17T06:12:21.932+0000] {spark_submit.py:491} INFO - at org.apache.spark.sql.execution.datasources.FileFormatWriter$.write(FileFormatWriter.scala:190)
[2023-08-17T06:12:21.933+0000] {spark_submit.py:491} INFO - at org.apache.spark.sql.execution.datasources.InsertIntoHadoopFsRelationCommand.run(InsertIntoHadoopFsRelationCommand.scala:190)
[2023-08-17T06:12:21.933+0000] {spark_submit.py:491} INFO - at org.apache.spark.sql.execution.command.DataWritingCommandExec.sideEffectResult$lzycompute(commands.scala:113)
[2023-08-17T06:12:21.934+0000] {spark_submit.py:491} INFO - at org.apache.spark.sql.execution.command.DataWritingCommandExec.sideEffectResult(commands.scala:111)
[2023-08-17T06:12:21.935+0000] {spark_submit.py:491} INFO - at org.apache.spark.sql.execution.command.DataWritingCommandExec.executeCollect(commands.scala:125)
[2023-08-17T06:12:21.935+0000] {spark_submit.py:491} INFO - at org.apache.spark.sql.execution.QueryExecution$$anonfun$eagerlyExecuteCommands$1.$anonfun$applyOrElse$1(QueryExecution.scala:98)
[2023-08-17T06:12:21.936+0000] {spark_submit.py:491} INFO - at org.apache.spark.sql.execution.SQLExecution$.$anonfun$withNewExecutionId$6(SQLExecution.scala:118)
[2023-08-17T06:12:21.937+0000] {spark_submit.py:491} INFO - at org.apache.spark.sql.execution.SQLExecution$.withSQLConfPropagated(SQLExecution.scala:195)
[2023-08-17T06:12:21.937+0000] {spark_submit.py:491} INFO - at org.apache.spark.sql.execution.SQLExecution$.$anonfun$withNewExecutionId$1(SQLExecution.scala:103)
[2023-08-17T06:12:21.938+0000] {spark_submit.py:491} INFO - at org.apache.spark.sql.SparkSession.withActive(SparkSession.scala:827)
[2023-08-17T06:12:21.939+0000] {spark_submit.py:491} INFO - at org.apache.spark.sql.execution.SQLExecution$.withNewExecutionId(SQLExecution.scala:65)
[2023-08-17T06:12:21.939+0000] {spark_submit.py:491} INFO - at org.apache.spark.sql.execution.QueryExecution$$anonfun$eagerlyExecuteCommands$1.applyOrElse(QueryExecution.scala:98)
[2023-08-17T06:12:21.940+0000] {spark_submit.py:491} INFO - at org.apache.spark.sql.execution.QueryExecution$$anonfun$eagerlyExecuteCommands$1.applyOrElse(QueryExecution.scala:94)
[2023-08-17T06:12:21.941+0000] {spark_submit.py:491} INFO - at org.apache.spark.sql.catalyst.trees.TreeNode.$anonfun$transformDownWithPruning$1(TreeNode.scala:512)
[2023-08-17T06:12:21.941+0000] {spark_submit.py:491} INFO - at org.apache.spark.sql.catalyst.trees.CurrentOrigin$.withOrigin(TreeNode.scala:104)
[2023-08-17T06:12:21.942+0000] {spark_submit.py:491} INFO - at org.apache.spark.sql.catalyst.trees.TreeNode.transformDownWithPruning(TreeNode.scala:512)
[2023-08-17T06:12:21.943+0000] {spark_submit.py:491} INFO - at org.apache.spark.sql.catalyst.plans.logical.LogicalPlan.org$apache$spark$sql$catalyst$plans$logical$AnalysisHelper$$super$transformDownWithPruning(LogicalPlan.scala:31)
[2023-08-17T06:12:21.943+0000] {spark_submit.py:491} INFO - at org.apache.spark.sql.catalyst.plans.logical.AnalysisHelper.transformDownWithPruning(AnalysisHelper.scala:267)
[2023-08-17T06:12:21.944+0000] {spark_submit.py:491} INFO - at org.apache.spark.sql.catalyst.plans.logical.AnalysisHelper.transformDownWithPruning$(AnalysisHelper.scala:263)
[2023-08-17T06:12:21.944+0000] {spark_submit.py:491} INFO - at org.apache.spark.sql.catalyst.plans.logical.LogicalPlan.transformDownWithPruning(LogicalPlan.scala:31)
[2023-08-17T06:12:21.945+0000] {spark_submit.py:491} INFO - at org.apache.spark.sql.catalyst.plans.logical.LogicalPlan.transformDownWithPruning(LogicalPlan.scala:31)
[2023-08-17T06:12:21.946+0000] {spark_submit.py:491} INFO - at org.apache.spark.sql.catalyst.trees.TreeNode.transformDown(TreeNode.scala:488)
[2023-08-17T06:12:21.946+0000] {spark_submit.py:491} INFO - at org.apache.spark.sql.execution.QueryExecution.eagerlyExecuteCommands(QueryExecution.scala:94)
[2023-08-17T06:12:21.947+0000] {spark_submit.py:491} INFO - at org.apache.spark.sql.execution.QueryExecution.commandExecuted$lzycompute(QueryExecution.scala:81)
[2023-08-17T06:12:21.948+0000] {spark_submit.py:491} INFO - at org.apache.spark.sql.execution.QueryExecution.commandExecuted(QueryExecution.scala:79)
[2023-08-17T06:12:21.949+0000] {spark_submit.py:491} INFO - at org.apache.spark.sql.execution.QueryExecution.assertCommandExecuted(QueryExecution.scala:133)
[2023-08-17T06:12:21.949+0000] {spark_submit.py:491} INFO - at org.apache.spark.sql.DataFrameWriter.runCommand(DataFrameWriter.scala:856)
[2023-08-17T06:12:21.950+0000] {spark_submit.py:491} INFO - at org.apache.spark.sql.DataFrameWriter.saveToV1Source(DataFrameWriter.scala:387)
[2023-08-17T06:12:21.951+0000] {spark_submit.py:491} INFO - at org.apache.spark.sql.DataFrameWriter.saveInternal(DataFrameWriter.scala:360)
[2023-08-17T06:12:21.951+0000] {spark_submit.py:491} INFO - at org.apache.spark.sql.DataFrameWriter.save(DataFrameWriter.scala:239)
[2023-08-17T06:12:21.952+0000] {spark_submit.py:491} INFO - at org.apache.spark.sql.DataFrameWriter.parquet(DataFrameWriter.scala:789)
[2023-08-17T06:12:21.953+0000] {spark_submit.py:491} INFO - at java.base/jdk.internal.reflect.NativeMethodAccessorImpl.invoke0(Native Method)
[2023-08-17T06:12:21.953+0000] {spark_submit.py:491} INFO - at java.base/jdk.internal.reflect.NativeMethodAccessorImpl.invoke(NativeMethodAccessorImpl.java:77)
[2023-08-17T06:12:21.954+0000] {spark_submit.py:491} INFO - at java.base/jdk.internal.reflect.DelegatingMethodAccessorImpl.invoke(DelegatingMethodAccessorImpl.java:43)
[2023-08-17T06:12:21.954+0000] {spark_submit.py:491} INFO - at java.base/java.lang.reflect.Method.invoke(Method.java:568)
[2023-08-17T06:12:21.956+0000] {spark_submit.py:491} INFO - at py4j.reflection.MethodInvoker.invoke(MethodInvoker.java:244)
[2023-08-17T06:12:21.957+0000] {spark_submit.py:491} INFO - at py4j.reflection.ReflectionEngine.invoke(ReflectionEngine.java:374)
[2023-08-17T06:12:21.958+0000] {spark_submit.py:491} INFO - at py4j.Gateway.invoke(Gateway.java:282)
[2023-08-17T06:12:21.959+0000] {spark_submit.py:491} INFO - at py4j.commands.AbstractCommand.invokeMethod(AbstractCommand.java:132)
[2023-08-17T06:12:21.961+0000] {spark_submit.py:491} INFO - at py4j.commands.CallCommand.execute(CallCommand.java:79)
[2023-08-17T06:12:21.964+0000] {spark_submit.py:491} INFO - at py4j.ClientServerConnection.waitForCommands(ClientServerConnection.java:182)
[2023-08-17T06:12:21.965+0000] {spark_submit.py:491} INFO - at py4j.ClientServerConnection.run(ClientServerConnection.java:106)
[2023-08-17T06:12:21.967+0000] {spark_submit.py:491} INFO - at java.base/java.lang.Thread.run(Thread.java:833)
[2023-08-17T06:12:21.968+0000] {spark_submit.py:491} INFO - Caused by: org.apache.spark.SparkException: [TASK_WRITE_FAILED] Task failed while writing rows to file:/opt/***/dags/A_preprocessed.parquet.
[2023-08-17T06:12:21.970+0000] {spark_submit.py:491} INFO - at org.apache.spark.sql.errors.QueryExecutionErrors$.taskFailedWhileWritingRowsError(QueryExecutionErrors.scala:788)
[2023-08-17T06:12:21.971+0000] {spark_submit.py:491} INFO - at org.apache.spark.sql.execution.datasources.FileFormatWriter$.executeTask(FileFormatWriter.scala:420)
[2023-08-17T06:12:21.973+0000] {spark_submit.py:491} INFO - at org.apache.spark.sql.execution.datasources.WriteFilesExec.$anonfun$doExecuteWrite$1(WriteFiles.scala:100)
[2023-08-17T06:12:21.974+0000] {spark_submit.py:491} INFO - at org.apache.spark.rdd.RDD.$anonfun$mapPartitionsInternal$2(RDD.scala:888)
[2023-08-17T06:12:21.975+0000] {spark_submit.py:491} INFO - at org.apache.spark.rdd.RDD.$anonfun$mapPartitionsInternal$2$adapted(RDD.scala:888)
[2023-08-17T06:12:21.975+0000] {spark_submit.py:491} INFO - at org.apache.spark.rdd.MapPartitionsRDD.compute(MapPartitionsRDD.scala:52)
[2023-08-17T06:12:21.976+0000] {spark_submit.py:491} INFO - at org.apache.spark.rdd.RDD.computeOrReadCheckpoint(RDD.scala:364)
[2023-08-17T06:12:21.978+0000] {spark_submit.py:491} INFO - at org.apache.spark.rdd.RDD.iterator(RDD.scala:328)
[2023-08-17T06:12:21.980+0000] {spark_submit.py:491} INFO - at org.apache.spark.scheduler.ResultTask.runTask(ResultTask.scala:92)
[2023-08-17T06:12:21.981+0000] {spark_submit.py:491} INFO - at org.apache.spark.TaskContext.runTaskWithListeners(TaskContext.scala:161)
[2023-08-17T06:12:21.984+0000] {spark_submit.py:491} INFO - at org.apache.spark.scheduler.Task.run(Task.scala:139)
[2023-08-17T06:12:21.986+0000] {spark_submit.py:491} INFO - at org.apache.spark.executor.Executor$TaskRunner.$anonfun$run$3(Executor.scala:554)
[2023-08-17T06:12:21.987+0000] {spark_submit.py:491} INFO - at org.apache.spark.util.Utils$.tryWithSafeFinally(Utils.scala:1529)
[2023-08-17T06:12:21.988+0000] {spark_submit.py:491} INFO - at org.apache.spark.executor.Executor$TaskRunner.run(Executor.scala:557)
[2023-08-17T06:12:21.989+0000] {spark_submit.py:491} INFO - at java.base/java.util.concurrent.ThreadPoolExecutor.runWorker(ThreadPoolExecutor.java:1136)
[2023-08-17T06:12:21.990+0000] {spark_submit.py:491} INFO - at java.base/java.util.concurrent.ThreadPoolExecutor$Worker.run(ThreadPoolExecutor.java:635)
[2023-08-17T06:12:21.990+0000] {spark_submit.py:491} INFO - at java.base/java.lang.Thread.run(Thread.java:833)
[2023-08-17T06:12:21.991+0000] {spark_submit.py:491} INFO - Caused by: org.apache.spark.SparkFileNotFoundException: File file:/opt/***/dags/A.csv does not exist
[2023-08-17T06:12:21.992+0000] {spark_submit.py:491} INFO - It is possible the underlying files have been updated. You can explicitly invalidate the cache in Spark by running 'REFRESH TABLE tableName' command in SQL or by recreating the Dataset/DataFrame involved.
[2023-08-17T06:12:21.992+0000] {spark_submit.py:491} INFO - at org.apache.spark.sql.errors.QueryExecutionErrors$.readCurrentFileNotFoundError(QueryExecutionErrors.scala:794)
[2023-08-17T06:12:21.993+0000] {spark_submit.py:491} INFO - at org.apache.spark.sql.execution.datasources.FileScanRDD$$anon$1.org$apache$spark$sql$execution$datasources$FileScanRDD$$anon$$readCurrentFile(FileScanRDD.scala:234)
[2023-08-17T06:12:21.993+0000] {spark_submit.py:491} INFO - at org.apache.spark.sql.execution.datasources.FileScanRDD$$anon$1.nextIterator(FileScanRDD.scala:293)
[2023-08-17T06:12:21.994+0000] {spark_submit.py:491} INFO - at org.apache.spark.sql.execution.datasources.FileScanRDD$$anon$1.hasNext(FileScanRDD.scala:125)
[2023-08-17T06:12:21.995+0000] {spark_submit.py:491} INFO - at scala.collection.Iterator$$anon$10.hasNext(Iterator.scala:460)
[2023-08-17T06:12:21.996+0000] {spark_submit.py:491} INFO - at org.apache.spark.sql.catalyst.expressions.GeneratedClass$GeneratedIteratorForCodegenStage1.processNext(Unknown Source)
[2023-08-17T06:12:21.996+0000] {spark_submit.py:491} INFO - at org.apache.spark.sql.execution.BufferedRowIterator.hasNext(BufferedRowIterator.java:43)
[2023-08-17T06:12:21.997+0000] {spark_submit.py:491} INFO - at org.apache.spark.sql.execution.WholeStageCodegenExec$$anon$1.hasNext(WholeStageCodegenExec.scala:760)
[2023-08-17T06:12:21.998+0000] {spark_submit.py:491} INFO - at org.apache.spark.sql.execution.datasources.FileFormatDataWriter.writeWithIterator(FileFormatDataWriter.scala:91)
[2023-08-17T06:12:21.998+0000] {spark_submit.py:491} INFO - at org.apache.spark.sql.execution.datasources.FileFormatWriter$.$anonfun$executeTask$1(FileFormatWriter.scala:403)
[2023-08-17T06:12:21.999+0000] {spark_submit.py:491} INFO - at org.apache.spark.util.Utils$.tryWithSafeFinallyAndFailureCallbacks(Utils.scala:1563)
[2023-08-17T06:12:22.000+0000] {spark_submit.py:491} INFO - at org.apache.spark.sql.execution.datasources.FileFormatWriter$.executeTask(FileFormatWriter.scala:410)
[2023-08-17T06:12:22.000+0000] {spark_submit.py:491} INFO - ... 15 more
[2023-08-17T06:12:22.001+0000] {spark_submit.py:491} INFO - 
[2023-08-17T06:12:22.002+0000] {spark_submit.py:491} INFO - 23/08/17 06:12:21 INFO SparkContext: Invoking stop() from shutdown hook
[2023-08-17T06:12:22.003+0000] {spark_submit.py:491} INFO - 23/08/17 06:12:21 INFO SparkContext: SparkContext is stopping with exitCode 0.
[2023-08-17T06:12:22.004+0000] {spark_submit.py:491} INFO - 23/08/17 06:12:21 INFO SparkUI: Stopped Spark web UI at http://0d68e811d1ff:4040
[2023-08-17T06:12:22.005+0000] {spark_submit.py:491} INFO - 23/08/17 06:12:21 INFO StandaloneSchedulerBackend: Shutting down all executors
[2023-08-17T06:12:22.006+0000] {spark_submit.py:491} INFO - 23/08/17 06:12:21 INFO StandaloneSchedulerBackend$StandaloneDriverEndpoint: Asking each executor to shut down
[2023-08-17T06:12:22.006+0000] {spark_submit.py:491} INFO - 23/08/17 06:12:21 INFO MapOutputTrackerMasterEndpoint: MapOutputTrackerMasterEndpoint stopped!
[2023-08-17T06:12:22.007+0000] {spark_submit.py:491} INFO - 23/08/17 06:12:21 INFO MemoryStore: MemoryStore cleared
[2023-08-17T06:12:22.008+0000] {spark_submit.py:491} INFO - 23/08/17 06:12:21 INFO BlockManager: BlockManager stopped
[2023-08-17T06:12:22.008+0000] {spark_submit.py:491} INFO - 23/08/17 06:12:22 INFO BlockManagerMaster: BlockManagerMaster stopped
[2023-08-17T06:12:22.009+0000] {spark_submit.py:491} INFO - 23/08/17 06:12:22 INFO OutputCommitCoordinator$OutputCommitCoordinatorEndpoint: OutputCommitCoordinator stopped!
[2023-08-17T06:12:22.030+0000] {spark_submit.py:491} INFO - 23/08/17 06:12:22 INFO SparkContext: Successfully stopped SparkContext
[2023-08-17T06:12:22.033+0000] {spark_submit.py:491} INFO - 23/08/17 06:12:22 INFO ShutdownHookManager: Shutdown hook called
[2023-08-17T06:12:22.034+0000] {spark_submit.py:491} INFO - 23/08/17 06:12:22 INFO ShutdownHookManager: Deleting directory /tmp/spark-949dd113-8cc4-472f-8f04-79552655fe27/pyspark-857899ef-fa05-4c04-80b6-61910466b63f
[2023-08-17T06:12:22.038+0000] {spark_submit.py:491} INFO - 23/08/17 06:12:22 INFO ShutdownHookManager: Deleting directory /tmp/spark-71b5c69f-f887-4252-8995-36be5a8c5c0a
[2023-08-17T06:12:22.045+0000] {spark_submit.py:491} INFO - 23/08/17 06:12:22 INFO ShutdownHookManager: Deleting directory /tmp/spark-949dd113-8cc4-472f-8f04-79552655fe27
[2023-08-17T06:12:22.182+0000] {taskinstance.py:1824} ERROR - Task failed with exception
Traceback (most recent call last):
  File "/home/airflow/.local/lib/python3.10/site-packages/airflow/providers/apache/spark/operators/spark_submit.py", line 156, in execute
    self._hook.submit(self._application)
  File "/home/airflow/.local/lib/python3.10/site-packages/airflow/providers/apache/spark/hooks/spark_submit.py", line 422, in submit
    raise AirflowException(
airflow.exceptions.AirflowException: Cannot execute: spark-submit --master spark://spark:7077 --name arrow-spark dags/spark_processing.py. Error code is: 1.
[2023-08-17T06:12:22.187+0000] {taskinstance.py:1345} INFO - Marking task as FAILED. dag_id=spark_***_dag, task_id=spark_submit_task, execution_date=20230817T061210, start_date=20230817T061211, end_date=20230817T061222
[2023-08-17T06:12:22.198+0000] {standard_task_runner.py:104} ERROR - Failed to execute job 33 for task spark_submit_task (Cannot execute: spark-submit --master spark://spark:7077 --name arrow-spark dags/spark_processing.py. Error code is: 1.; 6053)
[2023-08-17T06:12:22.218+0000] {local_task_job_runner.py:225} INFO - Task exited with return code 1
[2023-08-17T06:12:22.237+0000] {taskinstance.py:2651} INFO - 0 downstream tasks scheduled from follow-on schedule check
