[2023-08-15T07:29:49.596+0000] {taskinstance.py:1103} INFO - Dependencies all met for dep_context=non-requeueable deps ti=<TaskInstance: spark_airflow_dag.spark_submit_task manual__2023-08-15T07:29:49.248959+00:00 [queued]>
[2023-08-15T07:29:49.601+0000] {taskinstance.py:1103} INFO - Dependencies all met for dep_context=requeueable deps ti=<TaskInstance: spark_airflow_dag.spark_submit_task manual__2023-08-15T07:29:49.248959+00:00 [queued]>
[2023-08-15T07:29:49.602+0000] {taskinstance.py:1308} INFO - Starting attempt 1 of 1
[2023-08-15T07:29:49.608+0000] {taskinstance.py:1327} INFO - Executing <Task(SparkSubmitOperator): spark_submit_task> on 2023-08-15 07:29:49.248959+00:00
[2023-08-15T07:29:49.611+0000] {standard_task_runner.py:57} INFO - Started process 830 to run task
[2023-08-15T07:29:49.614+0000] {standard_task_runner.py:84} INFO - Running: ['***', 'tasks', 'run', 'spark_***_dag', 'spark_submit_task', 'manual__2023-08-15T07:29:49.248959+00:00', '--job-id', '7', '--raw', '--subdir', 'DAGS_FOLDER/spark_jobs_dag.py', '--cfg-path', '/tmp/tmp6ii3ayyr']
[2023-08-15T07:29:49.615+0000] {standard_task_runner.py:85} INFO - Job 7: Subtask spark_submit_task
[2023-08-15T07:29:49.652+0000] {task_command.py:410} INFO - Running <TaskInstance: spark_airflow_dag.spark_submit_task manual__2023-08-15T07:29:49.248959+00:00 [running]> on host 34dbf8232cde
[2023-08-15T07:29:49.699+0000] {taskinstance.py:1545} INFO - Exporting env vars: AIRFLOW_CTX_DAG_OWNER='***' AIRFLOW_CTX_DAG_ID='spark_***_dag' AIRFLOW_CTX_TASK_ID='spark_submit_task' AIRFLOW_CTX_EXECUTION_DATE='2023-08-15T07:29:49.248959+00:00' AIRFLOW_CTX_TRY_NUMBER='1' AIRFLOW_CTX_DAG_RUN_ID='manual__2023-08-15T07:29:49.248959+00:00'
[2023-08-15T07:29:49.708+0000] {base.py:73} INFO - Using connection ID 'spark_local' for task execution.
[2023-08-15T07:29:49.710+0000] {spark_submit.py:340} INFO - Spark-Submit cmd: spark-submit --master spark://spark:7077 --name arrow-spark /opt/***/dags/spark_processing.py
[2023-08-15T07:29:49.765+0000] {spark_submit.py:491} INFO - /home/***/.local/lib/python3.10/site-packages/pyspark/bin/load-spark-env.sh: line 68: ps: command not found
[2023-08-15T07:29:51.059+0000] {spark_submit.py:491} INFO - 23/08/15 07:29:51 INFO SparkContext: Running Spark version 3.4.1
[2023-08-15T07:29:51.085+0000] {spark_submit.py:491} INFO - 23/08/15 07:29:51 WARN NativeCodeLoader: Unable to load native-hadoop library for your platform... using builtin-java classes where applicable
[2023-08-15T07:29:51.122+0000] {spark_submit.py:491} INFO - 23/08/15 07:29:51 INFO ResourceUtils: ==============================================================
[2023-08-15T07:29:51.123+0000] {spark_submit.py:491} INFO - 23/08/15 07:29:51 INFO ResourceUtils: No custom resources configured for spark.driver.
[2023-08-15T07:29:51.124+0000] {spark_submit.py:491} INFO - 23/08/15 07:29:51 INFO ResourceUtils: ==============================================================
[2023-08-15T07:29:51.124+0000] {spark_submit.py:491} INFO - 23/08/15 07:29:51 INFO SparkContext: Submitted application: DataExtraction
[2023-08-15T07:29:51.133+0000] {spark_submit.py:491} INFO - 23/08/15 07:29:51 INFO ResourceProfile: Default ResourceProfile created, executor resources: Map(memory -> name: memory, amount: 1024, script: , vendor: , offHeap -> name: offHeap, amount: 0, script: , vendor: ), task resources: Map(cpus -> name: cpus, amount: 1.0)
[2023-08-15T07:29:51.137+0000] {spark_submit.py:491} INFO - 23/08/15 07:29:51 INFO ResourceProfile: Limiting resource is cpu
[2023-08-15T07:29:51.137+0000] {spark_submit.py:491} INFO - 23/08/15 07:29:51 INFO ResourceProfileManager: Added ResourceProfile id: 0
[2023-08-15T07:29:51.159+0000] {spark_submit.py:491} INFO - 23/08/15 07:29:51 INFO SecurityManager: Changing view acls to: default
[2023-08-15T07:29:51.160+0000] {spark_submit.py:491} INFO - 23/08/15 07:29:51 INFO SecurityManager: Changing modify acls to: default
[2023-08-15T07:29:51.161+0000] {spark_submit.py:491} INFO - 23/08/15 07:29:51 INFO SecurityManager: Changing view acls groups to:
[2023-08-15T07:29:51.162+0000] {spark_submit.py:491} INFO - 23/08/15 07:29:51 INFO SecurityManager: Changing modify acls groups to:
[2023-08-15T07:29:51.163+0000] {spark_submit.py:491} INFO - 23/08/15 07:29:51 INFO SecurityManager: SecurityManager: authentication disabled; ui acls disabled; users with view permissions: default; groups with view permissions: EMPTY; users with modify permissions: default; groups with modify permissions: EMPTY
[2023-08-15T07:29:51.264+0000] {spark_submit.py:491} INFO - 23/08/15 07:29:51 INFO Utils: Successfully started service 'sparkDriver' on port 36847.
[2023-08-15T07:29:51.277+0000] {spark_submit.py:491} INFO - 23/08/15 07:29:51 INFO SparkEnv: Registering MapOutputTracker
[2023-08-15T07:29:51.294+0000] {spark_submit.py:491} INFO - 23/08/15 07:29:51 INFO SparkEnv: Registering BlockManagerMaster
[2023-08-15T07:29:51.304+0000] {spark_submit.py:491} INFO - 23/08/15 07:29:51 INFO BlockManagerMasterEndpoint: Using org.apache.spark.storage.DefaultTopologyMapper for getting topology information
[2023-08-15T07:29:51.306+0000] {spark_submit.py:491} INFO - 23/08/15 07:29:51 INFO BlockManagerMasterEndpoint: BlockManagerMasterEndpoint up
[2023-08-15T07:29:51.307+0000] {spark_submit.py:491} INFO - 23/08/15 07:29:51 INFO SparkEnv: Registering BlockManagerMasterHeartbeat
[2023-08-15T07:29:51.318+0000] {spark_submit.py:491} INFO - 23/08/15 07:29:51 INFO DiskBlockManager: Created local directory at /tmp/blockmgr-50e1694a-aa6b-43eb-ad34-98e65f6d1565
[2023-08-15T07:29:51.326+0000] {spark_submit.py:491} INFO - 23/08/15 07:29:51 INFO MemoryStore: MemoryStore started with capacity 434.4 MiB
[2023-08-15T07:29:51.334+0000] {spark_submit.py:491} INFO - 23/08/15 07:29:51 INFO SparkEnv: Registering OutputCommitCoordinator
[2023-08-15T07:29:51.389+0000] {spark_submit.py:491} INFO - 23/08/15 07:29:51 INFO JettyUtils: Start Jetty 0.0.0.0:4040 for SparkUI
[2023-08-15T07:29:51.415+0000] {spark_submit.py:491} INFO - 23/08/15 07:29:51 INFO Utils: Successfully started service 'SparkUI' on port 4040.
[2023-08-15T07:29:51.479+0000] {spark_submit.py:491} INFO - 23/08/15 07:29:51 INFO StandaloneAppClient$ClientEndpoint: Connecting to master spark://spark:7077...
[2023-08-15T07:29:51.556+0000] {spark_submit.py:491} INFO - 23/08/15 07:29:51 WARN StandaloneAppClient$ClientEndpoint: Failed to connect to master spark:7077
[2023-08-15T07:29:51.557+0000] {spark_submit.py:491} INFO - org.apache.spark.SparkException: Exception thrown in awaitResult:
[2023-08-15T07:29:51.557+0000] {spark_submit.py:491} INFO - at org.apache.spark.util.ThreadUtils$.awaitResult(ThreadUtils.scala:322)
[2023-08-15T07:29:51.558+0000] {spark_submit.py:491} INFO - at org.apache.spark.rpc.RpcTimeout.awaitResult(RpcTimeout.scala:75)
[2023-08-15T07:29:51.558+0000] {spark_submit.py:491} INFO - at org.apache.spark.rpc.RpcEnv.setupEndpointRefByURI(RpcEnv.scala:102)
[2023-08-15T07:29:51.558+0000] {spark_submit.py:491} INFO - at org.apache.spark.rpc.RpcEnv.setupEndpointRef(RpcEnv.scala:110)
[2023-08-15T07:29:51.559+0000] {spark_submit.py:491} INFO - at org.apache.spark.deploy.client.StandaloneAppClient$ClientEndpoint$$anon$1.run(StandaloneAppClient.scala:108)
[2023-08-15T07:29:51.559+0000] {spark_submit.py:491} INFO - at java.base/java.util.concurrent.Executors$RunnableAdapter.call(Executors.java:539)
[2023-08-15T07:29:51.559+0000] {spark_submit.py:491} INFO - at java.base/java.util.concurrent.FutureTask.run(FutureTask.java:264)
[2023-08-15T07:29:51.560+0000] {spark_submit.py:491} INFO - at java.base/java.util.concurrent.ThreadPoolExecutor.runWorker(ThreadPoolExecutor.java:1136)
[2023-08-15T07:29:51.560+0000] {spark_submit.py:491} INFO - at java.base/java.util.concurrent.ThreadPoolExecutor$Worker.run(ThreadPoolExecutor.java:635)
[2023-08-15T07:29:51.560+0000] {spark_submit.py:491} INFO - at java.base/java.lang.Thread.run(Thread.java:833)
[2023-08-15T07:29:51.561+0000] {spark_submit.py:491} INFO - Caused by: java.io.IOException: Failed to connect to spark/<unresolved>:7077
[2023-08-15T07:29:51.561+0000] {spark_submit.py:491} INFO - at org.apache.spark.network.client.TransportClientFactory.createClient(TransportClientFactory.java:284)
[2023-08-15T07:29:51.562+0000] {spark_submit.py:491} INFO - at org.apache.spark.network.client.TransportClientFactory.createClient(TransportClientFactory.java:214)
[2023-08-15T07:29:51.562+0000] {spark_submit.py:491} INFO - at org.apache.spark.network.client.TransportClientFactory.createClient(TransportClientFactory.java:226)
[2023-08-15T07:29:51.562+0000] {spark_submit.py:491} INFO - at org.apache.spark.rpc.netty.NettyRpcEnv.createClient(NettyRpcEnv.scala:204)
[2023-08-15T07:29:51.563+0000] {spark_submit.py:491} INFO - at org.apache.spark.rpc.netty.Outbox$$anon$1.call(Outbox.scala:202)
[2023-08-15T07:29:51.563+0000] {spark_submit.py:491} INFO - at org.apache.spark.rpc.netty.Outbox$$anon$1.call(Outbox.scala:198)
[2023-08-15T07:29:51.563+0000] {spark_submit.py:491} INFO - ... 4 more
[2023-08-15T07:29:51.564+0000] {spark_submit.py:491} INFO - Caused by: java.net.UnknownHostException: spark
[2023-08-15T07:29:51.564+0000] {spark_submit.py:491} INFO - at java.base/java.net.InetAddress$CachedAddresses.get(InetAddress.java:801)
[2023-08-15T07:29:51.564+0000] {spark_submit.py:491} INFO - at java.base/java.net.InetAddress.getAllByName0(InetAddress.java:1533)
[2023-08-15T07:29:51.565+0000] {spark_submit.py:491} INFO - at java.base/java.net.InetAddress.getAllByName(InetAddress.java:1385)
[2023-08-15T07:29:51.565+0000] {spark_submit.py:491} INFO - at java.base/java.net.InetAddress.getAllByName(InetAddress.java:1306)
[2023-08-15T07:29:51.565+0000] {spark_submit.py:491} INFO - at java.base/java.net.InetAddress.getByName(InetAddress.java:1256)
[2023-08-15T07:29:51.566+0000] {spark_submit.py:491} INFO - at io.netty.util.internal.SocketUtils$8.run(SocketUtils.java:156)
[2023-08-15T07:29:51.566+0000] {spark_submit.py:491} INFO - at io.netty.util.internal.SocketUtils$8.run(SocketUtils.java:153)
[2023-08-15T07:29:51.566+0000] {spark_submit.py:491} INFO - at java.base/java.security.AccessController.doPrivileged(AccessController.java:569)
[2023-08-15T07:29:51.567+0000] {spark_submit.py:491} INFO - at io.netty.util.internal.SocketUtils.addressByName(SocketUtils.java:153)
[2023-08-15T07:29:51.567+0000] {spark_submit.py:491} INFO - at io.netty.resolver.DefaultNameResolver.doResolve(DefaultNameResolver.java:41)
[2023-08-15T07:29:51.567+0000] {spark_submit.py:491} INFO - at io.netty.resolver.SimpleNameResolver.resolve(SimpleNameResolver.java:61)
[2023-08-15T07:29:51.568+0000] {spark_submit.py:491} INFO - at io.netty.resolver.SimpleNameResolver.resolve(SimpleNameResolver.java:53)
[2023-08-15T07:29:51.568+0000] {spark_submit.py:491} INFO - at io.netty.resolver.InetSocketAddressResolver.doResolve(InetSocketAddressResolver.java:55)
[2023-08-15T07:29:51.568+0000] {spark_submit.py:491} INFO - at io.netty.resolver.InetSocketAddressResolver.doResolve(InetSocketAddressResolver.java:31)
[2023-08-15T07:29:51.569+0000] {spark_submit.py:491} INFO - at io.netty.resolver.AbstractAddressResolver.resolve(AbstractAddressResolver.java:106)
[2023-08-15T07:29:51.569+0000] {spark_submit.py:491} INFO - at io.netty.bootstrap.Bootstrap.doResolveAndConnect0(Bootstrap.java:206)
[2023-08-15T07:29:51.569+0000] {spark_submit.py:491} INFO - at io.netty.bootstrap.Bootstrap.access$000(Bootstrap.java:46)
[2023-08-15T07:29:51.570+0000] {spark_submit.py:491} INFO - at io.netty.bootstrap.Bootstrap$1.operationComplete(Bootstrap.java:180)
[2023-08-15T07:29:51.570+0000] {spark_submit.py:491} INFO - at io.netty.bootstrap.Bootstrap$1.operationComplete(Bootstrap.java:166)
[2023-08-15T07:29:51.570+0000] {spark_submit.py:491} INFO - at io.netty.util.concurrent.DefaultPromise.notifyListener0(DefaultPromise.java:590)
[2023-08-15T07:29:51.571+0000] {spark_submit.py:491} INFO - at io.netty.util.concurrent.DefaultPromise.notifyListenersNow(DefaultPromise.java:557)
[2023-08-15T07:29:51.571+0000] {spark_submit.py:491} INFO - at io.netty.util.concurrent.DefaultPromise.notifyListeners(DefaultPromise.java:492)
[2023-08-15T07:29:51.571+0000] {spark_submit.py:491} INFO - at io.netty.util.concurrent.DefaultPromise.setValue0(DefaultPromise.java:636)
[2023-08-15T07:29:51.572+0000] {spark_submit.py:491} INFO - at io.netty.util.concurrent.DefaultPromise.setSuccess0(DefaultPromise.java:625)
[2023-08-15T07:29:51.572+0000] {spark_submit.py:491} INFO - at io.netty.util.concurrent.DefaultPromise.trySuccess(DefaultPromise.java:105)
[2023-08-15T07:29:51.573+0000] {spark_submit.py:491} INFO - at io.netty.channel.DefaultChannelPromise.trySuccess(DefaultChannelPromise.java:84)
[2023-08-15T07:29:51.573+0000] {spark_submit.py:491} INFO - at io.netty.channel.AbstractChannel$AbstractUnsafe.safeSetSuccess(AbstractChannel.java:990)
[2023-08-15T07:29:51.573+0000] {spark_submit.py:491} INFO - at io.netty.channel.AbstractChannel$AbstractUnsafe.register0(AbstractChannel.java:516)
[2023-08-15T07:29:51.574+0000] {spark_submit.py:491} INFO - at io.netty.channel.AbstractChannel$AbstractUnsafe.access$200(AbstractChannel.java:429)
[2023-08-15T07:29:51.574+0000] {spark_submit.py:491} INFO - at io.netty.channel.AbstractChannel$AbstractUnsafe$1.run(AbstractChannel.java:486)
[2023-08-15T07:29:51.574+0000] {spark_submit.py:491} INFO - at io.netty.util.concurrent.AbstractEventExecutor.runTask(AbstractEventExecutor.java:174)
[2023-08-15T07:29:51.575+0000] {spark_submit.py:491} INFO - at io.netty.util.concurrent.AbstractEventExecutor.safeExecute(AbstractEventExecutor.java:167)
[2023-08-15T07:29:51.575+0000] {spark_submit.py:491} INFO - at io.netty.util.concurrent.SingleThreadEventExecutor.runAllTasks(SingleThreadEventExecutor.java:470)
[2023-08-15T07:29:51.575+0000] {spark_submit.py:491} INFO - at io.netty.channel.nio.NioEventLoop.run(NioEventLoop.java:569)
[2023-08-15T07:29:51.575+0000] {spark_submit.py:491} INFO - at io.netty.util.concurrent.SingleThreadEventExecutor$4.run(SingleThreadEventExecutor.java:997)
[2023-08-15T07:29:51.576+0000] {spark_submit.py:491} INFO - at io.netty.util.internal.ThreadExecutorMap$2.run(ThreadExecutorMap.java:74)
[2023-08-15T07:29:51.576+0000] {spark_submit.py:491} INFO - at io.netty.util.concurrent.FastThreadLocalRunnable.run(FastThreadLocalRunnable.java:30)
[2023-08-15T07:29:51.577+0000] {spark_submit.py:491} INFO - ... 1 more
[2023-08-15T07:30:11.484+0000] {spark_submit.py:491} INFO - 23/08/15 07:30:11 INFO StandaloneAppClient$ClientEndpoint: Connecting to master spark://spark:7077...
[2023-08-15T07:30:11.490+0000] {spark_submit.py:491} INFO - 23/08/15 07:30:11 WARN StandaloneAppClient$ClientEndpoint: Failed to connect to master spark:7077
[2023-08-15T07:30:11.491+0000] {spark_submit.py:491} INFO - org.apache.spark.SparkException: Exception thrown in awaitResult:
[2023-08-15T07:30:11.491+0000] {spark_submit.py:491} INFO - at org.apache.spark.util.ThreadUtils$.awaitResult(ThreadUtils.scala:322)
[2023-08-15T07:30:11.492+0000] {spark_submit.py:491} INFO - at org.apache.spark.rpc.RpcTimeout.awaitResult(RpcTimeout.scala:75)
[2023-08-15T07:30:11.492+0000] {spark_submit.py:491} INFO - at org.apache.spark.rpc.RpcEnv.setupEndpointRefByURI(RpcEnv.scala:102)
[2023-08-15T07:30:11.493+0000] {spark_submit.py:491} INFO - at org.apache.spark.rpc.RpcEnv.setupEndpointRef(RpcEnv.scala:110)
[2023-08-15T07:30:11.493+0000] {spark_submit.py:491} INFO - at org.apache.spark.deploy.client.StandaloneAppClient$ClientEndpoint$$anon$1.run(StandaloneAppClient.scala:108)
[2023-08-15T07:30:11.494+0000] {spark_submit.py:491} INFO - at java.base/java.util.concurrent.Executors$RunnableAdapter.call(Executors.java:539)
[2023-08-15T07:30:11.494+0000] {spark_submit.py:491} INFO - at java.base/java.util.concurrent.FutureTask.run(FutureTask.java:264)
[2023-08-15T07:30:11.494+0000] {spark_submit.py:491} INFO - at java.base/java.util.concurrent.ThreadPoolExecutor.runWorker(ThreadPoolExecutor.java:1136)
[2023-08-15T07:30:11.495+0000] {spark_submit.py:491} INFO - at java.base/java.util.concurrent.ThreadPoolExecutor$Worker.run(ThreadPoolExecutor.java:635)
[2023-08-15T07:30:11.495+0000] {spark_submit.py:491} INFO - at java.base/java.lang.Thread.run(Thread.java:833)
[2023-08-15T07:30:11.496+0000] {spark_submit.py:491} INFO - Caused by: java.io.IOException: Failed to connect to spark/<unresolved>:7077
[2023-08-15T07:30:11.496+0000] {spark_submit.py:491} INFO - at org.apache.spark.network.client.TransportClientFactory.createClient(TransportClientFactory.java:284)
[2023-08-15T07:30:11.497+0000] {spark_submit.py:491} INFO - at org.apache.spark.network.client.TransportClientFactory.createClient(TransportClientFactory.java:214)
[2023-08-15T07:30:11.497+0000] {spark_submit.py:491} INFO - at org.apache.spark.network.client.TransportClientFactory.createClient(TransportClientFactory.java:226)
[2023-08-15T07:30:11.497+0000] {spark_submit.py:491} INFO - at org.apache.spark.rpc.netty.NettyRpcEnv.createClient(NettyRpcEnv.scala:204)
[2023-08-15T07:30:11.498+0000] {spark_submit.py:491} INFO - at org.apache.spark.rpc.netty.Outbox$$anon$1.call(Outbox.scala:202)
[2023-08-15T07:30:11.498+0000] {spark_submit.py:491} INFO - at org.apache.spark.rpc.netty.Outbox$$anon$1.call(Outbox.scala:198)
[2023-08-15T07:30:11.498+0000] {spark_submit.py:491} INFO - ... 4 more
[2023-08-15T07:30:11.499+0000] {spark_submit.py:491} INFO - Caused by: java.net.UnknownHostException: spark
[2023-08-15T07:30:11.499+0000] {spark_submit.py:491} INFO - at java.base/java.net.InetAddress$CachedAddresses.get(InetAddress.java:801)
[2023-08-15T07:30:11.500+0000] {spark_submit.py:491} INFO - at java.base/java.net.InetAddress.getAllByName0(InetAddress.java:1533)
[2023-08-15T07:30:11.500+0000] {spark_submit.py:491} INFO - at java.base/java.net.InetAddress.getAllByName(InetAddress.java:1385)
[2023-08-15T07:30:11.500+0000] {spark_submit.py:491} INFO - at java.base/java.net.InetAddress.getAllByName(InetAddress.java:1306)
[2023-08-15T07:30:11.501+0000] {spark_submit.py:491} INFO - at java.base/java.net.InetAddress.getByName(InetAddress.java:1256)
[2023-08-15T07:30:11.501+0000] {spark_submit.py:491} INFO - at io.netty.util.internal.SocketUtils$8.run(SocketUtils.java:156)
[2023-08-15T07:30:11.501+0000] {spark_submit.py:491} INFO - at io.netty.util.internal.SocketUtils$8.run(SocketUtils.java:153)
[2023-08-15T07:30:11.502+0000] {spark_submit.py:491} INFO - at java.base/java.security.AccessController.doPrivileged(AccessController.java:569)
[2023-08-15T07:30:11.502+0000] {spark_submit.py:491} INFO - at io.netty.util.internal.SocketUtils.addressByName(SocketUtils.java:153)
[2023-08-15T07:30:11.502+0000] {spark_submit.py:491} INFO - at io.netty.resolver.DefaultNameResolver.doResolve(DefaultNameResolver.java:41)
[2023-08-15T07:30:11.503+0000] {spark_submit.py:491} INFO - at io.netty.resolver.SimpleNameResolver.resolve(SimpleNameResolver.java:61)
[2023-08-15T07:30:11.503+0000] {spark_submit.py:491} INFO - at io.netty.resolver.SimpleNameResolver.resolve(SimpleNameResolver.java:53)
[2023-08-15T07:30:11.503+0000] {spark_submit.py:491} INFO - at io.netty.resolver.InetSocketAddressResolver.doResolve(InetSocketAddressResolver.java:55)
[2023-08-15T07:30:11.504+0000] {spark_submit.py:491} INFO - at io.netty.resolver.InetSocketAddressResolver.doResolve(InetSocketAddressResolver.java:31)
[2023-08-15T07:30:11.504+0000] {spark_submit.py:491} INFO - at io.netty.resolver.AbstractAddressResolver.resolve(AbstractAddressResolver.java:106)
[2023-08-15T07:30:11.504+0000] {spark_submit.py:491} INFO - at io.netty.bootstrap.Bootstrap.doResolveAndConnect0(Bootstrap.java:206)
[2023-08-15T07:30:11.505+0000] {spark_submit.py:491} INFO - at io.netty.bootstrap.Bootstrap.access$000(Bootstrap.java:46)
[2023-08-15T07:30:11.505+0000] {spark_submit.py:491} INFO - at io.netty.bootstrap.Bootstrap$1.operationComplete(Bootstrap.java:180)
[2023-08-15T07:30:11.505+0000] {spark_submit.py:491} INFO - at io.netty.bootstrap.Bootstrap$1.operationComplete(Bootstrap.java:166)
[2023-08-15T07:30:11.506+0000] {spark_submit.py:491} INFO - at io.netty.util.concurrent.DefaultPromise.notifyListener0(DefaultPromise.java:590)
[2023-08-15T07:30:11.506+0000] {spark_submit.py:491} INFO - at io.netty.util.concurrent.DefaultPromise.notifyListenersNow(DefaultPromise.java:557)
[2023-08-15T07:30:11.506+0000] {spark_submit.py:491} INFO - at io.netty.util.concurrent.DefaultPromise.notifyListeners(DefaultPromise.java:492)
[2023-08-15T07:30:11.507+0000] {spark_submit.py:491} INFO - at io.netty.util.concurrent.DefaultPromise.setValue0(DefaultPromise.java:636)
[2023-08-15T07:30:11.507+0000] {spark_submit.py:491} INFO - at io.netty.util.concurrent.DefaultPromise.setSuccess0(DefaultPromise.java:625)
[2023-08-15T07:30:11.508+0000] {spark_submit.py:491} INFO - at io.netty.util.concurrent.DefaultPromise.trySuccess(DefaultPromise.java:105)
[2023-08-15T07:30:11.508+0000] {spark_submit.py:491} INFO - at io.netty.channel.DefaultChannelPromise.trySuccess(DefaultChannelPromise.java:84)
[2023-08-15T07:30:11.508+0000] {spark_submit.py:491} INFO - at io.netty.channel.AbstractChannel$AbstractUnsafe.safeSetSuccess(AbstractChannel.java:990)
[2023-08-15T07:30:11.508+0000] {spark_submit.py:491} INFO - at io.netty.channel.AbstractChannel$AbstractUnsafe.register0(AbstractChannel.java:516)
[2023-08-15T07:30:11.509+0000] {spark_submit.py:491} INFO - at io.netty.channel.AbstractChannel$AbstractUnsafe.access$200(AbstractChannel.java:429)
[2023-08-15T07:30:11.509+0000] {spark_submit.py:491} INFO - at io.netty.channel.AbstractChannel$AbstractUnsafe$1.run(AbstractChannel.java:486)
[2023-08-15T07:30:11.509+0000] {spark_submit.py:491} INFO - at io.netty.util.concurrent.AbstractEventExecutor.runTask(AbstractEventExecutor.java:174)
[2023-08-15T07:30:11.510+0000] {spark_submit.py:491} INFO - at io.netty.util.concurrent.AbstractEventExecutor.safeExecute(AbstractEventExecutor.java:167)
[2023-08-15T07:30:11.510+0000] {spark_submit.py:491} INFO - at io.netty.util.concurrent.SingleThreadEventExecutor.runAllTasks(SingleThreadEventExecutor.java:470)
[2023-08-15T07:30:11.510+0000] {spark_submit.py:491} INFO - at io.netty.channel.nio.NioEventLoop.run(NioEventLoop.java:569)
[2023-08-15T07:30:11.511+0000] {spark_submit.py:491} INFO - at io.netty.util.concurrent.SingleThreadEventExecutor$4.run(SingleThreadEventExecutor.java:997)
[2023-08-15T07:30:11.511+0000] {spark_submit.py:491} INFO - at io.netty.util.internal.ThreadExecutorMap$2.run(ThreadExecutorMap.java:74)
[2023-08-15T07:30:11.511+0000] {spark_submit.py:491} INFO - at io.netty.util.concurrent.FastThreadLocalRunnable.run(FastThreadLocalRunnable.java:30)
[2023-08-15T07:30:11.512+0000] {spark_submit.py:491} INFO - ... 1 more
[2023-08-15T07:30:31.486+0000] {spark_submit.py:491} INFO - 23/08/15 07:30:31 INFO StandaloneAppClient$ClientEndpoint: Connecting to master spark://spark:7077...
[2023-08-15T07:30:31.496+0000] {spark_submit.py:491} INFO - 23/08/15 07:30:31 WARN StandaloneAppClient$ClientEndpoint: Failed to connect to master spark:7077
[2023-08-15T07:30:31.497+0000] {spark_submit.py:491} INFO - org.apache.spark.SparkException: Exception thrown in awaitResult:
[2023-08-15T07:30:31.498+0000] {spark_submit.py:491} INFO - at org.apache.spark.util.ThreadUtils$.awaitResult(ThreadUtils.scala:322)
[2023-08-15T07:30:31.499+0000] {spark_submit.py:491} INFO - at org.apache.spark.rpc.RpcTimeout.awaitResult(RpcTimeout.scala:75)
[2023-08-15T07:30:31.500+0000] {spark_submit.py:491} INFO - at org.apache.spark.rpc.RpcEnv.setupEndpointRefByURI(RpcEnv.scala:102)
[2023-08-15T07:30:31.501+0000] {spark_submit.py:491} INFO - at org.apache.spark.rpc.RpcEnv.setupEndpointRef(RpcEnv.scala:110)
[2023-08-15T07:30:31.502+0000] {spark_submit.py:491} INFO - at org.apache.spark.deploy.client.StandaloneAppClient$ClientEndpoint$$anon$1.run(StandaloneAppClient.scala:108)
[2023-08-15T07:30:31.503+0000] {spark_submit.py:491} INFO - at java.base/java.util.concurrent.Executors$RunnableAdapter.call(Executors.java:539)
[2023-08-15T07:30:31.504+0000] {spark_submit.py:491} INFO - at java.base/java.util.concurrent.FutureTask.run(FutureTask.java:264)
[2023-08-15T07:30:31.504+0000] {spark_submit.py:491} INFO - at java.base/java.util.concurrent.ThreadPoolExecutor.runWorker(ThreadPoolExecutor.java:1136)
[2023-08-15T07:30:31.505+0000] {spark_submit.py:491} INFO - at java.base/java.util.concurrent.ThreadPoolExecutor$Worker.run(ThreadPoolExecutor.java:635)
[2023-08-15T07:30:31.506+0000] {spark_submit.py:491} INFO - at java.base/java.lang.Thread.run(Thread.java:833)
[2023-08-15T07:30:31.506+0000] {spark_submit.py:491} INFO - Caused by: java.io.IOException: Failed to connect to spark/<unresolved>:7077
[2023-08-15T07:30:31.508+0000] {spark_submit.py:491} INFO - at org.apache.spark.network.client.TransportClientFactory.createClient(TransportClientFactory.java:284)
[2023-08-15T07:30:31.508+0000] {spark_submit.py:491} INFO - at org.apache.spark.network.client.TransportClientFactory.createClient(TransportClientFactory.java:214)
[2023-08-15T07:30:31.509+0000] {spark_submit.py:491} INFO - at org.apache.spark.network.client.TransportClientFactory.createClient(TransportClientFactory.java:226)
[2023-08-15T07:30:31.510+0000] {spark_submit.py:491} INFO - at org.apache.spark.rpc.netty.NettyRpcEnv.createClient(NettyRpcEnv.scala:204)
[2023-08-15T07:30:31.510+0000] {spark_submit.py:491} INFO - at org.apache.spark.rpc.netty.Outbox$$anon$1.call(Outbox.scala:202)
[2023-08-15T07:30:31.511+0000] {spark_submit.py:491} INFO - at org.apache.spark.rpc.netty.Outbox$$anon$1.call(Outbox.scala:198)
[2023-08-15T07:30:31.511+0000] {spark_submit.py:491} INFO - ... 4 more
[2023-08-15T07:30:31.512+0000] {spark_submit.py:491} INFO - Caused by: java.net.UnknownHostException: spark
[2023-08-15T07:30:31.513+0000] {spark_submit.py:491} INFO - at java.base/java.net.InetAddress$CachedAddresses.get(InetAddress.java:801)
[2023-08-15T07:30:31.513+0000] {spark_submit.py:491} INFO - at java.base/java.net.InetAddress.getAllByName0(InetAddress.java:1533)
[2023-08-15T07:30:31.514+0000] {spark_submit.py:491} INFO - at java.base/java.net.InetAddress.getAllByName(InetAddress.java:1385)
[2023-08-15T07:30:31.514+0000] {spark_submit.py:491} INFO - at java.base/java.net.InetAddress.getAllByName(InetAddress.java:1306)
[2023-08-15T07:30:31.515+0000] {spark_submit.py:491} INFO - at java.base/java.net.InetAddress.getByName(InetAddress.java:1256)
[2023-08-15T07:30:31.515+0000] {spark_submit.py:491} INFO - at io.netty.util.internal.SocketUtils$8.run(SocketUtils.java:156)
[2023-08-15T07:30:31.516+0000] {spark_submit.py:491} INFO - at io.netty.util.internal.SocketUtils$8.run(SocketUtils.java:153)
[2023-08-15T07:30:31.516+0000] {spark_submit.py:491} INFO - at java.base/java.security.AccessController.doPrivileged(AccessController.java:569)
[2023-08-15T07:30:31.517+0000] {spark_submit.py:491} INFO - at io.netty.util.internal.SocketUtils.addressByName(SocketUtils.java:153)
[2023-08-15T07:30:31.518+0000] {spark_submit.py:491} INFO - at io.netty.resolver.DefaultNameResolver.doResolve(DefaultNameResolver.java:41)
[2023-08-15T07:30:31.518+0000] {spark_submit.py:491} INFO - at io.netty.resolver.SimpleNameResolver.resolve(SimpleNameResolver.java:61)
[2023-08-15T07:30:31.519+0000] {spark_submit.py:491} INFO - at io.netty.resolver.SimpleNameResolver.resolve(SimpleNameResolver.java:53)
[2023-08-15T07:30:31.520+0000] {spark_submit.py:491} INFO - at io.netty.resolver.InetSocketAddressResolver.doResolve(InetSocketAddressResolver.java:55)
[2023-08-15T07:30:31.520+0000] {spark_submit.py:491} INFO - at io.netty.resolver.InetSocketAddressResolver.doResolve(InetSocketAddressResolver.java:31)
[2023-08-15T07:30:31.521+0000] {spark_submit.py:491} INFO - at io.netty.resolver.AbstractAddressResolver.resolve(AbstractAddressResolver.java:106)
[2023-08-15T07:30:31.521+0000] {spark_submit.py:491} INFO - at io.netty.bootstrap.Bootstrap.doResolveAndConnect0(Bootstrap.java:206)
[2023-08-15T07:30:31.522+0000] {spark_submit.py:491} INFO - at io.netty.bootstrap.Bootstrap.access$000(Bootstrap.java:46)
[2023-08-15T07:30:31.522+0000] {spark_submit.py:491} INFO - at io.netty.bootstrap.Bootstrap$1.operationComplete(Bootstrap.java:180)
[2023-08-15T07:30:31.523+0000] {spark_submit.py:491} INFO - at io.netty.bootstrap.Bootstrap$1.operationComplete(Bootstrap.java:166)
[2023-08-15T07:30:31.523+0000] {spark_submit.py:491} INFO - at io.netty.util.concurrent.DefaultPromise.notifyListener0(DefaultPromise.java:590)
[2023-08-15T07:30:31.524+0000] {spark_submit.py:491} INFO - at io.netty.util.concurrent.DefaultPromise.notifyListenersNow(DefaultPromise.java:557)
[2023-08-15T07:30:31.524+0000] {spark_submit.py:491} INFO - at io.netty.util.concurrent.DefaultPromise.notifyListeners(DefaultPromise.java:492)
[2023-08-15T07:30:31.526+0000] {spark_submit.py:491} INFO - at io.netty.util.concurrent.DefaultPromise.setValue0(DefaultPromise.java:636)
[2023-08-15T07:30:31.526+0000] {spark_submit.py:491} INFO - at io.netty.util.concurrent.DefaultPromise.setSuccess0(DefaultPromise.java:625)
[2023-08-15T07:30:31.527+0000] {spark_submit.py:491} INFO - at io.netty.util.concurrent.DefaultPromise.trySuccess(DefaultPromise.java:105)
[2023-08-15T07:30:31.527+0000] {spark_submit.py:491} INFO - at io.netty.channel.DefaultChannelPromise.trySuccess(DefaultChannelPromise.java:84)
[2023-08-15T07:30:31.528+0000] {spark_submit.py:491} INFO - at io.netty.channel.AbstractChannel$AbstractUnsafe.safeSetSuccess(AbstractChannel.java:990)
[2023-08-15T07:30:31.528+0000] {spark_submit.py:491} INFO - at io.netty.channel.AbstractChannel$AbstractUnsafe.register0(AbstractChannel.java:516)
[2023-08-15T07:30:31.528+0000] {spark_submit.py:491} INFO - at io.netty.channel.AbstractChannel$AbstractUnsafe.access$200(AbstractChannel.java:429)
[2023-08-15T07:30:31.529+0000] {spark_submit.py:491} INFO - at io.netty.channel.AbstractChannel$AbstractUnsafe$1.run(AbstractChannel.java:486)
[2023-08-15T07:30:31.529+0000] {spark_submit.py:491} INFO - at io.netty.util.concurrent.AbstractEventExecutor.runTask(AbstractEventExecutor.java:174)
[2023-08-15T07:30:31.530+0000] {spark_submit.py:491} INFO - at io.netty.util.concurrent.AbstractEventExecutor.safeExecute(AbstractEventExecutor.java:167)
[2023-08-15T07:30:31.530+0000] {spark_submit.py:491} INFO - at io.netty.util.concurrent.SingleThreadEventExecutor.runAllTasks(SingleThreadEventExecutor.java:470)
[2023-08-15T07:30:31.531+0000] {spark_submit.py:491} INFO - at io.netty.channel.nio.NioEventLoop.run(NioEventLoop.java:569)
[2023-08-15T07:30:31.531+0000] {spark_submit.py:491} INFO - at io.netty.util.concurrent.SingleThreadEventExecutor$4.run(SingleThreadEventExecutor.java:997)
[2023-08-15T07:30:31.532+0000] {spark_submit.py:491} INFO - at io.netty.util.internal.ThreadExecutorMap$2.run(ThreadExecutorMap.java:74)
[2023-08-15T07:30:31.532+0000] {spark_submit.py:491} INFO - at io.netty.util.concurrent.FastThreadLocalRunnable.run(FastThreadLocalRunnable.java:30)
[2023-08-15T07:30:31.533+0000] {spark_submit.py:491} INFO - ... 1 more
[2023-08-15T07:30:51.489+0000] {spark_submit.py:491} INFO - 23/08/15 07:30:51 ERROR StandaloneSchedulerBackend: Application has been killed. Reason: All masters are unresponsive! Giving up.
[2023-08-15T07:30:51.492+0000] {spark_submit.py:491} INFO - 23/08/15 07:30:51 WARN StandaloneSchedulerBackend: Application ID is not initialized yet.
[2023-08-15T07:30:51.497+0000] {spark_submit.py:491} INFO - 23/08/15 07:30:51 INFO Utils: Successfully started service 'org.apache.spark.network.netty.NettyBlockTransferService' on port 42141.
[2023-08-15T07:30:51.498+0000] {spark_submit.py:491} INFO - 23/08/15 07:30:51 INFO NettyBlockTransferService: Server created on 34dbf8232cde:42141
[2023-08-15T07:30:51.499+0000] {spark_submit.py:491} INFO - 23/08/15 07:30:51 INFO BlockManager: Using org.apache.spark.storage.RandomBlockReplicationPolicy for block replication policy
[2023-08-15T07:30:51.505+0000] {spark_submit.py:491} INFO - 23/08/15 07:30:51 INFO BlockManagerMaster: Registering BlockManager BlockManagerId(driver, 34dbf8232cde, 42141, None)
[2023-08-15T07:30:51.508+0000] {spark_submit.py:491} INFO - 23/08/15 07:30:51 INFO BlockManagerMasterEndpoint: Registering block manager 34dbf8232cde:42141 with 434.4 MiB RAM, BlockManagerId(driver, 34dbf8232cde, 42141, None)
[2023-08-15T07:30:51.510+0000] {spark_submit.py:491} INFO - 23/08/15 07:30:51 INFO BlockManagerMaster: Registered BlockManager BlockManagerId(driver, 34dbf8232cde, 42141, None)
[2023-08-15T07:30:51.511+0000] {spark_submit.py:491} INFO - 23/08/15 07:30:51 INFO BlockManager: Initialized BlockManager: BlockManagerId(driver, 34dbf8232cde, 42141, None)
[2023-08-15T07:30:51.603+0000] {spark_submit.py:491} INFO - 23/08/15 07:30:51 INFO StandaloneSchedulerBackend: SchedulerBackend is ready for scheduling beginning after reached minRegisteredResourcesRatio: 0.0
[2023-08-15T07:30:51.729+0000] {spark_submit.py:491} INFO - 23/08/15 07:30:51 INFO SparkContext: SparkContext is stopping with exitCode 0.
[2023-08-15T07:30:51.738+0000] {spark_submit.py:491} INFO - 23/08/15 07:30:51 INFO SparkUI: Stopped Spark web UI at http://34dbf8232cde:4040
[2023-08-15T07:30:51.740+0000] {spark_submit.py:491} INFO - 23/08/15 07:30:51 INFO StandaloneSchedulerBackend: Shutting down all executors
[2023-08-15T07:30:51.742+0000] {spark_submit.py:491} INFO - 23/08/15 07:30:51 INFO SharedState: Setting hive.metastore.warehouse.dir ('null') to the value of spark.sql.warehouse.dir.
[2023-08-15T07:30:51.743+0000] {spark_submit.py:491} INFO - 23/08/15 07:30:51 INFO StandaloneSchedulerBackend$StandaloneDriverEndpoint: Asking each executor to shut down
[2023-08-15T07:30:51.746+0000] {spark_submit.py:491} INFO - 23/08/15 07:30:51 WARN StandaloneAppClient$ClientEndpoint: Drop UnregisterApplication(null) because has not yet connected to master
[2023-08-15T07:30:51.747+0000] {spark_submit.py:491} INFO - 23/08/15 07:30:51 INFO SharedState: Warehouse path is 'file:/opt/***/spark-warehouse'.
[2023-08-15T07:30:51.751+0000] {spark_submit.py:491} INFO - 23/08/15 07:30:51 INFO MapOutputTrackerMasterEndpoint: MapOutputTrackerMasterEndpoint stopped!
[2023-08-15T07:30:51.760+0000] {spark_submit.py:491} INFO - 23/08/15 07:30:51 INFO MemoryStore: MemoryStore cleared
[2023-08-15T07:30:51.761+0000] {spark_submit.py:491} INFO - 23/08/15 07:30:51 INFO BlockManager: BlockManager stopped
[2023-08-15T07:30:51.763+0000] {spark_submit.py:491} INFO - 23/08/15 07:30:51 INFO BlockManagerMaster: BlockManagerMaster stopped
[2023-08-15T07:30:51.765+0000] {spark_submit.py:491} INFO - 23/08/15 07:30:51 INFO OutputCommitCoordinator$OutputCommitCoordinatorEndpoint: OutputCommitCoordinator stopped!
[2023-08-15T07:30:51.772+0000] {spark_submit.py:491} INFO - Traceback (most recent call last):
[2023-08-15T07:30:51.773+0000] {spark_submit.py:491} INFO - File "/opt/***/dags/spark_processing.py", line 20, in <module>
[2023-08-15T07:30:51.774+0000] {spark_submit.py:491} INFO - 23/08/15 07:30:51 INFO SparkContext: Successfully stopped SparkContext
[2023-08-15T07:30:51.775+0000] {spark_submit.py:491} INFO - stock_df = spark.read.csv('A.csv', header=True, schema=existing_schema)
[2023-08-15T07:30:51.775+0000] {spark_submit.py:491} INFO - File "/home/***/.local/lib/python3.10/site-packages/pyspark/python/lib/pyspark.zip/pyspark/sql/session.py", line 1515, in read
[2023-08-15T07:30:51.776+0000] {spark_submit.py:491} INFO - File "/home/***/.local/lib/python3.10/site-packages/pyspark/python/lib/pyspark.zip/pyspark/sql/readwriter.py", line 69, in __init__
[2023-08-15T07:30:51.776+0000] {spark_submit.py:491} INFO - File "/home/***/.local/lib/python3.10/site-packages/pyspark/python/lib/py4j-0.10.9.7-src.zip/py4j/java_gateway.py", line 1322, in __call__
[2023-08-15T07:30:51.777+0000] {spark_submit.py:491} INFO - File "/home/***/.local/lib/python3.10/site-packages/pyspark/python/lib/pyspark.zip/pyspark/errors/exceptions/captured.py", line 169, in deco
[2023-08-15T07:30:51.777+0000] {spark_submit.py:491} INFO - File "/home/***/.local/lib/python3.10/site-packages/pyspark/python/lib/py4j-0.10.9.7-src.zip/py4j/protocol.py", line 326, in get_return_value
[2023-08-15T07:30:51.778+0000] {spark_submit.py:491} INFO - py4j.protocol.Py4JJavaError: An error occurred while calling o23.read.
[2023-08-15T07:30:51.778+0000] {spark_submit.py:491} INFO - : java.lang.IllegalStateException: LiveListenerBus is stopped.
[2023-08-15T07:30:51.779+0000] {spark_submit.py:491} INFO - at org.apache.spark.scheduler.LiveListenerBus.addToQueue(LiveListenerBus.scala:98)
[2023-08-15T07:30:51.779+0000] {spark_submit.py:491} INFO - at org.apache.spark.scheduler.LiveListenerBus.addToStatusQueue(LiveListenerBus.scala:81)
[2023-08-15T07:30:51.780+0000] {spark_submit.py:491} INFO - at org.apache.spark.sql.internal.SharedState.<init>(SharedState.scala:115)
[2023-08-15T07:30:51.780+0000] {spark_submit.py:491} INFO - at org.apache.spark.sql.SparkSession.$anonfun$sharedState$1(SparkSession.scala:144)
[2023-08-15T07:30:51.780+0000] {spark_submit.py:491} INFO - at scala.Option.getOrElse(Option.scala:189)
[2023-08-15T07:30:51.781+0000] {spark_submit.py:491} INFO - at org.apache.spark.sql.SparkSession.sharedState$lzycompute(SparkSession.scala:144)
[2023-08-15T07:30:51.781+0000] {spark_submit.py:491} INFO - at org.apache.spark.sql.SparkSession.sharedState(SparkSession.scala:143)
[2023-08-15T07:30:51.782+0000] {spark_submit.py:491} INFO - at org.apache.spark.sql.SparkSession.$anonfun$sessionState$2(SparkSession.scala:163)
[2023-08-15T07:30:51.782+0000] {spark_submit.py:491} INFO - at scala.Option.getOrElse(Option.scala:189)
[2023-08-15T07:30:51.783+0000] {spark_submit.py:491} INFO - at org.apache.spark.sql.SparkSession.sessionState$lzycompute(SparkSession.scala:161)
[2023-08-15T07:30:51.783+0000] {spark_submit.py:491} INFO - at org.apache.spark.sql.SparkSession.sessionState(SparkSession.scala:158)
[2023-08-15T07:30:51.783+0000] {spark_submit.py:491} INFO - at org.apache.spark.sql.DataFrameReader.<init>(DataFrameReader.scala:699)
[2023-08-15T07:30:51.784+0000] {spark_submit.py:491} INFO - at org.apache.spark.sql.SparkSession.read(SparkSession.scala:710)
[2023-08-15T07:30:51.784+0000] {spark_submit.py:491} INFO - at java.base/jdk.internal.reflect.NativeMethodAccessorImpl.invoke0(Native Method)
[2023-08-15T07:30:51.784+0000] {spark_submit.py:491} INFO - at java.base/jdk.internal.reflect.NativeMethodAccessorImpl.invoke(NativeMethodAccessorImpl.java:77)
[2023-08-15T07:30:51.785+0000] {spark_submit.py:491} INFO - at java.base/jdk.internal.reflect.DelegatingMethodAccessorImpl.invoke(DelegatingMethodAccessorImpl.java:43)
[2023-08-15T07:30:51.785+0000] {spark_submit.py:491} INFO - at java.base/java.lang.reflect.Method.invoke(Method.java:568)
[2023-08-15T07:30:51.785+0000] {spark_submit.py:491} INFO - at py4j.reflection.MethodInvoker.invoke(MethodInvoker.java:244)
[2023-08-15T07:30:51.786+0000] {spark_submit.py:491} INFO - at py4j.reflection.ReflectionEngine.invoke(ReflectionEngine.java:374)
[2023-08-15T07:30:51.786+0000] {spark_submit.py:491} INFO - at py4j.Gateway.invoke(Gateway.java:282)
[2023-08-15T07:30:51.786+0000] {spark_submit.py:491} INFO - at py4j.commands.AbstractCommand.invokeMethod(AbstractCommand.java:132)
[2023-08-15T07:30:51.787+0000] {spark_submit.py:491} INFO - at py4j.commands.CallCommand.execute(CallCommand.java:79)
[2023-08-15T07:30:51.787+0000] {spark_submit.py:491} INFO - at py4j.ClientServerConnection.waitForCommands(ClientServerConnection.java:182)
[2023-08-15T07:30:51.788+0000] {spark_submit.py:491} INFO - at py4j.ClientServerConnection.run(ClientServerConnection.java:106)
[2023-08-15T07:30:51.788+0000] {spark_submit.py:491} INFO - at java.base/java.lang.Thread.run(Thread.java:833)
[2023-08-15T07:30:51.788+0000] {spark_submit.py:491} INFO - 
[2023-08-15T07:30:51.804+0000] {spark_submit.py:491} INFO - 23/08/15 07:30:51 INFO ShutdownHookManager: Shutdown hook called
[2023-08-15T07:30:51.804+0000] {spark_submit.py:491} INFO - 23/08/15 07:30:51 INFO ShutdownHookManager: Deleting directory /tmp/spark-5e8a3706-8cd4-447a-98eb-6cd0f06aad1c
[2023-08-15T07:30:51.808+0000] {spark_submit.py:491} INFO - 23/08/15 07:30:51 INFO ShutdownHookManager: Deleting directory /tmp/spark-d5a45d46-ef75-4254-bef1-f9552558bb5d/pyspark-f1a73166-56d3-446c-9f86-b12281b69b4b
[2023-08-15T07:30:51.811+0000] {spark_submit.py:491} INFO - 23/08/15 07:30:51 INFO ShutdownHookManager: Deleting directory /tmp/spark-d5a45d46-ef75-4254-bef1-f9552558bb5d
[2023-08-15T07:30:51.869+0000] {taskinstance.py:1824} ERROR - Task failed with exception
Traceback (most recent call last):
  File "/home/airflow/.local/lib/python3.10/site-packages/airflow/providers/apache/spark/operators/spark_submit.py", line 156, in execute
    self._hook.submit(self._application)
  File "/home/airflow/.local/lib/python3.10/site-packages/airflow/providers/apache/spark/hooks/spark_submit.py", line 422, in submit
    raise AirflowException(
airflow.exceptions.AirflowException: Cannot execute: spark-submit --master spark://spark:7077 --name arrow-spark /opt/***/dags/spark_processing.py. Error code is: 1.
[2023-08-15T07:30:51.872+0000] {taskinstance.py:1345} INFO - Marking task as FAILED. dag_id=spark_***_dag, task_id=spark_submit_task, execution_date=20230815T072949, start_date=20230815T072949, end_date=20230815T073051
[2023-08-15T07:30:51.878+0000] {standard_task_runner.py:104} ERROR - Failed to execute job 7 for task spark_submit_task (Cannot execute: spark-submit --master spark://spark:7077 --name arrow-spark /opt/***/dags/spark_processing.py. Error code is: 1.; 830)
[2023-08-15T07:30:51.886+0000] {local_task_job_runner.py:225} INFO - Task exited with return code 1
[2023-08-15T07:30:51.898+0000] {taskinstance.py:2651} INFO - 0 downstream tasks scheduled from follow-on schedule check
