[2023-08-17T06:03:33.321+0000] {taskinstance.py:1103} INFO - Dependencies all met for dep_context=non-requeueable deps ti=<TaskInstance: spark_airflow_dag.spark_submit_task manual__2023-08-17T06:03:32.046423+00:00 [queued]>
[2023-08-17T06:03:33.328+0000] {taskinstance.py:1103} INFO - Dependencies all met for dep_context=requeueable deps ti=<TaskInstance: spark_airflow_dag.spark_submit_task manual__2023-08-17T06:03:32.046423+00:00 [queued]>
[2023-08-17T06:03:33.329+0000] {taskinstance.py:1308} INFO - Starting attempt 1 of 1
[2023-08-17T06:03:33.338+0000] {taskinstance.py:1327} INFO - Executing <Task(SparkSubmitOperator): spark_submit_task> on 2023-08-17 06:03:32.046423+00:00
[2023-08-17T06:03:33.342+0000] {standard_task_runner.py:57} INFO - Started process 5279 to run task
[2023-08-17T06:03:33.346+0000] {standard_task_runner.py:84} INFO - Running: ['***', 'tasks', 'run', 'spark_***_dag', 'spark_submit_task', 'manual__2023-08-17T06:03:32.046423+00:00', '--job-id', '29', '--raw', '--subdir', 'DAGS_FOLDER/spark_jobs_dag.py', '--cfg-path', '/tmp/tmpx3jdald2']
[2023-08-17T06:03:33.348+0000] {standard_task_runner.py:85} INFO - Job 29: Subtask spark_submit_task
[2023-08-17T06:03:33.401+0000] {task_command.py:410} INFO - Running <TaskInstance: spark_airflow_dag.spark_submit_task manual__2023-08-17T06:03:32.046423+00:00 [running]> on host 0d68e811d1ff
[2023-08-17T06:03:33.473+0000] {taskinstance.py:1545} INFO - Exporting env vars: AIRFLOW_CTX_DAG_OWNER='***' AIRFLOW_CTX_DAG_ID='spark_***_dag' AIRFLOW_CTX_TASK_ID='spark_submit_task' AIRFLOW_CTX_EXECUTION_DATE='2023-08-17T06:03:32.046423+00:00' AIRFLOW_CTX_TRY_NUMBER='1' AIRFLOW_CTX_DAG_RUN_ID='manual__2023-08-17T06:03:32.046423+00:00'
[2023-08-17T06:03:33.484+0000] {base.py:73} INFO - Using connection ID 'spark_local' for task execution.
[2023-08-17T06:03:33.486+0000] {spark_submit.py:340} INFO - Spark-Submit cmd: spark-submit --master spark://spark:7077 --name arrow-spark dags/spark_processing.py
[2023-08-17T06:03:33.574+0000] {spark_submit.py:491} INFO - /home/***/.local/lib/python3.10/site-packages/pyspark/bin/load-spark-env.sh: line 68: ps: command not found
[2023-08-17T06:03:35.725+0000] {spark_submit.py:491} INFO - 23/08/17 06:03:35 INFO SparkContext: Running Spark version 3.4.1
[2023-08-17T06:03:35.767+0000] {spark_submit.py:491} INFO - 23/08/17 06:03:35 WARN NativeCodeLoader: Unable to load native-hadoop library for your platform... using builtin-java classes where applicable
[2023-08-17T06:03:35.835+0000] {spark_submit.py:491} INFO - 23/08/17 06:03:35 INFO ResourceUtils: ==============================================================
[2023-08-17T06:03:35.836+0000] {spark_submit.py:491} INFO - 23/08/17 06:03:35 INFO ResourceUtils: No custom resources configured for spark.driver.
[2023-08-17T06:03:35.837+0000] {spark_submit.py:491} INFO - 23/08/17 06:03:35 INFO ResourceUtils: ==============================================================
[2023-08-17T06:03:35.838+0000] {spark_submit.py:491} INFO - 23/08/17 06:03:35 INFO SparkContext: Submitted application: DataExtraction
[2023-08-17T06:03:35.856+0000] {spark_submit.py:491} INFO - 23/08/17 06:03:35 INFO ResourceProfile: Default ResourceProfile created, executor resources: Map(memory -> name: memory, amount: 1024, script: , vendor: , offHeap -> name: offHeap, amount: 0, script: , vendor: ), task resources: Map(cpus -> name: cpus, amount: 1.0)
[2023-08-17T06:03:35.863+0000] {spark_submit.py:491} INFO - 23/08/17 06:03:35 INFO ResourceProfile: Limiting resource is cpu
[2023-08-17T06:03:35.864+0000] {spark_submit.py:491} INFO - 23/08/17 06:03:35 INFO ResourceProfileManager: Added ResourceProfile id: 0
[2023-08-17T06:03:35.904+0000] {spark_submit.py:491} INFO - 23/08/17 06:03:35 INFO SecurityManager: Changing view acls to: default
[2023-08-17T06:03:35.905+0000] {spark_submit.py:491} INFO - 23/08/17 06:03:35 INFO SecurityManager: Changing modify acls to: default
[2023-08-17T06:03:35.906+0000] {spark_submit.py:491} INFO - 23/08/17 06:03:35 INFO SecurityManager: Changing view acls groups to:
[2023-08-17T06:03:35.907+0000] {spark_submit.py:491} INFO - 23/08/17 06:03:35 INFO SecurityManager: Changing modify acls groups to:
[2023-08-17T06:03:35.909+0000] {spark_submit.py:491} INFO - 23/08/17 06:03:35 INFO SecurityManager: SecurityManager: authentication disabled; ui acls disabled; users with view permissions: default; groups with view permissions: EMPTY; users with modify permissions: default; groups with modify permissions: EMPTY
[2023-08-17T06:03:36.068+0000] {spark_submit.py:491} INFO - 23/08/17 06:03:36 INFO Utils: Successfully started service 'sparkDriver' on port 35919.
[2023-08-17T06:03:36.090+0000] {spark_submit.py:491} INFO - 23/08/17 06:03:36 INFO SparkEnv: Registering MapOutputTracker
[2023-08-17T06:03:36.116+0000] {spark_submit.py:491} INFO - 23/08/17 06:03:36 INFO SparkEnv: Registering BlockManagerMaster
[2023-08-17T06:03:36.132+0000] {spark_submit.py:491} INFO - 23/08/17 06:03:36 INFO BlockManagerMasterEndpoint: Using org.apache.spark.storage.DefaultTopologyMapper for getting topology information
[2023-08-17T06:03:36.134+0000] {spark_submit.py:491} INFO - 23/08/17 06:03:36 INFO BlockManagerMasterEndpoint: BlockManagerMasterEndpoint up
[2023-08-17T06:03:36.136+0000] {spark_submit.py:491} INFO - 23/08/17 06:03:36 INFO SparkEnv: Registering BlockManagerMasterHeartbeat
[2023-08-17T06:03:36.152+0000] {spark_submit.py:491} INFO - 23/08/17 06:03:36 INFO DiskBlockManager: Created local directory at /tmp/blockmgr-e8d8e9b6-0da5-458d-bf72-9756bce8a3a0
[2023-08-17T06:03:36.164+0000] {spark_submit.py:491} INFO - 23/08/17 06:03:36 INFO MemoryStore: MemoryStore started with capacity 434.4 MiB
[2023-08-17T06:03:36.174+0000] {spark_submit.py:491} INFO - 23/08/17 06:03:36 INFO SparkEnv: Registering OutputCommitCoordinator
[2023-08-17T06:03:36.257+0000] {spark_submit.py:491} INFO - 23/08/17 06:03:36 INFO JettyUtils: Start Jetty 0.0.0.0:4040 for SparkUI
[2023-08-17T06:03:36.302+0000] {spark_submit.py:491} INFO - 23/08/17 06:03:36 INFO Utils: Successfully started service 'SparkUI' on port 4040.
[2023-08-17T06:03:36.389+0000] {spark_submit.py:491} INFO - 23/08/17 06:03:36 INFO StandaloneAppClient$ClientEndpoint: Connecting to master spark://spark:7077...
[2023-08-17T06:03:36.420+0000] {spark_submit.py:491} INFO - 23/08/17 06:03:36 INFO TransportClientFactory: Successfully created connection to spark/172.18.0.9:7077 after 17 ms (0 ms spent in bootstraps)
[2023-08-17T06:03:36.481+0000] {spark_submit.py:491} INFO - 23/08/17 06:03:36 INFO StandaloneSchedulerBackend: Connected to Spark cluster with app ID app-20230817060336-0021
[2023-08-17T06:03:36.483+0000] {spark_submit.py:491} INFO - 23/08/17 06:03:36 INFO StandaloneAppClient$ClientEndpoint: Executor added: app-20230817060336-0021/0 on worker-20230817035656-172.18.0.8-40033 (172.18.0.8:40033) with 1 core(s)
[2023-08-17T06:03:36.484+0000] {spark_submit.py:491} INFO - 23/08/17 06:03:36 INFO StandaloneSchedulerBackend: Granted executor ID app-20230817060336-0021/0 on hostPort 172.18.0.8:40033 with 1 core(s), 1024.0 MiB RAM
[2023-08-17T06:03:36.489+0000] {spark_submit.py:491} INFO - 23/08/17 06:03:36 INFO Utils: Successfully started service 'org.apache.spark.network.netty.NettyBlockTransferService' on port 39313.
[2023-08-17T06:03:36.491+0000] {spark_submit.py:491} INFO - 23/08/17 06:03:36 INFO NettyBlockTransferService: Server created on 0d68e811d1ff:39313
[2023-08-17T06:03:36.492+0000] {spark_submit.py:491} INFO - 23/08/17 06:03:36 INFO BlockManager: Using org.apache.spark.storage.RandomBlockReplicationPolicy for block replication policy
[2023-08-17T06:03:36.497+0000] {spark_submit.py:491} INFO - 23/08/17 06:03:36 INFO BlockManagerMaster: Registering BlockManager BlockManagerId(driver, 0d68e811d1ff, 39313, None)
[2023-08-17T06:03:36.501+0000] {spark_submit.py:491} INFO - 23/08/17 06:03:36 INFO BlockManagerMasterEndpoint: Registering block manager 0d68e811d1ff:39313 with 434.4 MiB RAM, BlockManagerId(driver, 0d68e811d1ff, 39313, None)
[2023-08-17T06:03:36.503+0000] {spark_submit.py:491} INFO - 23/08/17 06:03:36 INFO BlockManagerMaster: Registered BlockManager BlockManagerId(driver, 0d68e811d1ff, 39313, None)
[2023-08-17T06:03:36.504+0000] {spark_submit.py:491} INFO - 23/08/17 06:03:36 INFO BlockManager: Initialized BlockManager: BlockManagerId(driver, 0d68e811d1ff, 39313, None)
[2023-08-17T06:03:36.510+0000] {spark_submit.py:491} INFO - 23/08/17 06:03:36 INFO StandaloneAppClient$ClientEndpoint: Executor updated: app-20230817060336-0021/0 is now RUNNING
[2023-08-17T06:03:36.682+0000] {spark_submit.py:491} INFO - 23/08/17 06:03:36 INFO StandaloneSchedulerBackend: SchedulerBackend is ready for scheduling beginning after reached minRegisteredResourcesRatio: 0.0
[2023-08-17T06:03:36.933+0000] {spark_submit.py:491} INFO - 23/08/17 06:03:36 INFO SharedState: Setting hive.metastore.warehouse.dir ('null') to the value of spark.sql.warehouse.dir.
[2023-08-17T06:03:36.943+0000] {spark_submit.py:491} INFO - 23/08/17 06:03:36 INFO SharedState: Warehouse path is 'file:/opt/***/spark-warehouse'.
[2023-08-17T06:03:38.152+0000] {spark_submit.py:491} INFO - Traceback (most recent call last):
[2023-08-17T06:03:38.154+0000] {spark_submit.py:491} INFO - File "/opt/***/dags/spark_processing.py", line 21, in <module>
[2023-08-17T06:03:38.155+0000] {spark_submit.py:491} INFO - stock_df = spark.read.csv("./A.csv", header=True, schema=existing_schema)
[2023-08-17T06:03:38.157+0000] {spark_submit.py:491} INFO - File "/home/***/.local/lib/python3.10/site-packages/pyspark/python/lib/pyspark.zip/pyspark/sql/readwriter.py", line 727, in csv
[2023-08-17T06:03:38.158+0000] {spark_submit.py:491} INFO - File "/home/***/.local/lib/python3.10/site-packages/pyspark/python/lib/py4j-0.10.9.7-src.zip/py4j/java_gateway.py", line 1322, in __call__
[2023-08-17T06:03:38.160+0000] {spark_submit.py:491} INFO - File "/home/***/.local/lib/python3.10/site-packages/pyspark/python/lib/pyspark.zip/pyspark/errors/exceptions/captured.py", line 175, in deco
[2023-08-17T06:03:38.168+0000] {spark_submit.py:491} INFO - pyspark.errors.exceptions.captured.AnalysisException: [PATH_NOT_FOUND] Path does not exist: file:/opt/***/A.csv.
[2023-08-17T06:03:38.228+0000] {spark_submit.py:491} INFO - 23/08/17 06:03:38 INFO SparkContext: Invoking stop() from shutdown hook
[2023-08-17T06:03:38.230+0000] {spark_submit.py:491} INFO - 23/08/17 06:03:38 INFO SparkContext: SparkContext is stopping with exitCode 0.
[2023-08-17T06:03:38.243+0000] {spark_submit.py:491} INFO - 23/08/17 06:03:38 INFO SparkUI: Stopped Spark web UI at http://0d68e811d1ff:4040
[2023-08-17T06:03:38.249+0000] {spark_submit.py:491} INFO - 23/08/17 06:03:38 INFO StandaloneSchedulerBackend: Shutting down all executors
[2023-08-17T06:03:38.252+0000] {spark_submit.py:491} INFO - 23/08/17 06:03:38 INFO StandaloneSchedulerBackend$StandaloneDriverEndpoint: Asking each executor to shut down
[2023-08-17T06:03:38.272+0000] {spark_submit.py:491} INFO - 23/08/17 06:03:38 INFO MapOutputTrackerMasterEndpoint: MapOutputTrackerMasterEndpoint stopped!
[2023-08-17T06:03:38.292+0000] {spark_submit.py:491} INFO - 23/08/17 06:03:38 INFO MemoryStore: MemoryStore cleared
[2023-08-17T06:03:38.293+0000] {spark_submit.py:491} INFO - 23/08/17 06:03:38 INFO BlockManager: BlockManager stopped
[2023-08-17T06:03:38.297+0000] {spark_submit.py:491} INFO - 23/08/17 06:03:38 INFO BlockManagerMaster: BlockManagerMaster stopped
[2023-08-17T06:03:38.300+0000] {spark_submit.py:491} INFO - 23/08/17 06:03:38 INFO OutputCommitCoordinator$OutputCommitCoordinatorEndpoint: OutputCommitCoordinator stopped!
[2023-08-17T06:03:38.314+0000] {spark_submit.py:491} INFO - 23/08/17 06:03:38 INFO SparkContext: Successfully stopped SparkContext
[2023-08-17T06:03:38.316+0000] {spark_submit.py:491} INFO - 23/08/17 06:03:38 INFO ShutdownHookManager: Shutdown hook called
[2023-08-17T06:03:38.317+0000] {spark_submit.py:491} INFO - 23/08/17 06:03:38 INFO ShutdownHookManager: Deleting directory /tmp/spark-83ff9c41-ec3e-4e7f-ace4-7f94b0b83cb5/pyspark-ce30413a-ae12-40ae-8e2c-34115bf82c46
[2023-08-17T06:03:38.323+0000] {spark_submit.py:491} INFO - 23/08/17 06:03:38 INFO ShutdownHookManager: Deleting directory /tmp/spark-867fa40d-389a-4493-a53b-1a909a389a70
[2023-08-17T06:03:38.333+0000] {spark_submit.py:491} INFO - 23/08/17 06:03:38 INFO ShutdownHookManager: Deleting directory /tmp/spark-83ff9c41-ec3e-4e7f-ace4-7f94b0b83cb5
[2023-08-17T06:03:38.439+0000] {taskinstance.py:1824} ERROR - Task failed with exception
Traceback (most recent call last):
  File "/home/airflow/.local/lib/python3.10/site-packages/airflow/providers/apache/spark/operators/spark_submit.py", line 156, in execute
    self._hook.submit(self._application)
  File "/home/airflow/.local/lib/python3.10/site-packages/airflow/providers/apache/spark/hooks/spark_submit.py", line 422, in submit
    raise AirflowException(
airflow.exceptions.AirflowException: Cannot execute: spark-submit --master spark://spark:7077 --name arrow-spark dags/spark_processing.py. Error code is: 1.
[2023-08-17T06:03:38.443+0000] {taskinstance.py:1345} INFO - Marking task as FAILED. dag_id=spark_***_dag, task_id=spark_submit_task, execution_date=20230817T060332, start_date=20230817T060333, end_date=20230817T060338
[2023-08-17T06:03:38.455+0000] {standard_task_runner.py:104} ERROR - Failed to execute job 29 for task spark_submit_task (Cannot execute: spark-submit --master spark://spark:7077 --name arrow-spark dags/spark_processing.py. Error code is: 1.; 5279)
[2023-08-17T06:03:38.488+0000] {local_task_job_runner.py:225} INFO - Task exited with return code 1
[2023-08-17T06:03:38.506+0000] {taskinstance.py:2651} INFO - 0 downstream tasks scheduled from follow-on schedule check
