[2023-08-17T06:01:26.805+0000] {taskinstance.py:1103} INFO - Dependencies all met for dep_context=non-requeueable deps ti=<TaskInstance: spark_airflow_dag.spark_submit_task manual__2023-08-17T06:01:26.177787+00:00 [queued]>
[2023-08-17T06:01:26.813+0000] {taskinstance.py:1103} INFO - Dependencies all met for dep_context=requeueable deps ti=<TaskInstance: spark_airflow_dag.spark_submit_task manual__2023-08-17T06:01:26.177787+00:00 [queued]>
[2023-08-17T06:01:26.814+0000] {taskinstance.py:1308} INFO - Starting attempt 1 of 1
[2023-08-17T06:01:26.822+0000] {taskinstance.py:1327} INFO - Executing <Task(SparkSubmitOperator): spark_submit_task> on 2023-08-17 06:01:26.177787+00:00
[2023-08-17T06:01:26.826+0000] {standard_task_runner.py:57} INFO - Started process 5078 to run task
[2023-08-17T06:01:26.832+0000] {standard_task_runner.py:84} INFO - Running: ['***', 'tasks', 'run', 'spark_***_dag', 'spark_submit_task', 'manual__2023-08-17T06:01:26.177787+00:00', '--job-id', '28', '--raw', '--subdir', 'DAGS_FOLDER/spark_jobs_dag.py', '--cfg-path', '/tmp/tmp5wudl3ww']
[2023-08-17T06:01:26.834+0000] {standard_task_runner.py:85} INFO - Job 28: Subtask spark_submit_task
[2023-08-17T06:01:26.893+0000] {task_command.py:410} INFO - Running <TaskInstance: spark_airflow_dag.spark_submit_task manual__2023-08-17T06:01:26.177787+00:00 [running]> on host 0d68e811d1ff
[2023-08-17T06:01:26.967+0000] {taskinstance.py:1545} INFO - Exporting env vars: AIRFLOW_CTX_DAG_OWNER='***' AIRFLOW_CTX_DAG_ID='spark_***_dag' AIRFLOW_CTX_TASK_ID='spark_submit_task' AIRFLOW_CTX_EXECUTION_DATE='2023-08-17T06:01:26.177787+00:00' AIRFLOW_CTX_TRY_NUMBER='1' AIRFLOW_CTX_DAG_RUN_ID='manual__2023-08-17T06:01:26.177787+00:00'
[2023-08-17T06:01:26.979+0000] {base.py:73} INFO - Using connection ID 'spark_local' for task execution.
[2023-08-17T06:01:26.980+0000] {spark_submit.py:340} INFO - Spark-Submit cmd: spark-submit --master spark://spark:7077 --name arrow-spark dags/spark_processing.py
[2023-08-17T06:01:27.072+0000] {spark_submit.py:491} INFO - /home/***/.local/lib/python3.10/site-packages/pyspark/bin/load-spark-env.sh: line 68: ps: command not found
[2023-08-17T06:01:29.316+0000] {spark_submit.py:491} INFO - 23/08/17 06:01:29 INFO SparkContext: Running Spark version 3.4.1
[2023-08-17T06:01:29.361+0000] {spark_submit.py:491} INFO - 23/08/17 06:01:29 WARN NativeCodeLoader: Unable to load native-hadoop library for your platform... using builtin-java classes where applicable
[2023-08-17T06:01:29.427+0000] {spark_submit.py:491} INFO - 23/08/17 06:01:29 INFO ResourceUtils: ==============================================================
[2023-08-17T06:01:29.428+0000] {spark_submit.py:491} INFO - 23/08/17 06:01:29 INFO ResourceUtils: No custom resources configured for spark.driver.
[2023-08-17T06:01:29.429+0000] {spark_submit.py:491} INFO - 23/08/17 06:01:29 INFO ResourceUtils: ==============================================================
[2023-08-17T06:01:29.429+0000] {spark_submit.py:491} INFO - 23/08/17 06:01:29 INFO SparkContext: Submitted application: DataExtraction
[2023-08-17T06:01:29.442+0000] {spark_submit.py:491} INFO - 23/08/17 06:01:29 INFO ResourceProfile: Default ResourceProfile created, executor resources: Map(memory -> name: memory, amount: 1024, script: , vendor: , offHeap -> name: offHeap, amount: 0, script: , vendor: ), task resources: Map(cpus -> name: cpus, amount: 1.0)
[2023-08-17T06:01:29.449+0000] {spark_submit.py:491} INFO - 23/08/17 06:01:29 INFO ResourceProfile: Limiting resource is cpu
[2023-08-17T06:01:29.449+0000] {spark_submit.py:491} INFO - 23/08/17 06:01:29 INFO ResourceProfileManager: Added ResourceProfile id: 0
[2023-08-17T06:01:29.486+0000] {spark_submit.py:491} INFO - 23/08/17 06:01:29 INFO SecurityManager: Changing view acls to: default
[2023-08-17T06:01:29.487+0000] {spark_submit.py:491} INFO - 23/08/17 06:01:29 INFO SecurityManager: Changing modify acls to: default
[2023-08-17T06:01:29.488+0000] {spark_submit.py:491} INFO - 23/08/17 06:01:29 INFO SecurityManager: Changing view acls groups to:
[2023-08-17T06:01:29.489+0000] {spark_submit.py:491} INFO - 23/08/17 06:01:29 INFO SecurityManager: Changing modify acls groups to:
[2023-08-17T06:01:29.490+0000] {spark_submit.py:491} INFO - 23/08/17 06:01:29 INFO SecurityManager: SecurityManager: authentication disabled; ui acls disabled; users with view permissions: default; groups with view permissions: EMPTY; users with modify permissions: default; groups with modify permissions: EMPTY
[2023-08-17T06:01:29.656+0000] {spark_submit.py:491} INFO - 23/08/17 06:01:29 INFO Utils: Successfully started service 'sparkDriver' on port 38811.
[2023-08-17T06:01:29.681+0000] {spark_submit.py:491} INFO - 23/08/17 06:01:29 INFO SparkEnv: Registering MapOutputTracker
[2023-08-17T06:01:29.720+0000] {spark_submit.py:491} INFO - 23/08/17 06:01:29 INFO SparkEnv: Registering BlockManagerMaster
[2023-08-17T06:01:29.738+0000] {spark_submit.py:491} INFO - 23/08/17 06:01:29 INFO BlockManagerMasterEndpoint: Using org.apache.spark.storage.DefaultTopologyMapper for getting topology information
[2023-08-17T06:01:29.740+0000] {spark_submit.py:491} INFO - 23/08/17 06:01:29 INFO BlockManagerMasterEndpoint: BlockManagerMasterEndpoint up
[2023-08-17T06:01:29.742+0000] {spark_submit.py:491} INFO - 23/08/17 06:01:29 INFO SparkEnv: Registering BlockManagerMasterHeartbeat
[2023-08-17T06:01:29.756+0000] {spark_submit.py:491} INFO - 23/08/17 06:01:29 INFO DiskBlockManager: Created local directory at /tmp/blockmgr-24bb9466-6831-4a3a-8586-c331844b037a
[2023-08-17T06:01:29.768+0000] {spark_submit.py:491} INFO - 23/08/17 06:01:29 INFO MemoryStore: MemoryStore started with capacity 434.4 MiB
[2023-08-17T06:01:29.780+0000] {spark_submit.py:491} INFO - 23/08/17 06:01:29 INFO SparkEnv: Registering OutputCommitCoordinator
[2023-08-17T06:01:29.871+0000] {spark_submit.py:491} INFO - 23/08/17 06:01:29 INFO JettyUtils: Start Jetty 0.0.0.0:4040 for SparkUI
[2023-08-17T06:01:29.932+0000] {spark_submit.py:491} INFO - 23/08/17 06:01:29 INFO Utils: Successfully started service 'SparkUI' on port 4040.
[2023-08-17T06:01:30.018+0000] {spark_submit.py:491} INFO - 23/08/17 06:01:30 INFO StandaloneAppClient$ClientEndpoint: Connecting to master spark://spark:7077...
[2023-08-17T06:01:30.051+0000] {spark_submit.py:491} INFO - 23/08/17 06:01:30 INFO TransportClientFactory: Successfully created connection to spark/172.18.0.9:7077 after 18 ms (0 ms spent in bootstraps)
[2023-08-17T06:01:30.128+0000] {spark_submit.py:491} INFO - 23/08/17 06:01:30 INFO StandaloneSchedulerBackend: Connected to Spark cluster with app ID app-20230817060130-0020
[2023-08-17T06:01:30.131+0000] {spark_submit.py:491} INFO - 23/08/17 06:01:30 INFO StandaloneAppClient$ClientEndpoint: Executor added: app-20230817060130-0020/0 on worker-20230817035656-172.18.0.8-40033 (172.18.0.8:40033) with 1 core(s)
[2023-08-17T06:01:30.135+0000] {spark_submit.py:491} INFO - 23/08/17 06:01:30 INFO StandaloneSchedulerBackend: Granted executor ID app-20230817060130-0020/0 on hostPort 172.18.0.8:40033 with 1 core(s), 1024.0 MiB RAM
[2023-08-17T06:01:30.142+0000] {spark_submit.py:491} INFO - 23/08/17 06:01:30 INFO Utils: Successfully started service 'org.apache.spark.network.netty.NettyBlockTransferService' on port 42851.
[2023-08-17T06:01:30.144+0000] {spark_submit.py:491} INFO - 23/08/17 06:01:30 INFO NettyBlockTransferService: Server created on 0d68e811d1ff:42851
[2023-08-17T06:01:30.145+0000] {spark_submit.py:491} INFO - 23/08/17 06:01:30 INFO BlockManager: Using org.apache.spark.storage.RandomBlockReplicationPolicy for block replication policy
[2023-08-17T06:01:30.154+0000] {spark_submit.py:491} INFO - 23/08/17 06:01:30 INFO BlockManagerMaster: Registering BlockManager BlockManagerId(driver, 0d68e811d1ff, 42851, None)
[2023-08-17T06:01:30.157+0000] {spark_submit.py:491} INFO - 23/08/17 06:01:30 INFO BlockManagerMasterEndpoint: Registering block manager 0d68e811d1ff:42851 with 434.4 MiB RAM, BlockManagerId(driver, 0d68e811d1ff, 42851, None)
[2023-08-17T06:01:30.159+0000] {spark_submit.py:491} INFO - 23/08/17 06:01:30 INFO BlockManagerMaster: Registered BlockManager BlockManagerId(driver, 0d68e811d1ff, 42851, None)
[2023-08-17T06:01:30.161+0000] {spark_submit.py:491} INFO - 23/08/17 06:01:30 INFO BlockManager: Initialized BlockManager: BlockManagerId(driver, 0d68e811d1ff, 42851, None)
[2023-08-17T06:01:30.196+0000] {spark_submit.py:491} INFO - 23/08/17 06:01:30 INFO StandaloneAppClient$ClientEndpoint: Executor updated: app-20230817060130-0020/0 is now RUNNING
[2023-08-17T06:01:30.369+0000] {spark_submit.py:491} INFO - 23/08/17 06:01:30 INFO StandaloneSchedulerBackend: SchedulerBackend is ready for scheduling beginning after reached minRegisteredResourcesRatio: 0.0
[2023-08-17T06:01:30.584+0000] {spark_submit.py:491} INFO - 23/08/17 06:01:30 INFO SharedState: Setting hive.metastore.warehouse.dir ('null') to the value of spark.sql.warehouse.dir.
[2023-08-17T06:01:30.590+0000] {spark_submit.py:491} INFO - 23/08/17 06:01:30 INFO SharedState: Warehouse path is 'file:/opt/***/spark-warehouse'.
[2023-08-17T06:01:31.596+0000] {spark_submit.py:491} INFO - Traceback (most recent call last):
[2023-08-17T06:01:31.597+0000] {spark_submit.py:491} INFO - File "/opt/***/dags/spark_processing.py", line 21, in <module>
[2023-08-17T06:01:31.599+0000] {spark_submit.py:491} INFO - stock_df = spark.read.csv(path_csv+"./A.csv", header=True, schema=existing_schema)
[2023-08-17T06:01:31.601+0000] {spark_submit.py:491} INFO - File "/home/***/.local/lib/python3.10/site-packages/pyspark/python/lib/pyspark.zip/pyspark/sql/readwriter.py", line 727, in csv
[2023-08-17T06:01:31.602+0000] {spark_submit.py:491} INFO - File "/home/***/.local/lib/python3.10/site-packages/pyspark/python/lib/py4j-0.10.9.7-src.zip/py4j/java_gateway.py", line 1322, in __call__
[2023-08-17T06:01:31.603+0000] {spark_submit.py:491} INFO - File "/home/***/.local/lib/python3.10/site-packages/pyspark/python/lib/pyspark.zip/pyspark/errors/exceptions/captured.py", line 175, in deco
[2023-08-17T06:01:31.614+0000] {spark_submit.py:491} INFO - pyspark.errors.exceptions.captured.AnalysisException: [PATH_NOT_FOUND] Path does not exist: file:/opt/***/dags/A.csv.
[2023-08-17T06:01:31.688+0000] {spark_submit.py:491} INFO - 23/08/17 06:01:31 INFO SparkContext: Invoking stop() from shutdown hook
[2023-08-17T06:01:31.690+0000] {spark_submit.py:491} INFO - 23/08/17 06:01:31 INFO SparkContext: SparkContext is stopping with exitCode 0.
[2023-08-17T06:01:31.702+0000] {spark_submit.py:491} INFO - 23/08/17 06:01:31 INFO SparkUI: Stopped Spark web UI at http://0d68e811d1ff:4040
[2023-08-17T06:01:31.708+0000] {spark_submit.py:491} INFO - 23/08/17 06:01:31 INFO StandaloneSchedulerBackend: Shutting down all executors
[2023-08-17T06:01:31.713+0000] {spark_submit.py:491} INFO - 23/08/17 06:01:31 INFO StandaloneSchedulerBackend$StandaloneDriverEndpoint: Asking each executor to shut down
[2023-08-17T06:01:31.738+0000] {spark_submit.py:491} INFO - 23/08/17 06:01:31 INFO MapOutputTrackerMasterEndpoint: MapOutputTrackerMasterEndpoint stopped!
[2023-08-17T06:01:31.761+0000] {spark_submit.py:491} INFO - 23/08/17 06:01:31 INFO MemoryStore: MemoryStore cleared
[2023-08-17T06:01:31.763+0000] {spark_submit.py:491} INFO - 23/08/17 06:01:31 INFO BlockManager: BlockManager stopped
[2023-08-17T06:01:31.769+0000] {spark_submit.py:491} INFO - 23/08/17 06:01:31 INFO BlockManagerMaster: BlockManagerMaster stopped
[2023-08-17T06:01:31.771+0000] {spark_submit.py:491} INFO - 23/08/17 06:01:31 INFO OutputCommitCoordinator$OutputCommitCoordinatorEndpoint: OutputCommitCoordinator stopped!
[2023-08-17T06:01:31.789+0000] {spark_submit.py:491} INFO - 23/08/17 06:01:31 INFO SparkContext: Successfully stopped SparkContext
[2023-08-17T06:01:31.791+0000] {spark_submit.py:491} INFO - 23/08/17 06:01:31 INFO ShutdownHookManager: Shutdown hook called
[2023-08-17T06:01:31.792+0000] {spark_submit.py:491} INFO - 23/08/17 06:01:31 INFO ShutdownHookManager: Deleting directory /tmp/spark-a72b3aac-66f5-4b69-93ad-1e096e7508d4
[2023-08-17T06:01:31.799+0000] {spark_submit.py:491} INFO - 23/08/17 06:01:31 INFO ShutdownHookManager: Deleting directory /tmp/spark-a72b3aac-66f5-4b69-93ad-1e096e7508d4/pyspark-4585b787-f50b-4531-ad20-a1e15b4da1db
[2023-08-17T06:01:31.808+0000] {spark_submit.py:491} INFO - 23/08/17 06:01:31 INFO ShutdownHookManager: Deleting directory /tmp/spark-85e835fe-55d5-40bd-bce2-aada796cbcbd
[2023-08-17T06:01:31.909+0000] {taskinstance.py:1824} ERROR - Task failed with exception
Traceback (most recent call last):
  File "/home/airflow/.local/lib/python3.10/site-packages/airflow/providers/apache/spark/operators/spark_submit.py", line 156, in execute
    self._hook.submit(self._application)
  File "/home/airflow/.local/lib/python3.10/site-packages/airflow/providers/apache/spark/hooks/spark_submit.py", line 422, in submit
    raise AirflowException(
airflow.exceptions.AirflowException: Cannot execute: spark-submit --master spark://spark:7077 --name arrow-spark dags/spark_processing.py. Error code is: 1.
[2023-08-17T06:01:31.913+0000] {taskinstance.py:1345} INFO - Marking task as FAILED. dag_id=spark_***_dag, task_id=spark_submit_task, execution_date=20230817T060126, start_date=20230817T060126, end_date=20230817T060131
[2023-08-17T06:01:31.924+0000] {standard_task_runner.py:104} ERROR - Failed to execute job 28 for task spark_submit_task (Cannot execute: spark-submit --master spark://spark:7077 --name arrow-spark dags/spark_processing.py. Error code is: 1.; 5078)
[2023-08-17T06:01:31.954+0000] {local_task_job_runner.py:225} INFO - Task exited with return code 1
[2023-08-17T06:01:31.972+0000] {taskinstance.py:2651} INFO - 0 downstream tasks scheduled from follow-on schedule check
