[2023-08-17T04:07:41.033+0000] {taskinstance.py:1103} INFO - Dependencies all met for dep_context=non-requeueable deps ti=<TaskInstance: spark_airflow_dag.spark_submit_task manual__2023-08-17T04:07:40.535353+00:00 [queued]>
[2023-08-17T04:07:41.041+0000] {taskinstance.py:1103} INFO - Dependencies all met for dep_context=requeueable deps ti=<TaskInstance: spark_airflow_dag.spark_submit_task manual__2023-08-17T04:07:40.535353+00:00 [queued]>
[2023-08-17T04:07:41.042+0000] {taskinstance.py:1308} INFO - Starting attempt 1 of 1
[2023-08-17T04:07:41.051+0000] {taskinstance.py:1327} INFO - Executing <Task(SparkSubmitOperator): spark_submit_task> on 2023-08-17 04:07:40.535353+00:00
[2023-08-17T04:07:41.055+0000] {standard_task_runner.py:57} INFO - Started process 1374 to run task
[2023-08-17T04:07:41.060+0000] {standard_task_runner.py:84} INFO - Running: ['***', 'tasks', 'run', 'spark_***_dag', 'spark_submit_task', 'manual__2023-08-17T04:07:40.535353+00:00', '--job-id', '9', '--raw', '--subdir', 'DAGS_FOLDER/spark_jobs_dag.py', '--cfg-path', '/tmp/tmpdntgdoa3']
[2023-08-17T04:07:41.061+0000] {standard_task_runner.py:85} INFO - Job 9: Subtask spark_submit_task
[2023-08-17T04:07:41.116+0000] {task_command.py:410} INFO - Running <TaskInstance: spark_airflow_dag.spark_submit_task manual__2023-08-17T04:07:40.535353+00:00 [running]> on host 0d68e811d1ff
[2023-08-17T04:07:41.189+0000] {taskinstance.py:1545} INFO - Exporting env vars: AIRFLOW_CTX_DAG_OWNER='***' AIRFLOW_CTX_DAG_ID='spark_***_dag' AIRFLOW_CTX_TASK_ID='spark_submit_task' AIRFLOW_CTX_EXECUTION_DATE='2023-08-17T04:07:40.535353+00:00' AIRFLOW_CTX_TRY_NUMBER='1' AIRFLOW_CTX_DAG_RUN_ID='manual__2023-08-17T04:07:40.535353+00:00'
[2023-08-17T04:07:41.201+0000] {base.py:73} INFO - Using connection ID 'spark_local' for task execution.
[2023-08-17T04:07:41.202+0000] {spark_submit.py:340} INFO - Spark-Submit cmd: spark-submit --master spark://spark:7077 --name arrow-spark /opt/***/dags/spark_processing.py
[2023-08-17T04:07:41.288+0000] {spark_submit.py:491} INFO - /home/***/.local/lib/python3.10/site-packages/pyspark/bin/load-spark-env.sh: line 68: ps: command not found
[2023-08-17T04:07:43.305+0000] {spark_submit.py:491} INFO - 23/08/17 04:07:43 INFO SparkContext: Running Spark version 3.4.1
[2023-08-17T04:07:43.346+0000] {spark_submit.py:491} INFO - 23/08/17 04:07:43 WARN NativeCodeLoader: Unable to load native-hadoop library for your platform... using builtin-java classes where applicable
[2023-08-17T04:07:43.406+0000] {spark_submit.py:491} INFO - 23/08/17 04:07:43 INFO ResourceUtils: ==============================================================
[2023-08-17T04:07:43.407+0000] {spark_submit.py:491} INFO - 23/08/17 04:07:43 INFO ResourceUtils: No custom resources configured for spark.driver.
[2023-08-17T04:07:43.408+0000] {spark_submit.py:491} INFO - 23/08/17 04:07:43 INFO ResourceUtils: ==============================================================
[2023-08-17T04:07:43.409+0000] {spark_submit.py:491} INFO - 23/08/17 04:07:43 INFO SparkContext: Submitted application: DataExtraction
[2023-08-17T04:07:43.421+0000] {spark_submit.py:491} INFO - 23/08/17 04:07:43 INFO ResourceProfile: Default ResourceProfile created, executor resources: Map(memory -> name: memory, amount: 1024, script: , vendor: , offHeap -> name: offHeap, amount: 0, script: , vendor: ), task resources: Map(cpus -> name: cpus, amount: 1.0)
[2023-08-17T04:07:43.427+0000] {spark_submit.py:491} INFO - 23/08/17 04:07:43 INFO ResourceProfile: Limiting resource is cpu
[2023-08-17T04:07:43.428+0000] {spark_submit.py:491} INFO - 23/08/17 04:07:43 INFO ResourceProfileManager: Added ResourceProfile id: 0
[2023-08-17T04:07:43.462+0000] {spark_submit.py:491} INFO - 23/08/17 04:07:43 INFO SecurityManager: Changing view acls to: default
[2023-08-17T04:07:43.463+0000] {spark_submit.py:491} INFO - 23/08/17 04:07:43 INFO SecurityManager: Changing modify acls to: default
[2023-08-17T04:07:43.465+0000] {spark_submit.py:491} INFO - 23/08/17 04:07:43 INFO SecurityManager: Changing view acls groups to:
[2023-08-17T04:07:43.466+0000] {spark_submit.py:491} INFO - 23/08/17 04:07:43 INFO SecurityManager: Changing modify acls groups to:
[2023-08-17T04:07:43.468+0000] {spark_submit.py:491} INFO - 23/08/17 04:07:43 INFO SecurityManager: SecurityManager: authentication disabled; ui acls disabled; users with view permissions: default; groups with view permissions: EMPTY; users with modify permissions: default; groups with modify permissions: EMPTY
[2023-08-17T04:07:43.614+0000] {spark_submit.py:491} INFO - 23/08/17 04:07:43 INFO Utils: Successfully started service 'sparkDriver' on port 37789.
[2023-08-17T04:07:43.632+0000] {spark_submit.py:491} INFO - 23/08/17 04:07:43 INFO SparkEnv: Registering MapOutputTracker
[2023-08-17T04:07:43.656+0000] {spark_submit.py:491} INFO - 23/08/17 04:07:43 INFO SparkEnv: Registering BlockManagerMaster
[2023-08-17T04:07:43.671+0000] {spark_submit.py:491} INFO - 23/08/17 04:07:43 INFO BlockManagerMasterEndpoint: Using org.apache.spark.storage.DefaultTopologyMapper for getting topology information
[2023-08-17T04:07:43.672+0000] {spark_submit.py:491} INFO - 23/08/17 04:07:43 INFO BlockManagerMasterEndpoint: BlockManagerMasterEndpoint up
[2023-08-17T04:07:43.674+0000] {spark_submit.py:491} INFO - 23/08/17 04:07:43 INFO SparkEnv: Registering BlockManagerMasterHeartbeat
[2023-08-17T04:07:43.687+0000] {spark_submit.py:491} INFO - 23/08/17 04:07:43 INFO DiskBlockManager: Created local directory at /tmp/blockmgr-70c053a9-fa02-4480-a5d5-214c57b6400d
[2023-08-17T04:07:43.699+0000] {spark_submit.py:491} INFO - 23/08/17 04:07:43 INFO MemoryStore: MemoryStore started with capacity 434.4 MiB
[2023-08-17T04:07:43.709+0000] {spark_submit.py:491} INFO - 23/08/17 04:07:43 INFO SparkEnv: Registering OutputCommitCoordinator
[2023-08-17T04:07:43.790+0000] {spark_submit.py:491} INFO - 23/08/17 04:07:43 INFO JettyUtils: Start Jetty 0.0.0.0:4040 for SparkUI
[2023-08-17T04:07:43.843+0000] {spark_submit.py:491} INFO - 23/08/17 04:07:43 INFO Utils: Successfully started service 'SparkUI' on port 4040.
[2023-08-17T04:07:43.925+0000] {spark_submit.py:491} INFO - 23/08/17 04:07:43 INFO StandaloneAppClient$ClientEndpoint: Connecting to master spark://spark:7077...
[2023-08-17T04:07:43.955+0000] {spark_submit.py:491} INFO - 23/08/17 04:07:43 INFO TransportClientFactory: Successfully created connection to spark/172.18.0.9:7077 after 17 ms (0 ms spent in bootstraps)
[2023-08-17T04:07:44.020+0000] {spark_submit.py:491} INFO - 23/08/17 04:07:44 INFO StandaloneSchedulerBackend: Connected to Spark cluster with app ID app-20230817040744-0005
[2023-08-17T04:07:44.021+0000] {spark_submit.py:491} INFO - 23/08/17 04:07:44 INFO StandaloneAppClient$ClientEndpoint: Executor added: app-20230817040744-0005/0 on worker-20230817035656-172.18.0.8-40033 (172.18.0.8:40033) with 1 core(s)
[2023-08-17T04:07:44.023+0000] {spark_submit.py:491} INFO - 23/08/17 04:07:44 INFO StandaloneSchedulerBackend: Granted executor ID app-20230817040744-0005/0 on hostPort 172.18.0.8:40033 with 1 core(s), 1024.0 MiB RAM
[2023-08-17T04:07:44.026+0000] {spark_submit.py:491} INFO - 23/08/17 04:07:44 INFO Utils: Successfully started service 'org.apache.spark.network.netty.NettyBlockTransferService' on port 34385.
[2023-08-17T04:07:44.027+0000] {spark_submit.py:491} INFO - 23/08/17 04:07:44 INFO NettyBlockTransferService: Server created on 0d68e811d1ff:34385
[2023-08-17T04:07:44.028+0000] {spark_submit.py:491} INFO - 23/08/17 04:07:44 INFO BlockManager: Using org.apache.spark.storage.RandomBlockReplicationPolicy for block replication policy
[2023-08-17T04:07:44.033+0000] {spark_submit.py:491} INFO - 23/08/17 04:07:44 INFO BlockManagerMaster: Registering BlockManager BlockManagerId(driver, 0d68e811d1ff, 34385, None)
[2023-08-17T04:07:44.035+0000] {spark_submit.py:491} INFO - 23/08/17 04:07:44 INFO BlockManagerMasterEndpoint: Registering block manager 0d68e811d1ff:34385 with 434.4 MiB RAM, BlockManagerId(driver, 0d68e811d1ff, 34385, None)
[2023-08-17T04:07:44.038+0000] {spark_submit.py:491} INFO - 23/08/17 04:07:44 INFO BlockManagerMaster: Registered BlockManager BlockManagerId(driver, 0d68e811d1ff, 34385, None)
[2023-08-17T04:07:44.040+0000] {spark_submit.py:491} INFO - 23/08/17 04:07:44 INFO BlockManager: Initialized BlockManager: BlockManagerId(driver, 0d68e811d1ff, 34385, None)
[2023-08-17T04:07:44.059+0000] {spark_submit.py:491} INFO - 23/08/17 04:07:44 INFO StandaloneAppClient$ClientEndpoint: Executor updated: app-20230817040744-0005/0 is now RUNNING
[2023-08-17T04:07:44.193+0000] {spark_submit.py:491} INFO - 23/08/17 04:07:44 INFO StandaloneSchedulerBackend: SchedulerBackend is ready for scheduling beginning after reached minRegisteredResourcesRatio: 0.0
[2023-08-17T04:07:44.376+0000] {spark_submit.py:491} INFO - 23/08/17 04:07:44 INFO SharedState: Setting hive.metastore.warehouse.dir ('null') to the value of spark.sql.warehouse.dir.
[2023-08-17T04:07:44.384+0000] {spark_submit.py:491} INFO - 23/08/17 04:07:44 INFO SharedState: Warehouse path is 'file:/opt/***/spark-warehouse'.
[2023-08-17T04:07:45.251+0000] {spark_submit.py:491} INFO - Traceback (most recent call last):
[2023-08-17T04:07:45.252+0000] {spark_submit.py:491} INFO - File "/opt/***/dags/spark_processing.py", line 20, in <module>
[2023-08-17T04:07:45.253+0000] {spark_submit.py:491} INFO - stock_df = spark.read.csv('A.csv', header=True, schema=existing_schema)
[2023-08-17T04:07:45.255+0000] {spark_submit.py:491} INFO - File "/home/***/.local/lib/python3.10/site-packages/pyspark/python/lib/pyspark.zip/pyspark/sql/readwriter.py", line 727, in csv
[2023-08-17T04:07:45.256+0000] {spark_submit.py:491} INFO - File "/home/***/.local/lib/python3.10/site-packages/pyspark/python/lib/py4j-0.10.9.7-src.zip/py4j/java_gateway.py", line 1322, in __call__
[2023-08-17T04:07:45.258+0000] {spark_submit.py:491} INFO - File "/home/***/.local/lib/python3.10/site-packages/pyspark/python/lib/pyspark.zip/pyspark/errors/exceptions/captured.py", line 175, in deco
[2023-08-17T04:07:45.264+0000] {spark_submit.py:491} INFO - pyspark.errors.exceptions.captured.AnalysisException: [PATH_NOT_FOUND] Path does not exist: file:/opt/***/A.csv.
[2023-08-17T04:07:45.313+0000] {spark_submit.py:491} INFO - 23/08/17 04:07:45 INFO SparkContext: Invoking stop() from shutdown hook
[2023-08-17T04:07:45.314+0000] {spark_submit.py:491} INFO - 23/08/17 04:07:45 INFO SparkContext: SparkContext is stopping with exitCode 0.
[2023-08-17T04:07:45.330+0000] {spark_submit.py:491} INFO - 23/08/17 04:07:45 INFO SparkUI: Stopped Spark web UI at http://0d68e811d1ff:4040
[2023-08-17T04:07:45.336+0000] {spark_submit.py:491} INFO - 23/08/17 04:07:45 INFO StandaloneSchedulerBackend: Shutting down all executors
[2023-08-17T04:07:45.340+0000] {spark_submit.py:491} INFO - 23/08/17 04:07:45 INFO StandaloneSchedulerBackend$StandaloneDriverEndpoint: Asking each executor to shut down
[2023-08-17T04:07:45.369+0000] {spark_submit.py:491} INFO - 23/08/17 04:07:45 INFO MapOutputTrackerMasterEndpoint: MapOutputTrackerMasterEndpoint stopped!
[2023-08-17T04:07:45.396+0000] {spark_submit.py:491} INFO - 23/08/17 04:07:45 INFO MemoryStore: MemoryStore cleared
[2023-08-17T04:07:45.399+0000] {spark_submit.py:491} INFO - 23/08/17 04:07:45 INFO BlockManager: BlockManager stopped
[2023-08-17T04:07:45.404+0000] {spark_submit.py:491} INFO - 23/08/17 04:07:45 INFO BlockManagerMaster: BlockManagerMaster stopped
[2023-08-17T04:07:45.407+0000] {spark_submit.py:491} INFO - 23/08/17 04:07:45 INFO OutputCommitCoordinator$OutputCommitCoordinatorEndpoint: OutputCommitCoordinator stopped!
[2023-08-17T04:07:45.426+0000] {spark_submit.py:491} INFO - 23/08/17 04:07:45 INFO SparkContext: Successfully stopped SparkContext
[2023-08-17T04:07:45.428+0000] {spark_submit.py:491} INFO - 23/08/17 04:07:45 INFO ShutdownHookManager: Shutdown hook called
[2023-08-17T04:07:45.429+0000] {spark_submit.py:491} INFO - 23/08/17 04:07:45 INFO ShutdownHookManager: Deleting directory /tmp/spark-4c4a803b-085a-4c3b-919b-aa7112c33eca
[2023-08-17T04:07:45.438+0000] {spark_submit.py:491} INFO - 23/08/17 04:07:45 INFO ShutdownHookManager: Deleting directory /tmp/spark-a9768a3c-f780-4115-9329-b54f9364509b/pyspark-3196ce15-2ee2-4390-857a-8f686b1e2fa5
[2023-08-17T04:07:45.450+0000] {spark_submit.py:491} INFO - 23/08/17 04:07:45 INFO ShutdownHookManager: Deleting directory /tmp/spark-a9768a3c-f780-4115-9329-b54f9364509b
[2023-08-17T04:07:45.564+0000] {taskinstance.py:1824} ERROR - Task failed with exception
Traceback (most recent call last):
  File "/home/airflow/.local/lib/python3.10/site-packages/airflow/providers/apache/spark/operators/spark_submit.py", line 156, in execute
    self._hook.submit(self._application)
  File "/home/airflow/.local/lib/python3.10/site-packages/airflow/providers/apache/spark/hooks/spark_submit.py", line 422, in submit
    raise AirflowException(
airflow.exceptions.AirflowException: Cannot execute: spark-submit --master spark://spark:7077 --name arrow-spark /opt/***/dags/spark_processing.py. Error code is: 1.
[2023-08-17T04:07:45.568+0000] {taskinstance.py:1345} INFO - Marking task as FAILED. dag_id=spark_***_dag, task_id=spark_submit_task, execution_date=20230817T040740, start_date=20230817T040741, end_date=20230817T040745
[2023-08-17T04:07:45.579+0000] {standard_task_runner.py:104} ERROR - Failed to execute job 9 for task spark_submit_task (Cannot execute: spark-submit --master spark://spark:7077 --name arrow-spark /opt/***/dags/spark_processing.py. Error code is: 1.; 1374)
[2023-08-17T04:07:45.608+0000] {local_task_job_runner.py:225} INFO - Task exited with return code 1
[2023-08-17T04:07:45.626+0000] {taskinstance.py:2651} INFO - 0 downstream tasks scheduled from follow-on schedule check
