[2023-08-09T06:31:15.106+0000] {manager.py:487} INFO - Processing files using up to 2 processes at a time 
[2023-08-09T06:31:15.107+0000] {manager.py:488} INFO - Process each file at most once every 30 seconds
[2023-08-09T06:31:15.109+0000] {manager.py:489} INFO - Checking for new files in /opt/airflow/dags every 300 seconds
[2023-08-09T06:31:15.111+0000] {manager.py:758} INFO - Searching for files in /opt/airflow/dags
[2023-08-09T06:31:15.136+0000] {manager.py:761} INFO - There are 1 files in /opt/airflow/dags
[2023-08-09T06:31:15.255+0000] {manager.py:889} INFO - 
================================================================================
DAG File Processing Stats

File Path                              PID  Runtime      # DAGs    # Errors  Last Runtime    Last Run
-----------------------------------  -----  ---------  --------  ----------  --------------  ----------
/opt/airflow/dags/spark_jobs_dag.py     23  0.05s             0           0
================================================================================
[2023-08-09T06:31:45.521+0000] {manager.py:889} INFO - 
================================================================================
DAG File Processing Stats

File Path                            PID    Runtime      # DAGs    # Errors  Last Runtime    Last Run
-----------------------------------  -----  ---------  --------  ----------  --------------  -------------------
/opt/airflow/dags/spark_jobs_dag.py                           1           0  0.45s           2023-08-09T06:31:15
================================================================================
[2023-08-09T06:32:16.230+0000] {manager.py:889} INFO - 
================================================================================
DAG File Processing Stats

File Path                              PID  Runtime      # DAGs    # Errors  Last Runtime    Last Run
-----------------------------------  -----  ---------  --------  ----------  --------------  -------------------
/opt/airflow/dags/spark_jobs_dag.py     39  0.02s             1           0  0.15s           2023-08-09T06:31:46
================================================================================
[2023-08-09T06:32:46.566+0000] {manager.py:889} INFO - 
================================================================================
DAG File Processing Stats

File Path                              PID  Runtime      # DAGs    # Errors  Last Runtime    Last Run
-----------------------------------  -----  ---------  --------  ----------  --------------  -------------------
/opt/airflow/dags/spark_jobs_dag.py     47  0.01s             1           0  0.12s           2023-08-09T06:32:16
================================================================================
[2023-08-09T06:33:16.959+0000] {manager.py:889} INFO - 
================================================================================
DAG File Processing Stats

File Path                              PID  Runtime      # DAGs    # Errors  Last Runtime    Last Run
-----------------------------------  -----  ---------  --------  ----------  --------------  -------------------
/opt/airflow/dags/spark_jobs_dag.py     55  0.01s             1           0  0.13s           2023-08-09T06:32:46
================================================================================
[2023-08-09T06:33:47.280+0000] {manager.py:889} INFO - 
================================================================================
DAG File Processing Stats

File Path                              PID  Runtime      # DAGs    # Errors  Last Runtime    Last Run
-----------------------------------  -----  ---------  --------  ----------  --------------  -------------------
/opt/airflow/dags/spark_jobs_dag.py     63  0.01s             1           0  0.11s           2023-08-09T06:33:17
================================================================================
[2023-08-09T06:34:17.660+0000] {manager.py:889} INFO - 
================================================================================
DAG File Processing Stats

File Path                              PID  Runtime      # DAGs    # Errors  Last Runtime    Last Run
-----------------------------------  -----  ---------  --------  ----------  --------------  -------------------
/opt/airflow/dags/spark_jobs_dag.py     71  0.01s             1           0  0.12s           2023-08-09T06:33:47
================================================================================
[2023-08-09T06:34:47.956+0000] {manager.py:889} INFO - 
================================================================================
DAG File Processing Stats

File Path                              PID  Runtime      # DAGs    # Errors  Last Runtime    Last Run
-----------------------------------  -----  ---------  --------  ----------  --------------  -------------------
/opt/airflow/dags/spark_jobs_dag.py     79  0.00s             1           0  0.13s           2023-08-09T06:34:17
================================================================================
[2023-08-09T06:35:18.259+0000] {manager.py:889} INFO - 
================================================================================
DAG File Processing Stats

File Path                              PID  Runtime      # DAGs    # Errors  Last Runtime    Last Run
-----------------------------------  -----  ---------  --------  ----------  --------------  -------------------
/opt/airflow/dags/spark_jobs_dag.py     87  0.01s             1           0  0.11s           2023-08-09T06:34:48
================================================================================
[2023-08-09T06:35:48.572+0000] {manager.py:889} INFO - 
================================================================================
DAG File Processing Stats

File Path                              PID  Runtime      # DAGs    # Errors  Last Runtime    Last Run
-----------------------------------  -----  ---------  --------  ----------  --------------  -------------------
/opt/airflow/dags/spark_jobs_dag.py     95  0.01s             1           0  0.11s           2023-08-09T06:35:18
================================================================================
[2023-08-09T06:36:15.880+0000] {manager.py:758} INFO - Searching for files in /opt/airflow/dags
[2023-08-09T06:36:15.905+0000] {manager.py:761} INFO - There are 1 files in /opt/airflow/dags
[2023-08-09T06:36:18.973+0000] {manager.py:889} INFO - 
================================================================================
DAG File Processing Stats

File Path                              PID  Runtime      # DAGs    # Errors  Last Runtime    Last Run
-----------------------------------  -----  ---------  --------  ----------  --------------  -------------------
/opt/airflow/dags/spark_jobs_dag.py    103  0.01s             1           0  0.11s           2023-08-09T06:35:48
================================================================================
[2023-08-09T06:36:49.295+0000] {manager.py:889} INFO - 
================================================================================
DAG File Processing Stats

File Path                              PID  Runtime      # DAGs    # Errors  Last Runtime    Last Run
-----------------------------------  -----  ---------  --------  ----------  --------------  -------------------
/opt/airflow/dags/spark_jobs_dag.py    111  0.02s             1           0  0.12s           2023-08-09T06:36:19
================================================================================
[2023-08-09T06:37:19.659+0000] {manager.py:889} INFO - 
================================================================================
DAG File Processing Stats

File Path                              PID  Runtime      # DAGs    # Errors  Last Runtime    Last Run
-----------------------------------  -----  ---------  --------  ----------  --------------  -------------------
/opt/airflow/dags/spark_jobs_dag.py    119  0.01s             1           0  0.12s           2023-08-09T06:36:49
================================================================================
[2023-08-09T06:37:49.982+0000] {manager.py:889} INFO - 
================================================================================
DAG File Processing Stats

File Path                              PID  Runtime      # DAGs    # Errors  Last Runtime    Last Run
-----------------------------------  -----  ---------  --------  ----------  --------------  -------------------
/opt/airflow/dags/spark_jobs_dag.py    127  0.01s             1           0  0.13s           2023-08-09T06:37:19
================================================================================
[2023-08-09T06:38:20.285+0000] {manager.py:889} INFO - 
================================================================================
DAG File Processing Stats

File Path                              PID  Runtime      # DAGs    # Errors  Last Runtime    Last Run
-----------------------------------  -----  ---------  --------  ----------  --------------  -------------------
/opt/airflow/dags/spark_jobs_dag.py    135  0.01s             1           0  0.13s           2023-08-09T06:37:50
================================================================================
[2023-08-09T06:38:50.631+0000] {manager.py:889} INFO - 
================================================================================
DAG File Processing Stats

File Path                              PID  Runtime      # DAGs    # Errors  Last Runtime    Last Run
-----------------------------------  -----  ---------  --------  ----------  --------------  -------------------
/opt/airflow/dags/spark_jobs_dag.py    143  0.01s             1           0  0.12s           2023-08-09T06:38:20
================================================================================
[2023-08-09T06:39:20.969+0000] {manager.py:889} INFO - 
================================================================================
DAG File Processing Stats

File Path                              PID  Runtime      # DAGs    # Errors  Last Runtime    Last Run
-----------------------------------  -----  ---------  --------  ----------  --------------  -------------------
/opt/airflow/dags/spark_jobs_dag.py    151  0.01s             1           0  0.12s           2023-08-09T06:38:50
================================================================================
[2023-08-09T06:39:51.275+0000] {manager.py:889} INFO - 
================================================================================
DAG File Processing Stats

File Path                              PID  Runtime      # DAGs    # Errors  Last Runtime    Last Run
-----------------------------------  -----  ---------  --------  ----------  --------------  -------------------
/opt/airflow/dags/spark_jobs_dag.py    159  0.00s             1           0  0.12s           2023-08-09T06:39:21
================================================================================
[2023-08-09T06:39:55.224+0000] {manager.py:470} INFO - Exiting gracefully upon receiving signal 15
[2023-08-09T06:48:32.426+0000] {manager.py:487} INFO - Processing files using up to 2 processes at a time 
[2023-08-09T06:48:32.429+0000] {manager.py:488} INFO - Process each file at most once every 30 seconds
[2023-08-09T06:48:32.431+0000] {manager.py:489} INFO - Checking for new files in /opt/airflow/dags every 300 seconds
[2023-08-09T06:48:32.434+0000] {manager.py:758} INFO - Searching for files in /opt/airflow/dags
[2023-08-09T06:48:32.541+0000] {manager.py:761} INFO - There are 1 files in /opt/airflow/dags
[2023-08-09T06:48:32.635+0000] {manager.py:889} INFO - 
================================================================================
DAG File Processing Stats

File Path                              PID  Runtime      # DAGs    # Errors  Last Runtime    Last Run
-----------------------------------  -----  ---------  --------  ----------  --------------  ----------
/opt/airflow/dags/spark_jobs_dag.py     23  0.03s             0           0
================================================================================
[2023-08-09T06:49:02.897+0000] {manager.py:889} INFO - 
================================================================================
DAG File Processing Stats

File Path                            PID    Runtime      # DAGs    # Errors  Last Runtime    Last Run
-----------------------------------  -----  ---------  --------  ----------  --------------  -------------------
/opt/airflow/dags/spark_jobs_dag.py                           1           0  0.55s           2023-08-09T06:48:33
================================================================================
[2023-08-09T06:49:33.755+0000] {manager.py:889} INFO - 
================================================================================
DAG File Processing Stats

File Path                              PID  Runtime      # DAGs    # Errors  Last Runtime    Last Run
-----------------------------------  -----  ---------  --------  ----------  --------------  -------------------
/opt/airflow/dags/spark_jobs_dag.py     39  0.01s             1           0  0.15s           2023-08-09T06:49:03
================================================================================
[2023-08-09T06:50:04.152+0000] {manager.py:889} INFO - 
================================================================================
DAG File Processing Stats

File Path                              PID  Runtime      # DAGs    # Errors  Last Runtime    Last Run
-----------------------------------  -----  ---------  --------  ----------  --------------  -------------------
/opt/airflow/dags/spark_jobs_dag.py     47  0.01s             1           0  0.13s           2023-08-09T06:49:33
================================================================================
[2023-08-09T06:50:34.508+0000] {manager.py:889} INFO - 
================================================================================
DAG File Processing Stats

File Path                              PID  Runtime      # DAGs    # Errors  Last Runtime    Last Run
-----------------------------------  -----  ---------  --------  ----------  --------------  -------------------
/opt/airflow/dags/spark_jobs_dag.py     55  0.01s             1           0  0.13s           2023-08-09T06:50:04
================================================================================
[2023-08-09T06:51:04.903+0000] {manager.py:889} INFO - 
================================================================================
DAG File Processing Stats

File Path                              PID  Runtime      # DAGs    # Errors  Last Runtime    Last Run
-----------------------------------  -----  ---------  --------  ----------  --------------  -------------------
/opt/airflow/dags/spark_jobs_dag.py     63  0.01s             1           0  0.13s           2023-08-09T06:50:34
================================================================================
[2023-08-09T06:51:12.704+0000] {manager.py:470} INFO - Exiting gracefully upon receiving signal 15
[2023-08-15T02:42:17.776+0000] {manager.py:487} INFO - Processing files using up to 2 processes at a time 
[2023-08-15T02:42:17.779+0000] {manager.py:488} INFO - Process each file at most once every 30 seconds
[2023-08-15T02:42:17.781+0000] {manager.py:489} INFO - Checking for new files in /opt/airflow/dags every 300 seconds
[2023-08-15T02:42:17.782+0000] {manager.py:758} INFO - Searching for files in /opt/airflow/dags
[2023-08-15T02:42:17.813+0000] {manager.py:761} INFO - There are 1 files in /opt/airflow/dags
[2023-08-15T02:42:17.885+0000] {manager.py:889} INFO - 
================================================================================
DAG File Processing Stats

File Path                              PID  Runtime      # DAGs    # Errors  Last Runtime    Last Run
-----------------------------------  -----  ---------  --------  ----------  --------------  ----------
/opt/airflow/dags/spark_jobs_dag.py     24  0.03s             0           0
================================================================================
[2023-08-15T02:42:48.159+0000] {manager.py:889} INFO - 
================================================================================
DAG File Processing Stats

File Path                              PID  Runtime      # DAGs    # Errors  Last Runtime    Last Run
-----------------------------------  -----  ---------  --------  ----------  --------------  -------------------
/opt/airflow/dags/spark_jobs_dag.py     32  0.01s             1           0  0.26s           2023-08-15T02:42:18
================================================================================
[2023-08-15T02:43:18.435+0000] {manager.py:889} INFO - 
================================================================================
DAG File Processing Stats

File Path                              PID  Runtime      # DAGs    # Errors  Last Runtime    Last Run
-----------------------------------  -----  ---------  --------  ----------  --------------  -------------------
/opt/airflow/dags/spark_jobs_dag.py     39  0.01s             1           0  0.11s           2023-08-15T02:42:48
================================================================================
[2023-08-15T02:43:48.800+0000] {manager.py:889} INFO - 
================================================================================
DAG File Processing Stats

File Path                              PID  Runtime      # DAGs    # Errors  Last Runtime    Last Run
-----------------------------------  -----  ---------  --------  ----------  --------------  -------------------
/opt/airflow/dags/spark_jobs_dag.py     47  0.01s             1           0  0.09s           2023-08-15T02:43:18
================================================================================
[2023-08-15T02:44:19.127+0000] {manager.py:889} INFO - 
================================================================================
DAG File Processing Stats

File Path                              PID  Runtime      # DAGs    # Errors  Last Runtime    Last Run
-----------------------------------  -----  ---------  --------  ----------  --------------  -------------------
/opt/airflow/dags/spark_jobs_dag.py     55  0.01s             1           0  0.10s           2023-08-15T02:43:48
================================================================================
[2023-08-15T02:44:49.430+0000] {manager.py:889} INFO - 
================================================================================
DAG File Processing Stats

File Path                              PID  Runtime      # DAGs    # Errors  Last Runtime    Last Run
-----------------------------------  -----  ---------  --------  ----------  --------------  -------------------
/opt/airflow/dags/spark_jobs_dag.py     63  0.01s             1           0  0.11s           2023-08-15T02:44:19
================================================================================
[2023-08-15T02:45:19.697+0000] {manager.py:889} INFO - 
================================================================================
DAG File Processing Stats

File Path                              PID  Runtime      # DAGs    # Errors  Last Runtime    Last Run
-----------------------------------  -----  ---------  --------  ----------  --------------  -------------------
/opt/airflow/dags/spark_jobs_dag.py     71  0.00s             1           0  0.09s           2023-08-15T02:44:49
================================================================================
[2023-08-15T02:45:50.083+0000] {manager.py:889} INFO - 
================================================================================
DAG File Processing Stats

File Path                              PID  Runtime      # DAGs    # Errors  Last Runtime    Last Run
-----------------------------------  -----  ---------  --------  ----------  --------------  -------------------
/opt/airflow/dags/spark_jobs_dag.py     79  0.01s             1           0  0.07s           2023-08-15T02:45:19
================================================================================
[2023-08-15T02:46:20.404+0000] {manager.py:889} INFO - 
================================================================================
DAG File Processing Stats

File Path                              PID  Runtime      # DAGs    # Errors  Last Runtime    Last Run
-----------------------------------  -----  ---------  --------  ----------  --------------  -------------------
/opt/airflow/dags/spark_jobs_dag.py     87  0.01s             1           0  0.10s           2023-08-15T02:45:50
================================================================================
[2023-08-15T02:46:50.722+0000] {manager.py:889} INFO - 
================================================================================
DAG File Processing Stats

File Path                              PID  Runtime      # DAGs    # Errors  Last Runtime    Last Run
-----------------------------------  -----  ---------  --------  ----------  --------------  -------------------
/opt/airflow/dags/spark_jobs_dag.py     95  0.01s             1           0  0.09s           2023-08-15T02:46:20
================================================================================
[2023-08-15T02:47:18.021+0000] {manager.py:758} INFO - Searching for files in /opt/airflow/dags
[2023-08-15T02:47:18.039+0000] {manager.py:761} INFO - There are 1 files in /opt/airflow/dags
[2023-08-15T02:47:21.095+0000] {manager.py:889} INFO - 
================================================================================
DAG File Processing Stats

File Path                              PID  Runtime      # DAGs    # Errors  Last Runtime    Last Run
-----------------------------------  -----  ---------  --------  ----------  --------------  -------------------
/opt/airflow/dags/spark_jobs_dag.py    103  0.01s             1           0  0.11s           2023-08-15T02:46:50
================================================================================
[2023-08-15T02:47:51.435+0000] {manager.py:889} INFO - 
================================================================================
DAG File Processing Stats

File Path                              PID  Runtime      # DAGs    # Errors  Last Runtime    Last Run
-----------------------------------  -----  ---------  --------  ----------  --------------  -------------------
/opt/airflow/dags/spark_jobs_dag.py    111  0.01s             1           0  0.10s           2023-08-15T02:47:21
================================================================================
[2023-08-15T02:48:21.727+0000] {manager.py:889} INFO - 
================================================================================
DAG File Processing Stats

File Path                              PID  Runtime      # DAGs    # Errors  Last Runtime    Last Run
-----------------------------------  -----  ---------  --------  ----------  --------------  -------------------
/opt/airflow/dags/spark_jobs_dag.py    119  0.01s             1           0  0.10s           2023-08-15T02:47:51
================================================================================
[2023-08-15T02:48:52.052+0000] {manager.py:889} INFO - 
================================================================================
DAG File Processing Stats

File Path                              PID  Runtime      # DAGs    # Errors  Last Runtime    Last Run
-----------------------------------  -----  ---------  --------  ----------  --------------  -------------------
/opt/airflow/dags/spark_jobs_dag.py    127  0.01s             1           0  0.10s           2023-08-15T02:48:21
================================================================================
[2023-08-15T02:49:22.380+0000] {manager.py:889} INFO - 
================================================================================
DAG File Processing Stats

File Path                              PID  Runtime      # DAGs    # Errors  Last Runtime    Last Run
-----------------------------------  -----  ---------  --------  ----------  --------------  -------------------
/opt/airflow/dags/spark_jobs_dag.py    135  0.01s             1           0  0.10s           2023-08-15T02:48:52
================================================================================
[2023-08-15T02:49:52.689+0000] {manager.py:889} INFO - 
================================================================================
DAG File Processing Stats

File Path                              PID  Runtime      # DAGs    # Errors  Last Runtime    Last Run
-----------------------------------  -----  ---------  --------  ----------  --------------  -------------------
/opt/airflow/dags/spark_jobs_dag.py    143  0.01s             1           0  0.10s           2023-08-15T02:49:22
================================================================================
[2023-08-15T02:50:22.970+0000] {manager.py:889} INFO - 
================================================================================
DAG File Processing Stats

File Path                              PID  Runtime      # DAGs    # Errors  Last Runtime    Last Run
-----------------------------------  -----  ---------  --------  ----------  --------------  -------------------
/opt/airflow/dags/spark_jobs_dag.py    150  0.00s             1           0  0.10s           2023-08-15T02:49:52
================================================================================
[2023-08-15T02:50:53.270+0000] {manager.py:889} INFO - 
================================================================================
DAG File Processing Stats

File Path                              PID  Runtime      # DAGs    # Errors  Last Runtime    Last Run
-----------------------------------  -----  ---------  --------  ----------  --------------  -------------------
/opt/airflow/dags/spark_jobs_dag.py    158  0.00s             1           0  0.08s           2023-08-15T02:50:23
================================================================================
[2023-08-15T02:51:23.611+0000] {manager.py:889} INFO - 
================================================================================
DAG File Processing Stats

File Path                              PID  Runtime      # DAGs    # Errors  Last Runtime    Last Run
-----------------------------------  -----  ---------  --------  ----------  --------------  -------------------
/opt/airflow/dags/spark_jobs_dag.py    166  0.00s             1           0  0.07s           2023-08-15T02:50:53
================================================================================
[2023-08-15T02:51:53.941+0000] {manager.py:889} INFO - 
================================================================================
DAG File Processing Stats

File Path                              PID  Runtime      # DAGs    # Errors  Last Runtime    Last Run
-----------------------------------  -----  ---------  --------  ----------  --------------  -------------------
/opt/airflow/dags/spark_jobs_dag.py    174  0.01s             1           0  0.07s           2023-08-15T02:51:23
================================================================================
[2023-08-15T02:52:18.206+0000] {manager.py:758} INFO - Searching for files in /opt/airflow/dags
[2023-08-15T02:52:18.219+0000] {manager.py:761} INFO - There are 1 files in /opt/airflow/dags
[2023-08-15T02:52:24.307+0000] {manager.py:889} INFO - 
================================================================================
DAG File Processing Stats

File Path                              PID  Runtime      # DAGs    # Errors  Last Runtime    Last Run
-----------------------------------  -----  ---------  --------  ----------  --------------  -------------------
/opt/airflow/dags/spark_jobs_dag.py    182  0.01s             1           0  0.10s           2023-08-15T02:51:54
================================================================================
[2023-08-15T02:52:54.621+0000] {manager.py:889} INFO - 
================================================================================
DAG File Processing Stats

File Path                              PID  Runtime      # DAGs    # Errors  Last Runtime    Last Run
-----------------------------------  -----  ---------  --------  ----------  --------------  -------------------
/opt/airflow/dags/spark_jobs_dag.py    190  0.01s             1           0  0.10s           2023-08-15T02:52:24
================================================================================
[2023-08-15T02:53:24.964+0000] {manager.py:889} INFO - 
================================================================================
DAG File Processing Stats

File Path                              PID  Runtime      # DAGs    # Errors  Last Runtime    Last Run
-----------------------------------  -----  ---------  --------  ----------  --------------  -------------------
/opt/airflow/dags/spark_jobs_dag.py    198  0.01s             1           0  0.09s           2023-08-15T02:52:54
================================================================================
[2023-08-15T02:53:55.306+0000] {manager.py:889} INFO - 
================================================================================
DAG File Processing Stats

File Path                              PID  Runtime      # DAGs    # Errors  Last Runtime    Last Run
-----------------------------------  -----  ---------  --------  ----------  --------------  -------------------
/opt/airflow/dags/spark_jobs_dag.py    206  0.01s             1           0  0.10s           2023-08-15T02:53:25
================================================================================
[2023-08-15T02:54:25.644+0000] {manager.py:889} INFO - 
================================================================================
DAG File Processing Stats

File Path                              PID  Runtime      # DAGs    # Errors  Last Runtime    Last Run
-----------------------------------  -----  ---------  --------  ----------  --------------  -------------------
/opt/airflow/dags/spark_jobs_dag.py    214  0.01s             1           0  0.10s           2023-08-15T02:53:55
================================================================================
[2023-08-15T02:54:55.942+0000] {manager.py:889} INFO - 
================================================================================
DAG File Processing Stats

File Path                              PID  Runtime      # DAGs    # Errors  Last Runtime    Last Run
-----------------------------------  -----  ---------  --------  ----------  --------------  -------------------
/opt/airflow/dags/spark_jobs_dag.py    222  0.01s             1           0  0.10s           2023-08-15T02:54:25
================================================================================
[2023-08-15T02:55:26.299+0000] {manager.py:889} INFO - 
================================================================================
DAG File Processing Stats

File Path                              PID  Runtime      # DAGs    # Errors  Last Runtime    Last Run
-----------------------------------  -----  ---------  --------  ----------  --------------  -------------------
/opt/airflow/dags/spark_jobs_dag.py    230  0.01s             1           0  0.10s           2023-08-15T02:54:56
================================================================================
[2023-08-15T02:55:56.594+0000] {manager.py:889} INFO - 
================================================================================
DAG File Processing Stats

File Path                              PID  Runtime      # DAGs    # Errors  Last Runtime    Last Run
-----------------------------------  -----  ---------  --------  ----------  --------------  -------------------
/opt/airflow/dags/spark_jobs_dag.py    238  0.01s             1           0  0.11s           2023-08-15T02:55:26
================================================================================
[2023-08-15T02:56:26.902+0000] {manager.py:889} INFO - 
================================================================================
DAG File Processing Stats

File Path                              PID  Runtime      # DAGs    # Errors  Last Runtime    Last Run
-----------------------------------  -----  ---------  --------  ----------  --------------  -------------------
/opt/airflow/dags/spark_jobs_dag.py    246  0.01s             1           0  0.11s           2023-08-15T02:55:56
================================================================================
[2023-08-15T02:56:57.245+0000] {manager.py:889} INFO - 
================================================================================
DAG File Processing Stats

File Path                              PID  Runtime      # DAGs    # Errors  Last Runtime    Last Run
-----------------------------------  -----  ---------  --------  ----------  --------------  -------------------
/opt/airflow/dags/spark_jobs_dag.py    254  0.01s             1           0  0.10s           2023-08-15T02:56:26
================================================================================
[2023-08-15T02:57:18.479+0000] {manager.py:758} INFO - Searching for files in /opt/airflow/dags
[2023-08-15T02:57:18.485+0000] {manager.py:761} INFO - There are 1 files in /opt/airflow/dags
[2023-08-15T02:57:27.605+0000] {manager.py:889} INFO - 
================================================================================
DAG File Processing Stats

File Path                              PID  Runtime      # DAGs    # Errors  Last Runtime    Last Run
-----------------------------------  -----  ---------  --------  ----------  --------------  -------------------
/opt/airflow/dags/spark_jobs_dag.py    262  0.01s             1           0  0.10s           2023-08-15T02:56:57
================================================================================
[2023-08-15T02:57:57.947+0000] {manager.py:889} INFO - 
================================================================================
DAG File Processing Stats

File Path                              PID  Runtime      # DAGs    # Errors  Last Runtime    Last Run
-----------------------------------  -----  ---------  --------  ----------  --------------  -------------------
/opt/airflow/dags/spark_jobs_dag.py    270  0.01s             1           0  0.10s           2023-08-15T02:57:27
================================================================================
[2023-08-15T02:58:28.329+0000] {manager.py:889} INFO - 
================================================================================
DAG File Processing Stats

File Path                              PID  Runtime      # DAGs    # Errors  Last Runtime    Last Run
-----------------------------------  -----  ---------  --------  ----------  --------------  -------------------
/opt/airflow/dags/spark_jobs_dag.py    278  0.01s             1           0  0.10s           2023-08-15T02:57:58
================================================================================
[2023-08-15T02:58:58.640+0000] {manager.py:889} INFO - 
================================================================================
DAG File Processing Stats

File Path                              PID  Runtime      # DAGs    # Errors  Last Runtime    Last Run
-----------------------------------  -----  ---------  --------  ----------  --------------  -------------------
/opt/airflow/dags/spark_jobs_dag.py    286  0.01s             1           0  0.10s           2023-08-15T02:58:28
================================================================================
[2023-08-15T02:59:28.972+0000] {manager.py:889} INFO - 
================================================================================
DAG File Processing Stats

File Path                              PID  Runtime      # DAGs    # Errors  Last Runtime    Last Run
-----------------------------------  -----  ---------  --------  ----------  --------------  -------------------
/opt/airflow/dags/spark_jobs_dag.py    294  0.01s             1           0  0.10s           2023-08-15T02:58:58
================================================================================
[2023-08-15T02:59:59.353+0000] {manager.py:889} INFO - 
================================================================================
DAG File Processing Stats

File Path                            PID    Runtime      # DAGs    # Errors  Last Runtime    Last Run
-----------------------------------  -----  ---------  --------  ----------  --------------  -------------------
/opt/airflow/dags/spark_jobs_dag.py                           1           0  0.10s           2023-08-15T02:59:56
================================================================================
