[2023-08-17T01:50:57.226+0000] {taskinstance.py:1103} INFO - Dependencies all met for dep_context=non-requeueable deps ti=<TaskInstance: spark_airflow_dag.spark_submit_task manual__2023-08-17T01:50:56.275505+00:00 [queued]>
[2023-08-17T01:50:57.235+0000] {taskinstance.py:1103} INFO - Dependencies all met for dep_context=requeueable deps ti=<TaskInstance: spark_airflow_dag.spark_submit_task manual__2023-08-17T01:50:56.275505+00:00 [queued]>
[2023-08-17T01:50:57.236+0000] {taskinstance.py:1308} INFO - Starting attempt 1 of 1
[2023-08-17T01:50:57.246+0000] {taskinstance.py:1327} INFO - Executing <Task(SparkSubmitOperator): spark_submit_task> on 2023-08-17 01:50:56.275505+00:00
[2023-08-17T01:50:57.250+0000] {standard_task_runner.py:57} INFO - Started process 1548 to run task
[2023-08-17T01:50:57.256+0000] {standard_task_runner.py:84} INFO - Running: ['***', 'tasks', 'run', 'spark_***_dag', 'spark_submit_task', 'manual__2023-08-17T01:50:56.275505+00:00', '--job-id', '15', '--raw', '--subdir', 'DAGS_FOLDER/spark_jobs_dag.py', '--cfg-path', '/tmp/tmpw9j2jtcf']
[2023-08-17T01:50:57.258+0000] {standard_task_runner.py:85} INFO - Job 15: Subtask spark_submit_task
[2023-08-17T01:50:57.322+0000] {task_command.py:410} INFO - Running <TaskInstance: spark_airflow_dag.spark_submit_task manual__2023-08-17T01:50:56.275505+00:00 [running]> on host 34dbf8232cde
[2023-08-17T01:50:57.400+0000] {taskinstance.py:1545} INFO - Exporting env vars: AIRFLOW_CTX_DAG_OWNER='***' AIRFLOW_CTX_DAG_ID='spark_***_dag' AIRFLOW_CTX_TASK_ID='spark_submit_task' AIRFLOW_CTX_EXECUTION_DATE='2023-08-17T01:50:56.275505+00:00' AIRFLOW_CTX_TRY_NUMBER='1' AIRFLOW_CTX_DAG_RUN_ID='manual__2023-08-17T01:50:56.275505+00:00'
[2023-08-17T01:50:57.412+0000] {base.py:73} INFO - Using connection ID 'spark_local' for task execution.
[2023-08-17T01:50:57.414+0000] {spark_submit.py:340} INFO - Spark-Submit cmd: spark-submit --master spark://192.168.1.10:7077 --name arrow-spark /opt/***/dags/spark_processing.py
[2023-08-17T01:50:57.513+0000] {spark_submit.py:491} INFO - /home/***/.local/lib/python3.10/site-packages/pyspark/bin/load-spark-env.sh: line 68: ps: command not found
[2023-08-17T01:51:00.001+0000] {spark_submit.py:491} INFO - 23/08/17 01:50:59 INFO SparkContext: Running Spark version 3.4.1
[2023-08-17T01:51:00.044+0000] {spark_submit.py:491} INFO - 23/08/17 01:51:00 WARN NativeCodeLoader: Unable to load native-hadoop library for your platform... using builtin-java classes where applicable
[2023-08-17T01:51:00.104+0000] {spark_submit.py:491} INFO - 23/08/17 01:51:00 INFO ResourceUtils: ==============================================================
[2023-08-17T01:51:00.105+0000] {spark_submit.py:491} INFO - 23/08/17 01:51:00 INFO ResourceUtils: No custom resources configured for spark.driver.
[2023-08-17T01:51:00.106+0000] {spark_submit.py:491} INFO - 23/08/17 01:51:00 INFO ResourceUtils: ==============================================================
[2023-08-17T01:51:00.107+0000] {spark_submit.py:491} INFO - 23/08/17 01:51:00 INFO SparkContext: Submitted application: DataExtraction
[2023-08-17T01:51:00.122+0000] {spark_submit.py:491} INFO - 23/08/17 01:51:00 INFO ResourceProfile: Default ResourceProfile created, executor resources: Map(memory -> name: memory, amount: 1024, script: , vendor: , offHeap -> name: offHeap, amount: 0, script: , vendor: ), task resources: Map(cpus -> name: cpus, amount: 1.0)
[2023-08-17T01:51:00.129+0000] {spark_submit.py:491} INFO - 23/08/17 01:51:00 INFO ResourceProfile: Limiting resource is cpu
[2023-08-17T01:51:00.130+0000] {spark_submit.py:491} INFO - 23/08/17 01:51:00 INFO ResourceProfileManager: Added ResourceProfile id: 0
[2023-08-17T01:51:00.165+0000] {spark_submit.py:491} INFO - 23/08/17 01:51:00 INFO SecurityManager: Changing view acls to: default
[2023-08-17T01:51:00.167+0000] {spark_submit.py:491} INFO - 23/08/17 01:51:00 INFO SecurityManager: Changing modify acls to: default
[2023-08-17T01:51:00.168+0000] {spark_submit.py:491} INFO - 23/08/17 01:51:00 INFO SecurityManager: Changing view acls groups to:
[2023-08-17T01:51:00.169+0000] {spark_submit.py:491} INFO - 23/08/17 01:51:00 INFO SecurityManager: Changing modify acls groups to:
[2023-08-17T01:51:00.172+0000] {spark_submit.py:491} INFO - 23/08/17 01:51:00 INFO SecurityManager: SecurityManager: authentication disabled; ui acls disabled; users with view permissions: default; groups with view permissions: EMPTY; users with modify permissions: default; groups with modify permissions: EMPTY
[2023-08-17T01:51:00.335+0000] {spark_submit.py:491} INFO - 23/08/17 01:51:00 INFO Utils: Successfully started service 'sparkDriver' on port 40525.
[2023-08-17T01:51:00.353+0000] {spark_submit.py:491} INFO - 23/08/17 01:51:00 INFO SparkEnv: Registering MapOutputTracker
[2023-08-17T01:51:00.382+0000] {spark_submit.py:491} INFO - 23/08/17 01:51:00 INFO SparkEnv: Registering BlockManagerMaster
[2023-08-17T01:51:00.400+0000] {spark_submit.py:491} INFO - 23/08/17 01:51:00 INFO BlockManagerMasterEndpoint: Using org.apache.spark.storage.DefaultTopologyMapper for getting topology information
[2023-08-17T01:51:00.401+0000] {spark_submit.py:491} INFO - 23/08/17 01:51:00 INFO BlockManagerMasterEndpoint: BlockManagerMasterEndpoint up
[2023-08-17T01:51:00.403+0000] {spark_submit.py:491} INFO - 23/08/17 01:51:00 INFO SparkEnv: Registering BlockManagerMasterHeartbeat
[2023-08-17T01:51:00.419+0000] {spark_submit.py:491} INFO - 23/08/17 01:51:00 INFO DiskBlockManager: Created local directory at /tmp/blockmgr-bfa00e0a-f79f-4a79-bd24-462e260922c8
[2023-08-17T01:51:00.432+0000] {spark_submit.py:491} INFO - 23/08/17 01:51:00 INFO MemoryStore: MemoryStore started with capacity 434.4 MiB
[2023-08-17T01:51:00.444+0000] {spark_submit.py:491} INFO - 23/08/17 01:51:00 INFO SparkEnv: Registering OutputCommitCoordinator
[2023-08-17T01:51:00.542+0000] {spark_submit.py:491} INFO - 23/08/17 01:51:00 INFO JettyUtils: Start Jetty 0.0.0.0:4040 for SparkUI
[2023-08-17T01:51:00.592+0000] {spark_submit.py:491} INFO - 23/08/17 01:51:00 INFO Utils: Successfully started service 'SparkUI' on port 4040.
[2023-08-17T01:51:00.686+0000] {spark_submit.py:491} INFO - 23/08/17 01:51:00 INFO StandaloneAppClient$ClientEndpoint: Connecting to master spark://192.168.1.10:7077...
[2023-08-17T01:51:20.689+0000] {spark_submit.py:491} INFO - 23/08/17 01:51:20 INFO StandaloneAppClient$ClientEndpoint: Connecting to master spark://192.168.1.10:7077...
[2023-08-17T01:51:40.688+0000] {spark_submit.py:491} INFO - 23/08/17 01:51:40 INFO StandaloneAppClient$ClientEndpoint: Connecting to master spark://192.168.1.10:7077...
[2023-08-17T01:52:00.692+0000] {spark_submit.py:491} INFO - 23/08/17 01:52:00 WARN StandaloneSchedulerBackend: Application ID is not initialized yet.
[2023-08-17T01:52:00.693+0000] {spark_submit.py:491} INFO - 23/08/17 01:52:00 ERROR StandaloneSchedulerBackend: Application has been killed. Reason: All masters are unresponsive! Giving up.
[2023-08-17T01:52:00.697+0000] {spark_submit.py:491} INFO - 23/08/17 01:52:00 INFO Utils: Successfully started service 'org.apache.spark.network.netty.NettyBlockTransferService' on port 41779.
[2023-08-17T01:52:00.698+0000] {spark_submit.py:491} INFO - 23/08/17 01:52:00 INFO NettyBlockTransferService: Server created on 34dbf8232cde:41779
[2023-08-17T01:52:00.699+0000] {spark_submit.py:491} INFO - 23/08/17 01:52:00 INFO BlockManager: Using org.apache.spark.storage.RandomBlockReplicationPolicy for block replication policy
[2023-08-17T01:52:00.703+0000] {spark_submit.py:491} INFO - 23/08/17 01:52:00 INFO BlockManagerMaster: Registering BlockManager BlockManagerId(driver, 34dbf8232cde, 41779, None)
[2023-08-17T01:52:00.705+0000] {spark_submit.py:491} INFO - 23/08/17 01:52:00 INFO BlockManagerMasterEndpoint: Registering block manager 34dbf8232cde:41779 with 434.4 MiB RAM, BlockManagerId(driver, 34dbf8232cde, 41779, None)
[2023-08-17T01:52:00.707+0000] {spark_submit.py:491} INFO - 23/08/17 01:52:00 INFO BlockManagerMaster: Registered BlockManager BlockManagerId(driver, 34dbf8232cde, 41779, None)
[2023-08-17T01:52:00.708+0000] {spark_submit.py:491} INFO - 23/08/17 01:52:00 INFO BlockManager: Initialized BlockManager: BlockManagerId(driver, 34dbf8232cde, 41779, None)
[2023-08-17T01:52:00.823+0000] {spark_submit.py:491} INFO - 23/08/17 01:52:00 INFO StandaloneSchedulerBackend: SchedulerBackend is ready for scheduling beginning after reached minRegisteredResourcesRatio: 0.0
[2023-08-17T01:52:01.060+0000] {spark_submit.py:491} INFO - 23/08/17 01:52:01 INFO SparkContext: SparkContext is stopping with exitCode 0.
[2023-08-17T01:52:01.077+0000] {spark_submit.py:491} INFO - 23/08/17 01:52:01 INFO SparkUI: Stopped Spark web UI at http://34dbf8232cde:4040
[2023-08-17T01:52:01.086+0000] {spark_submit.py:491} INFO - 23/08/17 01:52:01 INFO StandaloneSchedulerBackend: Shutting down all executors
[2023-08-17T01:52:01.091+0000] {spark_submit.py:491} INFO - 23/08/17 01:52:01 INFO StandaloneSchedulerBackend$StandaloneDriverEndpoint: Asking each executor to shut down
[2023-08-17T01:52:01.096+0000] {spark_submit.py:491} INFO - 23/08/17 01:52:01 WARN StandaloneAppClient$ClientEndpoint: Drop UnregisterApplication(null) because has not yet connected to master
[2023-08-17T01:52:01.105+0000] {spark_submit.py:491} INFO - 23/08/17 01:52:01 INFO MapOutputTrackerMasterEndpoint: MapOutputTrackerMasterEndpoint stopped!
[2023-08-17T01:52:01.109+0000] {spark_submit.py:491} INFO - 23/08/17 01:52:01 INFO SharedState: Setting hive.metastore.warehouse.dir ('null') to the value of spark.sql.warehouse.dir.
[2023-08-17T01:52:01.123+0000] {spark_submit.py:491} INFO - 23/08/17 01:52:01 INFO SharedState: Warehouse path is 'file:/opt/***/spark-warehouse'.
[2023-08-17T01:52:01.136+0000] {spark_submit.py:491} INFO - 23/08/17 01:52:01 INFO MemoryStore: MemoryStore cleared
[2023-08-17T01:52:01.138+0000] {spark_submit.py:491} INFO - 23/08/17 01:52:01 INFO BlockManager: BlockManager stopped
[2023-08-17T01:52:01.144+0000] {spark_submit.py:491} INFO - 23/08/17 01:52:01 INFO BlockManagerMaster: BlockManagerMaster stopped
[2023-08-17T01:52:01.147+0000] {spark_submit.py:491} INFO - 23/08/17 01:52:01 INFO OutputCommitCoordinator$OutputCommitCoordinatorEndpoint: OutputCommitCoordinator stopped!
[2023-08-17T01:52:01.165+0000] {spark_submit.py:491} INFO - 23/08/17 01:52:01 INFO SparkContext: Successfully stopped SparkContext
[2023-08-17T01:52:01.173+0000] {spark_submit.py:491} INFO - Traceback (most recent call last):
[2023-08-17T01:52:01.174+0000] {spark_submit.py:491} INFO - File "/opt/***/dags/spark_processing.py", line 20, in <module>
[2023-08-17T01:52:01.175+0000] {spark_submit.py:491} INFO - stock_df = spark.read.csv('A.csv', header=True, schema=existing_schema)
[2023-08-17T01:52:01.176+0000] {spark_submit.py:491} INFO - File "/home/***/.local/lib/python3.10/site-packages/pyspark/python/lib/pyspark.zip/pyspark/sql/session.py", line 1515, in read
[2023-08-17T01:52:01.177+0000] {spark_submit.py:491} INFO - File "/home/***/.local/lib/python3.10/site-packages/pyspark/python/lib/pyspark.zip/pyspark/sql/readwriter.py", line 69, in __init__
[2023-08-17T01:52:01.177+0000] {spark_submit.py:491} INFO - File "/home/***/.local/lib/python3.10/site-packages/pyspark/python/lib/py4j-0.10.9.7-src.zip/py4j/java_gateway.py", line 1322, in __call__
[2023-08-17T01:52:01.178+0000] {spark_submit.py:491} INFO - File "/home/***/.local/lib/python3.10/site-packages/pyspark/python/lib/pyspark.zip/pyspark/errors/exceptions/captured.py", line 169, in deco
[2023-08-17T01:52:01.179+0000] {spark_submit.py:491} INFO - File "/home/***/.local/lib/python3.10/site-packages/pyspark/python/lib/py4j-0.10.9.7-src.zip/py4j/protocol.py", line 326, in get_return_value
[2023-08-17T01:52:01.180+0000] {spark_submit.py:491} INFO - py4j.protocol.Py4JJavaError: An error occurred while calling o23.read.
[2023-08-17T01:52:01.181+0000] {spark_submit.py:491} INFO - : java.lang.IllegalStateException: LiveListenerBus is stopped.
[2023-08-17T01:52:01.182+0000] {spark_submit.py:491} INFO - at org.apache.spark.scheduler.LiveListenerBus.addToQueue(LiveListenerBus.scala:98)
[2023-08-17T01:52:01.183+0000] {spark_submit.py:491} INFO - at org.apache.spark.scheduler.LiveListenerBus.addToStatusQueue(LiveListenerBus.scala:81)
[2023-08-17T01:52:01.184+0000] {spark_submit.py:491} INFO - at org.apache.spark.sql.internal.SharedState.<init>(SharedState.scala:115)
[2023-08-17T01:52:01.185+0000] {spark_submit.py:491} INFO - at org.apache.spark.sql.SparkSession.$anonfun$sharedState$1(SparkSession.scala:144)
[2023-08-17T01:52:01.186+0000] {spark_submit.py:491} INFO - at scala.Option.getOrElse(Option.scala:189)
[2023-08-17T01:52:01.187+0000] {spark_submit.py:491} INFO - at org.apache.spark.sql.SparkSession.sharedState$lzycompute(SparkSession.scala:144)
[2023-08-17T01:52:01.188+0000] {spark_submit.py:491} INFO - at org.apache.spark.sql.SparkSession.sharedState(SparkSession.scala:143)
[2023-08-17T01:52:01.189+0000] {spark_submit.py:491} INFO - at org.apache.spark.sql.SparkSession.$anonfun$sessionState$2(SparkSession.scala:163)
[2023-08-17T01:52:01.189+0000] {spark_submit.py:491} INFO - at scala.Option.getOrElse(Option.scala:189)
[2023-08-17T01:52:01.190+0000] {spark_submit.py:491} INFO - at org.apache.spark.sql.SparkSession.sessionState$lzycompute(SparkSession.scala:161)
[2023-08-17T01:52:01.191+0000] {spark_submit.py:491} INFO - at org.apache.spark.sql.SparkSession.sessionState(SparkSession.scala:158)
[2023-08-17T01:52:01.192+0000] {spark_submit.py:491} INFO - at org.apache.spark.sql.DataFrameReader.<init>(DataFrameReader.scala:699)
[2023-08-17T01:52:01.193+0000] {spark_submit.py:491} INFO - at org.apache.spark.sql.SparkSession.read(SparkSession.scala:710)
[2023-08-17T01:52:01.193+0000] {spark_submit.py:491} INFO - at java.base/jdk.internal.reflect.NativeMethodAccessorImpl.invoke0(Native Method)
[2023-08-17T01:52:01.194+0000] {spark_submit.py:491} INFO - at java.base/jdk.internal.reflect.NativeMethodAccessorImpl.invoke(NativeMethodAccessorImpl.java:77)
[2023-08-17T01:52:01.195+0000] {spark_submit.py:491} INFO - at java.base/jdk.internal.reflect.DelegatingMethodAccessorImpl.invoke(DelegatingMethodAccessorImpl.java:43)
[2023-08-17T01:52:01.196+0000] {spark_submit.py:491} INFO - at java.base/java.lang.reflect.Method.invoke(Method.java:568)
[2023-08-17T01:52:01.197+0000] {spark_submit.py:491} INFO - at py4j.reflection.MethodInvoker.invoke(MethodInvoker.java:244)
[2023-08-17T01:52:01.198+0000] {spark_submit.py:491} INFO - at py4j.reflection.ReflectionEngine.invoke(ReflectionEngine.java:374)
[2023-08-17T01:52:01.198+0000] {spark_submit.py:491} INFO - at py4j.Gateway.invoke(Gateway.java:282)
[2023-08-17T01:52:01.199+0000] {spark_submit.py:491} INFO - at py4j.commands.AbstractCommand.invokeMethod(AbstractCommand.java:132)
[2023-08-17T01:52:01.200+0000] {spark_submit.py:491} INFO - at py4j.commands.CallCommand.execute(CallCommand.java:79)
[2023-08-17T01:52:01.201+0000] {spark_submit.py:491} INFO - at py4j.ClientServerConnection.waitForCommands(ClientServerConnection.java:182)
[2023-08-17T01:52:01.202+0000] {spark_submit.py:491} INFO - at py4j.ClientServerConnection.run(ClientServerConnection.java:106)
[2023-08-17T01:52:01.203+0000] {spark_submit.py:491} INFO - at java.base/java.lang.Thread.run(Thread.java:833)
[2023-08-17T01:52:01.204+0000] {spark_submit.py:491} INFO - 
[2023-08-17T01:52:01.230+0000] {spark_submit.py:491} INFO - 23/08/17 01:52:01 INFO ShutdownHookManager: Shutdown hook called
[2023-08-17T01:52:01.231+0000] {spark_submit.py:491} INFO - 23/08/17 01:52:01 INFO ShutdownHookManager: Deleting directory /tmp/spark-90ef7331-9b1a-48db-b152-109274838125
[2023-08-17T01:52:01.238+0000] {spark_submit.py:491} INFO - 23/08/17 01:52:01 INFO ShutdownHookManager: Deleting directory /tmp/spark-adf08653-7961-4934-88af-eccd47cd7f87/pyspark-718ca8a5-23c7-43fc-aec2-6c5c383ce863
[2023-08-17T01:52:01.244+0000] {spark_submit.py:491} INFO - 23/08/17 01:52:01 INFO ShutdownHookManager: Deleting directory /tmp/spark-adf08653-7961-4934-88af-eccd47cd7f87
[2023-08-17T01:52:01.338+0000] {taskinstance.py:1824} ERROR - Task failed with exception
Traceback (most recent call last):
  File "/home/airflow/.local/lib/python3.10/site-packages/airflow/providers/apache/spark/operators/spark_submit.py", line 156, in execute
    self._hook.submit(self._application)
  File "/home/airflow/.local/lib/python3.10/site-packages/airflow/providers/apache/spark/hooks/spark_submit.py", line 422, in submit
    raise AirflowException(
airflow.exceptions.AirflowException: Cannot execute: spark-submit --master spark://192.168.1.10:7077 --name arrow-spark /opt/***/dags/spark_processing.py. Error code is: 1.
[2023-08-17T01:52:01.343+0000] {taskinstance.py:1345} INFO - Marking task as FAILED. dag_id=spark_***_dag, task_id=spark_submit_task, execution_date=20230817T015056, start_date=20230817T015057, end_date=20230817T015201
[2023-08-17T01:52:01.355+0000] {standard_task_runner.py:104} ERROR - Failed to execute job 15 for task spark_submit_task (Cannot execute: spark-submit --master spark://192.168.1.10:7077 --name arrow-spark /opt/***/dags/spark_processing.py. Error code is: 1.; 1548)
[2023-08-17T01:52:01.376+0000] {local_task_job_runner.py:225} INFO - Task exited with return code 1
[2023-08-17T01:52:01.393+0000] {taskinstance.py:2651} INFO - 0 downstream tasks scheduled from follow-on schedule check
