[2023-08-15T07:27:11.869+0000] {taskinstance.py:1103} INFO - Dependencies all met for dep_context=non-requeueable deps ti=<TaskInstance: spark_airflow_dag.spark_submit_task manual__2023-08-15T07:27:10.646871+00:00 [queued]>
[2023-08-15T07:27:11.874+0000] {taskinstance.py:1103} INFO - Dependencies all met for dep_context=requeueable deps ti=<TaskInstance: spark_airflow_dag.spark_submit_task manual__2023-08-15T07:27:10.646871+00:00 [queued]>
[2023-08-15T07:27:11.874+0000] {taskinstance.py:1308} INFO - Starting attempt 1 of 1
[2023-08-15T07:27:11.880+0000] {taskinstance.py:1327} INFO - Executing <Task(SparkSubmitOperator): spark_submit_task> on 2023-08-15 07:27:10.646871+00:00
[2023-08-15T07:27:11.883+0000] {standard_task_runner.py:57} INFO - Started process 666 to run task
[2023-08-15T07:27:11.886+0000] {standard_task_runner.py:84} INFO - Running: ['***', 'tasks', 'run', 'spark_***_dag', 'spark_submit_task', 'manual__2023-08-15T07:27:10.646871+00:00', '--job-id', '6', '--raw', '--subdir', 'DAGS_FOLDER/spark_jobs_dag.py', '--cfg-path', '/tmp/tmpj05v9m8_']
[2023-08-15T07:27:11.887+0000] {standard_task_runner.py:85} INFO - Job 6: Subtask spark_submit_task
[2023-08-15T07:27:11.922+0000] {task_command.py:410} INFO - Running <TaskInstance: spark_airflow_dag.spark_submit_task manual__2023-08-15T07:27:10.646871+00:00 [running]> on host 34dbf8232cde
[2023-08-15T07:27:11.969+0000] {taskinstance.py:1545} INFO - Exporting env vars: AIRFLOW_CTX_DAG_OWNER='***' AIRFLOW_CTX_DAG_ID='spark_***_dag' AIRFLOW_CTX_TASK_ID='spark_submit_task' AIRFLOW_CTX_EXECUTION_DATE='2023-08-15T07:27:10.646871+00:00' AIRFLOW_CTX_TRY_NUMBER='1' AIRFLOW_CTX_DAG_RUN_ID='manual__2023-08-15T07:27:10.646871+00:00'
[2023-08-15T07:27:11.976+0000] {base.py:73} INFO - Using connection ID 'spark_local' for task execution.
[2023-08-15T07:27:11.978+0000] {spark_submit.py:340} INFO - Spark-Submit cmd: spark-submit --master localhost:8090 --name arrow-spark /opt/***/dags/spark_processing.py
[2023-08-15T07:27:12.032+0000] {spark_submit.py:491} INFO - /home/***/.local/lib/python3.10/site-packages/pyspark/bin/load-spark-env.sh: line 68: ps: command not found
[2023-08-15T07:27:13.346+0000] {spark_submit.py:491} INFO - 23/08/15 07:27:13 INFO SparkContext: Running Spark version 3.4.1
[2023-08-15T07:27:13.373+0000] {spark_submit.py:491} INFO - 23/08/15 07:27:13 WARN NativeCodeLoader: Unable to load native-hadoop library for your platform... using builtin-java classes where applicable
[2023-08-15T07:27:13.413+0000] {spark_submit.py:491} INFO - 23/08/15 07:27:13 INFO ResourceUtils: ==============================================================
[2023-08-15T07:27:13.414+0000] {spark_submit.py:491} INFO - 23/08/15 07:27:13 INFO ResourceUtils: No custom resources configured for spark.driver.
[2023-08-15T07:27:13.415+0000] {spark_submit.py:491} INFO - 23/08/15 07:27:13 INFO ResourceUtils: ==============================================================
[2023-08-15T07:27:13.415+0000] {spark_submit.py:491} INFO - 23/08/15 07:27:13 INFO SparkContext: Submitted application: DataExtraction
[2023-08-15T07:27:13.423+0000] {spark_submit.py:491} INFO - 23/08/15 07:27:13 INFO ResourceProfile: Default ResourceProfile created, executor resources: Map(cores -> name: cores, amount: 1, script: , vendor: , memory -> name: memory, amount: 1024, script: , vendor: , offHeap -> name: offHeap, amount: 0, script: , vendor: ), task resources: Map(cpus -> name: cpus, amount: 1.0)
[2023-08-15T07:27:13.427+0000] {spark_submit.py:491} INFO - 23/08/15 07:27:13 INFO ResourceProfile: Limiting resource is cpu
[2023-08-15T07:27:13.428+0000] {spark_submit.py:491} INFO - 23/08/15 07:27:13 INFO ResourceProfileManager: Added ResourceProfile id: 0
[2023-08-15T07:27:13.450+0000] {spark_submit.py:491} INFO - 23/08/15 07:27:13 INFO SecurityManager: Changing view acls to: default
[2023-08-15T07:27:13.451+0000] {spark_submit.py:491} INFO - 23/08/15 07:27:13 INFO SecurityManager: Changing modify acls to: default
[2023-08-15T07:27:13.452+0000] {spark_submit.py:491} INFO - 23/08/15 07:27:13 INFO SecurityManager: Changing view acls groups to:
[2023-08-15T07:27:13.453+0000] {spark_submit.py:491} INFO - 23/08/15 07:27:13 INFO SecurityManager: Changing modify acls groups to:
[2023-08-15T07:27:13.454+0000] {spark_submit.py:491} INFO - 23/08/15 07:27:13 INFO SecurityManager: SecurityManager: authentication disabled; ui acls disabled; users with view permissions: default; groups with view permissions: EMPTY; users with modify permissions: default; groups with modify permissions: EMPTY
[2023-08-15T07:27:13.551+0000] {spark_submit.py:491} INFO - 23/08/15 07:27:13 INFO Utils: Successfully started service 'sparkDriver' on port 32931.
[2023-08-15T07:27:13.563+0000] {spark_submit.py:491} INFO - 23/08/15 07:27:13 INFO SparkEnv: Registering MapOutputTracker
[2023-08-15T07:27:13.581+0000] {spark_submit.py:491} INFO - 23/08/15 07:27:13 INFO SparkEnv: Registering BlockManagerMaster
[2023-08-15T07:27:13.591+0000] {spark_submit.py:491} INFO - 23/08/15 07:27:13 INFO BlockManagerMasterEndpoint: Using org.apache.spark.storage.DefaultTopologyMapper for getting topology information
[2023-08-15T07:27:13.592+0000] {spark_submit.py:491} INFO - 23/08/15 07:27:13 INFO BlockManagerMasterEndpoint: BlockManagerMasterEndpoint up
[2023-08-15T07:27:13.594+0000] {spark_submit.py:491} INFO - 23/08/15 07:27:13 INFO SparkEnv: Registering BlockManagerMasterHeartbeat
[2023-08-15T07:27:13.603+0000] {spark_submit.py:491} INFO - 23/08/15 07:27:13 INFO DiskBlockManager: Created local directory at /tmp/blockmgr-8cfb2535-f6c9-4e4b-ae15-9502607884a6
[2023-08-15T07:27:13.609+0000] {spark_submit.py:491} INFO - 23/08/15 07:27:13 INFO MemoryStore: MemoryStore started with capacity 434.4 MiB
[2023-08-15T07:27:13.616+0000] {spark_submit.py:491} INFO - 23/08/15 07:27:13 INFO SparkEnv: Registering OutputCommitCoordinator
[2023-08-15T07:27:13.673+0000] {spark_submit.py:491} INFO - 23/08/15 07:27:13 INFO JettyUtils: Start Jetty 0.0.0.0:4040 for SparkUI
[2023-08-15T07:27:13.708+0000] {spark_submit.py:491} INFO - 23/08/15 07:27:13 INFO Utils: Successfully started service 'SparkUI' on port 4040.
[2023-08-15T07:27:13.733+0000] {spark_submit.py:491} INFO - 23/08/15 07:27:13 ERROR SparkContext: Error initializing SparkContext.
[2023-08-15T07:27:13.734+0000] {spark_submit.py:491} INFO - org.apache.spark.SparkException: Could not parse Master URL: 'localhost:8090'
[2023-08-15T07:27:13.735+0000] {spark_submit.py:491} INFO - at org.apache.spark.SparkContext$.org$apache$spark$SparkContext$$createTaskScheduler(SparkContext.scala:3033)
[2023-08-15T07:27:13.736+0000] {spark_submit.py:491} INFO - at org.apache.spark.SparkContext.<init>(SparkContext.scala:568)
[2023-08-15T07:27:13.737+0000] {spark_submit.py:491} INFO - at org.apache.spark.api.java.JavaSparkContext.<init>(JavaSparkContext.scala:58)
[2023-08-15T07:27:13.738+0000] {spark_submit.py:491} INFO - at java.base/jdk.internal.reflect.NativeConstructorAccessorImpl.newInstance0(Native Method)
[2023-08-15T07:27:13.739+0000] {spark_submit.py:491} INFO - at java.base/jdk.internal.reflect.NativeConstructorAccessorImpl.newInstance(NativeConstructorAccessorImpl.java:77)
[2023-08-15T07:27:13.739+0000] {spark_submit.py:491} INFO - at java.base/jdk.internal.reflect.DelegatingConstructorAccessorImpl.newInstance(DelegatingConstructorAccessorImpl.java:45)
[2023-08-15T07:27:13.740+0000] {spark_submit.py:491} INFO - at java.base/java.lang.reflect.Constructor.newInstanceWithCaller(Constructor.java:499)
[2023-08-15T07:27:13.741+0000] {spark_submit.py:491} INFO - at java.base/java.lang.reflect.Constructor.newInstance(Constructor.java:480)
[2023-08-15T07:27:13.741+0000] {spark_submit.py:491} INFO - at py4j.reflection.MethodInvoker.invoke(MethodInvoker.java:247)
[2023-08-15T07:27:13.742+0000] {spark_submit.py:491} INFO - at py4j.reflection.ReflectionEngine.invoke(ReflectionEngine.java:374)
[2023-08-15T07:27:13.743+0000] {spark_submit.py:491} INFO - at py4j.Gateway.invoke(Gateway.java:238)
[2023-08-15T07:27:13.743+0000] {spark_submit.py:491} INFO - at py4j.commands.ConstructorCommand.invokeConstructor(ConstructorCommand.java:80)
[2023-08-15T07:27:13.744+0000] {spark_submit.py:491} INFO - at py4j.commands.ConstructorCommand.execute(ConstructorCommand.java:69)
[2023-08-15T07:27:13.744+0000] {spark_submit.py:491} INFO - at py4j.ClientServerConnection.waitForCommands(ClientServerConnection.java:182)
[2023-08-15T07:27:13.745+0000] {spark_submit.py:491} INFO - at py4j.ClientServerConnection.run(ClientServerConnection.java:106)
[2023-08-15T07:27:13.745+0000] {spark_submit.py:491} INFO - at java.base/java.lang.Thread.run(Thread.java:833)
[2023-08-15T07:27:13.746+0000] {spark_submit.py:491} INFO - 23/08/15 07:27:13 INFO SparkContext: SparkContext is stopping with exitCode 0.
[2023-08-15T07:27:13.747+0000] {spark_submit.py:491} INFO - 23/08/15 07:27:13 INFO SparkUI: Stopped Spark web UI at http://34dbf8232cde:4040
[2023-08-15T07:27:13.753+0000] {spark_submit.py:491} INFO - 23/08/15 07:27:13 INFO MapOutputTrackerMasterEndpoint: MapOutputTrackerMasterEndpoint stopped!
[2023-08-15T07:27:13.762+0000] {spark_submit.py:491} INFO - 23/08/15 07:27:13 INFO MemoryStore: MemoryStore cleared
[2023-08-15T07:27:13.763+0000] {spark_submit.py:491} INFO - 23/08/15 07:27:13 INFO BlockManager: BlockManager stopped
[2023-08-15T07:27:13.765+0000] {spark_submit.py:491} INFO - 23/08/15 07:27:13 INFO BlockManagerMaster: BlockManagerMaster stopped
[2023-08-15T07:27:13.766+0000] {spark_submit.py:491} INFO - 23/08/15 07:27:13 WARN MetricsSystem: Stopping a MetricsSystem that is not running
[2023-08-15T07:27:13.766+0000] {spark_submit.py:491} INFO - 23/08/15 07:27:13 INFO OutputCommitCoordinator$OutputCommitCoordinatorEndpoint: OutputCommitCoordinator stopped!
[2023-08-15T07:27:13.773+0000] {spark_submit.py:491} INFO - 23/08/15 07:27:13 INFO SparkContext: Successfully stopped SparkContext
[2023-08-15T07:27:13.774+0000] {spark_submit.py:491} INFO - Traceback (most recent call last):
[2023-08-15T07:27:13.774+0000] {spark_submit.py:491} INFO - File "/opt/***/dags/spark_processing.py", line 5, in <module>
[2023-08-15T07:27:13.775+0000] {spark_submit.py:491} INFO - spark = SparkSession.builder.appName("DataExtraction").getOrCreate()
[2023-08-15T07:27:13.775+0000] {spark_submit.py:491} INFO - File "/home/***/.local/lib/python3.10/site-packages/pyspark/python/lib/pyspark.zip/pyspark/sql/session.py", line 477, in getOrCreate
[2023-08-15T07:27:13.775+0000] {spark_submit.py:491} INFO - File "/home/***/.local/lib/python3.10/site-packages/pyspark/python/lib/pyspark.zip/pyspark/context.py", line 512, in getOrCreate
[2023-08-15T07:27:13.776+0000] {spark_submit.py:491} INFO - File "/home/***/.local/lib/python3.10/site-packages/pyspark/python/lib/pyspark.zip/pyspark/context.py", line 200, in __init__
[2023-08-15T07:27:13.776+0000] {spark_submit.py:491} INFO - File "/home/***/.local/lib/python3.10/site-packages/pyspark/python/lib/pyspark.zip/pyspark/context.py", line 287, in _do_init
[2023-08-15T07:27:13.777+0000] {spark_submit.py:491} INFO - File "/home/***/.local/lib/python3.10/site-packages/pyspark/python/lib/pyspark.zip/pyspark/context.py", line 417, in _initialize_context
[2023-08-15T07:27:13.777+0000] {spark_submit.py:491} INFO - File "/home/***/.local/lib/python3.10/site-packages/pyspark/python/lib/py4j-0.10.9.7-src.zip/py4j/java_gateway.py", line 1587, in __call__
[2023-08-15T07:27:13.777+0000] {spark_submit.py:491} INFO - File "/home/***/.local/lib/python3.10/site-packages/pyspark/python/lib/py4j-0.10.9.7-src.zip/py4j/protocol.py", line 326, in get_return_value
[2023-08-15T07:27:13.778+0000] {spark_submit.py:491} INFO - py4j.protocol.Py4JJavaError: An error occurred while calling None.org.apache.spark.api.java.JavaSparkContext.
[2023-08-15T07:27:13.778+0000] {spark_submit.py:491} INFO - : org.apache.spark.SparkException: Could not parse Master URL: 'localhost:8090'
[2023-08-15T07:27:13.778+0000] {spark_submit.py:491} INFO - at org.apache.spark.SparkContext$.org$apache$spark$SparkContext$$createTaskScheduler(SparkContext.scala:3033)
[2023-08-15T07:27:13.779+0000] {spark_submit.py:491} INFO - at org.apache.spark.SparkContext.<init>(SparkContext.scala:568)
[2023-08-15T07:27:13.779+0000] {spark_submit.py:491} INFO - at org.apache.spark.api.java.JavaSparkContext.<init>(JavaSparkContext.scala:58)
[2023-08-15T07:27:13.780+0000] {spark_submit.py:491} INFO - at java.base/jdk.internal.reflect.NativeConstructorAccessorImpl.newInstance0(Native Method)
[2023-08-15T07:27:13.780+0000] {spark_submit.py:491} INFO - at java.base/jdk.internal.reflect.NativeConstructorAccessorImpl.newInstance(NativeConstructorAccessorImpl.java:77)
[2023-08-15T07:27:13.781+0000] {spark_submit.py:491} INFO - at java.base/jdk.internal.reflect.DelegatingConstructorAccessorImpl.newInstance(DelegatingConstructorAccessorImpl.java:45)
[2023-08-15T07:27:13.781+0000] {spark_submit.py:491} INFO - at java.base/java.lang.reflect.Constructor.newInstanceWithCaller(Constructor.java:499)
[2023-08-15T07:27:13.781+0000] {spark_submit.py:491} INFO - at java.base/java.lang.reflect.Constructor.newInstance(Constructor.java:480)
[2023-08-15T07:27:13.781+0000] {spark_submit.py:491} INFO - at py4j.reflection.MethodInvoker.invoke(MethodInvoker.java:247)
[2023-08-15T07:27:13.782+0000] {spark_submit.py:491} INFO - at py4j.reflection.ReflectionEngine.invoke(ReflectionEngine.java:374)
[2023-08-15T07:27:13.782+0000] {spark_submit.py:491} INFO - at py4j.Gateway.invoke(Gateway.java:238)
[2023-08-15T07:27:13.782+0000] {spark_submit.py:491} INFO - at py4j.commands.ConstructorCommand.invokeConstructor(ConstructorCommand.java:80)
[2023-08-15T07:27:13.783+0000] {spark_submit.py:491} INFO - at py4j.commands.ConstructorCommand.execute(ConstructorCommand.java:69)
[2023-08-15T07:27:13.783+0000] {spark_submit.py:491} INFO - at py4j.ClientServerConnection.waitForCommands(ClientServerConnection.java:182)
[2023-08-15T07:27:13.783+0000] {spark_submit.py:491} INFO - at py4j.ClientServerConnection.run(ClientServerConnection.java:106)
[2023-08-15T07:27:13.784+0000] {spark_submit.py:491} INFO - at java.base/java.lang.Thread.run(Thread.java:833)
[2023-08-15T07:27:13.784+0000] {spark_submit.py:491} INFO - 
[2023-08-15T07:27:13.802+0000] {spark_submit.py:491} INFO - 23/08/15 07:27:13 INFO ShutdownHookManager: Shutdown hook called
[2023-08-15T07:27:13.803+0000] {spark_submit.py:491} INFO - 23/08/15 07:27:13 INFO ShutdownHookManager: Deleting directory /tmp/spark-5506d1bb-e35f-41e1-bbd0-3028647399de
[2023-08-15T07:27:13.807+0000] {spark_submit.py:491} INFO - 23/08/15 07:27:13 INFO ShutdownHookManager: Deleting directory /tmp/spark-b5dfead6-1410-41f5-b9d9-3b31ba37b7e9
[2023-08-15T07:27:13.856+0000] {taskinstance.py:1824} ERROR - Task failed with exception
Traceback (most recent call last):
  File "/home/airflow/.local/lib/python3.10/site-packages/airflow/providers/apache/spark/operators/spark_submit.py", line 156, in execute
    self._hook.submit(self._application)
  File "/home/airflow/.local/lib/python3.10/site-packages/airflow/providers/apache/spark/hooks/spark_submit.py", line 422, in submit
    raise AirflowException(
airflow.exceptions.AirflowException: Cannot execute: spark-submit --master localhost:8090 --name arrow-spark /opt/***/dags/spark_processing.py. Error code is: 1.
[2023-08-15T07:27:13.859+0000] {taskinstance.py:1345} INFO - Marking task as FAILED. dag_id=spark_***_dag, task_id=spark_submit_task, execution_date=20230815T072710, start_date=20230815T072711, end_date=20230815T072713
[2023-08-15T07:27:13.865+0000] {standard_task_runner.py:104} ERROR - Failed to execute job 6 for task spark_submit_task (Cannot execute: spark-submit --master localhost:8090 --name arrow-spark /opt/***/dags/spark_processing.py. Error code is: 1.; 666)
[2023-08-15T07:27:13.899+0000] {local_task_job_runner.py:225} INFO - Task exited with return code 1
[2023-08-15T07:27:13.910+0000] {taskinstance.py:2651} INFO - 0 downstream tasks scheduled from follow-on schedule check
