[2023-08-17T04:15:00.754+0000] {taskinstance.py:1103} INFO - Dependencies all met for dep_context=non-requeueable deps ti=<TaskInstance: spark_airflow_dag.spark_submit_task manual__2023-08-17T04:15:00.149242+00:00 [queued]>
[2023-08-17T04:15:00.765+0000] {taskinstance.py:1103} INFO - Dependencies all met for dep_context=requeueable deps ti=<TaskInstance: spark_airflow_dag.spark_submit_task manual__2023-08-17T04:15:00.149242+00:00 [queued]>
[2023-08-17T04:15:00.766+0000] {taskinstance.py:1308} INFO - Starting attempt 1 of 1
[2023-08-17T04:15:00.777+0000] {taskinstance.py:1327} INFO - Executing <Task(SparkSubmitOperator): spark_submit_task> on 2023-08-17 04:15:00.149242+00:00
[2023-08-17T04:15:00.782+0000] {standard_task_runner.py:57} INFO - Started process 2008 to run task
[2023-08-17T04:15:00.788+0000] {standard_task_runner.py:84} INFO - Running: ['***', 'tasks', 'run', 'spark_***_dag', 'spark_submit_task', 'manual__2023-08-17T04:15:00.149242+00:00', '--job-id', '14', '--raw', '--subdir', 'DAGS_FOLDER/spark_jobs_dag.py', '--cfg-path', '/tmp/tmp_8sqh_ja']
[2023-08-17T04:15:00.790+0000] {standard_task_runner.py:85} INFO - Job 14: Subtask spark_submit_task
[2023-08-17T04:15:00.856+0000] {task_command.py:410} INFO - Running <TaskInstance: spark_airflow_dag.spark_submit_task manual__2023-08-17T04:15:00.149242+00:00 [running]> on host 0d68e811d1ff
[2023-08-17T04:15:00.935+0000] {taskinstance.py:1545} INFO - Exporting env vars: AIRFLOW_CTX_DAG_OWNER='***' AIRFLOW_CTX_DAG_ID='spark_***_dag' AIRFLOW_CTX_TASK_ID='spark_submit_task' AIRFLOW_CTX_EXECUTION_DATE='2023-08-17T04:15:00.149242+00:00' AIRFLOW_CTX_TRY_NUMBER='1' AIRFLOW_CTX_DAG_RUN_ID='manual__2023-08-17T04:15:00.149242+00:00'
[2023-08-17T04:15:00.946+0000] {base.py:73} INFO - Using connection ID 'spark_local' for task execution.
[2023-08-17T04:15:00.947+0000] {spark_submit.py:340} INFO - Spark-Submit cmd: spark-submit --master spark://spark:7077 --name arrow-spark ./dags/spark_processing.py
[2023-08-17T04:15:01.035+0000] {spark_submit.py:491} INFO - /home/***/.local/lib/python3.10/site-packages/pyspark/bin/load-spark-env.sh: line 68: ps: command not found
[2023-08-17T04:15:03.035+0000] {spark_submit.py:491} INFO - 23/08/17 04:15:03 INFO SparkContext: Running Spark version 3.4.1
[2023-08-17T04:15:03.077+0000] {spark_submit.py:491} INFO - 23/08/17 04:15:03 WARN NativeCodeLoader: Unable to load native-hadoop library for your platform... using builtin-java classes where applicable
[2023-08-17T04:15:03.139+0000] {spark_submit.py:491} INFO - 23/08/17 04:15:03 INFO ResourceUtils: ==============================================================
[2023-08-17T04:15:03.141+0000] {spark_submit.py:491} INFO - 23/08/17 04:15:03 INFO ResourceUtils: No custom resources configured for spark.driver.
[2023-08-17T04:15:03.142+0000] {spark_submit.py:491} INFO - 23/08/17 04:15:03 INFO ResourceUtils: ==============================================================
[2023-08-17T04:15:03.142+0000] {spark_submit.py:491} INFO - 23/08/17 04:15:03 INFO SparkContext: Submitted application: DataExtraction
[2023-08-17T04:15:03.156+0000] {spark_submit.py:491} INFO - 23/08/17 04:15:03 INFO ResourceProfile: Default ResourceProfile created, executor resources: Map(memory -> name: memory, amount: 1024, script: , vendor: , offHeap -> name: offHeap, amount: 0, script: , vendor: ), task resources: Map(cpus -> name: cpus, amount: 1.0)
[2023-08-17T04:15:03.163+0000] {spark_submit.py:491} INFO - 23/08/17 04:15:03 INFO ResourceProfile: Limiting resource is cpu
[2023-08-17T04:15:03.164+0000] {spark_submit.py:491} INFO - 23/08/17 04:15:03 INFO ResourceProfileManager: Added ResourceProfile id: 0
[2023-08-17T04:15:03.198+0000] {spark_submit.py:491} INFO - 23/08/17 04:15:03 INFO SecurityManager: Changing view acls to: default
[2023-08-17T04:15:03.199+0000] {spark_submit.py:491} INFO - 23/08/17 04:15:03 INFO SecurityManager: Changing modify acls to: default
[2023-08-17T04:15:03.200+0000] {spark_submit.py:491} INFO - 23/08/17 04:15:03 INFO SecurityManager: Changing view acls groups to:
[2023-08-17T04:15:03.201+0000] {spark_submit.py:491} INFO - 23/08/17 04:15:03 INFO SecurityManager: Changing modify acls groups to:
[2023-08-17T04:15:03.203+0000] {spark_submit.py:491} INFO - 23/08/17 04:15:03 INFO SecurityManager: SecurityManager: authentication disabled; ui acls disabled; users with view permissions: default; groups with view permissions: EMPTY; users with modify permissions: default; groups with modify permissions: EMPTY
[2023-08-17T04:15:03.366+0000] {spark_submit.py:491} INFO - 23/08/17 04:15:03 INFO Utils: Successfully started service 'sparkDriver' on port 42531.
[2023-08-17T04:15:03.389+0000] {spark_submit.py:491} INFO - 23/08/17 04:15:03 INFO SparkEnv: Registering MapOutputTracker
[2023-08-17T04:15:03.419+0000] {spark_submit.py:491} INFO - 23/08/17 04:15:03 INFO SparkEnv: Registering BlockManagerMaster
[2023-08-17T04:15:03.435+0000] {spark_submit.py:491} INFO - 23/08/17 04:15:03 INFO BlockManagerMasterEndpoint: Using org.apache.spark.storage.DefaultTopologyMapper for getting topology information
[2023-08-17T04:15:03.438+0000] {spark_submit.py:491} INFO - 23/08/17 04:15:03 INFO BlockManagerMasterEndpoint: BlockManagerMasterEndpoint up
[2023-08-17T04:15:03.443+0000] {spark_submit.py:491} INFO - 23/08/17 04:15:03 INFO SparkEnv: Registering BlockManagerMasterHeartbeat
[2023-08-17T04:15:03.459+0000] {spark_submit.py:491} INFO - 23/08/17 04:15:03 INFO DiskBlockManager: Created local directory at /tmp/blockmgr-0d6c0041-8bc7-4aec-a140-e513355caf6b
[2023-08-17T04:15:03.472+0000] {spark_submit.py:491} INFO - 23/08/17 04:15:03 INFO MemoryStore: MemoryStore started with capacity 434.4 MiB
[2023-08-17T04:15:03.483+0000] {spark_submit.py:491} INFO - 23/08/17 04:15:03 INFO SparkEnv: Registering OutputCommitCoordinator
[2023-08-17T04:15:03.585+0000] {spark_submit.py:491} INFO - 23/08/17 04:15:03 INFO JettyUtils: Start Jetty 0.0.0.0:4040 for SparkUI
[2023-08-17T04:15:03.636+0000] {spark_submit.py:491} INFO - 23/08/17 04:15:03 INFO Utils: Successfully started service 'SparkUI' on port 4040.
[2023-08-17T04:15:03.720+0000] {spark_submit.py:491} INFO - 23/08/17 04:15:03 INFO StandaloneAppClient$ClientEndpoint: Connecting to master spark://spark:7077...
[2023-08-17T04:15:03.751+0000] {spark_submit.py:491} INFO - 23/08/17 04:15:03 INFO TransportClientFactory: Successfully created connection to spark/172.18.0.9:7077 after 18 ms (0 ms spent in bootstraps)
[2023-08-17T04:15:03.817+0000] {spark_submit.py:491} INFO - 23/08/17 04:15:03 INFO StandaloneSchedulerBackend: Connected to Spark cluster with app ID app-20230817041503-0007
[2023-08-17T04:15:03.821+0000] {spark_submit.py:491} INFO - 23/08/17 04:15:03 INFO StandaloneAppClient$ClientEndpoint: Executor added: app-20230817041503-0007/0 on worker-20230817035656-172.18.0.8-40033 (172.18.0.8:40033) with 1 core(s)
[2023-08-17T04:15:03.825+0000] {spark_submit.py:491} INFO - 23/08/17 04:15:03 INFO StandaloneSchedulerBackend: Granted executor ID app-20230817041503-0007/0 on hostPort 172.18.0.8:40033 with 1 core(s), 1024.0 MiB RAM
[2023-08-17T04:15:03.828+0000] {spark_submit.py:491} INFO - 23/08/17 04:15:03 INFO Utils: Successfully started service 'org.apache.spark.network.netty.NettyBlockTransferService' on port 34853.
[2023-08-17T04:15:03.830+0000] {spark_submit.py:491} INFO - 23/08/17 04:15:03 INFO NettyBlockTransferService: Server created on 0d68e811d1ff:34853
[2023-08-17T04:15:03.831+0000] {spark_submit.py:491} INFO - 23/08/17 04:15:03 INFO BlockManager: Using org.apache.spark.storage.RandomBlockReplicationPolicy for block replication policy
[2023-08-17T04:15:03.837+0000] {spark_submit.py:491} INFO - 23/08/17 04:15:03 INFO BlockManagerMaster: Registering BlockManager BlockManagerId(driver, 0d68e811d1ff, 34853, None)
[2023-08-17T04:15:03.840+0000] {spark_submit.py:491} INFO - 23/08/17 04:15:03 INFO BlockManagerMasterEndpoint: Registering block manager 0d68e811d1ff:34853 with 434.4 MiB RAM, BlockManagerId(driver, 0d68e811d1ff, 34853, None)
[2023-08-17T04:15:03.843+0000] {spark_submit.py:491} INFO - 23/08/17 04:15:03 INFO BlockManagerMaster: Registered BlockManager BlockManagerId(driver, 0d68e811d1ff, 34853, None)
[2023-08-17T04:15:03.846+0000] {spark_submit.py:491} INFO - 23/08/17 04:15:03 INFO BlockManager: Initialized BlockManager: BlockManagerId(driver, 0d68e811d1ff, 34853, None)
[2023-08-17T04:15:03.880+0000] {spark_submit.py:491} INFO - 23/08/17 04:15:03 INFO StandaloneAppClient$ClientEndpoint: Executor updated: app-20230817041503-0007/0 is now RUNNING
[2023-08-17T04:15:04.045+0000] {spark_submit.py:491} INFO - 23/08/17 04:15:04 INFO StandaloneSchedulerBackend: SchedulerBackend is ready for scheduling beginning after reached minRegisteredResourcesRatio: 0.0
[2023-08-17T04:15:04.273+0000] {spark_submit.py:491} INFO - 23/08/17 04:15:04 INFO SharedState: Setting hive.metastore.warehouse.dir ('null') to the value of spark.sql.warehouse.dir.
[2023-08-17T04:15:04.278+0000] {spark_submit.py:491} INFO - 23/08/17 04:15:04 INFO SharedState: Warehouse path is 'file:/opt/***/spark-warehouse'.
[2023-08-17T04:15:05.033+0000] {spark_submit.py:491} INFO - 23/08/17 04:15:05 INFO InMemoryFileIndex: It took 37 ms to list leaf files for 1 paths.
[2023-08-17T04:15:06.436+0000] {spark_submit.py:491} INFO - 23/08/17 04:15:06 INFO StandaloneSchedulerBackend$StandaloneDriverEndpoint: Registered executor NettyRpcEndpointRef(spark-client://Executor) (172.18.0.8:53262) with ID 0,  ResourceProfileId 0
[2023-08-17T04:15:06.532+0000] {spark_submit.py:491} INFO - 23/08/17 04:15:06 INFO BlockManagerMasterEndpoint: Registering block manager 172.18.0.8:40541 with 434.4 MiB RAM, BlockManagerId(0, 172.18.0.8, 40541, None)
[2023-08-17T04:15:07.095+0000] {spark_submit.py:491} INFO - 23/08/17 04:15:07 INFO FileSourceStrategy: Pushed Filters:
[2023-08-17T04:15:07.103+0000] {spark_submit.py:491} INFO - 23/08/17 04:15:07 INFO FileSourceStrategy: Post-Scan Filters:
[2023-08-17T04:15:07.170+0000] {spark_submit.py:491} INFO - 23/08/17 04:15:07 INFO ParquetUtils: Using default output committer for Parquet: org.apache.parquet.hadoop.ParquetOutputCommitter
[2023-08-17T04:15:07.187+0000] {spark_submit.py:491} INFO - 23/08/17 04:15:07 INFO FileOutputCommitter: File Output Committer Algorithm version is 1
[2023-08-17T04:15:07.189+0000] {spark_submit.py:491} INFO - 23/08/17 04:15:07 INFO FileOutputCommitter: FileOutputCommitter skip cleanup _temporary folders under output directory:false, ignore cleanup failures: false
[2023-08-17T04:15:07.190+0000] {spark_submit.py:491} INFO - 23/08/17 04:15:07 INFO SQLHadoopMapReduceCommitProtocol: Using user defined output committer class org.apache.parquet.hadoop.ParquetOutputCommitter
[2023-08-17T04:15:07.191+0000] {spark_submit.py:491} INFO - 23/08/17 04:15:07 INFO FileOutputCommitter: File Output Committer Algorithm version is 1
[2023-08-17T04:15:07.192+0000] {spark_submit.py:491} INFO - 23/08/17 04:15:07 INFO FileOutputCommitter: FileOutputCommitter skip cleanup _temporary folders under output directory:false, ignore cleanup failures: false
[2023-08-17T04:15:07.193+0000] {spark_submit.py:491} INFO - 23/08/17 04:15:07 INFO SQLHadoopMapReduceCommitProtocol: Using output committer class org.apache.parquet.hadoop.ParquetOutputCommitter
[2023-08-17T04:15:07.509+0000] {spark_submit.py:491} INFO - 23/08/17 04:15:07 INFO CodeGenerator: Code generated in 119.795541 ms
[2023-08-17T04:15:07.548+0000] {spark_submit.py:491} INFO - 23/08/17 04:15:07 INFO MemoryStore: Block broadcast_0 stored as values in memory (estimated size 199.3 KiB, free 434.2 MiB)
[2023-08-17T04:15:07.581+0000] {spark_submit.py:491} INFO - 23/08/17 04:15:07 INFO MemoryStore: Block broadcast_0_piece0 stored as bytes in memory (estimated size 34.3 KiB, free 434.2 MiB)
[2023-08-17T04:15:07.583+0000] {spark_submit.py:491} INFO - 23/08/17 04:15:07 INFO BlockManagerInfo: Added broadcast_0_piece0 in memory on 0d68e811d1ff:34853 (size: 34.3 KiB, free: 434.4 MiB)
[2023-08-17T04:15:07.586+0000] {spark_submit.py:491} INFO - 23/08/17 04:15:07 INFO SparkContext: Created broadcast 0 from parquet at NativeMethodAccessorImpl.java:0
[2023-08-17T04:15:07.601+0000] {spark_submit.py:491} INFO - 23/08/17 04:15:07 INFO FileSourceScanExec: Planning scan with bin packing, max size: 4194304 bytes, open cost is considered as scanning 4194304 bytes.
[2023-08-17T04:15:07.671+0000] {spark_submit.py:491} INFO - 23/08/17 04:15:07 INFO SparkContext: Starting job: parquet at NativeMethodAccessorImpl.java:0
[2023-08-17T04:15:07.679+0000] {spark_submit.py:491} INFO - 23/08/17 04:15:07 INFO DAGScheduler: Got job 0 (parquet at NativeMethodAccessorImpl.java:0) with 1 output partitions
[2023-08-17T04:15:07.680+0000] {spark_submit.py:491} INFO - 23/08/17 04:15:07 INFO DAGScheduler: Final stage: ResultStage 0 (parquet at NativeMethodAccessorImpl.java:0)
[2023-08-17T04:15:07.681+0000] {spark_submit.py:491} INFO - 23/08/17 04:15:07 INFO DAGScheduler: Parents of final stage: List()
[2023-08-17T04:15:07.682+0000] {spark_submit.py:491} INFO - 23/08/17 04:15:07 INFO DAGScheduler: Missing parents: List()
[2023-08-17T04:15:07.683+0000] {spark_submit.py:491} INFO - 23/08/17 04:15:07 INFO DAGScheduler: Submitting ResultStage 0 (MapPartitionsRDD[3] at parquet at NativeMethodAccessorImpl.java:0), which has no missing parents
[2023-08-17T04:15:07.753+0000] {spark_submit.py:491} INFO - 23/08/17 04:15:07 INFO MemoryStore: Block broadcast_1 stored as values in memory (estimated size 217.9 KiB, free 434.0 MiB)
[2023-08-17T04:15:07.755+0000] {spark_submit.py:491} INFO - 23/08/17 04:15:07 INFO MemoryStore: Block broadcast_1_piece0 stored as bytes in memory (estimated size 78.3 KiB, free 433.9 MiB)
[2023-08-17T04:15:07.756+0000] {spark_submit.py:491} INFO - 23/08/17 04:15:07 INFO BlockManagerInfo: Added broadcast_1_piece0 in memory on 0d68e811d1ff:34853 (size: 78.3 KiB, free: 434.3 MiB)
[2023-08-17T04:15:07.757+0000] {spark_submit.py:491} INFO - 23/08/17 04:15:07 INFO SparkContext: Created broadcast 1 from broadcast at DAGScheduler.scala:1535
[2023-08-17T04:15:07.767+0000] {spark_submit.py:491} INFO - 23/08/17 04:15:07 INFO DAGScheduler: Submitting 1 missing tasks from ResultStage 0 (MapPartitionsRDD[3] at parquet at NativeMethodAccessorImpl.java:0) (first 15 tasks are for partitions Vector(0))
[2023-08-17T04:15:07.768+0000] {spark_submit.py:491} INFO - 23/08/17 04:15:07 INFO TaskSchedulerImpl: Adding task set 0.0 with 1 tasks resource profile 0
[2023-08-17T04:15:07.789+0000] {spark_submit.py:491} INFO - 23/08/17 04:15:07 INFO TaskSetManager: Starting task 0.0 in stage 0.0 (TID 0) (172.18.0.8, executor 0, partition 0, PROCESS_LOCAL, 7914 bytes)
[2023-08-17T04:15:07.979+0000] {spark_submit.py:491} INFO - 23/08/17 04:15:07 INFO BlockManagerInfo: Added broadcast_1_piece0 in memory on 172.18.0.8:40541 (size: 78.3 KiB, free: 434.3 MiB)
[2023-08-17T04:15:08.910+0000] {spark_submit.py:491} INFO - 23/08/17 04:15:08 INFO BlockManagerInfo: Added broadcast_0_piece0 in memory on 172.18.0.8:40541 (size: 34.3 KiB, free: 434.3 MiB)
[2023-08-17T04:15:09.352+0000] {spark_submit.py:491} INFO - 23/08/17 04:15:09 WARN TaskSetManager: Lost task 0.0 in stage 0.0 (TID 0) (172.18.0.8 executor 0): org.apache.spark.SparkException: [TASK_WRITE_FAILED] Task failed while writing rows to file:/opt/***/dags/A_preprocessed.parquet.
[2023-08-17T04:15:09.353+0000] {spark_submit.py:491} INFO - at org.apache.spark.sql.errors.QueryExecutionErrors$.taskFailedWhileWritingRowsError(QueryExecutionErrors.scala:788)
[2023-08-17T04:15:09.354+0000] {spark_submit.py:491} INFO - at org.apache.spark.sql.execution.datasources.FileFormatWriter$.executeTask(FileFormatWriter.scala:420)
[2023-08-17T04:15:09.355+0000] {spark_submit.py:491} INFO - at org.apache.spark.sql.execution.datasources.WriteFilesExec.$anonfun$doExecuteWrite$1(WriteFiles.scala:100)
[2023-08-17T04:15:09.357+0000] {spark_submit.py:491} INFO - at org.apache.spark.rdd.RDD.$anonfun$mapPartitionsInternal$2(RDD.scala:888)
[2023-08-17T04:15:09.358+0000] {spark_submit.py:491} INFO - at org.apache.spark.rdd.RDD.$anonfun$mapPartitionsInternal$2$adapted(RDD.scala:888)
[2023-08-17T04:15:09.362+0000] {spark_submit.py:491} INFO - at org.apache.spark.rdd.MapPartitionsRDD.compute(MapPartitionsRDD.scala:52)
[2023-08-17T04:15:09.363+0000] {spark_submit.py:491} INFO - at org.apache.spark.rdd.RDD.computeOrReadCheckpoint(RDD.scala:364)
[2023-08-17T04:15:09.364+0000] {spark_submit.py:491} INFO - at org.apache.spark.rdd.RDD.iterator(RDD.scala:328)
[2023-08-17T04:15:09.366+0000] {spark_submit.py:491} INFO - at org.apache.spark.scheduler.ResultTask.runTask(ResultTask.scala:92)
[2023-08-17T04:15:09.367+0000] {spark_submit.py:491} INFO - at org.apache.spark.TaskContext.runTaskWithListeners(TaskContext.scala:161)
[2023-08-17T04:15:09.368+0000] {spark_submit.py:491} INFO - at org.apache.spark.scheduler.Task.run(Task.scala:139)
[2023-08-17T04:15:09.369+0000] {spark_submit.py:491} INFO - at org.apache.spark.executor.Executor$TaskRunner.$anonfun$run$3(Executor.scala:554)
[2023-08-17T04:15:09.370+0000] {spark_submit.py:491} INFO - at org.apache.spark.util.Utils$.tryWithSafeFinally(Utils.scala:1529)
[2023-08-17T04:15:09.370+0000] {spark_submit.py:491} INFO - at org.apache.spark.executor.Executor$TaskRunner.run(Executor.scala:557)
[2023-08-17T04:15:09.371+0000] {spark_submit.py:491} INFO - at java.base/java.util.concurrent.ThreadPoolExecutor.runWorker(ThreadPoolExecutor.java:1136)
[2023-08-17T04:15:09.373+0000] {spark_submit.py:491} INFO - at java.base/java.util.concurrent.ThreadPoolExecutor$Worker.run(ThreadPoolExecutor.java:635)
[2023-08-17T04:15:09.374+0000] {spark_submit.py:491} INFO - at java.base/java.lang.Thread.run(Thread.java:833)
[2023-08-17T04:15:09.375+0000] {spark_submit.py:491} INFO - Caused by: org.apache.spark.SparkFileNotFoundException: File file:/opt/***/dags/A.csv does not exist
[2023-08-17T04:15:09.376+0000] {spark_submit.py:491} INFO - It is possible the underlying files have been updated. You can explicitly invalidate the cache in Spark by running 'REFRESH TABLE tableName' command in SQL or by recreating the Dataset/DataFrame involved.
[2023-08-17T04:15:09.377+0000] {spark_submit.py:491} INFO - at org.apache.spark.sql.errors.QueryExecutionErrors$.readCurrentFileNotFoundError(QueryExecutionErrors.scala:794)
[2023-08-17T04:15:09.378+0000] {spark_submit.py:491} INFO - at org.apache.spark.sql.execution.datasources.FileScanRDD$$anon$1.org$apache$spark$sql$execution$datasources$FileScanRDD$$anon$$readCurrentFile(FileScanRDD.scala:234)
[2023-08-17T04:15:09.379+0000] {spark_submit.py:491} INFO - at org.apache.spark.sql.execution.datasources.FileScanRDD$$anon$1.nextIterator(FileScanRDD.scala:293)
[2023-08-17T04:15:09.380+0000] {spark_submit.py:491} INFO - at org.apache.spark.sql.execution.datasources.FileScanRDD$$anon$1.hasNext(FileScanRDD.scala:125)
[2023-08-17T04:15:09.381+0000] {spark_submit.py:491} INFO - at scala.collection.Iterator$$anon$10.hasNext(Iterator.scala:460)
[2023-08-17T04:15:09.382+0000] {spark_submit.py:491} INFO - at org.apache.spark.sql.catalyst.expressions.GeneratedClass$GeneratedIteratorForCodegenStage1.processNext(Unknown Source)
[2023-08-17T04:15:09.383+0000] {spark_submit.py:491} INFO - at org.apache.spark.sql.execution.BufferedRowIterator.hasNext(BufferedRowIterator.java:43)
[2023-08-17T04:15:09.384+0000] {spark_submit.py:491} INFO - at org.apache.spark.sql.execution.WholeStageCodegenExec$$anon$1.hasNext(WholeStageCodegenExec.scala:760)
[2023-08-17T04:15:09.384+0000] {spark_submit.py:491} INFO - at org.apache.spark.sql.execution.datasources.FileFormatDataWriter.writeWithIterator(FileFormatDataWriter.scala:91)
[2023-08-17T04:15:09.385+0000] {spark_submit.py:491} INFO - at org.apache.spark.sql.execution.datasources.FileFormatWriter$.$anonfun$executeTask$1(FileFormatWriter.scala:403)
[2023-08-17T04:15:09.386+0000] {spark_submit.py:491} INFO - at org.apache.spark.util.Utils$.tryWithSafeFinallyAndFailureCallbacks(Utils.scala:1563)
[2023-08-17T04:15:09.386+0000] {spark_submit.py:491} INFO - at org.apache.spark.sql.execution.datasources.FileFormatWriter$.executeTask(FileFormatWriter.scala:410)
[2023-08-17T04:15:09.387+0000] {spark_submit.py:491} INFO - ... 15 more
[2023-08-17T04:15:09.388+0000] {spark_submit.py:491} INFO - 
[2023-08-17T04:15:09.389+0000] {spark_submit.py:491} INFO - 23/08/17 04:15:09 INFO TaskSetManager: Starting task 0.1 in stage 0.0 (TID 1) (172.18.0.8, executor 0, partition 0, PROCESS_LOCAL, 7914 bytes)
[2023-08-17T04:15:09.429+0000] {spark_submit.py:491} INFO - 23/08/17 04:15:09 INFO TaskSetManager: Lost task 0.1 in stage 0.0 (TID 1) on 172.18.0.8, executor 0: org.apache.spark.SparkException ([TASK_WRITE_FAILED] Task failed while writing rows to file:/opt/***/dags/A_preprocessed.parquet.) [duplicate 1]
[2023-08-17T04:15:09.432+0000] {spark_submit.py:491} INFO - 23/08/17 04:15:09 INFO TaskSetManager: Starting task 0.2 in stage 0.0 (TID 2) (172.18.0.8, executor 0, partition 0, PROCESS_LOCAL, 7914 bytes)
[2023-08-17T04:15:09.508+0000] {spark_submit.py:491} INFO - 23/08/17 04:15:09 INFO TaskSetManager: Lost task 0.2 in stage 0.0 (TID 2) on 172.18.0.8, executor 0: org.apache.spark.SparkException ([TASK_WRITE_FAILED] Task failed while writing rows to file:/opt/***/dags/A_preprocessed.parquet.) [duplicate 2]
[2023-08-17T04:15:09.510+0000] {spark_submit.py:491} INFO - 23/08/17 04:15:09 INFO TaskSetManager: Starting task 0.3 in stage 0.0 (TID 3) (172.18.0.8, executor 0, partition 0, PROCESS_LOCAL, 7914 bytes)
[2023-08-17T04:15:09.580+0000] {spark_submit.py:491} INFO - 23/08/17 04:15:09 INFO TaskSetManager: Lost task 0.3 in stage 0.0 (TID 3) on 172.18.0.8, executor 0: org.apache.spark.SparkException ([TASK_WRITE_FAILED] Task failed while writing rows to file:/opt/***/dags/A_preprocessed.parquet.) [duplicate 3]
[2023-08-17T04:15:09.583+0000] {spark_submit.py:491} INFO - 23/08/17 04:15:09 ERROR TaskSetManager: Task 0 in stage 0.0 failed 4 times; aborting job
[2023-08-17T04:15:09.584+0000] {spark_submit.py:491} INFO - 23/08/17 04:15:09 INFO TaskSchedulerImpl: Removed TaskSet 0.0, whose tasks have all completed, from pool
[2023-08-17T04:15:09.585+0000] {spark_submit.py:491} INFO - 23/08/17 04:15:09 INFO TaskSchedulerImpl: Cancelling stage 0
[2023-08-17T04:15:09.586+0000] {spark_submit.py:491} INFO - 23/08/17 04:15:09 INFO TaskSchedulerImpl: Killing all running tasks in stage 0: Stage cancelled
[2023-08-17T04:15:09.587+0000] {spark_submit.py:491} INFO - 23/08/17 04:15:09 INFO DAGScheduler: ResultStage 0 (parquet at NativeMethodAccessorImpl.java:0) failed in 1.889 s due to Job aborted due to stage failure: Task 0 in stage 0.0 failed 4 times, most recent failure: Lost task 0.3 in stage 0.0 (TID 3) (172.18.0.8 executor 0): org.apache.spark.SparkException: [TASK_WRITE_FAILED] Task failed while writing rows to file:/opt/***/dags/A_preprocessed.parquet.
[2023-08-17T04:15:09.587+0000] {spark_submit.py:491} INFO - at org.apache.spark.sql.errors.QueryExecutionErrors$.taskFailedWhileWritingRowsError(QueryExecutionErrors.scala:788)
[2023-08-17T04:15:09.588+0000] {spark_submit.py:491} INFO - at org.apache.spark.sql.execution.datasources.FileFormatWriter$.executeTask(FileFormatWriter.scala:420)
[2023-08-17T04:15:09.589+0000] {spark_submit.py:491} INFO - at org.apache.spark.sql.execution.datasources.WriteFilesExec.$anonfun$doExecuteWrite$1(WriteFiles.scala:100)
[2023-08-17T04:15:09.591+0000] {spark_submit.py:491} INFO - at org.apache.spark.rdd.RDD.$anonfun$mapPartitionsInternal$2(RDD.scala:888)
[2023-08-17T04:15:09.591+0000] {spark_submit.py:491} INFO - at org.apache.spark.rdd.RDD.$anonfun$mapPartitionsInternal$2$adapted(RDD.scala:888)
[2023-08-17T04:15:09.592+0000] {spark_submit.py:491} INFO - at org.apache.spark.rdd.MapPartitionsRDD.compute(MapPartitionsRDD.scala:52)
[2023-08-17T04:15:09.593+0000] {spark_submit.py:491} INFO - at org.apache.spark.rdd.RDD.computeOrReadCheckpoint(RDD.scala:364)
[2023-08-17T04:15:09.594+0000] {spark_submit.py:491} INFO - at org.apache.spark.rdd.RDD.iterator(RDD.scala:328)
[2023-08-17T04:15:09.594+0000] {spark_submit.py:491} INFO - at org.apache.spark.scheduler.ResultTask.runTask(ResultTask.scala:92)
[2023-08-17T04:15:09.595+0000] {spark_submit.py:491} INFO - at org.apache.spark.TaskContext.runTaskWithListeners(TaskContext.scala:161)
[2023-08-17T04:15:09.596+0000] {spark_submit.py:491} INFO - at org.apache.spark.scheduler.Task.run(Task.scala:139)
[2023-08-17T04:15:09.597+0000] {spark_submit.py:491} INFO - at org.apache.spark.executor.Executor$TaskRunner.$anonfun$run$3(Executor.scala:554)
[2023-08-17T04:15:09.597+0000] {spark_submit.py:491} INFO - at org.apache.spark.util.Utils$.tryWithSafeFinally(Utils.scala:1529)
[2023-08-17T04:15:09.599+0000] {spark_submit.py:491} INFO - at org.apache.spark.executor.Executor$TaskRunner.run(Executor.scala:557)
[2023-08-17T04:15:09.599+0000] {spark_submit.py:491} INFO - at java.base/java.util.concurrent.ThreadPoolExecutor.runWorker(ThreadPoolExecutor.java:1136)
[2023-08-17T04:15:09.600+0000] {spark_submit.py:491} INFO - at java.base/java.util.concurrent.ThreadPoolExecutor$Worker.run(ThreadPoolExecutor.java:635)
[2023-08-17T04:15:09.601+0000] {spark_submit.py:491} INFO - at java.base/java.lang.Thread.run(Thread.java:833)
[2023-08-17T04:15:09.601+0000] {spark_submit.py:491} INFO - Caused by: org.apache.spark.SparkFileNotFoundException: File file:/opt/***/dags/A.csv does not exist
[2023-08-17T04:15:09.602+0000] {spark_submit.py:491} INFO - It is possible the underlying files have been updated. You can explicitly invalidate the cache in Spark by running 'REFRESH TABLE tableName' command in SQL or by recreating the Dataset/DataFrame involved.
[2023-08-17T04:15:09.603+0000] {spark_submit.py:491} INFO - at org.apache.spark.sql.errors.QueryExecutionErrors$.readCurrentFileNotFoundError(QueryExecutionErrors.scala:794)
[2023-08-17T04:15:09.604+0000] {spark_submit.py:491} INFO - at org.apache.spark.sql.execution.datasources.FileScanRDD$$anon$1.org$apache$spark$sql$execution$datasources$FileScanRDD$$anon$$readCurrentFile(FileScanRDD.scala:234)
[2023-08-17T04:15:09.604+0000] {spark_submit.py:491} INFO - at org.apache.spark.sql.execution.datasources.FileScanRDD$$anon$1.nextIterator(FileScanRDD.scala:293)
[2023-08-17T04:15:09.605+0000] {spark_submit.py:491} INFO - at org.apache.spark.sql.execution.datasources.FileScanRDD$$anon$1.hasNext(FileScanRDD.scala:125)
[2023-08-17T04:15:09.605+0000] {spark_submit.py:491} INFO - at scala.collection.Iterator$$anon$10.hasNext(Iterator.scala:460)
[2023-08-17T04:15:09.606+0000] {spark_submit.py:491} INFO - at org.apache.spark.sql.catalyst.expressions.GeneratedClass$GeneratedIteratorForCodegenStage1.processNext(Unknown Source)
[2023-08-17T04:15:09.607+0000] {spark_submit.py:491} INFO - at org.apache.spark.sql.execution.BufferedRowIterator.hasNext(BufferedRowIterator.java:43)
[2023-08-17T04:15:09.607+0000] {spark_submit.py:491} INFO - at org.apache.spark.sql.execution.WholeStageCodegenExec$$anon$1.hasNext(WholeStageCodegenExec.scala:760)
[2023-08-17T04:15:09.608+0000] {spark_submit.py:491} INFO - at org.apache.spark.sql.execution.datasources.FileFormatDataWriter.writeWithIterator(FileFormatDataWriter.scala:91)
[2023-08-17T04:15:09.609+0000] {spark_submit.py:491} INFO - at org.apache.spark.sql.execution.datasources.FileFormatWriter$.$anonfun$executeTask$1(FileFormatWriter.scala:403)
[2023-08-17T04:15:09.609+0000] {spark_submit.py:491} INFO - at org.apache.spark.util.Utils$.tryWithSafeFinallyAndFailureCallbacks(Utils.scala:1563)
[2023-08-17T04:15:09.610+0000] {spark_submit.py:491} INFO - at org.apache.spark.sql.execution.datasources.FileFormatWriter$.executeTask(FileFormatWriter.scala:410)
[2023-08-17T04:15:09.611+0000] {spark_submit.py:491} INFO - ... 15 more
[2023-08-17T04:15:09.611+0000] {spark_submit.py:491} INFO - 
[2023-08-17T04:15:09.612+0000] {spark_submit.py:491} INFO - Driver stacktrace:
[2023-08-17T04:15:09.612+0000] {spark_submit.py:491} INFO - 23/08/17 04:15:09 INFO DAGScheduler: Job 0 failed: parquet at NativeMethodAccessorImpl.java:0, took 1.917104 s
[2023-08-17T04:15:09.613+0000] {spark_submit.py:491} INFO - 23/08/17 04:15:09 ERROR FileFormatWriter: Aborting job aaf289f3-b134-4557-b6cc-e6cae58a92da.
[2023-08-17T04:15:09.613+0000] {spark_submit.py:491} INFO - org.apache.spark.SparkException: Job aborted due to stage failure: Task 0 in stage 0.0 failed 4 times, most recent failure: Lost task 0.3 in stage 0.0 (TID 3) (172.18.0.8 executor 0): org.apache.spark.SparkException: [TASK_WRITE_FAILED] Task failed while writing rows to file:/opt/***/dags/A_preprocessed.parquet.
[2023-08-17T04:15:09.614+0000] {spark_submit.py:491} INFO - at org.apache.spark.sql.errors.QueryExecutionErrors$.taskFailedWhileWritingRowsError(QueryExecutionErrors.scala:788)
[2023-08-17T04:15:09.616+0000] {spark_submit.py:491} INFO - at org.apache.spark.sql.execution.datasources.FileFormatWriter$.executeTask(FileFormatWriter.scala:420)
[2023-08-17T04:15:09.617+0000] {spark_submit.py:491} INFO - at org.apache.spark.sql.execution.datasources.WriteFilesExec.$anonfun$doExecuteWrite$1(WriteFiles.scala:100)
[2023-08-17T04:15:09.617+0000] {spark_submit.py:491} INFO - at org.apache.spark.rdd.RDD.$anonfun$mapPartitionsInternal$2(RDD.scala:888)
[2023-08-17T04:15:09.618+0000] {spark_submit.py:491} INFO - at org.apache.spark.rdd.RDD.$anonfun$mapPartitionsInternal$2$adapted(RDD.scala:888)
[2023-08-17T04:15:09.619+0000] {spark_submit.py:491} INFO - at org.apache.spark.rdd.MapPartitionsRDD.compute(MapPartitionsRDD.scala:52)
[2023-08-17T04:15:09.620+0000] {spark_submit.py:491} INFO - at org.apache.spark.rdd.RDD.computeOrReadCheckpoint(RDD.scala:364)
[2023-08-17T04:15:09.620+0000] {spark_submit.py:491} INFO - at org.apache.spark.rdd.RDD.iterator(RDD.scala:328)
[2023-08-17T04:15:09.621+0000] {spark_submit.py:491} INFO - at org.apache.spark.scheduler.ResultTask.runTask(ResultTask.scala:92)
[2023-08-17T04:15:09.622+0000] {spark_submit.py:491} INFO - at org.apache.spark.TaskContext.runTaskWithListeners(TaskContext.scala:161)
[2023-08-17T04:15:09.622+0000] {spark_submit.py:491} INFO - at org.apache.spark.scheduler.Task.run(Task.scala:139)
[2023-08-17T04:15:09.625+0000] {spark_submit.py:491} INFO - at org.apache.spark.executor.Executor$TaskRunner.$anonfun$run$3(Executor.scala:554)
[2023-08-17T04:15:09.627+0000] {spark_submit.py:491} INFO - at org.apache.spark.util.Utils$.tryWithSafeFinally(Utils.scala:1529)
[2023-08-17T04:15:09.628+0000] {spark_submit.py:491} INFO - at org.apache.spark.executor.Executor$TaskRunner.run(Executor.scala:557)
[2023-08-17T04:15:09.629+0000] {spark_submit.py:491} INFO - at java.base/java.util.concurrent.ThreadPoolExecutor.runWorker(ThreadPoolExecutor.java:1136)
[2023-08-17T04:15:09.630+0000] {spark_submit.py:491} INFO - at java.base/java.util.concurrent.ThreadPoolExecutor$Worker.run(ThreadPoolExecutor.java:635)
[2023-08-17T04:15:09.631+0000] {spark_submit.py:491} INFO - at java.base/java.lang.Thread.run(Thread.java:833)
[2023-08-17T04:15:09.632+0000] {spark_submit.py:491} INFO - Caused by: org.apache.spark.SparkFileNotFoundException: File file:/opt/***/dags/A.csv does not exist
[2023-08-17T04:15:09.632+0000] {spark_submit.py:491} INFO - It is possible the underlying files have been updated. You can explicitly invalidate the cache in Spark by running 'REFRESH TABLE tableName' command in SQL or by recreating the Dataset/DataFrame involved.
[2023-08-17T04:15:09.634+0000] {spark_submit.py:491} INFO - at org.apache.spark.sql.errors.QueryExecutionErrors$.readCurrentFileNotFoundError(QueryExecutionErrors.scala:794)
[2023-08-17T04:15:09.634+0000] {spark_submit.py:491} INFO - at org.apache.spark.sql.execution.datasources.FileScanRDD$$anon$1.org$apache$spark$sql$execution$datasources$FileScanRDD$$anon$$readCurrentFile(FileScanRDD.scala:234)
[2023-08-17T04:15:09.635+0000] {spark_submit.py:491} INFO - at org.apache.spark.sql.execution.datasources.FileScanRDD$$anon$1.nextIterator(FileScanRDD.scala:293)
[2023-08-17T04:15:09.636+0000] {spark_submit.py:491} INFO - at org.apache.spark.sql.execution.datasources.FileScanRDD$$anon$1.hasNext(FileScanRDD.scala:125)
[2023-08-17T04:15:09.637+0000] {spark_submit.py:491} INFO - at scala.collection.Iterator$$anon$10.hasNext(Iterator.scala:460)
[2023-08-17T04:15:09.638+0000] {spark_submit.py:491} INFO - at org.apache.spark.sql.catalyst.expressions.GeneratedClass$GeneratedIteratorForCodegenStage1.processNext(Unknown Source)
[2023-08-17T04:15:09.639+0000] {spark_submit.py:491} INFO - at org.apache.spark.sql.execution.BufferedRowIterator.hasNext(BufferedRowIterator.java:43)
[2023-08-17T04:15:09.640+0000] {spark_submit.py:491} INFO - at org.apache.spark.sql.execution.WholeStageCodegenExec$$anon$1.hasNext(WholeStageCodegenExec.scala:760)
[2023-08-17T04:15:09.641+0000] {spark_submit.py:491} INFO - at org.apache.spark.sql.execution.datasources.FileFormatDataWriter.writeWithIterator(FileFormatDataWriter.scala:91)
[2023-08-17T04:15:09.642+0000] {spark_submit.py:491} INFO - at org.apache.spark.sql.execution.datasources.FileFormatWriter$.$anonfun$executeTask$1(FileFormatWriter.scala:403)
[2023-08-17T04:15:09.643+0000] {spark_submit.py:491} INFO - at org.apache.spark.util.Utils$.tryWithSafeFinallyAndFailureCallbacks(Utils.scala:1563)
[2023-08-17T04:15:09.644+0000] {spark_submit.py:491} INFO - at org.apache.spark.sql.execution.datasources.FileFormatWriter$.executeTask(FileFormatWriter.scala:410)
[2023-08-17T04:15:09.645+0000] {spark_submit.py:491} INFO - ... 15 more
[2023-08-17T04:15:09.645+0000] {spark_submit.py:491} INFO - 
[2023-08-17T04:15:09.646+0000] {spark_submit.py:491} INFO - Driver stacktrace:
[2023-08-17T04:15:09.647+0000] {spark_submit.py:491} INFO - at org.apache.spark.scheduler.DAGScheduler.failJobAndIndependentStages(DAGScheduler.scala:2785)
[2023-08-17T04:15:09.648+0000] {spark_submit.py:491} INFO - at org.apache.spark.scheduler.DAGScheduler.$anonfun$abortStage$2(DAGScheduler.scala:2721)
[2023-08-17T04:15:09.648+0000] {spark_submit.py:491} INFO - at org.apache.spark.scheduler.DAGScheduler.$anonfun$abortStage$2$adapted(DAGScheduler.scala:2720)
[2023-08-17T04:15:09.649+0000] {spark_submit.py:491} INFO - at scala.collection.mutable.ResizableArray.foreach(ResizableArray.scala:62)
[2023-08-17T04:15:09.650+0000] {spark_submit.py:491} INFO - at scala.collection.mutable.ResizableArray.foreach$(ResizableArray.scala:55)
[2023-08-17T04:15:09.651+0000] {spark_submit.py:491} INFO - at scala.collection.mutable.ArrayBuffer.foreach(ArrayBuffer.scala:49)
[2023-08-17T04:15:09.652+0000] {spark_submit.py:491} INFO - at org.apache.spark.scheduler.DAGScheduler.abortStage(DAGScheduler.scala:2720)
[2023-08-17T04:15:09.652+0000] {spark_submit.py:491} INFO - at org.apache.spark.scheduler.DAGScheduler.$anonfun$handleTaskSetFailed$1(DAGScheduler.scala:1206)
[2023-08-17T04:15:09.653+0000] {spark_submit.py:491} INFO - at org.apache.spark.scheduler.DAGScheduler.$anonfun$handleTaskSetFailed$1$adapted(DAGScheduler.scala:1206)
[2023-08-17T04:15:09.654+0000] {spark_submit.py:491} INFO - at scala.Option.foreach(Option.scala:407)
[2023-08-17T04:15:09.655+0000] {spark_submit.py:491} INFO - at org.apache.spark.scheduler.DAGScheduler.handleTaskSetFailed(DAGScheduler.scala:1206)
[2023-08-17T04:15:09.656+0000] {spark_submit.py:491} INFO - at org.apache.spark.scheduler.DAGSchedulerEventProcessLoop.doOnReceive(DAGScheduler.scala:2984)
[2023-08-17T04:15:09.656+0000] {spark_submit.py:491} INFO - at org.apache.spark.scheduler.DAGSchedulerEventProcessLoop.onReceive(DAGScheduler.scala:2923)
[2023-08-17T04:15:09.657+0000] {spark_submit.py:491} INFO - at org.apache.spark.scheduler.DAGSchedulerEventProcessLoop.onReceive(DAGScheduler.scala:2912)
[2023-08-17T04:15:09.658+0000] {spark_submit.py:491} INFO - at org.apache.spark.util.EventLoop$$anon$1.run(EventLoop.scala:49)
[2023-08-17T04:15:09.659+0000] {spark_submit.py:491} INFO - at org.apache.spark.scheduler.DAGScheduler.runJob(DAGScheduler.scala:971)
[2023-08-17T04:15:09.660+0000] {spark_submit.py:491} INFO - at org.apache.spark.SparkContext.runJob(SparkContext.scala:2263)
[2023-08-17T04:15:09.660+0000] {spark_submit.py:491} INFO - at org.apache.spark.sql.execution.datasources.FileFormatWriter$.$anonfun$executeWrite$4(FileFormatWriter.scala:307)
[2023-08-17T04:15:09.661+0000] {spark_submit.py:491} INFO - at org.apache.spark.sql.execution.datasources.FileFormatWriter$.writeAndCommit(FileFormatWriter.scala:271)
[2023-08-17T04:15:09.662+0000] {spark_submit.py:491} INFO - at org.apache.spark.sql.execution.datasources.FileFormatWriter$.executeWrite(FileFormatWriter.scala:304)
[2023-08-17T04:15:09.663+0000] {spark_submit.py:491} INFO - at org.apache.spark.sql.execution.datasources.FileFormatWriter$.write(FileFormatWriter.scala:190)
[2023-08-17T04:15:09.664+0000] {spark_submit.py:491} INFO - at org.apache.spark.sql.execution.datasources.InsertIntoHadoopFsRelationCommand.run(InsertIntoHadoopFsRelationCommand.scala:190)
[2023-08-17T04:15:09.665+0000] {spark_submit.py:491} INFO - at org.apache.spark.sql.execution.command.DataWritingCommandExec.sideEffectResult$lzycompute(commands.scala:113)
[2023-08-17T04:15:09.666+0000] {spark_submit.py:491} INFO - at org.apache.spark.sql.execution.command.DataWritingCommandExec.sideEffectResult(commands.scala:111)
[2023-08-17T04:15:09.667+0000] {spark_submit.py:491} INFO - at org.apache.spark.sql.execution.command.DataWritingCommandExec.executeCollect(commands.scala:125)
[2023-08-17T04:15:09.668+0000] {spark_submit.py:491} INFO - at org.apache.spark.sql.execution.QueryExecution$$anonfun$eagerlyExecuteCommands$1.$anonfun$applyOrElse$1(QueryExecution.scala:98)
[2023-08-17T04:15:09.668+0000] {spark_submit.py:491} INFO - at org.apache.spark.sql.execution.SQLExecution$.$anonfun$withNewExecutionId$6(SQLExecution.scala:118)
[2023-08-17T04:15:09.669+0000] {spark_submit.py:491} INFO - at org.apache.spark.sql.execution.SQLExecution$.withSQLConfPropagated(SQLExecution.scala:195)
[2023-08-17T04:15:09.670+0000] {spark_submit.py:491} INFO - at org.apache.spark.sql.execution.SQLExecution$.$anonfun$withNewExecutionId$1(SQLExecution.scala:103)
[2023-08-17T04:15:09.671+0000] {spark_submit.py:491} INFO - at org.apache.spark.sql.SparkSession.withActive(SparkSession.scala:827)
[2023-08-17T04:15:09.672+0000] {spark_submit.py:491} INFO - at org.apache.spark.sql.execution.SQLExecution$.withNewExecutionId(SQLExecution.scala:65)
[2023-08-17T04:15:09.673+0000] {spark_submit.py:491} INFO - at org.apache.spark.sql.execution.QueryExecution$$anonfun$eagerlyExecuteCommands$1.applyOrElse(QueryExecution.scala:98)
[2023-08-17T04:15:09.674+0000] {spark_submit.py:491} INFO - at org.apache.spark.sql.execution.QueryExecution$$anonfun$eagerlyExecuteCommands$1.applyOrElse(QueryExecution.scala:94)
[2023-08-17T04:15:09.675+0000] {spark_submit.py:491} INFO - at org.apache.spark.sql.catalyst.trees.TreeNode.$anonfun$transformDownWithPruning$1(TreeNode.scala:512)
[2023-08-17T04:15:09.676+0000] {spark_submit.py:491} INFO - at org.apache.spark.sql.catalyst.trees.CurrentOrigin$.withOrigin(TreeNode.scala:104)
[2023-08-17T04:15:09.677+0000] {spark_submit.py:491} INFO - at org.apache.spark.sql.catalyst.trees.TreeNode.transformDownWithPruning(TreeNode.scala:512)
[2023-08-17T04:15:09.678+0000] {spark_submit.py:491} INFO - at org.apache.spark.sql.catalyst.plans.logical.LogicalPlan.org$apache$spark$sql$catalyst$plans$logical$AnalysisHelper$$super$transformDownWithPruning(LogicalPlan.scala:31)
[2023-08-17T04:15:09.679+0000] {spark_submit.py:491} INFO - at org.apache.spark.sql.catalyst.plans.logical.AnalysisHelper.transformDownWithPruning(AnalysisHelper.scala:267)
[2023-08-17T04:15:09.680+0000] {spark_submit.py:491} INFO - at org.apache.spark.sql.catalyst.plans.logical.AnalysisHelper.transformDownWithPruning$(AnalysisHelper.scala:263)
[2023-08-17T04:15:09.681+0000] {spark_submit.py:491} INFO - at org.apache.spark.sql.catalyst.plans.logical.LogicalPlan.transformDownWithPruning(LogicalPlan.scala:31)
[2023-08-17T04:15:09.682+0000] {spark_submit.py:491} INFO - at org.apache.spark.sql.catalyst.plans.logical.LogicalPlan.transformDownWithPruning(LogicalPlan.scala:31)
[2023-08-17T04:15:09.684+0000] {spark_submit.py:491} INFO - at org.apache.spark.sql.catalyst.trees.TreeNode.transformDown(TreeNode.scala:488)
[2023-08-17T04:15:09.685+0000] {spark_submit.py:491} INFO - at org.apache.spark.sql.execution.QueryExecution.eagerlyExecuteCommands(QueryExecution.scala:94)
[2023-08-17T04:15:09.685+0000] {spark_submit.py:491} INFO - at org.apache.spark.sql.execution.QueryExecution.commandExecuted$lzycompute(QueryExecution.scala:81)
[2023-08-17T04:15:09.686+0000] {spark_submit.py:491} INFO - at org.apache.spark.sql.execution.QueryExecution.commandExecuted(QueryExecution.scala:79)
[2023-08-17T04:15:09.687+0000] {spark_submit.py:491} INFO - at org.apache.spark.sql.execution.QueryExecution.assertCommandExecuted(QueryExecution.scala:133)
[2023-08-17T04:15:09.689+0000] {spark_submit.py:491} INFO - at org.apache.spark.sql.DataFrameWriter.runCommand(DataFrameWriter.scala:856)
[2023-08-17T04:15:09.689+0000] {spark_submit.py:491} INFO - at org.apache.spark.sql.DataFrameWriter.saveToV1Source(DataFrameWriter.scala:387)
[2023-08-17T04:15:09.691+0000] {spark_submit.py:491} INFO - at org.apache.spark.sql.DataFrameWriter.saveInternal(DataFrameWriter.scala:360)
[2023-08-17T04:15:09.692+0000] {spark_submit.py:491} INFO - at org.apache.spark.sql.DataFrameWriter.save(DataFrameWriter.scala:239)
[2023-08-17T04:15:09.693+0000] {spark_submit.py:491} INFO - at org.apache.spark.sql.DataFrameWriter.parquet(DataFrameWriter.scala:789)
[2023-08-17T04:15:09.695+0000] {spark_submit.py:491} INFO - at java.base/jdk.internal.reflect.NativeMethodAccessorImpl.invoke0(Native Method)
[2023-08-17T04:15:09.696+0000] {spark_submit.py:491} INFO - at java.base/jdk.internal.reflect.NativeMethodAccessorImpl.invoke(NativeMethodAccessorImpl.java:77)
[2023-08-17T04:15:09.696+0000] {spark_submit.py:491} INFO - at java.base/jdk.internal.reflect.DelegatingMethodAccessorImpl.invoke(DelegatingMethodAccessorImpl.java:43)
[2023-08-17T04:15:09.697+0000] {spark_submit.py:491} INFO - at java.base/java.lang.reflect.Method.invoke(Method.java:568)
[2023-08-17T04:15:09.698+0000] {spark_submit.py:491} INFO - at py4j.reflection.MethodInvoker.invoke(MethodInvoker.java:244)
[2023-08-17T04:15:09.699+0000] {spark_submit.py:491} INFO - at py4j.reflection.ReflectionEngine.invoke(ReflectionEngine.java:374)
[2023-08-17T04:15:09.700+0000] {spark_submit.py:491} INFO - at py4j.Gateway.invoke(Gateway.java:282)
[2023-08-17T04:15:09.701+0000] {spark_submit.py:491} INFO - at py4j.commands.AbstractCommand.invokeMethod(AbstractCommand.java:132)
[2023-08-17T04:15:09.702+0000] {spark_submit.py:491} INFO - at py4j.commands.CallCommand.execute(CallCommand.java:79)
[2023-08-17T04:15:09.703+0000] {spark_submit.py:491} INFO - at py4j.ClientServerConnection.waitForCommands(ClientServerConnection.java:182)
[2023-08-17T04:15:09.704+0000] {spark_submit.py:491} INFO - at py4j.ClientServerConnection.run(ClientServerConnection.java:106)
[2023-08-17T04:15:09.705+0000] {spark_submit.py:491} INFO - at java.base/java.lang.Thread.run(Thread.java:833)
[2023-08-17T04:15:09.705+0000] {spark_submit.py:491} INFO - Caused by: org.apache.spark.SparkException: [TASK_WRITE_FAILED] Task failed while writing rows to file:/opt/***/dags/A_preprocessed.parquet.
[2023-08-17T04:15:09.706+0000] {spark_submit.py:491} INFO - at org.apache.spark.sql.errors.QueryExecutionErrors$.taskFailedWhileWritingRowsError(QueryExecutionErrors.scala:788)
[2023-08-17T04:15:09.707+0000] {spark_submit.py:491} INFO - at org.apache.spark.sql.execution.datasources.FileFormatWriter$.executeTask(FileFormatWriter.scala:420)
[2023-08-17T04:15:09.708+0000] {spark_submit.py:491} INFO - at org.apache.spark.sql.execution.datasources.WriteFilesExec.$anonfun$doExecuteWrite$1(WriteFiles.scala:100)
[2023-08-17T04:15:09.708+0000] {spark_submit.py:491} INFO - at org.apache.spark.rdd.RDD.$anonfun$mapPartitionsInternal$2(RDD.scala:888)
[2023-08-17T04:15:09.709+0000] {spark_submit.py:491} INFO - at org.apache.spark.rdd.RDD.$anonfun$mapPartitionsInternal$2$adapted(RDD.scala:888)
[2023-08-17T04:15:09.710+0000] {spark_submit.py:491} INFO - at org.apache.spark.rdd.MapPartitionsRDD.compute(MapPartitionsRDD.scala:52)
[2023-08-17T04:15:09.711+0000] {spark_submit.py:491} INFO - at org.apache.spark.rdd.RDD.computeOrReadCheckpoint(RDD.scala:364)
[2023-08-17T04:15:09.711+0000] {spark_submit.py:491} INFO - at org.apache.spark.rdd.RDD.iterator(RDD.scala:328)
[2023-08-17T04:15:09.712+0000] {spark_submit.py:491} INFO - at org.apache.spark.scheduler.ResultTask.runTask(ResultTask.scala:92)
[2023-08-17T04:15:09.713+0000] {spark_submit.py:491} INFO - at org.apache.spark.TaskContext.runTaskWithListeners(TaskContext.scala:161)
[2023-08-17T04:15:09.714+0000] {spark_submit.py:491} INFO - at org.apache.spark.scheduler.Task.run(Task.scala:139)
[2023-08-17T04:15:09.714+0000] {spark_submit.py:491} INFO - at org.apache.spark.executor.Executor$TaskRunner.$anonfun$run$3(Executor.scala:554)
[2023-08-17T04:15:09.715+0000] {spark_submit.py:491} INFO - at org.apache.spark.util.Utils$.tryWithSafeFinally(Utils.scala:1529)
[2023-08-17T04:15:09.717+0000] {spark_submit.py:491} INFO - at org.apache.spark.executor.Executor$TaskRunner.run(Executor.scala:557)
[2023-08-17T04:15:09.717+0000] {spark_submit.py:491} INFO - at java.base/java.util.concurrent.ThreadPoolExecutor.runWorker(ThreadPoolExecutor.java:1136)
[2023-08-17T04:15:09.718+0000] {spark_submit.py:491} INFO - at java.base/java.util.concurrent.ThreadPoolExecutor$Worker.run(ThreadPoolExecutor.java:635)
[2023-08-17T04:15:09.719+0000] {spark_submit.py:491} INFO - at java.base/java.lang.Thread.run(Thread.java:833)
[2023-08-17T04:15:09.719+0000] {spark_submit.py:491} INFO - Caused by: org.apache.spark.SparkFileNotFoundException: File file:/opt/***/dags/A.csv does not exist
[2023-08-17T04:15:09.720+0000] {spark_submit.py:491} INFO - It is possible the underlying files have been updated. You can explicitly invalidate the cache in Spark by running 'REFRESH TABLE tableName' command in SQL or by recreating the Dataset/DataFrame involved.
[2023-08-17T04:15:09.720+0000] {spark_submit.py:491} INFO - at org.apache.spark.sql.errors.QueryExecutionErrors$.readCurrentFileNotFoundError(QueryExecutionErrors.scala:794)
[2023-08-17T04:15:09.721+0000] {spark_submit.py:491} INFO - at org.apache.spark.sql.execution.datasources.FileScanRDD$$anon$1.org$apache$spark$sql$execution$datasources$FileScanRDD$$anon$$readCurrentFile(FileScanRDD.scala:234)
[2023-08-17T04:15:09.722+0000] {spark_submit.py:491} INFO - at org.apache.spark.sql.execution.datasources.FileScanRDD$$anon$1.nextIterator(FileScanRDD.scala:293)
[2023-08-17T04:15:09.722+0000] {spark_submit.py:491} INFO - at org.apache.spark.sql.execution.datasources.FileScanRDD$$anon$1.hasNext(FileScanRDD.scala:125)
[2023-08-17T04:15:09.723+0000] {spark_submit.py:491} INFO - at scala.collection.Iterator$$anon$10.hasNext(Iterator.scala:460)
[2023-08-17T04:15:09.723+0000] {spark_submit.py:491} INFO - at org.apache.spark.sql.catalyst.expressions.GeneratedClass$GeneratedIteratorForCodegenStage1.processNext(Unknown Source)
[2023-08-17T04:15:09.724+0000] {spark_submit.py:491} INFO - at org.apache.spark.sql.execution.BufferedRowIterator.hasNext(BufferedRowIterator.java:43)
[2023-08-17T04:15:09.725+0000] {spark_submit.py:491} INFO - at org.apache.spark.sql.execution.WholeStageCodegenExec$$anon$1.hasNext(WholeStageCodegenExec.scala:760)
[2023-08-17T04:15:09.725+0000] {spark_submit.py:491} INFO - at org.apache.spark.sql.execution.datasources.FileFormatDataWriter.writeWithIterator(FileFormatDataWriter.scala:91)
[2023-08-17T04:15:09.726+0000] {spark_submit.py:491} INFO - at org.apache.spark.sql.execution.datasources.FileFormatWriter$.$anonfun$executeTask$1(FileFormatWriter.scala:403)
[2023-08-17T04:15:09.726+0000] {spark_submit.py:491} INFO - at org.apache.spark.util.Utils$.tryWithSafeFinallyAndFailureCallbacks(Utils.scala:1563)
[2023-08-17T04:15:09.727+0000] {spark_submit.py:491} INFO - at org.apache.spark.sql.execution.datasources.FileFormatWriter$.executeTask(FileFormatWriter.scala:410)
[2023-08-17T04:15:09.727+0000] {spark_submit.py:491} INFO - ... 15 more
[2023-08-17T04:15:09.790+0000] {spark_submit.py:491} INFO - Traceback (most recent call last):
[2023-08-17T04:15:09.791+0000] {spark_submit.py:491} INFO - File "/opt/***/dags/spark_processing.py", line 25, in <module>
[2023-08-17T04:15:09.792+0000] {spark_submit.py:491} INFO - stock_df.write.mode("overwrite").option("compression", "snappy").parquet("./dags/A"+"_preprocessed.parquet")
[2023-08-17T04:15:09.792+0000] {spark_submit.py:491} INFO - File "/home/***/.local/lib/python3.10/site-packages/pyspark/python/lib/pyspark.zip/pyspark/sql/readwriter.py", line 1656, in parquet
[2023-08-17T04:15:09.793+0000] {spark_submit.py:491} INFO - File "/home/***/.local/lib/python3.10/site-packages/pyspark/python/lib/py4j-0.10.9.7-src.zip/py4j/java_gateway.py", line 1322, in __call__
[2023-08-17T04:15:09.794+0000] {spark_submit.py:491} INFO - File "/home/***/.local/lib/python3.10/site-packages/pyspark/python/lib/pyspark.zip/pyspark/errors/exceptions/captured.py", line 169, in deco
[2023-08-17T04:15:09.794+0000] {spark_submit.py:491} INFO - File "/home/***/.local/lib/python3.10/site-packages/pyspark/python/lib/py4j-0.10.9.7-src.zip/py4j/protocol.py", line 326, in get_return_value
[2023-08-17T04:15:09.836+0000] {spark_submit.py:491} INFO - py4j.protocol.Py4JJavaError: An error occurred while calling o40.parquet.
[2023-08-17T04:15:09.837+0000] {spark_submit.py:491} INFO - : org.apache.spark.SparkException: Job aborted due to stage failure: Task 0 in stage 0.0 failed 4 times, most recent failure: Lost task 0.3 in stage 0.0 (TID 3) (172.18.0.8 executor 0): org.apache.spark.SparkException: [TASK_WRITE_FAILED] Task failed while writing rows to file:/opt/***/dags/A_preprocessed.parquet.
[2023-08-17T04:15:09.838+0000] {spark_submit.py:491} INFO - at org.apache.spark.sql.errors.QueryExecutionErrors$.taskFailedWhileWritingRowsError(QueryExecutionErrors.scala:788)
[2023-08-17T04:15:09.838+0000] {spark_submit.py:491} INFO - at org.apache.spark.sql.execution.datasources.FileFormatWriter$.executeTask(FileFormatWriter.scala:420)
[2023-08-17T04:15:09.839+0000] {spark_submit.py:491} INFO - at org.apache.spark.sql.execution.datasources.WriteFilesExec.$anonfun$doExecuteWrite$1(WriteFiles.scala:100)
[2023-08-17T04:15:09.839+0000] {spark_submit.py:491} INFO - at org.apache.spark.rdd.RDD.$anonfun$mapPartitionsInternal$2(RDD.scala:888)
[2023-08-17T04:15:09.840+0000] {spark_submit.py:491} INFO - at org.apache.spark.rdd.RDD.$anonfun$mapPartitionsInternal$2$adapted(RDD.scala:888)
[2023-08-17T04:15:09.841+0000] {spark_submit.py:491} INFO - at org.apache.spark.rdd.MapPartitionsRDD.compute(MapPartitionsRDD.scala:52)
[2023-08-17T04:15:09.841+0000] {spark_submit.py:491} INFO - at org.apache.spark.rdd.RDD.computeOrReadCheckpoint(RDD.scala:364)
[2023-08-17T04:15:09.842+0000] {spark_submit.py:491} INFO - at org.apache.spark.rdd.RDD.iterator(RDD.scala:328)
[2023-08-17T04:15:09.843+0000] {spark_submit.py:491} INFO - at org.apache.spark.scheduler.ResultTask.runTask(ResultTask.scala:92)
[2023-08-17T04:15:09.843+0000] {spark_submit.py:491} INFO - at org.apache.spark.TaskContext.runTaskWithListeners(TaskContext.scala:161)
[2023-08-17T04:15:09.844+0000] {spark_submit.py:491} INFO - at org.apache.spark.scheduler.Task.run(Task.scala:139)
[2023-08-17T04:15:09.844+0000] {spark_submit.py:491} INFO - at org.apache.spark.executor.Executor$TaskRunner.$anonfun$run$3(Executor.scala:554)
[2023-08-17T04:15:09.845+0000] {spark_submit.py:491} INFO - at org.apache.spark.util.Utils$.tryWithSafeFinally(Utils.scala:1529)
[2023-08-17T04:15:09.845+0000] {spark_submit.py:491} INFO - at org.apache.spark.executor.Executor$TaskRunner.run(Executor.scala:557)
[2023-08-17T04:15:09.846+0000] {spark_submit.py:491} INFO - at java.base/java.util.concurrent.ThreadPoolExecutor.runWorker(ThreadPoolExecutor.java:1136)
[2023-08-17T04:15:09.846+0000] {spark_submit.py:491} INFO - at java.base/java.util.concurrent.ThreadPoolExecutor$Worker.run(ThreadPoolExecutor.java:635)
[2023-08-17T04:15:09.847+0000] {spark_submit.py:491} INFO - at java.base/java.lang.Thread.run(Thread.java:833)
[2023-08-17T04:15:09.847+0000] {spark_submit.py:491} INFO - Caused by: org.apache.spark.SparkFileNotFoundException: File file:/opt/***/dags/A.csv does not exist
[2023-08-17T04:15:09.848+0000] {spark_submit.py:491} INFO - It is possible the underlying files have been updated. You can explicitly invalidate the cache in Spark by running 'REFRESH TABLE tableName' command in SQL or by recreating the Dataset/DataFrame involved.
[2023-08-17T04:15:09.849+0000] {spark_submit.py:491} INFO - at org.apache.spark.sql.errors.QueryExecutionErrors$.readCurrentFileNotFoundError(QueryExecutionErrors.scala:794)
[2023-08-17T04:15:09.849+0000] {spark_submit.py:491} INFO - at org.apache.spark.sql.execution.datasources.FileScanRDD$$anon$1.org$apache$spark$sql$execution$datasources$FileScanRDD$$anon$$readCurrentFile(FileScanRDD.scala:234)
[2023-08-17T04:15:09.850+0000] {spark_submit.py:491} INFO - at org.apache.spark.sql.execution.datasources.FileScanRDD$$anon$1.nextIterator(FileScanRDD.scala:293)
[2023-08-17T04:15:09.850+0000] {spark_submit.py:491} INFO - at org.apache.spark.sql.execution.datasources.FileScanRDD$$anon$1.hasNext(FileScanRDD.scala:125)
[2023-08-17T04:15:09.851+0000] {spark_submit.py:491} INFO - at scala.collection.Iterator$$anon$10.hasNext(Iterator.scala:460)
[2023-08-17T04:15:09.852+0000] {spark_submit.py:491} INFO - at org.apache.spark.sql.catalyst.expressions.GeneratedClass$GeneratedIteratorForCodegenStage1.processNext(Unknown Source)
[2023-08-17T04:15:09.852+0000] {spark_submit.py:491} INFO - at org.apache.spark.sql.execution.BufferedRowIterator.hasNext(BufferedRowIterator.java:43)
[2023-08-17T04:15:09.853+0000] {spark_submit.py:491} INFO - at org.apache.spark.sql.execution.WholeStageCodegenExec$$anon$1.hasNext(WholeStageCodegenExec.scala:760)
[2023-08-17T04:15:09.853+0000] {spark_submit.py:491} INFO - at org.apache.spark.sql.execution.datasources.FileFormatDataWriter.writeWithIterator(FileFormatDataWriter.scala:91)
[2023-08-17T04:15:09.854+0000] {spark_submit.py:491} INFO - at org.apache.spark.sql.execution.datasources.FileFormatWriter$.$anonfun$executeTask$1(FileFormatWriter.scala:403)
[2023-08-17T04:15:09.855+0000] {spark_submit.py:491} INFO - at org.apache.spark.util.Utils$.tryWithSafeFinallyAndFailureCallbacks(Utils.scala:1563)
[2023-08-17T04:15:09.855+0000] {spark_submit.py:491} INFO - at org.apache.spark.sql.execution.datasources.FileFormatWriter$.executeTask(FileFormatWriter.scala:410)
[2023-08-17T04:15:09.856+0000] {spark_submit.py:491} INFO - ... 15 more
[2023-08-17T04:15:09.856+0000] {spark_submit.py:491} INFO - 
[2023-08-17T04:15:09.857+0000] {spark_submit.py:491} INFO - Driver stacktrace:
[2023-08-17T04:15:09.857+0000] {spark_submit.py:491} INFO - at org.apache.spark.scheduler.DAGScheduler.failJobAndIndependentStages(DAGScheduler.scala:2785)
[2023-08-17T04:15:09.858+0000] {spark_submit.py:491} INFO - at org.apache.spark.scheduler.DAGScheduler.$anonfun$abortStage$2(DAGScheduler.scala:2721)
[2023-08-17T04:15:09.858+0000] {spark_submit.py:491} INFO - at org.apache.spark.scheduler.DAGScheduler.$anonfun$abortStage$2$adapted(DAGScheduler.scala:2720)
[2023-08-17T04:15:09.859+0000] {spark_submit.py:491} INFO - at scala.collection.mutable.ResizableArray.foreach(ResizableArray.scala:62)
[2023-08-17T04:15:09.859+0000] {spark_submit.py:491} INFO - at scala.collection.mutable.ResizableArray.foreach$(ResizableArray.scala:55)
[2023-08-17T04:15:09.860+0000] {spark_submit.py:491} INFO - at scala.collection.mutable.ArrayBuffer.foreach(ArrayBuffer.scala:49)
[2023-08-17T04:15:09.860+0000] {spark_submit.py:491} INFO - at org.apache.spark.scheduler.DAGScheduler.abortStage(DAGScheduler.scala:2720)
[2023-08-17T04:15:09.861+0000] {spark_submit.py:491} INFO - at org.apache.spark.scheduler.DAGScheduler.$anonfun$handleTaskSetFailed$1(DAGScheduler.scala:1206)
[2023-08-17T04:15:09.862+0000] {spark_submit.py:491} INFO - at org.apache.spark.scheduler.DAGScheduler.$anonfun$handleTaskSetFailed$1$adapted(DAGScheduler.scala:1206)
[2023-08-17T04:15:09.862+0000] {spark_submit.py:491} INFO - at scala.Option.foreach(Option.scala:407)
[2023-08-17T04:15:09.863+0000] {spark_submit.py:491} INFO - at org.apache.spark.scheduler.DAGScheduler.handleTaskSetFailed(DAGScheduler.scala:1206)
[2023-08-17T04:15:09.863+0000] {spark_submit.py:491} INFO - at org.apache.spark.scheduler.DAGSchedulerEventProcessLoop.doOnReceive(DAGScheduler.scala:2984)
[2023-08-17T04:15:09.864+0000] {spark_submit.py:491} INFO - at org.apache.spark.scheduler.DAGSchedulerEventProcessLoop.onReceive(DAGScheduler.scala:2923)
[2023-08-17T04:15:09.864+0000] {spark_submit.py:491} INFO - at org.apache.spark.scheduler.DAGSchedulerEventProcessLoop.onReceive(DAGScheduler.scala:2912)
[2023-08-17T04:15:09.865+0000] {spark_submit.py:491} INFO - at org.apache.spark.util.EventLoop$$anon$1.run(EventLoop.scala:49)
[2023-08-17T04:15:09.866+0000] {spark_submit.py:491} INFO - at org.apache.spark.scheduler.DAGScheduler.runJob(DAGScheduler.scala:971)
[2023-08-17T04:15:09.866+0000] {spark_submit.py:491} INFO - at org.apache.spark.SparkContext.runJob(SparkContext.scala:2263)
[2023-08-17T04:15:09.867+0000] {spark_submit.py:491} INFO - at org.apache.spark.sql.execution.datasources.FileFormatWriter$.$anonfun$executeWrite$4(FileFormatWriter.scala:307)
[2023-08-17T04:15:09.868+0000] {spark_submit.py:491} INFO - at org.apache.spark.sql.execution.datasources.FileFormatWriter$.writeAndCommit(FileFormatWriter.scala:271)
[2023-08-17T04:15:09.868+0000] {spark_submit.py:491} INFO - at org.apache.spark.sql.execution.datasources.FileFormatWriter$.executeWrite(FileFormatWriter.scala:304)
[2023-08-17T04:15:09.869+0000] {spark_submit.py:491} INFO - at org.apache.spark.sql.execution.datasources.FileFormatWriter$.write(FileFormatWriter.scala:190)
[2023-08-17T04:15:09.869+0000] {spark_submit.py:491} INFO - at org.apache.spark.sql.execution.datasources.InsertIntoHadoopFsRelationCommand.run(InsertIntoHadoopFsRelationCommand.scala:190)
[2023-08-17T04:15:09.870+0000] {spark_submit.py:491} INFO - at org.apache.spark.sql.execution.command.DataWritingCommandExec.sideEffectResult$lzycompute(commands.scala:113)
[2023-08-17T04:15:09.870+0000] {spark_submit.py:491} INFO - at org.apache.spark.sql.execution.command.DataWritingCommandExec.sideEffectResult(commands.scala:111)
[2023-08-17T04:15:09.871+0000] {spark_submit.py:491} INFO - at org.apache.spark.sql.execution.command.DataWritingCommandExec.executeCollect(commands.scala:125)
[2023-08-17T04:15:09.871+0000] {spark_submit.py:491} INFO - at org.apache.spark.sql.execution.QueryExecution$$anonfun$eagerlyExecuteCommands$1.$anonfun$applyOrElse$1(QueryExecution.scala:98)
[2023-08-17T04:15:09.872+0000] {spark_submit.py:491} INFO - at org.apache.spark.sql.execution.SQLExecution$.$anonfun$withNewExecutionId$6(SQLExecution.scala:118)
[2023-08-17T04:15:09.873+0000] {spark_submit.py:491} INFO - at org.apache.spark.sql.execution.SQLExecution$.withSQLConfPropagated(SQLExecution.scala:195)
[2023-08-17T04:15:09.873+0000] {spark_submit.py:491} INFO - at org.apache.spark.sql.execution.SQLExecution$.$anonfun$withNewExecutionId$1(SQLExecution.scala:103)
[2023-08-17T04:15:09.874+0000] {spark_submit.py:491} INFO - at org.apache.spark.sql.SparkSession.withActive(SparkSession.scala:827)
[2023-08-17T04:15:09.875+0000] {spark_submit.py:491} INFO - at org.apache.spark.sql.execution.SQLExecution$.withNewExecutionId(SQLExecution.scala:65)
[2023-08-17T04:15:09.875+0000] {spark_submit.py:491} INFO - at org.apache.spark.sql.execution.QueryExecution$$anonfun$eagerlyExecuteCommands$1.applyOrElse(QueryExecution.scala:98)
[2023-08-17T04:15:09.876+0000] {spark_submit.py:491} INFO - at org.apache.spark.sql.execution.QueryExecution$$anonfun$eagerlyExecuteCommands$1.applyOrElse(QueryExecution.scala:94)
[2023-08-17T04:15:09.876+0000] {spark_submit.py:491} INFO - at org.apache.spark.sql.catalyst.trees.TreeNode.$anonfun$transformDownWithPruning$1(TreeNode.scala:512)
[2023-08-17T04:15:09.877+0000] {spark_submit.py:491} INFO - at org.apache.spark.sql.catalyst.trees.CurrentOrigin$.withOrigin(TreeNode.scala:104)
[2023-08-17T04:15:09.877+0000] {spark_submit.py:491} INFO - at org.apache.spark.sql.catalyst.trees.TreeNode.transformDownWithPruning(TreeNode.scala:512)
[2023-08-17T04:15:09.878+0000] {spark_submit.py:491} INFO - at org.apache.spark.sql.catalyst.plans.logical.LogicalPlan.org$apache$spark$sql$catalyst$plans$logical$AnalysisHelper$$super$transformDownWithPruning(LogicalPlan.scala:31)
[2023-08-17T04:15:09.879+0000] {spark_submit.py:491} INFO - at org.apache.spark.sql.catalyst.plans.logical.AnalysisHelper.transformDownWithPruning(AnalysisHelper.scala:267)
[2023-08-17T04:15:09.879+0000] {spark_submit.py:491} INFO - at org.apache.spark.sql.catalyst.plans.logical.AnalysisHelper.transformDownWithPruning$(AnalysisHelper.scala:263)
[2023-08-17T04:15:09.880+0000] {spark_submit.py:491} INFO - at org.apache.spark.sql.catalyst.plans.logical.LogicalPlan.transformDownWithPruning(LogicalPlan.scala:31)
[2023-08-17T04:15:09.881+0000] {spark_submit.py:491} INFO - at org.apache.spark.sql.catalyst.plans.logical.LogicalPlan.transformDownWithPruning(LogicalPlan.scala:31)
[2023-08-17T04:15:09.881+0000] {spark_submit.py:491} INFO - at org.apache.spark.sql.catalyst.trees.TreeNode.transformDown(TreeNode.scala:488)
[2023-08-17T04:15:09.882+0000] {spark_submit.py:491} INFO - at org.apache.spark.sql.execution.QueryExecution.eagerlyExecuteCommands(QueryExecution.scala:94)
[2023-08-17T04:15:09.883+0000] {spark_submit.py:491} INFO - at org.apache.spark.sql.execution.QueryExecution.commandExecuted$lzycompute(QueryExecution.scala:81)
[2023-08-17T04:15:09.884+0000] {spark_submit.py:491} INFO - at org.apache.spark.sql.execution.QueryExecution.commandExecuted(QueryExecution.scala:79)
[2023-08-17T04:15:09.884+0000] {spark_submit.py:491} INFO - at org.apache.spark.sql.execution.QueryExecution.assertCommandExecuted(QueryExecution.scala:133)
[2023-08-17T04:15:09.885+0000] {spark_submit.py:491} INFO - at org.apache.spark.sql.DataFrameWriter.runCommand(DataFrameWriter.scala:856)
[2023-08-17T04:15:09.886+0000] {spark_submit.py:491} INFO - at org.apache.spark.sql.DataFrameWriter.saveToV1Source(DataFrameWriter.scala:387)
[2023-08-17T04:15:09.886+0000] {spark_submit.py:491} INFO - at org.apache.spark.sql.DataFrameWriter.saveInternal(DataFrameWriter.scala:360)
[2023-08-17T04:15:09.887+0000] {spark_submit.py:491} INFO - at org.apache.spark.sql.DataFrameWriter.save(DataFrameWriter.scala:239)
[2023-08-17T04:15:09.887+0000] {spark_submit.py:491} INFO - at org.apache.spark.sql.DataFrameWriter.parquet(DataFrameWriter.scala:789)
[2023-08-17T04:15:09.888+0000] {spark_submit.py:491} INFO - at java.base/jdk.internal.reflect.NativeMethodAccessorImpl.invoke0(Native Method)
[2023-08-17T04:15:09.889+0000] {spark_submit.py:491} INFO - at java.base/jdk.internal.reflect.NativeMethodAccessorImpl.invoke(NativeMethodAccessorImpl.java:77)
[2023-08-17T04:15:09.892+0000] {spark_submit.py:491} INFO - at java.base/jdk.internal.reflect.DelegatingMethodAccessorImpl.invoke(DelegatingMethodAccessorImpl.java:43)
[2023-08-17T04:15:09.895+0000] {spark_submit.py:491} INFO - at java.base/java.lang.reflect.Method.invoke(Method.java:568)
[2023-08-17T04:15:09.896+0000] {spark_submit.py:491} INFO - at py4j.reflection.MethodInvoker.invoke(MethodInvoker.java:244)
[2023-08-17T04:15:09.899+0000] {spark_submit.py:491} INFO - at py4j.reflection.ReflectionEngine.invoke(ReflectionEngine.java:374)
[2023-08-17T04:15:09.900+0000] {spark_submit.py:491} INFO - at py4j.Gateway.invoke(Gateway.java:282)
[2023-08-17T04:15:09.902+0000] {spark_submit.py:491} INFO - at py4j.commands.AbstractCommand.invokeMethod(AbstractCommand.java:132)
[2023-08-17T04:15:09.903+0000] {spark_submit.py:491} INFO - at py4j.commands.CallCommand.execute(CallCommand.java:79)
[2023-08-17T04:15:09.905+0000] {spark_submit.py:491} INFO - at py4j.ClientServerConnection.waitForCommands(ClientServerConnection.java:182)
[2023-08-17T04:15:09.906+0000] {spark_submit.py:491} INFO - at py4j.ClientServerConnection.run(ClientServerConnection.java:106)
[2023-08-17T04:15:09.907+0000] {spark_submit.py:491} INFO - at java.base/java.lang.Thread.run(Thread.java:833)
[2023-08-17T04:15:09.908+0000] {spark_submit.py:491} INFO - Caused by: org.apache.spark.SparkException: [TASK_WRITE_FAILED] Task failed while writing rows to file:/opt/***/dags/A_preprocessed.parquet.
[2023-08-17T04:15:09.909+0000] {spark_submit.py:491} INFO - at org.apache.spark.sql.errors.QueryExecutionErrors$.taskFailedWhileWritingRowsError(QueryExecutionErrors.scala:788)
[2023-08-17T04:15:09.910+0000] {spark_submit.py:491} INFO - at org.apache.spark.sql.execution.datasources.FileFormatWriter$.executeTask(FileFormatWriter.scala:420)
[2023-08-17T04:15:09.911+0000] {spark_submit.py:491} INFO - at org.apache.spark.sql.execution.datasources.WriteFilesExec.$anonfun$doExecuteWrite$1(WriteFiles.scala:100)
[2023-08-17T04:15:09.914+0000] {spark_submit.py:491} INFO - at org.apache.spark.rdd.RDD.$anonfun$mapPartitionsInternal$2(RDD.scala:888)
[2023-08-17T04:15:09.915+0000] {spark_submit.py:491} INFO - at org.apache.spark.rdd.RDD.$anonfun$mapPartitionsInternal$2$adapted(RDD.scala:888)
[2023-08-17T04:15:09.916+0000] {spark_submit.py:491} INFO - at org.apache.spark.rdd.MapPartitionsRDD.compute(MapPartitionsRDD.scala:52)
[2023-08-17T04:15:09.917+0000] {spark_submit.py:491} INFO - at org.apache.spark.rdd.RDD.computeOrReadCheckpoint(RDD.scala:364)
[2023-08-17T04:15:09.918+0000] {spark_submit.py:491} INFO - at org.apache.spark.rdd.RDD.iterator(RDD.scala:328)
[2023-08-17T04:15:09.919+0000] {spark_submit.py:491} INFO - at org.apache.spark.scheduler.ResultTask.runTask(ResultTask.scala:92)
[2023-08-17T04:15:09.920+0000] {spark_submit.py:491} INFO - at org.apache.spark.TaskContext.runTaskWithListeners(TaskContext.scala:161)
[2023-08-17T04:15:09.920+0000] {spark_submit.py:491} INFO - at org.apache.spark.scheduler.Task.run(Task.scala:139)
[2023-08-17T04:15:09.921+0000] {spark_submit.py:491} INFO - at org.apache.spark.executor.Executor$TaskRunner.$anonfun$run$3(Executor.scala:554)
[2023-08-17T04:15:09.921+0000] {spark_submit.py:491} INFO - at org.apache.spark.util.Utils$.tryWithSafeFinally(Utils.scala:1529)
[2023-08-17T04:15:09.922+0000] {spark_submit.py:491} INFO - at org.apache.spark.executor.Executor$TaskRunner.run(Executor.scala:557)
[2023-08-17T04:15:09.923+0000] {spark_submit.py:491} INFO - at java.base/java.util.concurrent.ThreadPoolExecutor.runWorker(ThreadPoolExecutor.java:1136)
[2023-08-17T04:15:09.923+0000] {spark_submit.py:491} INFO - at java.base/java.util.concurrent.ThreadPoolExecutor$Worker.run(ThreadPoolExecutor.java:635)
[2023-08-17T04:15:09.924+0000] {spark_submit.py:491} INFO - at java.base/java.lang.Thread.run(Thread.java:833)
[2023-08-17T04:15:09.925+0000] {spark_submit.py:491} INFO - Caused by: org.apache.spark.SparkFileNotFoundException: File file:/opt/***/dags/A.csv does not exist
[2023-08-17T04:15:09.926+0000] {spark_submit.py:491} INFO - It is possible the underlying files have been updated. You can explicitly invalidate the cache in Spark by running 'REFRESH TABLE tableName' command in SQL or by recreating the Dataset/DataFrame involved.
[2023-08-17T04:15:09.927+0000] {spark_submit.py:491} INFO - at org.apache.spark.sql.errors.QueryExecutionErrors$.readCurrentFileNotFoundError(QueryExecutionErrors.scala:794)
[2023-08-17T04:15:09.927+0000] {spark_submit.py:491} INFO - at org.apache.spark.sql.execution.datasources.FileScanRDD$$anon$1.org$apache$spark$sql$execution$datasources$FileScanRDD$$anon$$readCurrentFile(FileScanRDD.scala:234)
[2023-08-17T04:15:09.928+0000] {spark_submit.py:491} INFO - at org.apache.spark.sql.execution.datasources.FileScanRDD$$anon$1.nextIterator(FileScanRDD.scala:293)
[2023-08-17T04:15:09.929+0000] {spark_submit.py:491} INFO - at org.apache.spark.sql.execution.datasources.FileScanRDD$$anon$1.hasNext(FileScanRDD.scala:125)
[2023-08-17T04:15:09.929+0000] {spark_submit.py:491} INFO - at scala.collection.Iterator$$anon$10.hasNext(Iterator.scala:460)
[2023-08-17T04:15:09.930+0000] {spark_submit.py:491} INFO - at org.apache.spark.sql.catalyst.expressions.GeneratedClass$GeneratedIteratorForCodegenStage1.processNext(Unknown Source)
[2023-08-17T04:15:09.932+0000] {spark_submit.py:491} INFO - at org.apache.spark.sql.execution.BufferedRowIterator.hasNext(BufferedRowIterator.java:43)
[2023-08-17T04:15:09.932+0000] {spark_submit.py:491} INFO - at org.apache.spark.sql.execution.WholeStageCodegenExec$$anon$1.hasNext(WholeStageCodegenExec.scala:760)
[2023-08-17T04:15:09.933+0000] {spark_submit.py:491} INFO - at org.apache.spark.sql.execution.datasources.FileFormatDataWriter.writeWithIterator(FileFormatDataWriter.scala:91)
[2023-08-17T04:15:09.934+0000] {spark_submit.py:491} INFO - at org.apache.spark.sql.execution.datasources.FileFormatWriter$.$anonfun$executeTask$1(FileFormatWriter.scala:403)
[2023-08-17T04:15:09.935+0000] {spark_submit.py:491} INFO - at org.apache.spark.util.Utils$.tryWithSafeFinallyAndFailureCallbacks(Utils.scala:1563)
[2023-08-17T04:15:09.936+0000] {spark_submit.py:491} INFO - at org.apache.spark.sql.execution.datasources.FileFormatWriter$.executeTask(FileFormatWriter.scala:410)
[2023-08-17T04:15:09.937+0000] {spark_submit.py:491} INFO - ... 15 more
[2023-08-17T04:15:09.938+0000] {spark_submit.py:491} INFO - 
[2023-08-17T04:15:09.939+0000] {spark_submit.py:491} INFO - 23/08/17 04:15:09 INFO SparkContext: Invoking stop() from shutdown hook
[2023-08-17T04:15:09.941+0000] {spark_submit.py:491} INFO - 23/08/17 04:15:09 INFO SparkContext: SparkContext is stopping with exitCode 0.
[2023-08-17T04:15:09.943+0000] {spark_submit.py:491} INFO - 23/08/17 04:15:09 INFO SparkUI: Stopped Spark web UI at http://0d68e811d1ff:4040
[2023-08-17T04:15:09.944+0000] {spark_submit.py:491} INFO - 23/08/17 04:15:09 INFO StandaloneSchedulerBackend: Shutting down all executors
[2023-08-17T04:15:09.945+0000] {spark_submit.py:491} INFO - 23/08/17 04:15:09 INFO StandaloneSchedulerBackend$StandaloneDriverEndpoint: Asking each executor to shut down
[2023-08-17T04:15:09.945+0000] {spark_submit.py:491} INFO - 23/08/17 04:15:09 INFO MapOutputTrackerMasterEndpoint: MapOutputTrackerMasterEndpoint stopped!
[2023-08-17T04:15:09.946+0000] {spark_submit.py:491} INFO - 23/08/17 04:15:09 INFO MemoryStore: MemoryStore cleared
[2023-08-17T04:15:09.947+0000] {spark_submit.py:491} INFO - 23/08/17 04:15:09 INFO BlockManager: BlockManager stopped
[2023-08-17T04:15:09.948+0000] {spark_submit.py:491} INFO - 23/08/17 04:15:09 INFO BlockManagerMaster: BlockManagerMaster stopped
[2023-08-17T04:15:09.948+0000] {spark_submit.py:491} INFO - 23/08/17 04:15:09 INFO OutputCommitCoordinator$OutputCommitCoordinatorEndpoint: OutputCommitCoordinator stopped!
[2023-08-17T04:15:09.949+0000] {spark_submit.py:491} INFO - 23/08/17 04:15:09 INFO SparkContext: Successfully stopped SparkContext
[2023-08-17T04:15:09.950+0000] {spark_submit.py:491} INFO - 23/08/17 04:15:09 INFO ShutdownHookManager: Shutdown hook called
[2023-08-17T04:15:09.950+0000] {spark_submit.py:491} INFO - 23/08/17 04:15:09 INFO ShutdownHookManager: Deleting directory /tmp/spark-38415c31-0697-4061-a9c1-2f0b40e640cc
[2023-08-17T04:15:09.951+0000] {spark_submit.py:491} INFO - 23/08/17 04:15:09 INFO ShutdownHookManager: Deleting directory /tmp/spark-62450f6c-60d5-4e3b-b079-ff1cc97884ee/pyspark-aa71b9c5-9904-447e-be66-fa222b0abfe7
[2023-08-17T04:15:09.957+0000] {spark_submit.py:491} INFO - 23/08/17 04:15:09 INFO ShutdownHookManager: Deleting directory /tmp/spark-62450f6c-60d5-4e3b-b079-ff1cc97884ee
[2023-08-17T04:15:10.080+0000] {taskinstance.py:1824} ERROR - Task failed with exception
Traceback (most recent call last):
  File "/home/airflow/.local/lib/python3.10/site-packages/airflow/providers/apache/spark/operators/spark_submit.py", line 156, in execute
    self._hook.submit(self._application)
  File "/home/airflow/.local/lib/python3.10/site-packages/airflow/providers/apache/spark/hooks/spark_submit.py", line 422, in submit
    raise AirflowException(
airflow.exceptions.AirflowException: Cannot execute: spark-submit --master spark://spark:7077 --name arrow-spark ./dags/spark_processing.py. Error code is: 1.
[2023-08-17T04:15:10.084+0000] {taskinstance.py:1345} INFO - Marking task as FAILED. dag_id=spark_***_dag, task_id=spark_submit_task, execution_date=20230817T041500, start_date=20230817T041500, end_date=20230817T041510
[2023-08-17T04:15:10.095+0000] {standard_task_runner.py:104} ERROR - Failed to execute job 14 for task spark_submit_task (Cannot execute: spark-submit --master spark://spark:7077 --name arrow-spark ./dags/spark_processing.py. Error code is: 1.; 2008)
[2023-08-17T04:15:10.116+0000] {local_task_job_runner.py:225} INFO - Task exited with return code 1
[2023-08-17T04:15:10.134+0000] {taskinstance.py:2651} INFO - 0 downstream tasks scheduled from follow-on schedule check
