[2023-08-15T02:42:17.864+0000] {processor.py:157} INFO - Started process (PID=24) to work on /opt/airflow/dags/spark_jobs_dag.py
[2023-08-15T02:42:17.867+0000] {processor.py:826} INFO - Processing file /opt/airflow/dags/spark_jobs_dag.py for tasks to queue
[2023-08-15T02:42:17.869+0000] {logging_mixin.py:149} INFO - [2023-08-15T02:42:17.869+0000] {dagbag.py:541} INFO - Filling up the DagBag from /opt/airflow/dags/spark_jobs_dag.py
[2023-08-15T02:42:17.904+0000] {processor.py:836} INFO - DAG(s) dict_keys(['spark_airflow_dag']) retrieved from /opt/airflow/dags/spark_jobs_dag.py
[2023-08-15T02:42:18.053+0000] {logging_mixin.py:149} INFO - [2023-08-15T02:42:18.052+0000] {manager.py:504} INFO - Created Permission View: can edit on DAG:spark_airflow_dag
[2023-08-15T02:42:18.058+0000] {logging_mixin.py:149} INFO - [2023-08-15T02:42:18.058+0000] {manager.py:504} INFO - Created Permission View: can delete on DAG:spark_airflow_dag
[2023-08-15T02:42:18.063+0000] {logging_mixin.py:149} INFO - [2023-08-15T02:42:18.062+0000] {manager.py:504} INFO - Created Permission View: can read on DAG:spark_airflow_dag
[2023-08-15T02:42:18.063+0000] {logging_mixin.py:149} INFO - [2023-08-15T02:42:18.063+0000] {dag.py:2726} INFO - Sync 1 DAGs
[2023-08-15T02:42:18.071+0000] {logging_mixin.py:149} INFO - [2023-08-15T02:42:18.071+0000] {dag.py:2747} INFO - Creating ORM DAG for spark_airflow_dag
[2023-08-15T02:42:18.079+0000] {logging_mixin.py:149} INFO - [2023-08-15T02:42:18.079+0000] {dag.py:3486} INFO - Setting next_dagrun for spark_airflow_dag to None, run_after=None
[2023-08-15T02:42:18.092+0000] {processor.py:179} INFO - Processing /opt/airflow/dags/spark_jobs_dag.py took 0.232 seconds
[2023-08-15T02:42:48.177+0000] {processor.py:157} INFO - Started process (PID=32) to work on /opt/airflow/dags/spark_jobs_dag.py
[2023-08-15T02:42:48.181+0000] {processor.py:826} INFO - Processing file /opt/airflow/dags/spark_jobs_dag.py for tasks to queue
[2023-08-15T02:42:48.183+0000] {logging_mixin.py:149} INFO - [2023-08-15T02:42:48.183+0000] {dagbag.py:541} INFO - Filling up the DagBag from /opt/airflow/dags/spark_jobs_dag.py
[2023-08-15T02:42:48.200+0000] {processor.py:836} INFO - DAG(s) dict_keys(['spark_airflow_dag']) retrieved from /opt/airflow/dags/spark_jobs_dag.py
[2023-08-15T02:42:48.227+0000] {logging_mixin.py:149} INFO - [2023-08-15T02:42:48.227+0000] {dag.py:2726} INFO - Sync 1 DAGs
[2023-08-15T02:42:48.240+0000] {logging_mixin.py:149} INFO - [2023-08-15T02:42:48.240+0000] {dag.py:3486} INFO - Setting next_dagrun for spark_airflow_dag to None, run_after=None
[2023-08-15T02:42:48.251+0000] {processor.py:179} INFO - Processing /opt/airflow/dags/spark_jobs_dag.py took 0.079 seconds
[2023-08-15T02:43:18.448+0000] {processor.py:157} INFO - Started process (PID=39) to work on /opt/airflow/dags/spark_jobs_dag.py
[2023-08-15T02:43:18.450+0000] {processor.py:826} INFO - Processing file /opt/airflow/dags/spark_jobs_dag.py for tasks to queue
[2023-08-15T02:43:18.451+0000] {logging_mixin.py:149} INFO - [2023-08-15T02:43:18.451+0000] {dagbag.py:541} INFO - Filling up the DagBag from /opt/airflow/dags/spark_jobs_dag.py
[2023-08-15T02:43:18.466+0000] {processor.py:836} INFO - DAG(s) dict_keys(['spark_airflow_dag']) retrieved from /opt/airflow/dags/spark_jobs_dag.py
[2023-08-15T02:43:18.492+0000] {logging_mixin.py:149} INFO - [2023-08-15T02:43:18.492+0000] {dag.py:2726} INFO - Sync 1 DAGs
[2023-08-15T02:43:18.505+0000] {logging_mixin.py:149} INFO - [2023-08-15T02:43:18.505+0000] {dag.py:3486} INFO - Setting next_dagrun for spark_airflow_dag to None, run_after=None
[2023-08-15T02:43:18.514+0000] {processor.py:179} INFO - Processing /opt/airflow/dags/spark_jobs_dag.py took 0.071 seconds
[2023-08-15T02:43:48.816+0000] {processor.py:157} INFO - Started process (PID=47) to work on /opt/airflow/dags/spark_jobs_dag.py
[2023-08-15T02:43:48.817+0000] {processor.py:826} INFO - Processing file /opt/airflow/dags/spark_jobs_dag.py for tasks to queue
[2023-08-15T02:43:48.819+0000] {logging_mixin.py:149} INFO - [2023-08-15T02:43:48.819+0000] {dagbag.py:541} INFO - Filling up the DagBag from /opt/airflow/dags/spark_jobs_dag.py
[2023-08-15T02:43:48.835+0000] {processor.py:836} INFO - DAG(s) dict_keys(['spark_airflow_dag']) retrieved from /opt/airflow/dags/spark_jobs_dag.py
[2023-08-15T02:43:48.861+0000] {logging_mixin.py:149} INFO - [2023-08-15T02:43:48.861+0000] {dag.py:2726} INFO - Sync 1 DAGs
[2023-08-15T02:43:48.874+0000] {logging_mixin.py:149} INFO - [2023-08-15T02:43:48.873+0000] {dag.py:3486} INFO - Setting next_dagrun for spark_airflow_dag to None, run_after=None
[2023-08-15T02:43:48.882+0000] {processor.py:179} INFO - Processing /opt/airflow/dags/spark_jobs_dag.py took 0.072 seconds
[2023-08-15T02:44:19.142+0000] {processor.py:157} INFO - Started process (PID=55) to work on /opt/airflow/dags/spark_jobs_dag.py
[2023-08-15T02:44:19.145+0000] {processor.py:826} INFO - Processing file /opt/airflow/dags/spark_jobs_dag.py for tasks to queue
[2023-08-15T02:44:19.146+0000] {logging_mixin.py:149} INFO - [2023-08-15T02:44:19.146+0000] {dagbag.py:541} INFO - Filling up the DagBag from /opt/airflow/dags/spark_jobs_dag.py
[2023-08-15T02:44:19.166+0000] {processor.py:836} INFO - DAG(s) dict_keys(['spark_airflow_dag']) retrieved from /opt/airflow/dags/spark_jobs_dag.py
[2023-08-15T02:44:19.193+0000] {logging_mixin.py:149} INFO - [2023-08-15T02:44:19.193+0000] {dag.py:2726} INFO - Sync 1 DAGs
[2023-08-15T02:44:19.205+0000] {logging_mixin.py:149} INFO - [2023-08-15T02:44:19.205+0000] {dag.py:3486} INFO - Setting next_dagrun for spark_airflow_dag to None, run_after=None
[2023-08-15T02:44:19.214+0000] {processor.py:179} INFO - Processing /opt/airflow/dags/spark_jobs_dag.py took 0.077 seconds
[2023-08-15T02:44:49.444+0000] {processor.py:157} INFO - Started process (PID=63) to work on /opt/airflow/dags/spark_jobs_dag.py
[2023-08-15T02:44:49.446+0000] {processor.py:826} INFO - Processing file /opt/airflow/dags/spark_jobs_dag.py for tasks to queue
[2023-08-15T02:44:49.447+0000] {logging_mixin.py:149} INFO - [2023-08-15T02:44:49.447+0000] {dagbag.py:541} INFO - Filling up the DagBag from /opt/airflow/dags/spark_jobs_dag.py
[2023-08-15T02:44:49.461+0000] {processor.py:836} INFO - DAG(s) dict_keys(['spark_airflow_dag']) retrieved from /opt/airflow/dags/spark_jobs_dag.py
[2023-08-15T02:44:49.487+0000] {logging_mixin.py:149} INFO - [2023-08-15T02:44:49.486+0000] {dag.py:2726} INFO - Sync 1 DAGs
[2023-08-15T02:44:49.498+0000] {logging_mixin.py:149} INFO - [2023-08-15T02:44:49.498+0000] {dag.py:3486} INFO - Setting next_dagrun for spark_airflow_dag to None, run_after=None
[2023-08-15T02:44:49.506+0000] {processor.py:179} INFO - Processing /opt/airflow/dags/spark_jobs_dag.py took 0.067 seconds
[2023-08-15T02:45:19.703+0000] {processor.py:157} INFO - Started process (PID=71) to work on /opt/airflow/dags/spark_jobs_dag.py
[2023-08-15T02:45:19.704+0000] {processor.py:826} INFO - Processing file /opt/airflow/dags/spark_jobs_dag.py for tasks to queue
[2023-08-15T02:45:19.705+0000] {logging_mixin.py:149} INFO - [2023-08-15T02:45:19.705+0000] {dagbag.py:541} INFO - Filling up the DagBag from /opt/airflow/dags/spark_jobs_dag.py
[2023-08-15T02:45:19.713+0000] {processor.py:836} INFO - DAG(s) dict_keys(['spark_airflow_dag']) retrieved from /opt/airflow/dags/spark_jobs_dag.py
[2023-08-15T02:45:19.733+0000] {logging_mixin.py:149} INFO - [2023-08-15T02:45:19.733+0000] {dag.py:2726} INFO - Sync 1 DAGs
[2023-08-15T02:45:19.744+0000] {logging_mixin.py:149} INFO - [2023-08-15T02:45:19.744+0000] {dag.py:3486} INFO - Setting next_dagrun for spark_airflow_dag to None, run_after=None
[2023-08-15T02:45:19.754+0000] {processor.py:179} INFO - Processing /opt/airflow/dags/spark_jobs_dag.py took 0.053 seconds
[2023-08-15T02:45:50.098+0000] {processor.py:157} INFO - Started process (PID=79) to work on /opt/airflow/dags/spark_jobs_dag.py
[2023-08-15T02:45:50.100+0000] {processor.py:826} INFO - Processing file /opt/airflow/dags/spark_jobs_dag.py for tasks to queue
[2023-08-15T02:45:50.102+0000] {logging_mixin.py:149} INFO - [2023-08-15T02:45:50.101+0000] {dagbag.py:541} INFO - Filling up the DagBag from /opt/airflow/dags/spark_jobs_dag.py
[2023-08-15T02:45:50.118+0000] {processor.py:836} INFO - DAG(s) dict_keys(['spark_airflow_dag']) retrieved from /opt/airflow/dags/spark_jobs_dag.py
[2023-08-15T02:45:50.144+0000] {logging_mixin.py:149} INFO - [2023-08-15T02:45:50.144+0000] {dag.py:2726} INFO - Sync 1 DAGs
[2023-08-15T02:45:50.156+0000] {logging_mixin.py:149} INFO - [2023-08-15T02:45:50.156+0000] {dag.py:3486} INFO - Setting next_dagrun for spark_airflow_dag to None, run_after=None
[2023-08-15T02:45:50.165+0000] {processor.py:179} INFO - Processing /opt/airflow/dags/spark_jobs_dag.py took 0.072 seconds
[2023-08-15T02:46:20.417+0000] {processor.py:157} INFO - Started process (PID=87) to work on /opt/airflow/dags/spark_jobs_dag.py
[2023-08-15T02:46:20.419+0000] {processor.py:826} INFO - Processing file /opt/airflow/dags/spark_jobs_dag.py for tasks to queue
[2023-08-15T02:46:20.421+0000] {logging_mixin.py:149} INFO - [2023-08-15T02:46:20.421+0000] {dagbag.py:541} INFO - Filling up the DagBag from /opt/airflow/dags/spark_jobs_dag.py
[2023-08-15T02:46:20.435+0000] {processor.py:836} INFO - DAG(s) dict_keys(['spark_airflow_dag']) retrieved from /opt/airflow/dags/spark_jobs_dag.py
[2023-08-15T02:46:20.460+0000] {logging_mixin.py:149} INFO - [2023-08-15T02:46:20.460+0000] {dag.py:2726} INFO - Sync 1 DAGs
[2023-08-15T02:46:20.472+0000] {logging_mixin.py:149} INFO - [2023-08-15T02:46:20.472+0000] {dag.py:3486} INFO - Setting next_dagrun for spark_airflow_dag to None, run_after=None
[2023-08-15T02:46:20.481+0000] {processor.py:179} INFO - Processing /opt/airflow/dags/spark_jobs_dag.py took 0.069 seconds
[2023-08-15T02:46:50.735+0000] {processor.py:157} INFO - Started process (PID=95) to work on /opt/airflow/dags/spark_jobs_dag.py
[2023-08-15T02:46:50.737+0000] {processor.py:826} INFO - Processing file /opt/airflow/dags/spark_jobs_dag.py for tasks to queue
[2023-08-15T02:46:50.739+0000] {logging_mixin.py:149} INFO - [2023-08-15T02:46:50.739+0000] {dagbag.py:541} INFO - Filling up the DagBag from /opt/airflow/dags/spark_jobs_dag.py
[2023-08-15T02:46:50.757+0000] {processor.py:836} INFO - DAG(s) dict_keys(['spark_airflow_dag']) retrieved from /opt/airflow/dags/spark_jobs_dag.py
[2023-08-15T02:46:50.789+0000] {logging_mixin.py:149} INFO - [2023-08-15T02:46:50.788+0000] {dag.py:2726} INFO - Sync 1 DAGs
[2023-08-15T02:46:50.802+0000] {logging_mixin.py:149} INFO - [2023-08-15T02:46:50.802+0000] {dag.py:3486} INFO - Setting next_dagrun for spark_airflow_dag to None, run_after=None
[2023-08-15T02:46:50.811+0000] {processor.py:179} INFO - Processing /opt/airflow/dags/spark_jobs_dag.py took 0.080 seconds
[2023-08-15T02:47:21.110+0000] {processor.py:157} INFO - Started process (PID=103) to work on /opt/airflow/dags/spark_jobs_dag.py
[2023-08-15T02:47:21.112+0000] {processor.py:826} INFO - Processing file /opt/airflow/dags/spark_jobs_dag.py for tasks to queue
[2023-08-15T02:47:21.114+0000] {logging_mixin.py:149} INFO - [2023-08-15T02:47:21.113+0000] {dagbag.py:541} INFO - Filling up the DagBag from /opt/airflow/dags/spark_jobs_dag.py
[2023-08-15T02:47:21.130+0000] {processor.py:836} INFO - DAG(s) dict_keys(['spark_airflow_dag']) retrieved from /opt/airflow/dags/spark_jobs_dag.py
[2023-08-15T02:47:21.157+0000] {logging_mixin.py:149} INFO - [2023-08-15T02:47:21.157+0000] {dag.py:2726} INFO - Sync 1 DAGs
[2023-08-15T02:47:21.168+0000] {logging_mixin.py:149} INFO - [2023-08-15T02:47:21.168+0000] {dag.py:3486} INFO - Setting next_dagrun for spark_airflow_dag to None, run_after=None
[2023-08-15T02:47:21.177+0000] {processor.py:179} INFO - Processing /opt/airflow/dags/spark_jobs_dag.py took 0.071 seconds
[2023-08-15T02:47:51.451+0000] {processor.py:157} INFO - Started process (PID=111) to work on /opt/airflow/dags/spark_jobs_dag.py
[2023-08-15T02:47:51.453+0000] {processor.py:826} INFO - Processing file /opt/airflow/dags/spark_jobs_dag.py for tasks to queue
[2023-08-15T02:47:51.455+0000] {logging_mixin.py:149} INFO - [2023-08-15T02:47:51.454+0000] {dagbag.py:541} INFO - Filling up the DagBag from /opt/airflow/dags/spark_jobs_dag.py
[2023-08-15T02:47:51.470+0000] {processor.py:836} INFO - DAG(s) dict_keys(['spark_airflow_dag']) retrieved from /opt/airflow/dags/spark_jobs_dag.py
[2023-08-15T02:47:51.496+0000] {logging_mixin.py:149} INFO - [2023-08-15T02:47:51.495+0000] {dag.py:2726} INFO - Sync 1 DAGs
[2023-08-15T02:47:51.507+0000] {logging_mixin.py:149} INFO - [2023-08-15T02:47:51.507+0000] {dag.py:3486} INFO - Setting next_dagrun for spark_airflow_dag to None, run_after=None
[2023-08-15T02:47:51.516+0000] {processor.py:179} INFO - Processing /opt/airflow/dags/spark_jobs_dag.py took 0.069 seconds
[2023-08-15T02:48:21.740+0000] {processor.py:157} INFO - Started process (PID=119) to work on /opt/airflow/dags/spark_jobs_dag.py
[2023-08-15T02:48:21.742+0000] {processor.py:826} INFO - Processing file /opt/airflow/dags/spark_jobs_dag.py for tasks to queue
[2023-08-15T02:48:21.743+0000] {logging_mixin.py:149} INFO - [2023-08-15T02:48:21.743+0000] {dagbag.py:541} INFO - Filling up the DagBag from /opt/airflow/dags/spark_jobs_dag.py
[2023-08-15T02:48:21.758+0000] {processor.py:836} INFO - DAG(s) dict_keys(['spark_airflow_dag']) retrieved from /opt/airflow/dags/spark_jobs_dag.py
[2023-08-15T02:48:21.784+0000] {logging_mixin.py:149} INFO - [2023-08-15T02:48:21.784+0000] {dag.py:2726} INFO - Sync 1 DAGs
[2023-08-15T02:48:21.795+0000] {logging_mixin.py:149} INFO - [2023-08-15T02:48:21.795+0000] {dag.py:3486} INFO - Setting next_dagrun for spark_airflow_dag to None, run_after=None
[2023-08-15T02:48:21.805+0000] {processor.py:179} INFO - Processing /opt/airflow/dags/spark_jobs_dag.py took 0.069 seconds
[2023-08-15T02:48:52.067+0000] {processor.py:157} INFO - Started process (PID=127) to work on /opt/airflow/dags/spark_jobs_dag.py
[2023-08-15T02:48:52.069+0000] {processor.py:826} INFO - Processing file /opt/airflow/dags/spark_jobs_dag.py for tasks to queue
[2023-08-15T02:48:52.070+0000] {logging_mixin.py:149} INFO - [2023-08-15T02:48:52.070+0000] {dagbag.py:541} INFO - Filling up the DagBag from /opt/airflow/dags/spark_jobs_dag.py
[2023-08-15T02:48:52.086+0000] {processor.py:836} INFO - DAG(s) dict_keys(['spark_airflow_dag']) retrieved from /opt/airflow/dags/spark_jobs_dag.py
[2023-08-15T02:48:52.113+0000] {logging_mixin.py:149} INFO - [2023-08-15T02:48:52.113+0000] {dag.py:2726} INFO - Sync 1 DAGs
[2023-08-15T02:48:52.125+0000] {logging_mixin.py:149} INFO - [2023-08-15T02:48:52.125+0000] {dag.py:3486} INFO - Setting next_dagrun for spark_airflow_dag to None, run_after=None
[2023-08-15T02:48:52.134+0000] {processor.py:179} INFO - Processing /opt/airflow/dags/spark_jobs_dag.py took 0.071 seconds
[2023-08-15T02:49:22.394+0000] {processor.py:157} INFO - Started process (PID=135) to work on /opt/airflow/dags/spark_jobs_dag.py
[2023-08-15T02:49:22.396+0000] {processor.py:826} INFO - Processing file /opt/airflow/dags/spark_jobs_dag.py for tasks to queue
[2023-08-15T02:49:22.397+0000] {logging_mixin.py:149} INFO - [2023-08-15T02:49:22.397+0000] {dagbag.py:541} INFO - Filling up the DagBag from /opt/airflow/dags/spark_jobs_dag.py
[2023-08-15T02:49:22.413+0000] {processor.py:836} INFO - DAG(s) dict_keys(['spark_airflow_dag']) retrieved from /opt/airflow/dags/spark_jobs_dag.py
[2023-08-15T02:49:22.440+0000] {logging_mixin.py:149} INFO - [2023-08-15T02:49:22.440+0000] {dag.py:2726} INFO - Sync 1 DAGs
[2023-08-15T02:49:22.452+0000] {logging_mixin.py:149} INFO - [2023-08-15T02:49:22.452+0000] {dag.py:3486} INFO - Setting next_dagrun for spark_airflow_dag to None, run_after=None
[2023-08-15T02:49:22.461+0000] {processor.py:179} INFO - Processing /opt/airflow/dags/spark_jobs_dag.py took 0.071 seconds
[2023-08-15T02:49:52.701+0000] {processor.py:157} INFO - Started process (PID=143) to work on /opt/airflow/dags/spark_jobs_dag.py
[2023-08-15T02:49:52.702+0000] {processor.py:826} INFO - Processing file /opt/airflow/dags/spark_jobs_dag.py for tasks to queue
[2023-08-15T02:49:52.703+0000] {logging_mixin.py:149} INFO - [2023-08-15T02:49:52.703+0000] {dagbag.py:541} INFO - Filling up the DagBag from /opt/airflow/dags/spark_jobs_dag.py
[2023-08-15T02:49:52.719+0000] {processor.py:836} INFO - DAG(s) dict_keys(['spark_airflow_dag']) retrieved from /opt/airflow/dags/spark_jobs_dag.py
[2023-08-15T02:49:52.746+0000] {logging_mixin.py:149} INFO - [2023-08-15T02:49:52.746+0000] {dag.py:2726} INFO - Sync 1 DAGs
[2023-08-15T02:49:52.759+0000] {logging_mixin.py:149} INFO - [2023-08-15T02:49:52.759+0000] {dag.py:3486} INFO - Setting next_dagrun for spark_airflow_dag to None, run_after=None
[2023-08-15T02:49:52.768+0000] {processor.py:179} INFO - Processing /opt/airflow/dags/spark_jobs_dag.py took 0.071 seconds
[2023-08-15T02:50:22.980+0000] {processor.py:157} INFO - Started process (PID=150) to work on /opt/airflow/dags/spark_jobs_dag.py
[2023-08-15T02:50:22.982+0000] {processor.py:826} INFO - Processing file /opt/airflow/dags/spark_jobs_dag.py for tasks to queue
[2023-08-15T02:50:22.983+0000] {logging_mixin.py:149} INFO - [2023-08-15T02:50:22.983+0000] {dagbag.py:541} INFO - Filling up the DagBag from /opt/airflow/dags/spark_jobs_dag.py
[2023-08-15T02:50:22.996+0000] {processor.py:836} INFO - DAG(s) dict_keys(['spark_airflow_dag']) retrieved from /opt/airflow/dags/spark_jobs_dag.py
[2023-08-15T02:50:23.017+0000] {logging_mixin.py:149} INFO - [2023-08-15T02:50:23.017+0000] {dag.py:2726} INFO - Sync 1 DAGs
[2023-08-15T02:50:23.029+0000] {logging_mixin.py:149} INFO - [2023-08-15T02:50:23.029+0000] {dag.py:3486} INFO - Setting next_dagrun for spark_airflow_dag to None, run_after=None
[2023-08-15T02:50:23.037+0000] {processor.py:179} INFO - Processing /opt/airflow/dags/spark_jobs_dag.py took 0.061 seconds
[2023-08-15T02:50:53.277+0000] {processor.py:157} INFO - Started process (PID=158) to work on /opt/airflow/dags/spark_jobs_dag.py
[2023-08-15T02:50:53.278+0000] {processor.py:826} INFO - Processing file /opt/airflow/dags/spark_jobs_dag.py for tasks to queue
[2023-08-15T02:50:53.278+0000] {logging_mixin.py:149} INFO - [2023-08-15T02:50:53.278+0000] {dagbag.py:541} INFO - Filling up the DagBag from /opt/airflow/dags/spark_jobs_dag.py
[2023-08-15T02:50:53.288+0000] {processor.py:836} INFO - DAG(s) dict_keys(['spark_airflow_dag']) retrieved from /opt/airflow/dags/spark_jobs_dag.py
[2023-08-15T02:50:53.308+0000] {logging_mixin.py:149} INFO - [2023-08-15T02:50:53.308+0000] {dag.py:2726} INFO - Sync 1 DAGs
[2023-08-15T02:50:53.320+0000] {logging_mixin.py:149} INFO - [2023-08-15T02:50:53.320+0000] {dag.py:3486} INFO - Setting next_dagrun for spark_airflow_dag to None, run_after=None
[2023-08-15T02:50:53.329+0000] {processor.py:179} INFO - Processing /opt/airflow/dags/spark_jobs_dag.py took 0.054 seconds
[2023-08-15T02:51:23.617+0000] {processor.py:157} INFO - Started process (PID=166) to work on /opt/airflow/dags/spark_jobs_dag.py
[2023-08-15T02:51:23.618+0000] {processor.py:826} INFO - Processing file /opt/airflow/dags/spark_jobs_dag.py for tasks to queue
[2023-08-15T02:51:23.619+0000] {logging_mixin.py:149} INFO - [2023-08-15T02:51:23.619+0000] {dagbag.py:541} INFO - Filling up the DagBag from /opt/airflow/dags/spark_jobs_dag.py
[2023-08-15T02:51:23.627+0000] {processor.py:836} INFO - DAG(s) dict_keys(['spark_airflow_dag']) retrieved from /opt/airflow/dags/spark_jobs_dag.py
[2023-08-15T02:51:23.646+0000] {logging_mixin.py:149} INFO - [2023-08-15T02:51:23.646+0000] {dag.py:2726} INFO - Sync 1 DAGs
[2023-08-15T02:51:23.658+0000] {logging_mixin.py:149} INFO - [2023-08-15T02:51:23.658+0000] {dag.py:3486} INFO - Setting next_dagrun for spark_airflow_dag to None, run_after=None
[2023-08-15T02:51:23.667+0000] {processor.py:179} INFO - Processing /opt/airflow/dags/spark_jobs_dag.py took 0.052 seconds
[2023-08-15T02:51:53.956+0000] {processor.py:157} INFO - Started process (PID=174) to work on /opt/airflow/dags/spark_jobs_dag.py
[2023-08-15T02:51:53.958+0000] {processor.py:826} INFO - Processing file /opt/airflow/dags/spark_jobs_dag.py for tasks to queue
[2023-08-15T02:51:53.959+0000] {logging_mixin.py:149} INFO - [2023-08-15T02:51:53.959+0000] {dagbag.py:541} INFO - Filling up the DagBag from /opt/airflow/dags/spark_jobs_dag.py
[2023-08-15T02:51:53.975+0000] {processor.py:836} INFO - DAG(s) dict_keys(['spark_airflow_dag']) retrieved from /opt/airflow/dags/spark_jobs_dag.py
[2023-08-15T02:51:54.001+0000] {logging_mixin.py:149} INFO - [2023-08-15T02:51:54.001+0000] {dag.py:2726} INFO - Sync 1 DAGs
[2023-08-15T02:51:54.014+0000] {logging_mixin.py:149} INFO - [2023-08-15T02:51:54.014+0000] {dag.py:3486} INFO - Setting next_dagrun for spark_airflow_dag to None, run_after=None
[2023-08-15T02:51:54.023+0000] {processor.py:179} INFO - Processing /opt/airflow/dags/spark_jobs_dag.py took 0.072 seconds
[2023-08-15T02:52:24.322+0000] {processor.py:157} INFO - Started process (PID=182) to work on /opt/airflow/dags/spark_jobs_dag.py
[2023-08-15T02:52:24.324+0000] {processor.py:826} INFO - Processing file /opt/airflow/dags/spark_jobs_dag.py for tasks to queue
[2023-08-15T02:52:24.325+0000] {logging_mixin.py:149} INFO - [2023-08-15T02:52:24.325+0000] {dagbag.py:541} INFO - Filling up the DagBag from /opt/airflow/dags/spark_jobs_dag.py
[2023-08-15T02:52:24.341+0000] {processor.py:836} INFO - DAG(s) dict_keys(['spark_airflow_dag']) retrieved from /opt/airflow/dags/spark_jobs_dag.py
[2023-08-15T02:52:24.369+0000] {logging_mixin.py:149} INFO - [2023-08-15T02:52:24.369+0000] {dag.py:2726} INFO - Sync 1 DAGs
[2023-08-15T02:52:24.381+0000] {logging_mixin.py:149} INFO - [2023-08-15T02:52:24.380+0000] {dag.py:3486} INFO - Setting next_dagrun for spark_airflow_dag to None, run_after=None
[2023-08-15T02:52:24.390+0000] {processor.py:179} INFO - Processing /opt/airflow/dags/spark_jobs_dag.py took 0.073 seconds
[2023-08-15T02:52:54.635+0000] {processor.py:157} INFO - Started process (PID=190) to work on /opt/airflow/dags/spark_jobs_dag.py
[2023-08-15T02:52:54.637+0000] {processor.py:826} INFO - Processing file /opt/airflow/dags/spark_jobs_dag.py for tasks to queue
[2023-08-15T02:52:54.638+0000] {logging_mixin.py:149} INFO - [2023-08-15T02:52:54.638+0000] {dagbag.py:541} INFO - Filling up the DagBag from /opt/airflow/dags/spark_jobs_dag.py
[2023-08-15T02:52:54.652+0000] {processor.py:836} INFO - DAG(s) dict_keys(['spark_airflow_dag']) retrieved from /opt/airflow/dags/spark_jobs_dag.py
[2023-08-15T02:52:54.676+0000] {logging_mixin.py:149} INFO - [2023-08-15T02:52:54.676+0000] {dag.py:2726} INFO - Sync 1 DAGs
[2023-08-15T02:52:54.688+0000] {logging_mixin.py:149} INFO - [2023-08-15T02:52:54.688+0000] {dag.py:3486} INFO - Setting next_dagrun for spark_airflow_dag to None, run_after=None
[2023-08-15T02:52:54.696+0000] {processor.py:179} INFO - Processing /opt/airflow/dags/spark_jobs_dag.py took 0.066 seconds
[2023-08-15T02:53:24.979+0000] {processor.py:157} INFO - Started process (PID=198) to work on /opt/airflow/dags/spark_jobs_dag.py
[2023-08-15T02:53:24.982+0000] {processor.py:826} INFO - Processing file /opt/airflow/dags/spark_jobs_dag.py for tasks to queue
[2023-08-15T02:53:24.983+0000] {logging_mixin.py:149} INFO - [2023-08-15T02:53:24.983+0000] {dagbag.py:541} INFO - Filling up the DagBag from /opt/airflow/dags/spark_jobs_dag.py
[2023-08-15T02:53:24.999+0000] {processor.py:836} INFO - DAG(s) dict_keys(['spark_airflow_dag']) retrieved from /opt/airflow/dags/spark_jobs_dag.py
[2023-08-15T02:53:25.026+0000] {logging_mixin.py:149} INFO - [2023-08-15T02:53:25.026+0000] {dag.py:2726} INFO - Sync 1 DAGs
[2023-08-15T02:53:25.038+0000] {logging_mixin.py:149} INFO - [2023-08-15T02:53:25.038+0000] {dag.py:3486} INFO - Setting next_dagrun for spark_airflow_dag to None, run_after=None
[2023-08-15T02:53:25.046+0000] {processor.py:179} INFO - Processing /opt/airflow/dags/spark_jobs_dag.py took 0.072 seconds
[2023-08-15T02:53:55.322+0000] {processor.py:157} INFO - Started process (PID=206) to work on /opt/airflow/dags/spark_jobs_dag.py
[2023-08-15T02:53:55.324+0000] {processor.py:826} INFO - Processing file /opt/airflow/dags/spark_jobs_dag.py for tasks to queue
[2023-08-15T02:53:55.325+0000] {logging_mixin.py:149} INFO - [2023-08-15T02:53:55.325+0000] {dagbag.py:541} INFO - Filling up the DagBag from /opt/airflow/dags/spark_jobs_dag.py
[2023-08-15T02:53:55.341+0000] {processor.py:836} INFO - DAG(s) dict_keys(['spark_airflow_dag']) retrieved from /opt/airflow/dags/spark_jobs_dag.py
[2023-08-15T02:53:55.368+0000] {logging_mixin.py:149} INFO - [2023-08-15T02:53:55.368+0000] {dag.py:2726} INFO - Sync 1 DAGs
[2023-08-15T02:53:55.380+0000] {logging_mixin.py:149} INFO - [2023-08-15T02:53:55.380+0000] {dag.py:3486} INFO - Setting next_dagrun for spark_airflow_dag to None, run_after=None
[2023-08-15T02:53:55.389+0000] {processor.py:179} INFO - Processing /opt/airflow/dags/spark_jobs_dag.py took 0.073 seconds
[2023-08-15T02:54:25.659+0000] {processor.py:157} INFO - Started process (PID=214) to work on /opt/airflow/dags/spark_jobs_dag.py
[2023-08-15T02:54:25.661+0000] {processor.py:826} INFO - Processing file /opt/airflow/dags/spark_jobs_dag.py for tasks to queue
[2023-08-15T02:54:25.663+0000] {logging_mixin.py:149} INFO - [2023-08-15T02:54:25.663+0000] {dagbag.py:541} INFO - Filling up the DagBag from /opt/airflow/dags/spark_jobs_dag.py
[2023-08-15T02:54:25.678+0000] {processor.py:836} INFO - DAG(s) dict_keys(['spark_airflow_dag']) retrieved from /opt/airflow/dags/spark_jobs_dag.py
[2023-08-15T02:54:25.704+0000] {logging_mixin.py:149} INFO - [2023-08-15T02:54:25.704+0000] {dag.py:2726} INFO - Sync 1 DAGs
[2023-08-15T02:54:25.717+0000] {logging_mixin.py:149} INFO - [2023-08-15T02:54:25.717+0000] {dag.py:3486} INFO - Setting next_dagrun for spark_airflow_dag to None, run_after=None
[2023-08-15T02:54:25.726+0000] {processor.py:179} INFO - Processing /opt/airflow/dags/spark_jobs_dag.py took 0.071 seconds
[2023-08-15T02:54:55.959+0000] {processor.py:157} INFO - Started process (PID=222) to work on /opt/airflow/dags/spark_jobs_dag.py
[2023-08-15T02:54:55.961+0000] {processor.py:826} INFO - Processing file /opt/airflow/dags/spark_jobs_dag.py for tasks to queue
[2023-08-15T02:54:55.963+0000] {logging_mixin.py:149} INFO - [2023-08-15T02:54:55.962+0000] {dagbag.py:541} INFO - Filling up the DagBag from /opt/airflow/dags/spark_jobs_dag.py
[2023-08-15T02:54:55.981+0000] {processor.py:836} INFO - DAG(s) dict_keys(['spark_airflow_dag']) retrieved from /opt/airflow/dags/spark_jobs_dag.py
[2023-08-15T02:54:56.007+0000] {logging_mixin.py:149} INFO - [2023-08-15T02:54:56.007+0000] {dag.py:2726} INFO - Sync 1 DAGs
[2023-08-15T02:54:56.019+0000] {logging_mixin.py:149} INFO - [2023-08-15T02:54:56.019+0000] {dag.py:3486} INFO - Setting next_dagrun for spark_airflow_dag to None, run_after=None
[2023-08-15T02:54:56.028+0000] {processor.py:179} INFO - Processing /opt/airflow/dags/spark_jobs_dag.py took 0.076 seconds
[2023-08-15T02:55:26.315+0000] {processor.py:157} INFO - Started process (PID=230) to work on /opt/airflow/dags/spark_jobs_dag.py
[2023-08-15T02:55:26.317+0000] {processor.py:826} INFO - Processing file /opt/airflow/dags/spark_jobs_dag.py for tasks to queue
[2023-08-15T02:55:26.318+0000] {logging_mixin.py:149} INFO - [2023-08-15T02:55:26.318+0000] {dagbag.py:541} INFO - Filling up the DagBag from /opt/airflow/dags/spark_jobs_dag.py
[2023-08-15T02:55:26.338+0000] {processor.py:836} INFO - DAG(s) dict_keys(['spark_airflow_dag']) retrieved from /opt/airflow/dags/spark_jobs_dag.py
[2023-08-15T02:55:26.366+0000] {logging_mixin.py:149} INFO - [2023-08-15T02:55:26.366+0000] {dag.py:2726} INFO - Sync 1 DAGs
[2023-08-15T02:55:26.379+0000] {logging_mixin.py:149} INFO - [2023-08-15T02:55:26.379+0000] {dag.py:3486} INFO - Setting next_dagrun for spark_airflow_dag to None, run_after=None
[2023-08-15T02:55:26.389+0000] {processor.py:179} INFO - Processing /opt/airflow/dags/spark_jobs_dag.py took 0.080 seconds
[2023-08-15T02:55:56.611+0000] {processor.py:157} INFO - Started process (PID=238) to work on /opt/airflow/dags/spark_jobs_dag.py
[2023-08-15T02:55:56.613+0000] {processor.py:826} INFO - Processing file /opt/airflow/dags/spark_jobs_dag.py for tasks to queue
[2023-08-15T02:55:56.614+0000] {logging_mixin.py:149} INFO - [2023-08-15T02:55:56.614+0000] {dagbag.py:541} INFO - Filling up the DagBag from /opt/airflow/dags/spark_jobs_dag.py
[2023-08-15T02:55:56.633+0000] {processor.py:836} INFO - DAG(s) dict_keys(['spark_airflow_dag']) retrieved from /opt/airflow/dags/spark_jobs_dag.py
[2023-08-15T02:55:56.659+0000] {logging_mixin.py:149} INFO - [2023-08-15T02:55:56.659+0000] {dag.py:2726} INFO - Sync 1 DAGs
[2023-08-15T02:55:56.671+0000] {logging_mixin.py:149} INFO - [2023-08-15T02:55:56.671+0000] {dag.py:3486} INFO - Setting next_dagrun for spark_airflow_dag to None, run_after=None
[2023-08-15T02:55:56.680+0000] {processor.py:179} INFO - Processing /opt/airflow/dags/spark_jobs_dag.py took 0.075 seconds
[2023-08-15T02:56:26.917+0000] {processor.py:157} INFO - Started process (PID=246) to work on /opt/airflow/dags/spark_jobs_dag.py
[2023-08-15T02:56:26.919+0000] {processor.py:826} INFO - Processing file /opt/airflow/dags/spark_jobs_dag.py for tasks to queue
[2023-08-15T02:56:26.920+0000] {logging_mixin.py:149} INFO - [2023-08-15T02:56:26.920+0000] {dagbag.py:541} INFO - Filling up the DagBag from /opt/airflow/dags/spark_jobs_dag.py
[2023-08-15T02:56:26.936+0000] {processor.py:836} INFO - DAG(s) dict_keys(['spark_airflow_dag']) retrieved from /opt/airflow/dags/spark_jobs_dag.py
[2023-08-15T02:56:26.963+0000] {logging_mixin.py:149} INFO - [2023-08-15T02:56:26.963+0000] {dag.py:2726} INFO - Sync 1 DAGs
[2023-08-15T02:56:26.974+0000] {logging_mixin.py:149} INFO - [2023-08-15T02:56:26.974+0000] {dag.py:3486} INFO - Setting next_dagrun for spark_airflow_dag to None, run_after=None
[2023-08-15T02:56:26.983+0000] {processor.py:179} INFO - Processing /opt/airflow/dags/spark_jobs_dag.py took 0.070 seconds
[2023-08-15T02:56:57.260+0000] {processor.py:157} INFO - Started process (PID=254) to work on /opt/airflow/dags/spark_jobs_dag.py
[2023-08-15T02:56:57.262+0000] {processor.py:826} INFO - Processing file /opt/airflow/dags/spark_jobs_dag.py for tasks to queue
[2023-08-15T02:56:57.264+0000] {logging_mixin.py:149} INFO - [2023-08-15T02:56:57.264+0000] {dagbag.py:541} INFO - Filling up the DagBag from /opt/airflow/dags/spark_jobs_dag.py
[2023-08-15T02:56:57.281+0000] {processor.py:836} INFO - DAG(s) dict_keys(['spark_airflow_dag']) retrieved from /opt/airflow/dags/spark_jobs_dag.py
[2023-08-15T02:56:57.308+0000] {logging_mixin.py:149} INFO - [2023-08-15T02:56:57.308+0000] {dag.py:2726} INFO - Sync 1 DAGs
[2023-08-15T02:56:57.320+0000] {logging_mixin.py:149} INFO - [2023-08-15T02:56:57.320+0000] {dag.py:3486} INFO - Setting next_dagrun for spark_airflow_dag to None, run_after=None
[2023-08-15T02:56:57.329+0000] {processor.py:179} INFO - Processing /opt/airflow/dags/spark_jobs_dag.py took 0.075 seconds
[2023-08-15T02:57:27.620+0000] {processor.py:157} INFO - Started process (PID=262) to work on /opt/airflow/dags/spark_jobs_dag.py
[2023-08-15T02:57:27.621+0000] {processor.py:826} INFO - Processing file /opt/airflow/dags/spark_jobs_dag.py for tasks to queue
[2023-08-15T02:57:27.623+0000] {logging_mixin.py:149} INFO - [2023-08-15T02:57:27.622+0000] {dagbag.py:541} INFO - Filling up the DagBag from /opt/airflow/dags/spark_jobs_dag.py
[2023-08-15T02:57:27.638+0000] {processor.py:836} INFO - DAG(s) dict_keys(['spark_airflow_dag']) retrieved from /opt/airflow/dags/spark_jobs_dag.py
[2023-08-15T02:57:27.666+0000] {logging_mixin.py:149} INFO - [2023-08-15T02:57:27.665+0000] {dag.py:2726} INFO - Sync 1 DAGs
[2023-08-15T02:57:27.679+0000] {logging_mixin.py:149} INFO - [2023-08-15T02:57:27.679+0000] {dag.py:3486} INFO - Setting next_dagrun for spark_airflow_dag to None, run_after=None
[2023-08-15T02:57:27.688+0000] {processor.py:179} INFO - Processing /opt/airflow/dags/spark_jobs_dag.py took 0.074 seconds
[2023-08-15T02:57:57.964+0000] {processor.py:157} INFO - Started process (PID=270) to work on /opt/airflow/dags/spark_jobs_dag.py
[2023-08-15T02:57:57.965+0000] {processor.py:826} INFO - Processing file /opt/airflow/dags/spark_jobs_dag.py for tasks to queue
[2023-08-15T02:57:57.967+0000] {logging_mixin.py:149} INFO - [2023-08-15T02:57:57.967+0000] {dagbag.py:541} INFO - Filling up the DagBag from /opt/airflow/dags/spark_jobs_dag.py
[2023-08-15T02:57:57.982+0000] {processor.py:836} INFO - DAG(s) dict_keys(['spark_airflow_dag']) retrieved from /opt/airflow/dags/spark_jobs_dag.py
[2023-08-15T02:57:58.010+0000] {logging_mixin.py:149} INFO - [2023-08-15T02:57:58.009+0000] {dag.py:2726} INFO - Sync 1 DAGs
[2023-08-15T02:57:58.022+0000] {logging_mixin.py:149} INFO - [2023-08-15T02:57:58.022+0000] {dag.py:3486} INFO - Setting next_dagrun for spark_airflow_dag to None, run_after=None
[2023-08-15T02:57:58.031+0000] {processor.py:179} INFO - Processing /opt/airflow/dags/spark_jobs_dag.py took 0.072 seconds
[2023-08-15T02:58:28.343+0000] {processor.py:157} INFO - Started process (PID=278) to work on /opt/airflow/dags/spark_jobs_dag.py
[2023-08-15T02:58:28.345+0000] {processor.py:826} INFO - Processing file /opt/airflow/dags/spark_jobs_dag.py for tasks to queue
[2023-08-15T02:58:28.347+0000] {logging_mixin.py:149} INFO - [2023-08-15T02:58:28.346+0000] {dagbag.py:541} INFO - Filling up the DagBag from /opt/airflow/dags/spark_jobs_dag.py
[2023-08-15T02:58:28.362+0000] {processor.py:836} INFO - DAG(s) dict_keys(['spark_airflow_dag']) retrieved from /opt/airflow/dags/spark_jobs_dag.py
[2023-08-15T02:58:28.388+0000] {logging_mixin.py:149} INFO - [2023-08-15T02:58:28.388+0000] {dag.py:2726} INFO - Sync 1 DAGs
[2023-08-15T02:58:28.400+0000] {logging_mixin.py:149} INFO - [2023-08-15T02:58:28.400+0000] {dag.py:3486} INFO - Setting next_dagrun for spark_airflow_dag to None, run_after=None
[2023-08-15T02:58:28.408+0000] {processor.py:179} INFO - Processing /opt/airflow/dags/spark_jobs_dag.py took 0.069 seconds
[2023-08-15T02:58:58.654+0000] {processor.py:157} INFO - Started process (PID=286) to work on /opt/airflow/dags/spark_jobs_dag.py
[2023-08-15T02:58:58.656+0000] {processor.py:826} INFO - Processing file /opt/airflow/dags/spark_jobs_dag.py for tasks to queue
[2023-08-15T02:58:58.657+0000] {logging_mixin.py:149} INFO - [2023-08-15T02:58:58.657+0000] {dagbag.py:541} INFO - Filling up the DagBag from /opt/airflow/dags/spark_jobs_dag.py
[2023-08-15T02:58:58.673+0000] {processor.py:836} INFO - DAG(s) dict_keys(['spark_airflow_dag']) retrieved from /opt/airflow/dags/spark_jobs_dag.py
[2023-08-15T02:58:58.700+0000] {logging_mixin.py:149} INFO - [2023-08-15T02:58:58.700+0000] {dag.py:2726} INFO - Sync 1 DAGs
[2023-08-15T02:58:58.712+0000] {logging_mixin.py:149} INFO - [2023-08-15T02:58:58.711+0000] {dag.py:3486} INFO - Setting next_dagrun for spark_airflow_dag to None, run_after=None
[2023-08-15T02:58:58.721+0000] {processor.py:179} INFO - Processing /opt/airflow/dags/spark_jobs_dag.py took 0.071 seconds
[2023-08-15T02:59:28.987+0000] {processor.py:157} INFO - Started process (PID=294) to work on /opt/airflow/dags/spark_jobs_dag.py
[2023-08-15T02:59:28.990+0000] {processor.py:826} INFO - Processing file /opt/airflow/dags/spark_jobs_dag.py for tasks to queue
[2023-08-15T02:59:28.991+0000] {logging_mixin.py:149} INFO - [2023-08-15T02:59:28.991+0000] {dagbag.py:541} INFO - Filling up the DagBag from /opt/airflow/dags/spark_jobs_dag.py
[2023-08-15T02:59:29.013+0000] {processor.py:836} INFO - DAG(s) dict_keys(['spark_airflow_dag']) retrieved from /opt/airflow/dags/spark_jobs_dag.py
[2023-08-15T02:59:29.038+0000] {logging_mixin.py:149} INFO - [2023-08-15T02:59:29.038+0000] {dag.py:2726} INFO - Sync 1 DAGs
[2023-08-15T02:59:29.051+0000] {logging_mixin.py:149} INFO - [2023-08-15T02:59:29.051+0000] {dag.py:3486} INFO - Setting next_dagrun for spark_airflow_dag to None, run_after=None
[2023-08-15T02:59:29.060+0000] {processor.py:179} INFO - Processing /opt/airflow/dags/spark_jobs_dag.py took 0.078 seconds
[2023-08-15T02:59:55.273+0000] {processor.py:157} INFO - Started process (PID=302) to work on /opt/airflow/dags/spark_jobs_dag.py
[2023-08-15T02:59:55.275+0000] {processor.py:826} INFO - Processing file /opt/airflow/dags/spark_jobs_dag.py for tasks to queue
[2023-08-15T02:59:55.276+0000] {logging_mixin.py:149} INFO - [2023-08-15T02:59:55.276+0000] {dagbag.py:541} INFO - Filling up the DagBag from /opt/airflow/dags/spark_jobs_dag.py
[2023-08-15T02:59:55.289+0000] {processor.py:836} INFO - DAG(s) dict_keys(['spark_airflow_dag']) retrieved from /opt/airflow/dags/spark_jobs_dag.py
[2023-08-15T02:59:55.338+0000] {logging_mixin.py:149} INFO - [2023-08-15T02:59:55.338+0000] {dag.py:2726} INFO - Sync 1 DAGs
[2023-08-15T02:59:55.358+0000] {logging_mixin.py:149} INFO - [2023-08-15T02:59:55.358+0000] {dag.py:3486} INFO - Setting next_dagrun for spark_airflow_dag to None, run_after=None
[2023-08-15T02:59:55.390+0000] {processor.py:179} INFO - Processing /opt/airflow/dags/spark_jobs_dag.py took 0.119 seconds
[2023-08-15T02:59:56.341+0000] {processor.py:157} INFO - Started process (PID=303) to work on /opt/airflow/dags/spark_jobs_dag.py
[2023-08-15T02:59:56.344+0000] {processor.py:826} INFO - Processing file /opt/airflow/dags/spark_jobs_dag.py for tasks to queue
[2023-08-15T02:59:56.345+0000] {logging_mixin.py:149} INFO - [2023-08-15T02:59:56.345+0000] {dagbag.py:541} INFO - Filling up the DagBag from /opt/airflow/dags/spark_jobs_dag.py
[2023-08-15T02:59:56.368+0000] {processor.py:836} INFO - DAG(s) dict_keys(['spark_airflow_dag']) retrieved from /opt/airflow/dags/spark_jobs_dag.py
[2023-08-15T02:59:56.383+0000] {logging_mixin.py:149} INFO - [2023-08-15T02:59:56.383+0000] {dag.py:2726} INFO - Sync 1 DAGs
[2023-08-15T02:59:56.396+0000] {logging_mixin.py:149} INFO - [2023-08-15T02:59:56.396+0000] {dag.py:3486} INFO - Setting next_dagrun for spark_airflow_dag to None, run_after=None
[2023-08-15T02:59:56.406+0000] {processor.py:179} INFO - Processing /opt/airflow/dags/spark_jobs_dag.py took 0.071 seconds
