[2023-08-17T03:55:19.338+0000] {taskinstance.py:1103} INFO - Dependencies all met for dep_context=non-requeueable deps ti=<TaskInstance: spark_airflow_dag.spark_submit_task manual__2023-08-17T03:55:18.076418+00:00 [queued]>
[2023-08-17T03:55:19.345+0000] {taskinstance.py:1103} INFO - Dependencies all met for dep_context=requeueable deps ti=<TaskInstance: spark_airflow_dag.spark_submit_task manual__2023-08-17T03:55:18.076418+00:00 [queued]>
[2023-08-17T03:55:19.345+0000] {taskinstance.py:1308} INFO - Starting attempt 1 of 1
[2023-08-17T03:55:19.354+0000] {taskinstance.py:1327} INFO - Executing <Task(SparkSubmitOperator): spark_submit_task> on 2023-08-17 03:55:18.076418+00:00
[2023-08-17T03:55:19.357+0000] {standard_task_runner.py:57} INFO - Started process 161 to run task
[2023-08-17T03:55:19.362+0000] {standard_task_runner.py:84} INFO - Running: ['***', 'tasks', 'run', 'spark_***_dag', 'spark_submit_task', 'manual__2023-08-17T03:55:18.076418+00:00', '--job-id', '3', '--raw', '--subdir', 'DAGS_FOLDER/spark_jobs_dag.py', '--cfg-path', '/tmp/tmp636cj6_b']
[2023-08-17T03:55:19.363+0000] {standard_task_runner.py:85} INFO - Job 3: Subtask spark_submit_task
[2023-08-17T03:55:19.416+0000] {task_command.py:410} INFO - Running <TaskInstance: spark_airflow_dag.spark_submit_task manual__2023-08-17T03:55:18.076418+00:00 [running]> on host 0d68e811d1ff
[2023-08-17T03:55:19.485+0000] {taskinstance.py:1545} INFO - Exporting env vars: AIRFLOW_CTX_DAG_OWNER='***' AIRFLOW_CTX_DAG_ID='spark_***_dag' AIRFLOW_CTX_TASK_ID='spark_submit_task' AIRFLOW_CTX_EXECUTION_DATE='2023-08-17T03:55:18.076418+00:00' AIRFLOW_CTX_TRY_NUMBER='1' AIRFLOW_CTX_DAG_RUN_ID='manual__2023-08-17T03:55:18.076418+00:00'
[2023-08-17T03:55:19.496+0000] {base.py:73} INFO - Using connection ID 'spark_local' for task execution.
[2023-08-17T03:55:19.498+0000] {spark_submit.py:340} INFO - Spark-Submit cmd: spark-submit --master spark://spark:7077 --name arrow-spark /opt/***/dags/spark_processing.py
[2023-08-17T03:55:19.585+0000] {spark_submit.py:491} INFO - /home/***/.local/lib/python3.10/site-packages/pyspark/bin/load-spark-env.sh: line 68: ps: command not found
[2023-08-17T03:55:21.791+0000] {spark_submit.py:491} INFO - 23/08/17 03:55:21 INFO SparkContext: Running Spark version 3.4.1
[2023-08-17T03:55:21.833+0000] {spark_submit.py:491} INFO - 23/08/17 03:55:21 WARN NativeCodeLoader: Unable to load native-hadoop library for your platform... using builtin-java classes where applicable
[2023-08-17T03:55:21.896+0000] {spark_submit.py:491} INFO - 23/08/17 03:55:21 INFO ResourceUtils: ==============================================================
[2023-08-17T03:55:21.897+0000] {spark_submit.py:491} INFO - 23/08/17 03:55:21 INFO ResourceUtils: No custom resources configured for spark.driver.
[2023-08-17T03:55:21.899+0000] {spark_submit.py:491} INFO - 23/08/17 03:55:21 INFO ResourceUtils: ==============================================================
[2023-08-17T03:55:21.900+0000] {spark_submit.py:491} INFO - 23/08/17 03:55:21 INFO SparkContext: Submitted application: DataExtraction
[2023-08-17T03:55:21.915+0000] {spark_submit.py:491} INFO - 23/08/17 03:55:21 INFO ResourceProfile: Default ResourceProfile created, executor resources: Map(memory -> name: memory, amount: 1024, script: , vendor: , offHeap -> name: offHeap, amount: 0, script: , vendor: ), task resources: Map(cpus -> name: cpus, amount: 1.0)
[2023-08-17T03:55:21.922+0000] {spark_submit.py:491} INFO - 23/08/17 03:55:21 INFO ResourceProfile: Limiting resource is cpu
[2023-08-17T03:55:21.923+0000] {spark_submit.py:491} INFO - 23/08/17 03:55:21 INFO ResourceProfileManager: Added ResourceProfile id: 0
[2023-08-17T03:55:21.961+0000] {spark_submit.py:491} INFO - 23/08/17 03:55:21 INFO SecurityManager: Changing view acls to: default
[2023-08-17T03:55:21.963+0000] {spark_submit.py:491} INFO - 23/08/17 03:55:21 INFO SecurityManager: Changing modify acls to: default
[2023-08-17T03:55:21.964+0000] {spark_submit.py:491} INFO - 23/08/17 03:55:21 INFO SecurityManager: Changing view acls groups to:
[2023-08-17T03:55:21.966+0000] {spark_submit.py:491} INFO - 23/08/17 03:55:21 INFO SecurityManager: Changing modify acls groups to:
[2023-08-17T03:55:21.968+0000] {spark_submit.py:491} INFO - 23/08/17 03:55:21 INFO SecurityManager: SecurityManager: authentication disabled; ui acls disabled; users with view permissions: default; groups with view permissions: EMPTY; users with modify permissions: default; groups with modify permissions: EMPTY
[2023-08-17T03:55:22.148+0000] {spark_submit.py:491} INFO - 23/08/17 03:55:22 INFO Utils: Successfully started service 'sparkDriver' on port 36831.
[2023-08-17T03:55:22.171+0000] {spark_submit.py:491} INFO - 23/08/17 03:55:22 INFO SparkEnv: Registering MapOutputTracker
[2023-08-17T03:55:22.201+0000] {spark_submit.py:491} INFO - 23/08/17 03:55:22 INFO SparkEnv: Registering BlockManagerMaster
[2023-08-17T03:55:22.217+0000] {spark_submit.py:491} INFO - 23/08/17 03:55:22 INFO BlockManagerMasterEndpoint: Using org.apache.spark.storage.DefaultTopologyMapper for getting topology information
[2023-08-17T03:55:22.218+0000] {spark_submit.py:491} INFO - 23/08/17 03:55:22 INFO BlockManagerMasterEndpoint: BlockManagerMasterEndpoint up
[2023-08-17T03:55:22.221+0000] {spark_submit.py:491} INFO - 23/08/17 03:55:22 INFO SparkEnv: Registering BlockManagerMasterHeartbeat
[2023-08-17T03:55:22.238+0000] {spark_submit.py:491} INFO - 23/08/17 03:55:22 INFO DiskBlockManager: Created local directory at /tmp/blockmgr-1cb269fb-1ffa-46ad-b4e6-e2309af9479f
[2023-08-17T03:55:22.251+0000] {spark_submit.py:491} INFO - 23/08/17 03:55:22 INFO MemoryStore: MemoryStore started with capacity 434.4 MiB
[2023-08-17T03:55:22.264+0000] {spark_submit.py:491} INFO - 23/08/17 03:55:22 INFO SparkEnv: Registering OutputCommitCoordinator
[2023-08-17T03:55:22.362+0000] {spark_submit.py:491} INFO - 23/08/17 03:55:22 INFO JettyUtils: Start Jetty 0.0.0.0:4040 for SparkUI
[2023-08-17T03:55:22.417+0000] {spark_submit.py:491} INFO - 23/08/17 03:55:22 INFO Utils: Successfully started service 'SparkUI' on port 4040.
[2023-08-17T03:55:22.505+0000] {spark_submit.py:491} INFO - 23/08/17 03:55:22 INFO StandaloneAppClient$ClientEndpoint: Connecting to master spark://spark:7077...
[2023-08-17T03:55:22.600+0000] {spark_submit.py:491} INFO - 23/08/17 03:55:22 WARN StandaloneAppClient$ClientEndpoint: Failed to connect to master spark:7077
[2023-08-17T03:55:22.601+0000] {spark_submit.py:491} INFO - org.apache.spark.SparkException: Exception thrown in awaitResult:
[2023-08-17T03:55:22.601+0000] {spark_submit.py:491} INFO - at org.apache.spark.util.ThreadUtils$.awaitResult(ThreadUtils.scala:322)
[2023-08-17T03:55:22.602+0000] {spark_submit.py:491} INFO - at org.apache.spark.rpc.RpcTimeout.awaitResult(RpcTimeout.scala:75)
[2023-08-17T03:55:22.603+0000] {spark_submit.py:491} INFO - at org.apache.spark.rpc.RpcEnv.setupEndpointRefByURI(RpcEnv.scala:102)
[2023-08-17T03:55:22.603+0000] {spark_submit.py:491} INFO - at org.apache.spark.rpc.RpcEnv.setupEndpointRef(RpcEnv.scala:110)
[2023-08-17T03:55:22.604+0000] {spark_submit.py:491} INFO - at org.apache.spark.deploy.client.StandaloneAppClient$ClientEndpoint$$anon$1.run(StandaloneAppClient.scala:108)
[2023-08-17T03:55:22.604+0000] {spark_submit.py:491} INFO - at java.base/java.util.concurrent.Executors$RunnableAdapter.call(Executors.java:539)
[2023-08-17T03:55:22.605+0000] {spark_submit.py:491} INFO - at java.base/java.util.concurrent.FutureTask.run(FutureTask.java:264)
[2023-08-17T03:55:22.605+0000] {spark_submit.py:491} INFO - at java.base/java.util.concurrent.ThreadPoolExecutor.runWorker(ThreadPoolExecutor.java:1136)
[2023-08-17T03:55:22.606+0000] {spark_submit.py:491} INFO - at java.base/java.util.concurrent.ThreadPoolExecutor$Worker.run(ThreadPoolExecutor.java:635)
[2023-08-17T03:55:22.606+0000] {spark_submit.py:491} INFO - at java.base/java.lang.Thread.run(Thread.java:833)
[2023-08-17T03:55:22.607+0000] {spark_submit.py:491} INFO - Caused by: java.io.IOException: Failed to connect to spark/<unresolved>:7077
[2023-08-17T03:55:22.607+0000] {spark_submit.py:491} INFO - at org.apache.spark.network.client.TransportClientFactory.createClient(TransportClientFactory.java:284)
[2023-08-17T03:55:22.608+0000] {spark_submit.py:491} INFO - at org.apache.spark.network.client.TransportClientFactory.createClient(TransportClientFactory.java:214)
[2023-08-17T03:55:22.609+0000] {spark_submit.py:491} INFO - at org.apache.spark.network.client.TransportClientFactory.createClient(TransportClientFactory.java:226)
[2023-08-17T03:55:22.609+0000] {spark_submit.py:491} INFO - at org.apache.spark.rpc.netty.NettyRpcEnv.createClient(NettyRpcEnv.scala:204)
[2023-08-17T03:55:22.610+0000] {spark_submit.py:491} INFO - at org.apache.spark.rpc.netty.Outbox$$anon$1.call(Outbox.scala:202)
[2023-08-17T03:55:22.610+0000] {spark_submit.py:491} INFO - at org.apache.spark.rpc.netty.Outbox$$anon$1.call(Outbox.scala:198)
[2023-08-17T03:55:22.611+0000] {spark_submit.py:491} INFO - ... 4 more
[2023-08-17T03:55:22.611+0000] {spark_submit.py:491} INFO - Caused by: java.net.UnknownHostException: spark
[2023-08-17T03:55:22.612+0000] {spark_submit.py:491} INFO - at java.base/java.net.InetAddress$CachedAddresses.get(InetAddress.java:801)
[2023-08-17T03:55:22.612+0000] {spark_submit.py:491} INFO - at java.base/java.net.InetAddress.getAllByName0(InetAddress.java:1533)
[2023-08-17T03:55:22.613+0000] {spark_submit.py:491} INFO - at java.base/java.net.InetAddress.getAllByName(InetAddress.java:1385)
[2023-08-17T03:55:22.613+0000] {spark_submit.py:491} INFO - at java.base/java.net.InetAddress.getAllByName(InetAddress.java:1306)
[2023-08-17T03:55:22.614+0000] {spark_submit.py:491} INFO - at java.base/java.net.InetAddress.getByName(InetAddress.java:1256)
[2023-08-17T03:55:22.614+0000] {spark_submit.py:491} INFO - at io.netty.util.internal.SocketUtils$8.run(SocketUtils.java:156)
[2023-08-17T03:55:22.615+0000] {spark_submit.py:491} INFO - at io.netty.util.internal.SocketUtils$8.run(SocketUtils.java:153)
[2023-08-17T03:55:22.615+0000] {spark_submit.py:491} INFO - at java.base/java.security.AccessController.doPrivileged(AccessController.java:569)
[2023-08-17T03:55:22.616+0000] {spark_submit.py:491} INFO - at io.netty.util.internal.SocketUtils.addressByName(SocketUtils.java:153)
[2023-08-17T03:55:22.616+0000] {spark_submit.py:491} INFO - at io.netty.resolver.DefaultNameResolver.doResolve(DefaultNameResolver.java:41)
[2023-08-17T03:55:22.617+0000] {spark_submit.py:491} INFO - at io.netty.resolver.SimpleNameResolver.resolve(SimpleNameResolver.java:61)
[2023-08-17T03:55:22.617+0000] {spark_submit.py:491} INFO - at io.netty.resolver.SimpleNameResolver.resolve(SimpleNameResolver.java:53)
[2023-08-17T03:55:22.618+0000] {spark_submit.py:491} INFO - at io.netty.resolver.InetSocketAddressResolver.doResolve(InetSocketAddressResolver.java:55)
[2023-08-17T03:55:22.618+0000] {spark_submit.py:491} INFO - at io.netty.resolver.InetSocketAddressResolver.doResolve(InetSocketAddressResolver.java:31)
[2023-08-17T03:55:22.619+0000] {spark_submit.py:491} INFO - at io.netty.resolver.AbstractAddressResolver.resolve(AbstractAddressResolver.java:106)
[2023-08-17T03:55:22.619+0000] {spark_submit.py:491} INFO - at io.netty.bootstrap.Bootstrap.doResolveAndConnect0(Bootstrap.java:206)
[2023-08-17T03:55:22.619+0000] {spark_submit.py:491} INFO - at io.netty.bootstrap.Bootstrap.access$000(Bootstrap.java:46)
[2023-08-17T03:55:22.620+0000] {spark_submit.py:491} INFO - at io.netty.bootstrap.Bootstrap$1.operationComplete(Bootstrap.java:180)
[2023-08-17T03:55:22.620+0000] {spark_submit.py:491} INFO - at io.netty.bootstrap.Bootstrap$1.operationComplete(Bootstrap.java:166)
[2023-08-17T03:55:22.621+0000] {spark_submit.py:491} INFO - at io.netty.util.concurrent.DefaultPromise.notifyListener0(DefaultPromise.java:590)
[2023-08-17T03:55:22.621+0000] {spark_submit.py:491} INFO - at io.netty.util.concurrent.DefaultPromise.notifyListenersNow(DefaultPromise.java:557)
[2023-08-17T03:55:22.622+0000] {spark_submit.py:491} INFO - at io.netty.util.concurrent.DefaultPromise.notifyListeners(DefaultPromise.java:492)
[2023-08-17T03:55:22.622+0000] {spark_submit.py:491} INFO - at io.netty.util.concurrent.DefaultPromise.setValue0(DefaultPromise.java:636)
[2023-08-17T03:55:22.623+0000] {spark_submit.py:491} INFO - at io.netty.util.concurrent.DefaultPromise.setSuccess0(DefaultPromise.java:625)
[2023-08-17T03:55:22.624+0000] {spark_submit.py:491} INFO - at io.netty.util.concurrent.DefaultPromise.trySuccess(DefaultPromise.java:105)
[2023-08-17T03:55:22.624+0000] {spark_submit.py:491} INFO - at io.netty.channel.DefaultChannelPromise.trySuccess(DefaultChannelPromise.java:84)
[2023-08-17T03:55:22.625+0000] {spark_submit.py:491} INFO - at io.netty.channel.AbstractChannel$AbstractUnsafe.safeSetSuccess(AbstractChannel.java:990)
[2023-08-17T03:55:22.625+0000] {spark_submit.py:491} INFO - at io.netty.channel.AbstractChannel$AbstractUnsafe.register0(AbstractChannel.java:516)
[2023-08-17T03:55:22.626+0000] {spark_submit.py:491} INFO - at io.netty.channel.AbstractChannel$AbstractUnsafe.access$200(AbstractChannel.java:429)
[2023-08-17T03:55:22.626+0000] {spark_submit.py:491} INFO - at io.netty.channel.AbstractChannel$AbstractUnsafe$1.run(AbstractChannel.java:486)
[2023-08-17T03:55:22.627+0000] {spark_submit.py:491} INFO - at io.netty.util.concurrent.AbstractEventExecutor.runTask(AbstractEventExecutor.java:174)
[2023-08-17T03:55:22.627+0000] {spark_submit.py:491} INFO - at io.netty.util.concurrent.AbstractEventExecutor.safeExecute(AbstractEventExecutor.java:167)
[2023-08-17T03:55:22.628+0000] {spark_submit.py:491} INFO - at io.netty.util.concurrent.SingleThreadEventExecutor.runAllTasks(SingleThreadEventExecutor.java:470)
[2023-08-17T03:55:22.628+0000] {spark_submit.py:491} INFO - at io.netty.channel.nio.NioEventLoop.run(NioEventLoop.java:569)
[2023-08-17T03:55:22.629+0000] {spark_submit.py:491} INFO - at io.netty.util.concurrent.SingleThreadEventExecutor$4.run(SingleThreadEventExecutor.java:997)
[2023-08-17T03:55:22.629+0000] {spark_submit.py:491} INFO - at io.netty.util.internal.ThreadExecutorMap$2.run(ThreadExecutorMap.java:74)
[2023-08-17T03:55:22.630+0000] {spark_submit.py:491} INFO - at io.netty.util.concurrent.FastThreadLocalRunnable.run(FastThreadLocalRunnable.java:30)
[2023-08-17T03:55:22.630+0000] {spark_submit.py:491} INFO - ... 1 more
[2023-08-17T03:55:42.510+0000] {spark_submit.py:491} INFO - 23/08/17 03:55:42 INFO StandaloneAppClient$ClientEndpoint: Connecting to master spark://spark:7077...
[2023-08-17T03:55:42.525+0000] {spark_submit.py:491} INFO - 23/08/17 03:55:42 WARN StandaloneAppClient$ClientEndpoint: Failed to connect to master spark:7077
[2023-08-17T03:55:42.527+0000] {spark_submit.py:491} INFO - org.apache.spark.SparkException: Exception thrown in awaitResult:
[2023-08-17T03:55:42.528+0000] {spark_submit.py:491} INFO - at org.apache.spark.util.ThreadUtils$.awaitResult(ThreadUtils.scala:322)
[2023-08-17T03:55:42.530+0000] {spark_submit.py:491} INFO - at org.apache.spark.rpc.RpcTimeout.awaitResult(RpcTimeout.scala:75)
[2023-08-17T03:55:42.531+0000] {spark_submit.py:491} INFO - at org.apache.spark.rpc.RpcEnv.setupEndpointRefByURI(RpcEnv.scala:102)
[2023-08-17T03:55:42.532+0000] {spark_submit.py:491} INFO - at org.apache.spark.rpc.RpcEnv.setupEndpointRef(RpcEnv.scala:110)
[2023-08-17T03:55:42.533+0000] {spark_submit.py:491} INFO - at org.apache.spark.deploy.client.StandaloneAppClient$ClientEndpoint$$anon$1.run(StandaloneAppClient.scala:108)
[2023-08-17T03:55:42.534+0000] {spark_submit.py:491} INFO - at java.base/java.util.concurrent.Executors$RunnableAdapter.call(Executors.java:539)
[2023-08-17T03:55:42.535+0000] {spark_submit.py:491} INFO - at java.base/java.util.concurrent.FutureTask.run(FutureTask.java:264)
[2023-08-17T03:55:42.536+0000] {spark_submit.py:491} INFO - at java.base/java.util.concurrent.ThreadPoolExecutor.runWorker(ThreadPoolExecutor.java:1136)
[2023-08-17T03:55:42.537+0000] {spark_submit.py:491} INFO - at java.base/java.util.concurrent.ThreadPoolExecutor$Worker.run(ThreadPoolExecutor.java:635)
[2023-08-17T03:55:42.537+0000] {spark_submit.py:491} INFO - at java.base/java.lang.Thread.run(Thread.java:833)
[2023-08-17T03:55:42.538+0000] {spark_submit.py:491} INFO - Caused by: java.io.IOException: Failed to connect to spark/<unresolved>:7077
[2023-08-17T03:55:42.539+0000] {spark_submit.py:491} INFO - at org.apache.spark.network.client.TransportClientFactory.createClient(TransportClientFactory.java:284)
[2023-08-17T03:55:42.540+0000] {spark_submit.py:491} INFO - at org.apache.spark.network.client.TransportClientFactory.createClient(TransportClientFactory.java:214)
[2023-08-17T03:55:42.541+0000] {spark_submit.py:491} INFO - at org.apache.spark.network.client.TransportClientFactory.createClient(TransportClientFactory.java:226)
[2023-08-17T03:55:42.541+0000] {spark_submit.py:491} INFO - at org.apache.spark.rpc.netty.NettyRpcEnv.createClient(NettyRpcEnv.scala:204)
[2023-08-17T03:55:42.542+0000] {spark_submit.py:491} INFO - at org.apache.spark.rpc.netty.Outbox$$anon$1.call(Outbox.scala:202)
[2023-08-17T03:55:42.543+0000] {spark_submit.py:491} INFO - at org.apache.spark.rpc.netty.Outbox$$anon$1.call(Outbox.scala:198)
[2023-08-17T03:55:42.544+0000] {spark_submit.py:491} INFO - ... 4 more
[2023-08-17T03:55:42.544+0000] {spark_submit.py:491} INFO - Caused by: java.net.UnknownHostException: spark
[2023-08-17T03:55:42.545+0000] {spark_submit.py:491} INFO - at java.base/java.net.InetAddress$CachedAddresses.get(InetAddress.java:801)
[2023-08-17T03:55:42.546+0000] {spark_submit.py:491} INFO - at java.base/java.net.InetAddress.getAllByName0(InetAddress.java:1533)
[2023-08-17T03:55:42.546+0000] {spark_submit.py:491} INFO - at java.base/java.net.InetAddress.getAllByName(InetAddress.java:1385)
[2023-08-17T03:55:42.547+0000] {spark_submit.py:491} INFO - at java.base/java.net.InetAddress.getAllByName(InetAddress.java:1306)
[2023-08-17T03:55:42.548+0000] {spark_submit.py:491} INFO - at java.base/java.net.InetAddress.getByName(InetAddress.java:1256)
[2023-08-17T03:55:42.548+0000] {spark_submit.py:491} INFO - at io.netty.util.internal.SocketUtils$8.run(SocketUtils.java:156)
[2023-08-17T03:55:42.549+0000] {spark_submit.py:491} INFO - at io.netty.util.internal.SocketUtils$8.run(SocketUtils.java:153)
[2023-08-17T03:55:42.550+0000] {spark_submit.py:491} INFO - at java.base/java.security.AccessController.doPrivileged(AccessController.java:569)
[2023-08-17T03:55:42.550+0000] {spark_submit.py:491} INFO - at io.netty.util.internal.SocketUtils.addressByName(SocketUtils.java:153)
[2023-08-17T03:55:42.551+0000] {spark_submit.py:491} INFO - at io.netty.resolver.DefaultNameResolver.doResolve(DefaultNameResolver.java:41)
[2023-08-17T03:55:42.551+0000] {spark_submit.py:491} INFO - at io.netty.resolver.SimpleNameResolver.resolve(SimpleNameResolver.java:61)
[2023-08-17T03:55:42.552+0000] {spark_submit.py:491} INFO - at io.netty.resolver.SimpleNameResolver.resolve(SimpleNameResolver.java:53)
[2023-08-17T03:55:42.553+0000] {spark_submit.py:491} INFO - at io.netty.resolver.InetSocketAddressResolver.doResolve(InetSocketAddressResolver.java:55)
[2023-08-17T03:55:42.553+0000] {spark_submit.py:491} INFO - at io.netty.resolver.InetSocketAddressResolver.doResolve(InetSocketAddressResolver.java:31)
[2023-08-17T03:55:42.554+0000] {spark_submit.py:491} INFO - at io.netty.resolver.AbstractAddressResolver.resolve(AbstractAddressResolver.java:106)
[2023-08-17T03:55:42.554+0000] {spark_submit.py:491} INFO - at io.netty.bootstrap.Bootstrap.doResolveAndConnect0(Bootstrap.java:206)
[2023-08-17T03:55:42.555+0000] {spark_submit.py:491} INFO - at io.netty.bootstrap.Bootstrap.access$000(Bootstrap.java:46)
[2023-08-17T03:55:42.555+0000] {spark_submit.py:491} INFO - at io.netty.bootstrap.Bootstrap$1.operationComplete(Bootstrap.java:180)
[2023-08-17T03:55:42.556+0000] {spark_submit.py:491} INFO - at io.netty.bootstrap.Bootstrap$1.operationComplete(Bootstrap.java:166)
[2023-08-17T03:55:42.557+0000] {spark_submit.py:491} INFO - at io.netty.util.concurrent.DefaultPromise.notifyListener0(DefaultPromise.java:590)
[2023-08-17T03:55:42.557+0000] {spark_submit.py:491} INFO - at io.netty.util.concurrent.DefaultPromise.notifyListenersNow(DefaultPromise.java:557)
[2023-08-17T03:55:42.558+0000] {spark_submit.py:491} INFO - at io.netty.util.concurrent.DefaultPromise.notifyListeners(DefaultPromise.java:492)
[2023-08-17T03:55:42.558+0000] {spark_submit.py:491} INFO - at io.netty.util.concurrent.DefaultPromise.setValue0(DefaultPromise.java:636)
[2023-08-17T03:55:42.559+0000] {spark_submit.py:491} INFO - at io.netty.util.concurrent.DefaultPromise.setSuccess0(DefaultPromise.java:625)
[2023-08-17T03:55:42.560+0000] {spark_submit.py:491} INFO - at io.netty.util.concurrent.DefaultPromise.trySuccess(DefaultPromise.java:105)
[2023-08-17T03:55:42.560+0000] {spark_submit.py:491} INFO - at io.netty.channel.DefaultChannelPromise.trySuccess(DefaultChannelPromise.java:84)
[2023-08-17T03:55:42.561+0000] {spark_submit.py:491} INFO - at io.netty.channel.AbstractChannel$AbstractUnsafe.safeSetSuccess(AbstractChannel.java:990)
[2023-08-17T03:55:42.561+0000] {spark_submit.py:491} INFO - at io.netty.channel.AbstractChannel$AbstractUnsafe.register0(AbstractChannel.java:516)
[2023-08-17T03:55:42.562+0000] {spark_submit.py:491} INFO - at io.netty.channel.AbstractChannel$AbstractUnsafe.access$200(AbstractChannel.java:429)
[2023-08-17T03:55:42.562+0000] {spark_submit.py:491} INFO - at io.netty.channel.AbstractChannel$AbstractUnsafe$1.run(AbstractChannel.java:486)
[2023-08-17T03:55:42.563+0000] {spark_submit.py:491} INFO - at io.netty.util.concurrent.AbstractEventExecutor.runTask(AbstractEventExecutor.java:174)
[2023-08-17T03:55:42.563+0000] {spark_submit.py:491} INFO - at io.netty.util.concurrent.AbstractEventExecutor.safeExecute(AbstractEventExecutor.java:167)
[2023-08-17T03:55:42.564+0000] {spark_submit.py:491} INFO - at io.netty.util.concurrent.SingleThreadEventExecutor.runAllTasks(SingleThreadEventExecutor.java:470)
[2023-08-17T03:55:42.564+0000] {spark_submit.py:491} INFO - at io.netty.channel.nio.NioEventLoop.run(NioEventLoop.java:569)
[2023-08-17T03:55:42.565+0000] {spark_submit.py:491} INFO - at io.netty.util.concurrent.SingleThreadEventExecutor$4.run(SingleThreadEventExecutor.java:997)
[2023-08-17T03:55:42.565+0000] {spark_submit.py:491} INFO - at io.netty.util.internal.ThreadExecutorMap$2.run(ThreadExecutorMap.java:74)
[2023-08-17T03:55:42.566+0000] {spark_submit.py:491} INFO - at io.netty.util.concurrent.FastThreadLocalRunnable.run(FastThreadLocalRunnable.java:30)
[2023-08-17T03:55:42.566+0000] {spark_submit.py:491} INFO - ... 1 more
[2023-08-17T03:56:02.510+0000] {spark_submit.py:491} INFO - 23/08/17 03:56:02 INFO StandaloneAppClient$ClientEndpoint: Connecting to master spark://spark:7077...
[2023-08-17T03:56:02.517+0000] {spark_submit.py:491} INFO - 23/08/17 03:56:02 WARN StandaloneAppClient$ClientEndpoint: Failed to connect to master spark:7077
[2023-08-17T03:56:02.518+0000] {spark_submit.py:491} INFO - org.apache.spark.SparkException: Exception thrown in awaitResult:
[2023-08-17T03:56:02.519+0000] {spark_submit.py:491} INFO - at org.apache.spark.util.ThreadUtils$.awaitResult(ThreadUtils.scala:322)
[2023-08-17T03:56:02.520+0000] {spark_submit.py:491} INFO - at org.apache.spark.rpc.RpcTimeout.awaitResult(RpcTimeout.scala:75)
[2023-08-17T03:56:02.520+0000] {spark_submit.py:491} INFO - at org.apache.spark.rpc.RpcEnv.setupEndpointRefByURI(RpcEnv.scala:102)
[2023-08-17T03:56:02.521+0000] {spark_submit.py:491} INFO - at org.apache.spark.rpc.RpcEnv.setupEndpointRef(RpcEnv.scala:110)
[2023-08-17T03:56:02.521+0000] {spark_submit.py:491} INFO - at org.apache.spark.deploy.client.StandaloneAppClient$ClientEndpoint$$anon$1.run(StandaloneAppClient.scala:108)
[2023-08-17T03:56:02.522+0000] {spark_submit.py:491} INFO - at java.base/java.util.concurrent.Executors$RunnableAdapter.call(Executors.java:539)
[2023-08-17T03:56:02.522+0000] {spark_submit.py:491} INFO - at java.base/java.util.concurrent.FutureTask.run(FutureTask.java:264)
[2023-08-17T03:56:02.522+0000] {spark_submit.py:491} INFO - at java.base/java.util.concurrent.ThreadPoolExecutor.runWorker(ThreadPoolExecutor.java:1136)
[2023-08-17T03:56:02.523+0000] {spark_submit.py:491} INFO - at java.base/java.util.concurrent.ThreadPoolExecutor$Worker.run(ThreadPoolExecutor.java:635)
[2023-08-17T03:56:02.523+0000] {spark_submit.py:491} INFO - at java.base/java.lang.Thread.run(Thread.java:833)
[2023-08-17T03:56:02.524+0000] {spark_submit.py:491} INFO - Caused by: java.io.IOException: Failed to connect to spark/<unresolved>:7077
[2023-08-17T03:56:02.524+0000] {spark_submit.py:491} INFO - at org.apache.spark.network.client.TransportClientFactory.createClient(TransportClientFactory.java:284)
[2023-08-17T03:56:02.525+0000] {spark_submit.py:491} INFO - at org.apache.spark.network.client.TransportClientFactory.createClient(TransportClientFactory.java:214)
[2023-08-17T03:56:02.525+0000] {spark_submit.py:491} INFO - at org.apache.spark.network.client.TransportClientFactory.createClient(TransportClientFactory.java:226)
[2023-08-17T03:56:02.526+0000] {spark_submit.py:491} INFO - at org.apache.spark.rpc.netty.NettyRpcEnv.createClient(NettyRpcEnv.scala:204)
[2023-08-17T03:56:02.526+0000] {spark_submit.py:491} INFO - at org.apache.spark.rpc.netty.Outbox$$anon$1.call(Outbox.scala:202)
[2023-08-17T03:56:02.526+0000] {spark_submit.py:491} INFO - at org.apache.spark.rpc.netty.Outbox$$anon$1.call(Outbox.scala:198)
[2023-08-17T03:56:02.527+0000] {spark_submit.py:491} INFO - ... 4 more
[2023-08-17T03:56:02.527+0000] {spark_submit.py:491} INFO - Caused by: java.net.UnknownHostException: spark
[2023-08-17T03:56:02.528+0000] {spark_submit.py:491} INFO - at java.base/java.net.InetAddress$CachedAddresses.get(InetAddress.java:801)
[2023-08-17T03:56:02.528+0000] {spark_submit.py:491} INFO - at java.base/java.net.InetAddress.getAllByName0(InetAddress.java:1533)
[2023-08-17T03:56:02.528+0000] {spark_submit.py:491} INFO - at java.base/java.net.InetAddress.getAllByName(InetAddress.java:1385)
[2023-08-17T03:56:02.529+0000] {spark_submit.py:491} INFO - at java.base/java.net.InetAddress.getAllByName(InetAddress.java:1306)
[2023-08-17T03:56:02.529+0000] {spark_submit.py:491} INFO - at java.base/java.net.InetAddress.getByName(InetAddress.java:1256)
[2023-08-17T03:56:02.530+0000] {spark_submit.py:491} INFO - at io.netty.util.internal.SocketUtils$8.run(SocketUtils.java:156)
[2023-08-17T03:56:02.530+0000] {spark_submit.py:491} INFO - at io.netty.util.internal.SocketUtils$8.run(SocketUtils.java:153)
[2023-08-17T03:56:02.530+0000] {spark_submit.py:491} INFO - at java.base/java.security.AccessController.doPrivileged(AccessController.java:569)
[2023-08-17T03:56:02.531+0000] {spark_submit.py:491} INFO - at io.netty.util.internal.SocketUtils.addressByName(SocketUtils.java:153)
[2023-08-17T03:56:02.531+0000] {spark_submit.py:491} INFO - at io.netty.resolver.DefaultNameResolver.doResolve(DefaultNameResolver.java:41)
[2023-08-17T03:56:02.532+0000] {spark_submit.py:491} INFO - at io.netty.resolver.SimpleNameResolver.resolve(SimpleNameResolver.java:61)
[2023-08-17T03:56:02.532+0000] {spark_submit.py:491} INFO - at io.netty.resolver.SimpleNameResolver.resolve(SimpleNameResolver.java:53)
[2023-08-17T03:56:02.533+0000] {spark_submit.py:491} INFO - at io.netty.resolver.InetSocketAddressResolver.doResolve(InetSocketAddressResolver.java:55)
[2023-08-17T03:56:02.533+0000] {spark_submit.py:491} INFO - at io.netty.resolver.InetSocketAddressResolver.doResolve(InetSocketAddressResolver.java:31)
[2023-08-17T03:56:02.533+0000] {spark_submit.py:491} INFO - at io.netty.resolver.AbstractAddressResolver.resolve(AbstractAddressResolver.java:106)
[2023-08-17T03:56:02.534+0000] {spark_submit.py:491} INFO - at io.netty.bootstrap.Bootstrap.doResolveAndConnect0(Bootstrap.java:206)
[2023-08-17T03:56:02.535+0000] {spark_submit.py:491} INFO - at io.netty.bootstrap.Bootstrap.access$000(Bootstrap.java:46)
[2023-08-17T03:56:02.535+0000] {spark_submit.py:491} INFO - at io.netty.bootstrap.Bootstrap$1.operationComplete(Bootstrap.java:180)
[2023-08-17T03:56:02.535+0000] {spark_submit.py:491} INFO - at io.netty.bootstrap.Bootstrap$1.operationComplete(Bootstrap.java:166)
[2023-08-17T03:56:02.536+0000] {spark_submit.py:491} INFO - at io.netty.util.concurrent.DefaultPromise.notifyListener0(DefaultPromise.java:590)
[2023-08-17T03:56:02.536+0000] {spark_submit.py:491} INFO - at io.netty.util.concurrent.DefaultPromise.notifyListenersNow(DefaultPromise.java:557)
[2023-08-17T03:56:02.537+0000] {spark_submit.py:491} INFO - at io.netty.util.concurrent.DefaultPromise.notifyListeners(DefaultPromise.java:492)
[2023-08-17T03:56:02.538+0000] {spark_submit.py:491} INFO - at io.netty.util.concurrent.DefaultPromise.setValue0(DefaultPromise.java:636)
[2023-08-17T03:56:02.538+0000] {spark_submit.py:491} INFO - at io.netty.util.concurrent.DefaultPromise.setSuccess0(DefaultPromise.java:625)
[2023-08-17T03:56:02.539+0000] {spark_submit.py:491} INFO - at io.netty.util.concurrent.DefaultPromise.trySuccess(DefaultPromise.java:105)
[2023-08-17T03:56:02.539+0000] {spark_submit.py:491} INFO - at io.netty.channel.DefaultChannelPromise.trySuccess(DefaultChannelPromise.java:84)
[2023-08-17T03:56:02.540+0000] {spark_submit.py:491} INFO - at io.netty.channel.AbstractChannel$AbstractUnsafe.safeSetSuccess(AbstractChannel.java:990)
[2023-08-17T03:56:02.540+0000] {spark_submit.py:491} INFO - at io.netty.channel.AbstractChannel$AbstractUnsafe.register0(AbstractChannel.java:516)
[2023-08-17T03:56:02.541+0000] {spark_submit.py:491} INFO - at io.netty.channel.AbstractChannel$AbstractUnsafe.access$200(AbstractChannel.java:429)
[2023-08-17T03:56:02.541+0000] {spark_submit.py:491} INFO - at io.netty.channel.AbstractChannel$AbstractUnsafe$1.run(AbstractChannel.java:486)
[2023-08-17T03:56:02.541+0000] {spark_submit.py:491} INFO - at io.netty.util.concurrent.AbstractEventExecutor.runTask(AbstractEventExecutor.java:174)
[2023-08-17T03:56:02.542+0000] {spark_submit.py:491} INFO - at io.netty.util.concurrent.AbstractEventExecutor.safeExecute(AbstractEventExecutor.java:167)
[2023-08-17T03:56:02.542+0000] {spark_submit.py:491} INFO - at io.netty.util.concurrent.SingleThreadEventExecutor.runAllTasks(SingleThreadEventExecutor.java:470)
[2023-08-17T03:56:02.543+0000] {spark_submit.py:491} INFO - at io.netty.channel.nio.NioEventLoop.run(NioEventLoop.java:569)
[2023-08-17T03:56:02.543+0000] {spark_submit.py:491} INFO - at io.netty.util.concurrent.SingleThreadEventExecutor$4.run(SingleThreadEventExecutor.java:997)
[2023-08-17T03:56:02.544+0000] {spark_submit.py:491} INFO - at io.netty.util.internal.ThreadExecutorMap$2.run(ThreadExecutorMap.java:74)
[2023-08-17T03:56:02.544+0000] {spark_submit.py:491} INFO - at io.netty.util.concurrent.FastThreadLocalRunnable.run(FastThreadLocalRunnable.java:30)
[2023-08-17T03:56:02.545+0000] {spark_submit.py:491} INFO - ... 1 more
[2023-08-17T03:56:22.515+0000] {spark_submit.py:491} INFO - 23/08/17 03:56:22 WARN StandaloneSchedulerBackend: Application ID is not initialized yet.
[2023-08-17T03:56:22.523+0000] {spark_submit.py:491} INFO - 23/08/17 03:56:22 ERROR StandaloneSchedulerBackend: Application has been killed. Reason: All masters are unresponsive! Giving up.
[2023-08-17T03:56:22.533+0000] {spark_submit.py:491} INFO - 23/08/17 03:56:22 INFO Utils: Successfully started service 'org.apache.spark.network.netty.NettyBlockTransferService' on port 38405.
[2023-08-17T03:56:22.537+0000] {spark_submit.py:491} INFO - 23/08/17 03:56:22 INFO NettyBlockTransferService: Server created on 0d68e811d1ff:38405
[2023-08-17T03:56:22.539+0000] {spark_submit.py:491} INFO - 23/08/17 03:56:22 INFO BlockManager: Using org.apache.spark.storage.RandomBlockReplicationPolicy for block replication policy
[2023-08-17T03:56:22.546+0000] {spark_submit.py:491} INFO - 23/08/17 03:56:22 INFO BlockManagerMaster: Registering BlockManager BlockManagerId(driver, 0d68e811d1ff, 38405, None)
[2023-08-17T03:56:22.550+0000] {spark_submit.py:491} INFO - 23/08/17 03:56:22 INFO BlockManagerMasterEndpoint: Registering block manager 0d68e811d1ff:38405 with 434.4 MiB RAM, BlockManagerId(driver, 0d68e811d1ff, 38405, None)
[2023-08-17T03:56:22.553+0000] {spark_submit.py:491} INFO - 23/08/17 03:56:22 INFO BlockManagerMaster: Registered BlockManager BlockManagerId(driver, 0d68e811d1ff, 38405, None)
[2023-08-17T03:56:22.555+0000] {spark_submit.py:491} INFO - 23/08/17 03:56:22 INFO BlockManager: Initialized BlockManager: BlockManagerId(driver, 0d68e811d1ff, 38405, None)
[2023-08-17T03:56:22.679+0000] {spark_submit.py:491} INFO - 23/08/17 03:56:22 INFO StandaloneSchedulerBackend: SchedulerBackend is ready for scheduling beginning after reached minRegisteredResourcesRatio: 0.0
[2023-08-17T03:56:22.894+0000] {spark_submit.py:491} INFO - 23/08/17 03:56:22 INFO SparkContext: SparkContext is stopping with exitCode 0.
[2023-08-17T03:56:22.905+0000] {spark_submit.py:491} INFO - 23/08/17 03:56:22 INFO SparkUI: Stopped Spark web UI at http://0d68e811d1ff:4040
[2023-08-17T03:56:22.910+0000] {spark_submit.py:491} INFO - 23/08/17 03:56:22 INFO StandaloneSchedulerBackend: Shutting down all executors
[2023-08-17T03:56:22.914+0000] {spark_submit.py:491} INFO - 23/08/17 03:56:22 INFO StandaloneSchedulerBackend$StandaloneDriverEndpoint: Asking each executor to shut down
[2023-08-17T03:56:22.920+0000] {spark_submit.py:491} INFO - 23/08/17 03:56:22 WARN StandaloneAppClient$ClientEndpoint: Drop UnregisterApplication(null) because has not yet connected to master
[2023-08-17T03:56:22.931+0000] {spark_submit.py:491} INFO - 23/08/17 03:56:22 INFO MapOutputTrackerMasterEndpoint: MapOutputTrackerMasterEndpoint stopped!
[2023-08-17T03:56:22.938+0000] {spark_submit.py:491} INFO - 23/08/17 03:56:22 INFO SharedState: Setting hive.metastore.warehouse.dir ('null') to the value of spark.sql.warehouse.dir.
[2023-08-17T03:56:22.946+0000] {spark_submit.py:491} INFO - 23/08/17 03:56:22 INFO SharedState: Warehouse path is 'file:/opt/***/spark-warehouse'.
[2023-08-17T03:56:22.960+0000] {spark_submit.py:491} INFO - 23/08/17 03:56:22 INFO MemoryStore: MemoryStore cleared
[2023-08-17T03:56:22.963+0000] {spark_submit.py:491} INFO - 23/08/17 03:56:22 INFO BlockManager: BlockManager stopped
[2023-08-17T03:56:22.969+0000] {spark_submit.py:491} INFO - 23/08/17 03:56:22 INFO BlockManagerMaster: BlockManagerMaster stopped
[2023-08-17T03:56:22.972+0000] {spark_submit.py:491} INFO - 23/08/17 03:56:22 INFO OutputCommitCoordinator$OutputCommitCoordinatorEndpoint: OutputCommitCoordinator stopped!
[2023-08-17T03:56:22.989+0000] {spark_submit.py:491} INFO - 23/08/17 03:56:22 INFO SparkContext: Successfully stopped SparkContext
[2023-08-17T03:56:22.999+0000] {spark_submit.py:491} INFO - Traceback (most recent call last):
[2023-08-17T03:56:23.000+0000] {spark_submit.py:491} INFO - File "/opt/***/dags/spark_processing.py", line 20, in <module>
[2023-08-17T03:56:23.002+0000] {spark_submit.py:491} INFO - stock_df = spark.read.csv('A.csv', header=True, schema=existing_schema)
[2023-08-17T03:56:23.003+0000] {spark_submit.py:491} INFO - File "/home/***/.local/lib/python3.10/site-packages/pyspark/python/lib/pyspark.zip/pyspark/sql/session.py", line 1515, in read
[2023-08-17T03:56:23.004+0000] {spark_submit.py:491} INFO - File "/home/***/.local/lib/python3.10/site-packages/pyspark/python/lib/pyspark.zip/pyspark/sql/readwriter.py", line 69, in __init__
[2023-08-17T03:56:23.005+0000] {spark_submit.py:491} INFO - File "/home/***/.local/lib/python3.10/site-packages/pyspark/python/lib/py4j-0.10.9.7-src.zip/py4j/java_gateway.py", line 1322, in __call__
[2023-08-17T03:56:23.006+0000] {spark_submit.py:491} INFO - File "/home/***/.local/lib/python3.10/site-packages/pyspark/python/lib/pyspark.zip/pyspark/errors/exceptions/captured.py", line 169, in deco
[2023-08-17T03:56:23.007+0000] {spark_submit.py:491} INFO - File "/home/***/.local/lib/python3.10/site-packages/pyspark/python/lib/py4j-0.10.9.7-src.zip/py4j/protocol.py", line 326, in get_return_value
[2023-08-17T03:56:23.008+0000] {spark_submit.py:491} INFO - py4j.protocol.Py4JJavaError: An error occurred while calling o23.read.
[2023-08-17T03:56:23.009+0000] {spark_submit.py:491} INFO - : java.lang.IllegalStateException: LiveListenerBus is stopped.
[2023-08-17T03:56:23.010+0000] {spark_submit.py:491} INFO - at org.apache.spark.scheduler.LiveListenerBus.addToQueue(LiveListenerBus.scala:98)
[2023-08-17T03:56:23.012+0000] {spark_submit.py:491} INFO - at org.apache.spark.scheduler.LiveListenerBus.addToStatusQueue(LiveListenerBus.scala:81)
[2023-08-17T03:56:23.013+0000] {spark_submit.py:491} INFO - at org.apache.spark.sql.internal.SharedState.<init>(SharedState.scala:115)
[2023-08-17T03:56:23.013+0000] {spark_submit.py:491} INFO - at org.apache.spark.sql.SparkSession.$anonfun$sharedState$1(SparkSession.scala:144)
[2023-08-17T03:56:23.014+0000] {spark_submit.py:491} INFO - at scala.Option.getOrElse(Option.scala:189)
[2023-08-17T03:56:23.016+0000] {spark_submit.py:491} INFO - at org.apache.spark.sql.SparkSession.sharedState$lzycompute(SparkSession.scala:144)
[2023-08-17T03:56:23.016+0000] {spark_submit.py:491} INFO - at org.apache.spark.sql.SparkSession.sharedState(SparkSession.scala:143)
[2023-08-17T03:56:23.018+0000] {spark_submit.py:491} INFO - at org.apache.spark.sql.SparkSession.$anonfun$sessionState$2(SparkSession.scala:163)
[2023-08-17T03:56:23.019+0000] {spark_submit.py:491} INFO - at scala.Option.getOrElse(Option.scala:189)
[2023-08-17T03:56:23.020+0000] {spark_submit.py:491} INFO - at org.apache.spark.sql.SparkSession.sessionState$lzycompute(SparkSession.scala:161)
[2023-08-17T03:56:23.021+0000] {spark_submit.py:491} INFO - at org.apache.spark.sql.SparkSession.sessionState(SparkSession.scala:158)
[2023-08-17T03:56:23.022+0000] {spark_submit.py:491} INFO - at org.apache.spark.sql.DataFrameReader.<init>(DataFrameReader.scala:699)
[2023-08-17T03:56:23.023+0000] {spark_submit.py:491} INFO - at org.apache.spark.sql.SparkSession.read(SparkSession.scala:710)
[2023-08-17T03:56:23.024+0000] {spark_submit.py:491} INFO - at java.base/jdk.internal.reflect.NativeMethodAccessorImpl.invoke0(Native Method)
[2023-08-17T03:56:23.024+0000] {spark_submit.py:491} INFO - at java.base/jdk.internal.reflect.NativeMethodAccessorImpl.invoke(NativeMethodAccessorImpl.java:77)
[2023-08-17T03:56:23.025+0000] {spark_submit.py:491} INFO - at java.base/jdk.internal.reflect.DelegatingMethodAccessorImpl.invoke(DelegatingMethodAccessorImpl.java:43)
[2023-08-17T03:56:23.026+0000] {spark_submit.py:491} INFO - at java.base/java.lang.reflect.Method.invoke(Method.java:568)
[2023-08-17T03:56:23.027+0000] {spark_submit.py:491} INFO - at py4j.reflection.MethodInvoker.invoke(MethodInvoker.java:244)
[2023-08-17T03:56:23.028+0000] {spark_submit.py:491} INFO - at py4j.reflection.ReflectionEngine.invoke(ReflectionEngine.java:374)
[2023-08-17T03:56:23.029+0000] {spark_submit.py:491} INFO - at py4j.Gateway.invoke(Gateway.java:282)
[2023-08-17T03:56:23.029+0000] {spark_submit.py:491} INFO - at py4j.commands.AbstractCommand.invokeMethod(AbstractCommand.java:132)
[2023-08-17T03:56:23.030+0000] {spark_submit.py:491} INFO - at py4j.commands.CallCommand.execute(CallCommand.java:79)
[2023-08-17T03:56:23.031+0000] {spark_submit.py:491} INFO - at py4j.ClientServerConnection.waitForCommands(ClientServerConnection.java:182)
[2023-08-17T03:56:23.032+0000] {spark_submit.py:491} INFO - at py4j.ClientServerConnection.run(ClientServerConnection.java:106)
[2023-08-17T03:56:23.033+0000] {spark_submit.py:491} INFO - at java.base/java.lang.Thread.run(Thread.java:833)
[2023-08-17T03:56:23.034+0000] {spark_submit.py:491} INFO - 
[2023-08-17T03:56:23.059+0000] {spark_submit.py:491} INFO - 23/08/17 03:56:23 INFO ShutdownHookManager: Shutdown hook called
[2023-08-17T03:56:23.060+0000] {spark_submit.py:491} INFO - 23/08/17 03:56:23 INFO ShutdownHookManager: Deleting directory /tmp/spark-2e3fc841-7984-448a-a22a-93ea70bacc76/pyspark-efaf18df-d3d6-4b1e-aed6-3aa0e5b40137
[2023-08-17T03:56:23.066+0000] {spark_submit.py:491} INFO - 23/08/17 03:56:23 INFO ShutdownHookManager: Deleting directory /tmp/spark-2e3fc841-7984-448a-a22a-93ea70bacc76
[2023-08-17T03:56:23.073+0000] {spark_submit.py:491} INFO - 23/08/17 03:56:23 INFO ShutdownHookManager: Deleting directory /tmp/spark-c40ae244-c307-4834-b7c0-6c73727afe1e
[2023-08-17T03:56:23.168+0000] {taskinstance.py:1824} ERROR - Task failed with exception
Traceback (most recent call last):
  File "/home/airflow/.local/lib/python3.10/site-packages/airflow/providers/apache/spark/operators/spark_submit.py", line 156, in execute
    self._hook.submit(self._application)
  File "/home/airflow/.local/lib/python3.10/site-packages/airflow/providers/apache/spark/hooks/spark_submit.py", line 422, in submit
    raise AirflowException(
airflow.exceptions.AirflowException: Cannot execute: spark-submit --master spark://spark:7077 --name arrow-spark /opt/***/dags/spark_processing.py. Error code is: 1.
[2023-08-17T03:56:23.173+0000] {taskinstance.py:1345} INFO - Marking task as FAILED. dag_id=spark_***_dag, task_id=spark_submit_task, execution_date=20230817T035518, start_date=20230817T035519, end_date=20230817T035623
[2023-08-17T03:56:23.183+0000] {standard_task_runner.py:104} ERROR - Failed to execute job 3 for task spark_submit_task (Cannot execute: spark-submit --master spark://spark:7077 --name arrow-spark /opt/***/dags/spark_processing.py. Error code is: 1.; 161)
[2023-08-17T03:56:23.231+0000] {local_task_job_runner.py:225} INFO - Task exited with return code 1
[2023-08-17T03:56:23.249+0000] {taskinstance.py:2651} INFO - 0 downstream tasks scheduled from follow-on schedule check
