[2023-08-17T05:53:53.087+0000] {taskinstance.py:1103} INFO - Dependencies all met for dep_context=non-requeueable deps ti=<TaskInstance: spark_airflow_dag.spark_submit_task manual__2023-08-17T05:53:52.430734+00:00 [queued]>
[2023-08-17T05:53:53.097+0000] {taskinstance.py:1103} INFO - Dependencies all met for dep_context=requeueable deps ti=<TaskInstance: spark_airflow_dag.spark_submit_task manual__2023-08-17T05:53:52.430734+00:00 [queued]>
[2023-08-17T05:53:53.098+0000] {taskinstance.py:1308} INFO - Starting attempt 1 of 1
[2023-08-17T05:53:53.108+0000] {taskinstance.py:1327} INFO - Executing <Task(SparkSubmitOperator): spark_submit_task> on 2023-08-17 05:53:52.430734+00:00
[2023-08-17T05:53:53.112+0000] {standard_task_runner.py:57} INFO - Started process 4436 to run task
[2023-08-17T05:53:53.117+0000] {standard_task_runner.py:84} INFO - Running: ['***', 'tasks', 'run', 'spark_***_dag', 'spark_submit_task', 'manual__2023-08-17T05:53:52.430734+00:00', '--job-id', '25', '--raw', '--subdir', 'DAGS_FOLDER/spark_jobs_dag.py', '--cfg-path', '/tmp/tmpz6ds5ewg']
[2023-08-17T05:53:53.119+0000] {standard_task_runner.py:85} INFO - Job 25: Subtask spark_submit_task
[2023-08-17T05:53:53.179+0000] {task_command.py:410} INFO - Running <TaskInstance: spark_airflow_dag.spark_submit_task manual__2023-08-17T05:53:52.430734+00:00 [running]> on host 0d68e811d1ff
[2023-08-17T05:53:53.252+0000] {taskinstance.py:1545} INFO - Exporting env vars: AIRFLOW_CTX_DAG_OWNER='***' AIRFLOW_CTX_DAG_ID='spark_***_dag' AIRFLOW_CTX_TASK_ID='spark_submit_task' AIRFLOW_CTX_EXECUTION_DATE='2023-08-17T05:53:52.430734+00:00' AIRFLOW_CTX_TRY_NUMBER='1' AIRFLOW_CTX_DAG_RUN_ID='manual__2023-08-17T05:53:52.430734+00:00'
[2023-08-17T05:53:53.264+0000] {base.py:73} INFO - Using connection ID 'spark_local' for task execution.
[2023-08-17T05:53:53.265+0000] {spark_submit.py:340} INFO - Spark-Submit cmd: spark-submit --master spark://spark:7077 --name arrow-spark dags/spark_processing.py
[2023-08-17T05:53:53.354+0000] {spark_submit.py:491} INFO - /home/***/.local/lib/python3.10/site-packages/pyspark/bin/load-spark-env.sh: line 68: ps: command not found
[2023-08-17T05:53:55.620+0000] {spark_submit.py:491} INFO - 23/08/17 05:53:55 INFO SparkContext: Running Spark version 3.4.1
[2023-08-17T05:53:55.663+0000] {spark_submit.py:491} INFO - 23/08/17 05:53:55 WARN NativeCodeLoader: Unable to load native-hadoop library for your platform... using builtin-java classes where applicable
[2023-08-17T05:53:55.730+0000] {spark_submit.py:491} INFO - 23/08/17 05:53:55 INFO ResourceUtils: ==============================================================
[2023-08-17T05:53:55.731+0000] {spark_submit.py:491} INFO - 23/08/17 05:53:55 INFO ResourceUtils: No custom resources configured for spark.driver.
[2023-08-17T05:53:55.732+0000] {spark_submit.py:491} INFO - 23/08/17 05:53:55 INFO ResourceUtils: ==============================================================
[2023-08-17T05:53:55.733+0000] {spark_submit.py:491} INFO - 23/08/17 05:53:55 INFO SparkContext: Submitted application: DataExtraction
[2023-08-17T05:53:55.747+0000] {spark_submit.py:491} INFO - 23/08/17 05:53:55 INFO ResourceProfile: Default ResourceProfile created, executor resources: Map(memory -> name: memory, amount: 1024, script: , vendor: , offHeap -> name: offHeap, amount: 0, script: , vendor: ), task resources: Map(cpus -> name: cpus, amount: 1.0)
[2023-08-17T05:53:55.753+0000] {spark_submit.py:491} INFO - 23/08/17 05:53:55 INFO ResourceProfile: Limiting resource is cpu
[2023-08-17T05:53:55.754+0000] {spark_submit.py:491} INFO - 23/08/17 05:53:55 INFO ResourceProfileManager: Added ResourceProfile id: 0
[2023-08-17T05:53:55.791+0000] {spark_submit.py:491} INFO - 23/08/17 05:53:55 INFO SecurityManager: Changing view acls to: default
[2023-08-17T05:53:55.792+0000] {spark_submit.py:491} INFO - 23/08/17 05:53:55 INFO SecurityManager: Changing modify acls to: default
[2023-08-17T05:53:55.793+0000] {spark_submit.py:491} INFO - 23/08/17 05:53:55 INFO SecurityManager: Changing view acls groups to:
[2023-08-17T05:53:55.794+0000] {spark_submit.py:491} INFO - 23/08/17 05:53:55 INFO SecurityManager: Changing modify acls groups to:
[2023-08-17T05:53:55.796+0000] {spark_submit.py:491} INFO - 23/08/17 05:53:55 INFO SecurityManager: SecurityManager: authentication disabled; ui acls disabled; users with view permissions: default; groups with view permissions: EMPTY; users with modify permissions: default; groups with modify permissions: EMPTY
[2023-08-17T05:53:55.961+0000] {spark_submit.py:491} INFO - 23/08/17 05:53:55 INFO Utils: Successfully started service 'sparkDriver' on port 41671.
[2023-08-17T05:53:55.981+0000] {spark_submit.py:491} INFO - 23/08/17 05:53:55 INFO SparkEnv: Registering MapOutputTracker
[2023-08-17T05:53:56.007+0000] {spark_submit.py:491} INFO - 23/08/17 05:53:56 INFO SparkEnv: Registering BlockManagerMaster
[2023-08-17T05:53:56.023+0000] {spark_submit.py:491} INFO - 23/08/17 05:53:56 INFO BlockManagerMasterEndpoint: Using org.apache.spark.storage.DefaultTopologyMapper for getting topology information
[2023-08-17T05:53:56.024+0000] {spark_submit.py:491} INFO - 23/08/17 05:53:56 INFO BlockManagerMasterEndpoint: BlockManagerMasterEndpoint up
[2023-08-17T05:53:56.027+0000] {spark_submit.py:491} INFO - 23/08/17 05:53:56 INFO SparkEnv: Registering BlockManagerMasterHeartbeat
[2023-08-17T05:53:56.042+0000] {spark_submit.py:491} INFO - 23/08/17 05:53:56 INFO DiskBlockManager: Created local directory at /tmp/blockmgr-afcd583f-0c14-4f68-acbd-d0d301803528
[2023-08-17T05:53:56.054+0000] {spark_submit.py:491} INFO - 23/08/17 05:53:56 INFO MemoryStore: MemoryStore started with capacity 434.4 MiB
[2023-08-17T05:53:56.065+0000] {spark_submit.py:491} INFO - 23/08/17 05:53:56 INFO SparkEnv: Registering OutputCommitCoordinator
[2023-08-17T05:53:56.158+0000] {spark_submit.py:491} INFO - 23/08/17 05:53:56 INFO JettyUtils: Start Jetty 0.0.0.0:4040 for SparkUI
[2023-08-17T05:53:56.206+0000] {spark_submit.py:491} INFO - 23/08/17 05:53:56 INFO Utils: Successfully started service 'SparkUI' on port 4040.
[2023-08-17T05:53:56.291+0000] {spark_submit.py:491} INFO - 23/08/17 05:53:56 INFO StandaloneAppClient$ClientEndpoint: Connecting to master spark://spark:7077...
[2023-08-17T05:53:56.322+0000] {spark_submit.py:491} INFO - 23/08/17 05:53:56 INFO TransportClientFactory: Successfully created connection to spark/172.18.0.9:7077 after 17 ms (0 ms spent in bootstraps)
[2023-08-17T05:53:56.390+0000] {spark_submit.py:491} INFO - 23/08/17 05:53:56 INFO StandaloneSchedulerBackend: Connected to Spark cluster with app ID app-20230817055356-0017
[2023-08-17T05:53:56.392+0000] {spark_submit.py:491} INFO - 23/08/17 05:53:56 INFO StandaloneAppClient$ClientEndpoint: Executor added: app-20230817055356-0017/0 on worker-20230817035656-172.18.0.8-40033 (172.18.0.8:40033) with 1 core(s)
[2023-08-17T05:53:56.394+0000] {spark_submit.py:491} INFO - 23/08/17 05:53:56 INFO StandaloneSchedulerBackend: Granted executor ID app-20230817055356-0017/0 on hostPort 172.18.0.8:40033 with 1 core(s), 1024.0 MiB RAM
[2023-08-17T05:53:56.400+0000] {spark_submit.py:491} INFO - 23/08/17 05:53:56 INFO Utils: Successfully started service 'org.apache.spark.network.netty.NettyBlockTransferService' on port 40751.
[2023-08-17T05:53:56.402+0000] {spark_submit.py:491} INFO - 23/08/17 05:53:56 INFO NettyBlockTransferService: Server created on 0d68e811d1ff:40751
[2023-08-17T05:53:56.403+0000] {spark_submit.py:491} INFO - 23/08/17 05:53:56 INFO BlockManager: Using org.apache.spark.storage.RandomBlockReplicationPolicy for block replication policy
[2023-08-17T05:53:56.407+0000] {spark_submit.py:491} INFO - 23/08/17 05:53:56 INFO BlockManagerMaster: Registering BlockManager BlockManagerId(driver, 0d68e811d1ff, 40751, None)
[2023-08-17T05:53:56.411+0000] {spark_submit.py:491} INFO - 23/08/17 05:53:56 INFO BlockManagerMasterEndpoint: Registering block manager 0d68e811d1ff:40751 with 434.4 MiB RAM, BlockManagerId(driver, 0d68e811d1ff, 40751, None)
[2023-08-17T05:53:56.413+0000] {spark_submit.py:491} INFO - 23/08/17 05:53:56 INFO BlockManagerMaster: Registered BlockManager BlockManagerId(driver, 0d68e811d1ff, 40751, None)
[2023-08-17T05:53:56.415+0000] {spark_submit.py:491} INFO - 23/08/17 05:53:56 INFO BlockManager: Initialized BlockManager: BlockManagerId(driver, 0d68e811d1ff, 40751, None)
[2023-08-17T05:53:56.431+0000] {spark_submit.py:491} INFO - 23/08/17 05:53:56 INFO StandaloneAppClient$ClientEndpoint: Executor updated: app-20230817055356-0017/0 is now RUNNING
[2023-08-17T05:53:56.604+0000] {spark_submit.py:491} INFO - 23/08/17 05:53:56 INFO StandaloneSchedulerBackend: SchedulerBackend is ready for scheduling beginning after reached minRegisteredResourcesRatio: 0.0
[2023-08-17T05:53:56.813+0000] {spark_submit.py:491} INFO - 23/08/17 05:53:56 INFO SharedState: Setting hive.metastore.warehouse.dir ('null') to the value of spark.sql.warehouse.dir.
[2023-08-17T05:53:56.818+0000] {spark_submit.py:491} INFO - 23/08/17 05:53:56 INFO SharedState: Warehouse path is 'file:/opt/***/spark-warehouse'.
[2023-08-17T05:53:57.571+0000] {spark_submit.py:491} INFO - 23/08/17 05:53:57 INFO InMemoryFileIndex: It took 46 ms to list leaf files for 1 paths.
[2023-08-17T05:53:58.825+0000] {spark_submit.py:491} INFO - 23/08/17 05:53:58 INFO StandaloneSchedulerBackend$StandaloneDriverEndpoint: Registered executor NettyRpcEndpointRef(spark-client://Executor) (172.18.0.8:54190) with ID 0,  ResourceProfileId 0
[2023-08-17T05:53:58.911+0000] {spark_submit.py:491} INFO - 23/08/17 05:53:58 INFO BlockManagerMasterEndpoint: Registering block manager 172.18.0.8:41793 with 434.4 MiB RAM, BlockManagerId(0, 172.18.0.8, 41793, None)
[2023-08-17T05:53:59.427+0000] {spark_submit.py:491} INFO - 23/08/17 05:53:59 INFO FileSourceStrategy: Pushed Filters:
[2023-08-17T05:53:59.435+0000] {spark_submit.py:491} INFO - 23/08/17 05:53:59 INFO FileSourceStrategy: Post-Scan Filters:
[2023-08-17T05:53:59.505+0000] {spark_submit.py:491} INFO - 23/08/17 05:53:59 INFO ParquetUtils: Using default output committer for Parquet: org.apache.parquet.hadoop.ParquetOutputCommitter
[2023-08-17T05:53:59.522+0000] {spark_submit.py:491} INFO - 23/08/17 05:53:59 INFO FileOutputCommitter: File Output Committer Algorithm version is 1
[2023-08-17T05:53:59.523+0000] {spark_submit.py:491} INFO - 23/08/17 05:53:59 INFO FileOutputCommitter: FileOutputCommitter skip cleanup _temporary folders under output directory:false, ignore cleanup failures: false
[2023-08-17T05:53:59.524+0000] {spark_submit.py:491} INFO - 23/08/17 05:53:59 INFO SQLHadoopMapReduceCommitProtocol: Using user defined output committer class org.apache.parquet.hadoop.ParquetOutputCommitter
[2023-08-17T05:53:59.525+0000] {spark_submit.py:491} INFO - 23/08/17 05:53:59 INFO FileOutputCommitter: File Output Committer Algorithm version is 1
[2023-08-17T05:53:59.526+0000] {spark_submit.py:491} INFO - 23/08/17 05:53:59 INFO FileOutputCommitter: FileOutputCommitter skip cleanup _temporary folders under output directory:false, ignore cleanup failures: false
[2023-08-17T05:53:59.526+0000] {spark_submit.py:491} INFO - 23/08/17 05:53:59 INFO SQLHadoopMapReduceCommitProtocol: Using output committer class org.apache.parquet.hadoop.ParquetOutputCommitter
[2023-08-17T05:53:59.840+0000] {spark_submit.py:491} INFO - 23/08/17 05:53:59 INFO CodeGenerator: Code generated in 121.839708 ms
[2023-08-17T05:53:59.871+0000] {spark_submit.py:491} INFO - 23/08/17 05:53:59 INFO MemoryStore: Block broadcast_0 stored as values in memory (estimated size 199.3 KiB, free 434.2 MiB)
[2023-08-17T05:53:59.904+0000] {spark_submit.py:491} INFO - 23/08/17 05:53:59 INFO MemoryStore: Block broadcast_0_piece0 stored as bytes in memory (estimated size 34.3 KiB, free 434.2 MiB)
[2023-08-17T05:53:59.906+0000] {spark_submit.py:491} INFO - 23/08/17 05:53:59 INFO BlockManagerInfo: Added broadcast_0_piece0 in memory on 0d68e811d1ff:40751 (size: 34.3 KiB, free: 434.4 MiB)
[2023-08-17T05:53:59.909+0000] {spark_submit.py:491} INFO - 23/08/17 05:53:59 INFO SparkContext: Created broadcast 0 from parquet at NativeMethodAccessorImpl.java:0
[2023-08-17T05:53:59.922+0000] {spark_submit.py:491} INFO - 23/08/17 05:53:59 INFO FileSourceScanExec: Planning scan with bin packing, max size: 4194304 bytes, open cost is considered as scanning 4194304 bytes.
[2023-08-17T05:53:59.988+0000] {spark_submit.py:491} INFO - 23/08/17 05:53:59 INFO SparkContext: Starting job: parquet at NativeMethodAccessorImpl.java:0
[2023-08-17T05:53:59.996+0000] {spark_submit.py:491} INFO - 23/08/17 05:53:59 INFO DAGScheduler: Got job 0 (parquet at NativeMethodAccessorImpl.java:0) with 1 output partitions
[2023-08-17T05:53:59.997+0000] {spark_submit.py:491} INFO - 23/08/17 05:53:59 INFO DAGScheduler: Final stage: ResultStage 0 (parquet at NativeMethodAccessorImpl.java:0)
[2023-08-17T05:53:59.998+0000] {spark_submit.py:491} INFO - 23/08/17 05:53:59 INFO DAGScheduler: Parents of final stage: List()
[2023-08-17T05:53:59.999+0000] {spark_submit.py:491} INFO - 23/08/17 05:53:59 INFO DAGScheduler: Missing parents: List()
[2023-08-17T05:54:00.000+0000] {spark_submit.py:491} INFO - 23/08/17 05:53:59 INFO DAGScheduler: Submitting ResultStage 0 (MapPartitionsRDD[3] at parquet at NativeMethodAccessorImpl.java:0), which has no missing parents
[2023-08-17T05:54:00.069+0000] {spark_submit.py:491} INFO - 23/08/17 05:54:00 INFO MemoryStore: Block broadcast_1 stored as values in memory (estimated size 217.9 KiB, free 434.0 MiB)
[2023-08-17T05:54:00.071+0000] {spark_submit.py:491} INFO - 23/08/17 05:54:00 INFO MemoryStore: Block broadcast_1_piece0 stored as bytes in memory (estimated size 78.3 KiB, free 433.9 MiB)
[2023-08-17T05:54:00.073+0000] {spark_submit.py:491} INFO - 23/08/17 05:54:00 INFO BlockManagerInfo: Added broadcast_1_piece0 in memory on 0d68e811d1ff:40751 (size: 78.3 KiB, free: 434.3 MiB)
[2023-08-17T05:54:00.074+0000] {spark_submit.py:491} INFO - 23/08/17 05:54:00 INFO SparkContext: Created broadcast 1 from broadcast at DAGScheduler.scala:1535
[2023-08-17T05:54:00.083+0000] {spark_submit.py:491} INFO - 23/08/17 05:54:00 INFO DAGScheduler: Submitting 1 missing tasks from ResultStage 0 (MapPartitionsRDD[3] at parquet at NativeMethodAccessorImpl.java:0) (first 15 tasks are for partitions Vector(0))
[2023-08-17T05:54:00.084+0000] {spark_submit.py:491} INFO - 23/08/17 05:54:00 INFO TaskSchedulerImpl: Adding task set 0.0 with 1 tasks resource profile 0
[2023-08-17T05:54:00.104+0000] {spark_submit.py:491} INFO - 23/08/17 05:54:00 INFO TaskSetManager: Starting task 0.0 in stage 0.0 (TID 0) (172.18.0.8, executor 0, partition 0, PROCESS_LOCAL, 7914 bytes)
[2023-08-17T05:54:00.255+0000] {spark_submit.py:491} INFO - 23/08/17 05:54:00 INFO BlockManagerInfo: Added broadcast_1_piece0 in memory on 172.18.0.8:41793 (size: 78.3 KiB, free: 434.3 MiB)
[2023-08-17T05:54:01.194+0000] {spark_submit.py:491} INFO - 23/08/17 05:54:01 INFO BlockManagerInfo: Added broadcast_0_piece0 in memory on 172.18.0.8:41793 (size: 34.3 KiB, free: 434.3 MiB)
[2023-08-17T05:54:01.638+0000] {spark_submit.py:491} INFO - 23/08/17 05:54:01 WARN TaskSetManager: Lost task 0.0 in stage 0.0 (TID 0) (172.18.0.8 executor 0): org.apache.spark.SparkException: [TASK_WRITE_FAILED] Task failed while writing rows to file:/opt/***/dags/A_preprocessed.parquet.
[2023-08-17T05:54:01.639+0000] {spark_submit.py:491} INFO - at org.apache.spark.sql.errors.QueryExecutionErrors$.taskFailedWhileWritingRowsError(QueryExecutionErrors.scala:788)
[2023-08-17T05:54:01.640+0000] {spark_submit.py:491} INFO - at org.apache.spark.sql.execution.datasources.FileFormatWriter$.executeTask(FileFormatWriter.scala:420)
[2023-08-17T05:54:01.641+0000] {spark_submit.py:491} INFO - at org.apache.spark.sql.execution.datasources.WriteFilesExec.$anonfun$doExecuteWrite$1(WriteFiles.scala:100)
[2023-08-17T05:54:01.642+0000] {spark_submit.py:491} INFO - at org.apache.spark.rdd.RDD.$anonfun$mapPartitionsInternal$2(RDD.scala:888)
[2023-08-17T05:54:01.643+0000] {spark_submit.py:491} INFO - at org.apache.spark.rdd.RDD.$anonfun$mapPartitionsInternal$2$adapted(RDD.scala:888)
[2023-08-17T05:54:01.644+0000] {spark_submit.py:491} INFO - at org.apache.spark.rdd.MapPartitionsRDD.compute(MapPartitionsRDD.scala:52)
[2023-08-17T05:54:01.645+0000] {spark_submit.py:491} INFO - at org.apache.spark.rdd.RDD.computeOrReadCheckpoint(RDD.scala:364)
[2023-08-17T05:54:01.646+0000] {spark_submit.py:491} INFO - at org.apache.spark.rdd.RDD.iterator(RDD.scala:328)
[2023-08-17T05:54:01.648+0000] {spark_submit.py:491} INFO - at org.apache.spark.scheduler.ResultTask.runTask(ResultTask.scala:92)
[2023-08-17T05:54:01.650+0000] {spark_submit.py:491} INFO - at org.apache.spark.TaskContext.runTaskWithListeners(TaskContext.scala:161)
[2023-08-17T05:54:01.651+0000] {spark_submit.py:491} INFO - at org.apache.spark.scheduler.Task.run(Task.scala:139)
[2023-08-17T05:54:01.652+0000] {spark_submit.py:491} INFO - at org.apache.spark.executor.Executor$TaskRunner.$anonfun$run$3(Executor.scala:554)
[2023-08-17T05:54:01.653+0000] {spark_submit.py:491} INFO - at org.apache.spark.util.Utils$.tryWithSafeFinally(Utils.scala:1529)
[2023-08-17T05:54:01.655+0000] {spark_submit.py:491} INFO - at org.apache.spark.executor.Executor$TaskRunner.run(Executor.scala:557)
[2023-08-17T05:54:01.656+0000] {spark_submit.py:491} INFO - at java.base/java.util.concurrent.ThreadPoolExecutor.runWorker(ThreadPoolExecutor.java:1136)
[2023-08-17T05:54:01.657+0000] {spark_submit.py:491} INFO - at java.base/java.util.concurrent.ThreadPoolExecutor$Worker.run(ThreadPoolExecutor.java:635)
[2023-08-17T05:54:01.658+0000] {spark_submit.py:491} INFO - at java.base/java.lang.Thread.run(Thread.java:833)
[2023-08-17T05:54:01.658+0000] {spark_submit.py:491} INFO - Caused by: org.apache.spark.SparkFileNotFoundException: File file:/opt/***/dags/A.csv does not exist
[2023-08-17T05:54:01.659+0000] {spark_submit.py:491} INFO - It is possible the underlying files have been updated. You can explicitly invalidate the cache in Spark by running 'REFRESH TABLE tableName' command in SQL or by recreating the Dataset/DataFrame involved.
[2023-08-17T05:54:01.660+0000] {spark_submit.py:491} INFO - at org.apache.spark.sql.errors.QueryExecutionErrors$.readCurrentFileNotFoundError(QueryExecutionErrors.scala:794)
[2023-08-17T05:54:01.661+0000] {spark_submit.py:491} INFO - at org.apache.spark.sql.execution.datasources.FileScanRDD$$anon$1.org$apache$spark$sql$execution$datasources$FileScanRDD$$anon$$readCurrentFile(FileScanRDD.scala:234)
[2023-08-17T05:54:01.662+0000] {spark_submit.py:491} INFO - at org.apache.spark.sql.execution.datasources.FileScanRDD$$anon$1.nextIterator(FileScanRDD.scala:293)
[2023-08-17T05:54:01.663+0000] {spark_submit.py:491} INFO - at org.apache.spark.sql.execution.datasources.FileScanRDD$$anon$1.hasNext(FileScanRDD.scala:125)
[2023-08-17T05:54:01.664+0000] {spark_submit.py:491} INFO - at scala.collection.Iterator$$anon$10.hasNext(Iterator.scala:460)
[2023-08-17T05:54:01.665+0000] {spark_submit.py:491} INFO - at org.apache.spark.sql.catalyst.expressions.GeneratedClass$GeneratedIteratorForCodegenStage1.processNext(Unknown Source)
[2023-08-17T05:54:01.666+0000] {spark_submit.py:491} INFO - at org.apache.spark.sql.execution.BufferedRowIterator.hasNext(BufferedRowIterator.java:43)
[2023-08-17T05:54:01.668+0000] {spark_submit.py:491} INFO - at org.apache.spark.sql.execution.WholeStageCodegenExec$$anon$1.hasNext(WholeStageCodegenExec.scala:760)
[2023-08-17T05:54:01.669+0000] {spark_submit.py:491} INFO - at org.apache.spark.sql.execution.datasources.FileFormatDataWriter.writeWithIterator(FileFormatDataWriter.scala:91)
[2023-08-17T05:54:01.671+0000] {spark_submit.py:491} INFO - at org.apache.spark.sql.execution.datasources.FileFormatWriter$.$anonfun$executeTask$1(FileFormatWriter.scala:403)
[2023-08-17T05:54:01.672+0000] {spark_submit.py:491} INFO - at org.apache.spark.util.Utils$.tryWithSafeFinallyAndFailureCallbacks(Utils.scala:1563)
[2023-08-17T05:54:01.673+0000] {spark_submit.py:491} INFO - at org.apache.spark.sql.execution.datasources.FileFormatWriter$.executeTask(FileFormatWriter.scala:410)
[2023-08-17T05:54:01.674+0000] {spark_submit.py:491} INFO - ... 15 more
[2023-08-17T05:54:01.675+0000] {spark_submit.py:491} INFO - 
[2023-08-17T05:54:01.676+0000] {spark_submit.py:491} INFO - 23/08/17 05:54:01 INFO TaskSetManager: Starting task 0.1 in stage 0.0 (TID 1) (172.18.0.8, executor 0, partition 0, PROCESS_LOCAL, 7914 bytes)
[2023-08-17T05:54:01.738+0000] {spark_submit.py:491} INFO - 23/08/17 05:54:01 INFO TaskSetManager: Lost task 0.1 in stage 0.0 (TID 1) on 172.18.0.8, executor 0: org.apache.spark.SparkException ([TASK_WRITE_FAILED] Task failed while writing rows to file:/opt/***/dags/A_preprocessed.parquet.) [duplicate 1]
[2023-08-17T05:54:01.743+0000] {spark_submit.py:491} INFO - 23/08/17 05:54:01 INFO TaskSetManager: Starting task 0.2 in stage 0.0 (TID 2) (172.18.0.8, executor 0, partition 0, PROCESS_LOCAL, 7914 bytes)
[2023-08-17T05:54:01.797+0000] {spark_submit.py:491} INFO - 23/08/17 05:54:01 INFO TaskSetManager: Lost task 0.2 in stage 0.0 (TID 2) on 172.18.0.8, executor 0: org.apache.spark.SparkException ([TASK_WRITE_FAILED] Task failed while writing rows to file:/opt/***/dags/A_preprocessed.parquet.) [duplicate 2]
[2023-08-17T05:54:01.799+0000] {spark_submit.py:491} INFO - 23/08/17 05:54:01 INFO TaskSetManager: Starting task 0.3 in stage 0.0 (TID 3) (172.18.0.8, executor 0, partition 0, PROCESS_LOCAL, 7914 bytes)
[2023-08-17T05:54:01.848+0000] {spark_submit.py:491} INFO - 23/08/17 05:54:01 INFO TaskSetManager: Lost task 0.3 in stage 0.0 (TID 3) on 172.18.0.8, executor 0: org.apache.spark.SparkException ([TASK_WRITE_FAILED] Task failed while writing rows to file:/opt/***/dags/A_preprocessed.parquet.) [duplicate 3]
[2023-08-17T05:54:01.849+0000] {spark_submit.py:491} INFO - 23/08/17 05:54:01 ERROR TaskSetManager: Task 0 in stage 0.0 failed 4 times; aborting job
[2023-08-17T05:54:01.851+0000] {spark_submit.py:491} INFO - 23/08/17 05:54:01 INFO TaskSchedulerImpl: Removed TaskSet 0.0, whose tasks have all completed, from pool
[2023-08-17T05:54:01.853+0000] {spark_submit.py:491} INFO - 23/08/17 05:54:01 INFO TaskSchedulerImpl: Cancelling stage 0
[2023-08-17T05:54:01.854+0000] {spark_submit.py:491} INFO - 23/08/17 05:54:01 INFO TaskSchedulerImpl: Killing all running tasks in stage 0: Stage cancelled
[2023-08-17T05:54:01.855+0000] {spark_submit.py:491} INFO - 23/08/17 05:54:01 INFO DAGScheduler: ResultStage 0 (parquet at NativeMethodAccessorImpl.java:0) failed in 1.842 s due to Job aborted due to stage failure: Task 0 in stage 0.0 failed 4 times, most recent failure: Lost task 0.3 in stage 0.0 (TID 3) (172.18.0.8 executor 0): org.apache.spark.SparkException: [TASK_WRITE_FAILED] Task failed while writing rows to file:/opt/***/dags/A_preprocessed.parquet.
[2023-08-17T05:54:01.856+0000] {spark_submit.py:491} INFO - at org.apache.spark.sql.errors.QueryExecutionErrors$.taskFailedWhileWritingRowsError(QueryExecutionErrors.scala:788)
[2023-08-17T05:54:01.857+0000] {spark_submit.py:491} INFO - at org.apache.spark.sql.execution.datasources.FileFormatWriter$.executeTask(FileFormatWriter.scala:420)
[2023-08-17T05:54:01.859+0000] {spark_submit.py:491} INFO - at org.apache.spark.sql.execution.datasources.WriteFilesExec.$anonfun$doExecuteWrite$1(WriteFiles.scala:100)
[2023-08-17T05:54:01.864+0000] {spark_submit.py:491} INFO - at org.apache.spark.rdd.RDD.$anonfun$mapPartitionsInternal$2(RDD.scala:888)
[2023-08-17T05:54:01.865+0000] {spark_submit.py:491} INFO - at org.apache.spark.rdd.RDD.$anonfun$mapPartitionsInternal$2$adapted(RDD.scala:888)
[2023-08-17T05:54:01.866+0000] {spark_submit.py:491} INFO - at org.apache.spark.rdd.MapPartitionsRDD.compute(MapPartitionsRDD.scala:52)
[2023-08-17T05:54:01.867+0000] {spark_submit.py:491} INFO - at org.apache.spark.rdd.RDD.computeOrReadCheckpoint(RDD.scala:364)
[2023-08-17T05:54:01.868+0000] {spark_submit.py:491} INFO - at org.apache.spark.rdd.RDD.iterator(RDD.scala:328)
[2023-08-17T05:54:01.869+0000] {spark_submit.py:491} INFO - at org.apache.spark.scheduler.ResultTask.runTask(ResultTask.scala:92)
[2023-08-17T05:54:01.870+0000] {spark_submit.py:491} INFO - at org.apache.spark.TaskContext.runTaskWithListeners(TaskContext.scala:161)
[2023-08-17T05:54:01.871+0000] {spark_submit.py:491} INFO - at org.apache.spark.scheduler.Task.run(Task.scala:139)
[2023-08-17T05:54:01.872+0000] {spark_submit.py:491} INFO - at org.apache.spark.executor.Executor$TaskRunner.$anonfun$run$3(Executor.scala:554)
[2023-08-17T05:54:01.873+0000] {spark_submit.py:491} INFO - at org.apache.spark.util.Utils$.tryWithSafeFinally(Utils.scala:1529)
[2023-08-17T05:54:01.874+0000] {spark_submit.py:491} INFO - at org.apache.spark.executor.Executor$TaskRunner.run(Executor.scala:557)
[2023-08-17T05:54:01.875+0000] {spark_submit.py:491} INFO - at java.base/java.util.concurrent.ThreadPoolExecutor.runWorker(ThreadPoolExecutor.java:1136)
[2023-08-17T05:54:01.876+0000] {spark_submit.py:491} INFO - at java.base/java.util.concurrent.ThreadPoolExecutor$Worker.run(ThreadPoolExecutor.java:635)
[2023-08-17T05:54:01.877+0000] {spark_submit.py:491} INFO - at java.base/java.lang.Thread.run(Thread.java:833)
[2023-08-17T05:54:01.877+0000] {spark_submit.py:491} INFO - Caused by: org.apache.spark.SparkFileNotFoundException: File file:/opt/***/dags/A.csv does not exist
[2023-08-17T05:54:01.878+0000] {spark_submit.py:491} INFO - It is possible the underlying files have been updated. You can explicitly invalidate the cache in Spark by running 'REFRESH TABLE tableName' command in SQL or by recreating the Dataset/DataFrame involved.
[2023-08-17T05:54:01.879+0000] {spark_submit.py:491} INFO - at org.apache.spark.sql.errors.QueryExecutionErrors$.readCurrentFileNotFoundError(QueryExecutionErrors.scala:794)
[2023-08-17T05:54:01.880+0000] {spark_submit.py:491} INFO - at org.apache.spark.sql.execution.datasources.FileScanRDD$$anon$1.org$apache$spark$sql$execution$datasources$FileScanRDD$$anon$$readCurrentFile(FileScanRDD.scala:234)
[2023-08-17T05:54:01.881+0000] {spark_submit.py:491} INFO - at org.apache.spark.sql.execution.datasources.FileScanRDD$$anon$1.nextIterator(FileScanRDD.scala:293)
[2023-08-17T05:54:01.883+0000] {spark_submit.py:491} INFO - at org.apache.spark.sql.execution.datasources.FileScanRDD$$anon$1.hasNext(FileScanRDD.scala:125)
[2023-08-17T05:54:01.884+0000] {spark_submit.py:491} INFO - at scala.collection.Iterator$$anon$10.hasNext(Iterator.scala:460)
[2023-08-17T05:54:01.884+0000] {spark_submit.py:491} INFO - at org.apache.spark.sql.catalyst.expressions.GeneratedClass$GeneratedIteratorForCodegenStage1.processNext(Unknown Source)
[2023-08-17T05:54:01.886+0000] {spark_submit.py:491} INFO - at org.apache.spark.sql.execution.BufferedRowIterator.hasNext(BufferedRowIterator.java:43)
[2023-08-17T05:54:01.887+0000] {spark_submit.py:491} INFO - at org.apache.spark.sql.execution.WholeStageCodegenExec$$anon$1.hasNext(WholeStageCodegenExec.scala:760)
[2023-08-17T05:54:01.888+0000] {spark_submit.py:491} INFO - at org.apache.spark.sql.execution.datasources.FileFormatDataWriter.writeWithIterator(FileFormatDataWriter.scala:91)
[2023-08-17T05:54:01.888+0000] {spark_submit.py:491} INFO - at org.apache.spark.sql.execution.datasources.FileFormatWriter$.$anonfun$executeTask$1(FileFormatWriter.scala:403)
[2023-08-17T05:54:01.889+0000] {spark_submit.py:491} INFO - at org.apache.spark.util.Utils$.tryWithSafeFinallyAndFailureCallbacks(Utils.scala:1563)
[2023-08-17T05:54:01.890+0000] {spark_submit.py:491} INFO - at org.apache.spark.sql.execution.datasources.FileFormatWriter$.executeTask(FileFormatWriter.scala:410)
[2023-08-17T05:54:01.891+0000] {spark_submit.py:491} INFO - ... 15 more
[2023-08-17T05:54:01.892+0000] {spark_submit.py:491} INFO - 
[2023-08-17T05:54:01.893+0000] {spark_submit.py:491} INFO - Driver stacktrace:
[2023-08-17T05:54:01.893+0000] {spark_submit.py:491} INFO - 23/08/17 05:54:01 INFO DAGScheduler: Job 0 failed: parquet at NativeMethodAccessorImpl.java:0, took 1.870564 s
[2023-08-17T05:54:01.894+0000] {spark_submit.py:491} INFO - 23/08/17 05:54:01 ERROR FileFormatWriter: Aborting job dc101f6f-962a-4642-b90a-99a911551ba0.
[2023-08-17T05:54:01.894+0000] {spark_submit.py:491} INFO - org.apache.spark.SparkException: Job aborted due to stage failure: Task 0 in stage 0.0 failed 4 times, most recent failure: Lost task 0.3 in stage 0.0 (TID 3) (172.18.0.8 executor 0): org.apache.spark.SparkException: [TASK_WRITE_FAILED] Task failed while writing rows to file:/opt/***/dags/A_preprocessed.parquet.
[2023-08-17T05:54:01.895+0000] {spark_submit.py:491} INFO - at org.apache.spark.sql.errors.QueryExecutionErrors$.taskFailedWhileWritingRowsError(QueryExecutionErrors.scala:788)
[2023-08-17T05:54:01.896+0000] {spark_submit.py:491} INFO - at org.apache.spark.sql.execution.datasources.FileFormatWriter$.executeTask(FileFormatWriter.scala:420)
[2023-08-17T05:54:01.897+0000] {spark_submit.py:491} INFO - at org.apache.spark.sql.execution.datasources.WriteFilesExec.$anonfun$doExecuteWrite$1(WriteFiles.scala:100)
[2023-08-17T05:54:01.898+0000] {spark_submit.py:491} INFO - at org.apache.spark.rdd.RDD.$anonfun$mapPartitionsInternal$2(RDD.scala:888)
[2023-08-17T05:54:01.899+0000] {spark_submit.py:491} INFO - at org.apache.spark.rdd.RDD.$anonfun$mapPartitionsInternal$2$adapted(RDD.scala:888)
[2023-08-17T05:54:01.899+0000] {spark_submit.py:491} INFO - at org.apache.spark.rdd.MapPartitionsRDD.compute(MapPartitionsRDD.scala:52)
[2023-08-17T05:54:01.900+0000] {spark_submit.py:491} INFO - at org.apache.spark.rdd.RDD.computeOrReadCheckpoint(RDD.scala:364)
[2023-08-17T05:54:01.901+0000] {spark_submit.py:491} INFO - at org.apache.spark.rdd.RDD.iterator(RDD.scala:328)
[2023-08-17T05:54:01.902+0000] {spark_submit.py:491} INFO - at org.apache.spark.scheduler.ResultTask.runTask(ResultTask.scala:92)
[2023-08-17T05:54:01.902+0000] {spark_submit.py:491} INFO - at org.apache.spark.TaskContext.runTaskWithListeners(TaskContext.scala:161)
[2023-08-17T05:54:01.903+0000] {spark_submit.py:491} INFO - at org.apache.spark.scheduler.Task.run(Task.scala:139)
[2023-08-17T05:54:01.904+0000] {spark_submit.py:491} INFO - at org.apache.spark.executor.Executor$TaskRunner.$anonfun$run$3(Executor.scala:554)
[2023-08-17T05:54:01.905+0000] {spark_submit.py:491} INFO - at org.apache.spark.util.Utils$.tryWithSafeFinally(Utils.scala:1529)
[2023-08-17T05:54:01.905+0000] {spark_submit.py:491} INFO - at org.apache.spark.executor.Executor$TaskRunner.run(Executor.scala:557)
[2023-08-17T05:54:01.906+0000] {spark_submit.py:491} INFO - at java.base/java.util.concurrent.ThreadPoolExecutor.runWorker(ThreadPoolExecutor.java:1136)
[2023-08-17T05:54:01.907+0000] {spark_submit.py:491} INFO - at java.base/java.util.concurrent.ThreadPoolExecutor$Worker.run(ThreadPoolExecutor.java:635)
[2023-08-17T05:54:01.907+0000] {spark_submit.py:491} INFO - at java.base/java.lang.Thread.run(Thread.java:833)
[2023-08-17T05:54:01.908+0000] {spark_submit.py:491} INFO - Caused by: org.apache.spark.SparkFileNotFoundException: File file:/opt/***/dags/A.csv does not exist
[2023-08-17T05:54:01.909+0000] {spark_submit.py:491} INFO - It is possible the underlying files have been updated. You can explicitly invalidate the cache in Spark by running 'REFRESH TABLE tableName' command in SQL or by recreating the Dataset/DataFrame involved.
[2023-08-17T05:54:01.909+0000] {spark_submit.py:491} INFO - at org.apache.spark.sql.errors.QueryExecutionErrors$.readCurrentFileNotFoundError(QueryExecutionErrors.scala:794)
[2023-08-17T05:54:01.910+0000] {spark_submit.py:491} INFO - at org.apache.spark.sql.execution.datasources.FileScanRDD$$anon$1.org$apache$spark$sql$execution$datasources$FileScanRDD$$anon$$readCurrentFile(FileScanRDD.scala:234)
[2023-08-17T05:54:01.911+0000] {spark_submit.py:491} INFO - at org.apache.spark.sql.execution.datasources.FileScanRDD$$anon$1.nextIterator(FileScanRDD.scala:293)
[2023-08-17T05:54:01.911+0000] {spark_submit.py:491} INFO - at org.apache.spark.sql.execution.datasources.FileScanRDD$$anon$1.hasNext(FileScanRDD.scala:125)
[2023-08-17T05:54:01.912+0000] {spark_submit.py:491} INFO - at scala.collection.Iterator$$anon$10.hasNext(Iterator.scala:460)
[2023-08-17T05:54:01.913+0000] {spark_submit.py:491} INFO - at org.apache.spark.sql.catalyst.expressions.GeneratedClass$GeneratedIteratorForCodegenStage1.processNext(Unknown Source)
[2023-08-17T05:54:01.914+0000] {spark_submit.py:491} INFO - at org.apache.spark.sql.execution.BufferedRowIterator.hasNext(BufferedRowIterator.java:43)
[2023-08-17T05:54:01.914+0000] {spark_submit.py:491} INFO - at org.apache.spark.sql.execution.WholeStageCodegenExec$$anon$1.hasNext(WholeStageCodegenExec.scala:760)
[2023-08-17T05:54:01.915+0000] {spark_submit.py:491} INFO - at org.apache.spark.sql.execution.datasources.FileFormatDataWriter.writeWithIterator(FileFormatDataWriter.scala:91)
[2023-08-17T05:54:01.916+0000] {spark_submit.py:491} INFO - at org.apache.spark.sql.execution.datasources.FileFormatWriter$.$anonfun$executeTask$1(FileFormatWriter.scala:403)
[2023-08-17T05:54:01.917+0000] {spark_submit.py:491} INFO - at org.apache.spark.util.Utils$.tryWithSafeFinallyAndFailureCallbacks(Utils.scala:1563)
[2023-08-17T05:54:01.917+0000] {spark_submit.py:491} INFO - at org.apache.spark.sql.execution.datasources.FileFormatWriter$.executeTask(FileFormatWriter.scala:410)
[2023-08-17T05:54:01.918+0000] {spark_submit.py:491} INFO - ... 15 more
[2023-08-17T05:54:01.919+0000] {spark_submit.py:491} INFO - 
[2023-08-17T05:54:01.919+0000] {spark_submit.py:491} INFO - Driver stacktrace:
[2023-08-17T05:54:01.920+0000] {spark_submit.py:491} INFO - at org.apache.spark.scheduler.DAGScheduler.failJobAndIndependentStages(DAGScheduler.scala:2785)
[2023-08-17T05:54:01.920+0000] {spark_submit.py:491} INFO - at org.apache.spark.scheduler.DAGScheduler.$anonfun$abortStage$2(DAGScheduler.scala:2721)
[2023-08-17T05:54:01.921+0000] {spark_submit.py:491} INFO - at org.apache.spark.scheduler.DAGScheduler.$anonfun$abortStage$2$adapted(DAGScheduler.scala:2720)
[2023-08-17T05:54:01.922+0000] {spark_submit.py:491} INFO - at scala.collection.mutable.ResizableArray.foreach(ResizableArray.scala:62)
[2023-08-17T05:54:01.923+0000] {spark_submit.py:491} INFO - at scala.collection.mutable.ResizableArray.foreach$(ResizableArray.scala:55)
[2023-08-17T05:54:01.924+0000] {spark_submit.py:491} INFO - at scala.collection.mutable.ArrayBuffer.foreach(ArrayBuffer.scala:49)
[2023-08-17T05:54:01.924+0000] {spark_submit.py:491} INFO - at org.apache.spark.scheduler.DAGScheduler.abortStage(DAGScheduler.scala:2720)
[2023-08-17T05:54:01.925+0000] {spark_submit.py:491} INFO - at org.apache.spark.scheduler.DAGScheduler.$anonfun$handleTaskSetFailed$1(DAGScheduler.scala:1206)
[2023-08-17T05:54:01.926+0000] {spark_submit.py:491} INFO - at org.apache.spark.scheduler.DAGScheduler.$anonfun$handleTaskSetFailed$1$adapted(DAGScheduler.scala:1206)
[2023-08-17T05:54:01.927+0000] {spark_submit.py:491} INFO - at scala.Option.foreach(Option.scala:407)
[2023-08-17T05:54:01.928+0000] {spark_submit.py:491} INFO - at org.apache.spark.scheduler.DAGScheduler.handleTaskSetFailed(DAGScheduler.scala:1206)
[2023-08-17T05:54:01.929+0000] {spark_submit.py:491} INFO - at org.apache.spark.scheduler.DAGSchedulerEventProcessLoop.doOnReceive(DAGScheduler.scala:2984)
[2023-08-17T05:54:01.929+0000] {spark_submit.py:491} INFO - at org.apache.spark.scheduler.DAGSchedulerEventProcessLoop.onReceive(DAGScheduler.scala:2923)
[2023-08-17T05:54:01.930+0000] {spark_submit.py:491} INFO - at org.apache.spark.scheduler.DAGSchedulerEventProcessLoop.onReceive(DAGScheduler.scala:2912)
[2023-08-17T05:54:01.931+0000] {spark_submit.py:491} INFO - at org.apache.spark.util.EventLoop$$anon$1.run(EventLoop.scala:49)
[2023-08-17T05:54:01.932+0000] {spark_submit.py:491} INFO - at org.apache.spark.scheduler.DAGScheduler.runJob(DAGScheduler.scala:971)
[2023-08-17T05:54:01.933+0000] {spark_submit.py:491} INFO - at org.apache.spark.SparkContext.runJob(SparkContext.scala:2263)
[2023-08-17T05:54:01.933+0000] {spark_submit.py:491} INFO - at org.apache.spark.sql.execution.datasources.FileFormatWriter$.$anonfun$executeWrite$4(FileFormatWriter.scala:307)
[2023-08-17T05:54:01.934+0000] {spark_submit.py:491} INFO - at org.apache.spark.sql.execution.datasources.FileFormatWriter$.writeAndCommit(FileFormatWriter.scala:271)
[2023-08-17T05:54:01.935+0000] {spark_submit.py:491} INFO - at org.apache.spark.sql.execution.datasources.FileFormatWriter$.executeWrite(FileFormatWriter.scala:304)
[2023-08-17T05:54:01.935+0000] {spark_submit.py:491} INFO - at org.apache.spark.sql.execution.datasources.FileFormatWriter$.write(FileFormatWriter.scala:190)
[2023-08-17T05:54:01.936+0000] {spark_submit.py:491} INFO - at org.apache.spark.sql.execution.datasources.InsertIntoHadoopFsRelationCommand.run(InsertIntoHadoopFsRelationCommand.scala:190)
[2023-08-17T05:54:01.937+0000] {spark_submit.py:491} INFO - at org.apache.spark.sql.execution.command.DataWritingCommandExec.sideEffectResult$lzycompute(commands.scala:113)
[2023-08-17T05:54:01.938+0000] {spark_submit.py:491} INFO - at org.apache.spark.sql.execution.command.DataWritingCommandExec.sideEffectResult(commands.scala:111)
[2023-08-17T05:54:01.939+0000] {spark_submit.py:491} INFO - at org.apache.spark.sql.execution.command.DataWritingCommandExec.executeCollect(commands.scala:125)
[2023-08-17T05:54:01.940+0000] {spark_submit.py:491} INFO - at org.apache.spark.sql.execution.QueryExecution$$anonfun$eagerlyExecuteCommands$1.$anonfun$applyOrElse$1(QueryExecution.scala:98)
[2023-08-17T05:54:01.941+0000] {spark_submit.py:491} INFO - at org.apache.spark.sql.execution.SQLExecution$.$anonfun$withNewExecutionId$6(SQLExecution.scala:118)
[2023-08-17T05:54:01.941+0000] {spark_submit.py:491} INFO - at org.apache.spark.sql.execution.SQLExecution$.withSQLConfPropagated(SQLExecution.scala:195)
[2023-08-17T05:54:01.942+0000] {spark_submit.py:491} INFO - at org.apache.spark.sql.execution.SQLExecution$.$anonfun$withNewExecutionId$1(SQLExecution.scala:103)
[2023-08-17T05:54:01.943+0000] {spark_submit.py:491} INFO - at org.apache.spark.sql.SparkSession.withActive(SparkSession.scala:827)
[2023-08-17T05:54:01.943+0000] {spark_submit.py:491} INFO - at org.apache.spark.sql.execution.SQLExecution$.withNewExecutionId(SQLExecution.scala:65)
[2023-08-17T05:54:01.944+0000] {spark_submit.py:491} INFO - at org.apache.spark.sql.execution.QueryExecution$$anonfun$eagerlyExecuteCommands$1.applyOrElse(QueryExecution.scala:98)
[2023-08-17T05:54:01.945+0000] {spark_submit.py:491} INFO - at org.apache.spark.sql.execution.QueryExecution$$anonfun$eagerlyExecuteCommands$1.applyOrElse(QueryExecution.scala:94)
[2023-08-17T05:54:01.946+0000] {spark_submit.py:491} INFO - at org.apache.spark.sql.catalyst.trees.TreeNode.$anonfun$transformDownWithPruning$1(TreeNode.scala:512)
[2023-08-17T05:54:01.947+0000] {spark_submit.py:491} INFO - at org.apache.spark.sql.catalyst.trees.CurrentOrigin$.withOrigin(TreeNode.scala:104)
[2023-08-17T05:54:01.948+0000] {spark_submit.py:491} INFO - at org.apache.spark.sql.catalyst.trees.TreeNode.transformDownWithPruning(TreeNode.scala:512)
[2023-08-17T05:54:01.949+0000] {spark_submit.py:491} INFO - at org.apache.spark.sql.catalyst.plans.logical.LogicalPlan.org$apache$spark$sql$catalyst$plans$logical$AnalysisHelper$$super$transformDownWithPruning(LogicalPlan.scala:31)
[2023-08-17T05:54:01.950+0000] {spark_submit.py:491} INFO - at org.apache.spark.sql.catalyst.plans.logical.AnalysisHelper.transformDownWithPruning(AnalysisHelper.scala:267)
[2023-08-17T05:54:01.951+0000] {spark_submit.py:491} INFO - at org.apache.spark.sql.catalyst.plans.logical.AnalysisHelper.transformDownWithPruning$(AnalysisHelper.scala:263)
[2023-08-17T05:54:01.952+0000] {spark_submit.py:491} INFO - at org.apache.spark.sql.catalyst.plans.logical.LogicalPlan.transformDownWithPruning(LogicalPlan.scala:31)
[2023-08-17T05:54:01.953+0000] {spark_submit.py:491} INFO - at org.apache.spark.sql.catalyst.plans.logical.LogicalPlan.transformDownWithPruning(LogicalPlan.scala:31)
[2023-08-17T05:54:01.954+0000] {spark_submit.py:491} INFO - at org.apache.spark.sql.catalyst.trees.TreeNode.transformDown(TreeNode.scala:488)
[2023-08-17T05:54:01.955+0000] {spark_submit.py:491} INFO - at org.apache.spark.sql.execution.QueryExecution.eagerlyExecuteCommands(QueryExecution.scala:94)
[2023-08-17T05:54:01.956+0000] {spark_submit.py:491} INFO - at org.apache.spark.sql.execution.QueryExecution.commandExecuted$lzycompute(QueryExecution.scala:81)
[2023-08-17T05:54:01.956+0000] {spark_submit.py:491} INFO - at org.apache.spark.sql.execution.QueryExecution.commandExecuted(QueryExecution.scala:79)
[2023-08-17T05:54:01.957+0000] {spark_submit.py:491} INFO - at org.apache.spark.sql.execution.QueryExecution.assertCommandExecuted(QueryExecution.scala:133)
[2023-08-17T05:54:01.958+0000] {spark_submit.py:491} INFO - at org.apache.spark.sql.DataFrameWriter.runCommand(DataFrameWriter.scala:856)
[2023-08-17T05:54:01.960+0000] {spark_submit.py:491} INFO - at org.apache.spark.sql.DataFrameWriter.saveToV1Source(DataFrameWriter.scala:387)
[2023-08-17T05:54:01.963+0000] {spark_submit.py:491} INFO - at org.apache.spark.sql.DataFrameWriter.saveInternal(DataFrameWriter.scala:360)
[2023-08-17T05:54:01.964+0000] {spark_submit.py:491} INFO - at org.apache.spark.sql.DataFrameWriter.save(DataFrameWriter.scala:239)
[2023-08-17T05:54:01.965+0000] {spark_submit.py:491} INFO - at org.apache.spark.sql.DataFrameWriter.parquet(DataFrameWriter.scala:789)
[2023-08-17T05:54:01.966+0000] {spark_submit.py:491} INFO - at java.base/jdk.internal.reflect.NativeMethodAccessorImpl.invoke0(Native Method)
[2023-08-17T05:54:01.967+0000] {spark_submit.py:491} INFO - at java.base/jdk.internal.reflect.NativeMethodAccessorImpl.invoke(NativeMethodAccessorImpl.java:77)
[2023-08-17T05:54:01.968+0000] {spark_submit.py:491} INFO - at java.base/jdk.internal.reflect.DelegatingMethodAccessorImpl.invoke(DelegatingMethodAccessorImpl.java:43)
[2023-08-17T05:54:01.969+0000] {spark_submit.py:491} INFO - at java.base/java.lang.reflect.Method.invoke(Method.java:568)
[2023-08-17T05:54:01.970+0000] {spark_submit.py:491} INFO - at py4j.reflection.MethodInvoker.invoke(MethodInvoker.java:244)
[2023-08-17T05:54:01.971+0000] {spark_submit.py:491} INFO - at py4j.reflection.ReflectionEngine.invoke(ReflectionEngine.java:374)
[2023-08-17T05:54:01.972+0000] {spark_submit.py:491} INFO - at py4j.Gateway.invoke(Gateway.java:282)
[2023-08-17T05:54:01.973+0000] {spark_submit.py:491} INFO - at py4j.commands.AbstractCommand.invokeMethod(AbstractCommand.java:132)
[2023-08-17T05:54:01.973+0000] {spark_submit.py:491} INFO - at py4j.commands.CallCommand.execute(CallCommand.java:79)
[2023-08-17T05:54:01.974+0000] {spark_submit.py:491} INFO - at py4j.ClientServerConnection.waitForCommands(ClientServerConnection.java:182)
[2023-08-17T05:54:01.975+0000] {spark_submit.py:491} INFO - at py4j.ClientServerConnection.run(ClientServerConnection.java:106)
[2023-08-17T05:54:01.976+0000] {spark_submit.py:491} INFO - at java.base/java.lang.Thread.run(Thread.java:833)
[2023-08-17T05:54:01.977+0000] {spark_submit.py:491} INFO - Caused by: org.apache.spark.SparkException: [TASK_WRITE_FAILED] Task failed while writing rows to file:/opt/***/dags/A_preprocessed.parquet.
[2023-08-17T05:54:01.978+0000] {spark_submit.py:491} INFO - at org.apache.spark.sql.errors.QueryExecutionErrors$.taskFailedWhileWritingRowsError(QueryExecutionErrors.scala:788)
[2023-08-17T05:54:01.978+0000] {spark_submit.py:491} INFO - at org.apache.spark.sql.execution.datasources.FileFormatWriter$.executeTask(FileFormatWriter.scala:420)
[2023-08-17T05:54:01.979+0000] {spark_submit.py:491} INFO - at org.apache.spark.sql.execution.datasources.WriteFilesExec.$anonfun$doExecuteWrite$1(WriteFiles.scala:100)
[2023-08-17T05:54:01.980+0000] {spark_submit.py:491} INFO - at org.apache.spark.rdd.RDD.$anonfun$mapPartitionsInternal$2(RDD.scala:888)
[2023-08-17T05:54:01.981+0000] {spark_submit.py:491} INFO - at org.apache.spark.rdd.RDD.$anonfun$mapPartitionsInternal$2$adapted(RDD.scala:888)
[2023-08-17T05:54:01.981+0000] {spark_submit.py:491} INFO - at org.apache.spark.rdd.MapPartitionsRDD.compute(MapPartitionsRDD.scala:52)
[2023-08-17T05:54:01.982+0000] {spark_submit.py:491} INFO - at org.apache.spark.rdd.RDD.computeOrReadCheckpoint(RDD.scala:364)
[2023-08-17T05:54:01.982+0000] {spark_submit.py:491} INFO - at org.apache.spark.rdd.RDD.iterator(RDD.scala:328)
[2023-08-17T05:54:01.983+0000] {spark_submit.py:491} INFO - at org.apache.spark.scheduler.ResultTask.runTask(ResultTask.scala:92)
[2023-08-17T05:54:01.984+0000] {spark_submit.py:491} INFO - at org.apache.spark.TaskContext.runTaskWithListeners(TaskContext.scala:161)
[2023-08-17T05:54:01.985+0000] {spark_submit.py:491} INFO - at org.apache.spark.scheduler.Task.run(Task.scala:139)
[2023-08-17T05:54:01.985+0000] {spark_submit.py:491} INFO - at org.apache.spark.executor.Executor$TaskRunner.$anonfun$run$3(Executor.scala:554)
[2023-08-17T05:54:01.986+0000] {spark_submit.py:491} INFO - at org.apache.spark.util.Utils$.tryWithSafeFinally(Utils.scala:1529)
[2023-08-17T05:54:01.987+0000] {spark_submit.py:491} INFO - at org.apache.spark.executor.Executor$TaskRunner.run(Executor.scala:557)
[2023-08-17T05:54:01.987+0000] {spark_submit.py:491} INFO - at java.base/java.util.concurrent.ThreadPoolExecutor.runWorker(ThreadPoolExecutor.java:1136)
[2023-08-17T05:54:01.988+0000] {spark_submit.py:491} INFO - at java.base/java.util.concurrent.ThreadPoolExecutor$Worker.run(ThreadPoolExecutor.java:635)
[2023-08-17T05:54:01.989+0000] {spark_submit.py:491} INFO - at java.base/java.lang.Thread.run(Thread.java:833)
[2023-08-17T05:54:01.989+0000] {spark_submit.py:491} INFO - Caused by: org.apache.spark.SparkFileNotFoundException: File file:/opt/***/dags/A.csv does not exist
[2023-08-17T05:54:01.990+0000] {spark_submit.py:491} INFO - It is possible the underlying files have been updated. You can explicitly invalidate the cache in Spark by running 'REFRESH TABLE tableName' command in SQL or by recreating the Dataset/DataFrame involved.
[2023-08-17T05:54:01.990+0000] {spark_submit.py:491} INFO - at org.apache.spark.sql.errors.QueryExecutionErrors$.readCurrentFileNotFoundError(QueryExecutionErrors.scala:794)
[2023-08-17T05:54:01.991+0000] {spark_submit.py:491} INFO - at org.apache.spark.sql.execution.datasources.FileScanRDD$$anon$1.org$apache$spark$sql$execution$datasources$FileScanRDD$$anon$$readCurrentFile(FileScanRDD.scala:234)
[2023-08-17T05:54:01.991+0000] {spark_submit.py:491} INFO - at org.apache.spark.sql.execution.datasources.FileScanRDD$$anon$1.nextIterator(FileScanRDD.scala:293)
[2023-08-17T05:54:01.992+0000] {spark_submit.py:491} INFO - at org.apache.spark.sql.execution.datasources.FileScanRDD$$anon$1.hasNext(FileScanRDD.scala:125)
[2023-08-17T05:54:01.992+0000] {spark_submit.py:491} INFO - at scala.collection.Iterator$$anon$10.hasNext(Iterator.scala:460)
[2023-08-17T05:54:01.993+0000] {spark_submit.py:491} INFO - at org.apache.spark.sql.catalyst.expressions.GeneratedClass$GeneratedIteratorForCodegenStage1.processNext(Unknown Source)
[2023-08-17T05:54:01.993+0000] {spark_submit.py:491} INFO - at org.apache.spark.sql.execution.BufferedRowIterator.hasNext(BufferedRowIterator.java:43)
[2023-08-17T05:54:01.994+0000] {spark_submit.py:491} INFO - at org.apache.spark.sql.execution.WholeStageCodegenExec$$anon$1.hasNext(WholeStageCodegenExec.scala:760)
[2023-08-17T05:54:01.994+0000] {spark_submit.py:491} INFO - at org.apache.spark.sql.execution.datasources.FileFormatDataWriter.writeWithIterator(FileFormatDataWriter.scala:91)
[2023-08-17T05:54:01.995+0000] {spark_submit.py:491} INFO - at org.apache.spark.sql.execution.datasources.FileFormatWriter$.$anonfun$executeTask$1(FileFormatWriter.scala:403)
[2023-08-17T05:54:01.995+0000] {spark_submit.py:491} INFO - at org.apache.spark.util.Utils$.tryWithSafeFinallyAndFailureCallbacks(Utils.scala:1563)
[2023-08-17T05:54:01.996+0000] {spark_submit.py:491} INFO - at org.apache.spark.sql.execution.datasources.FileFormatWriter$.executeTask(FileFormatWriter.scala:410)
[2023-08-17T05:54:01.996+0000] {spark_submit.py:491} INFO - ... 15 more
[2023-08-17T05:54:02.060+0000] {spark_submit.py:491} INFO - Traceback (most recent call last):
[2023-08-17T05:54:02.061+0000] {spark_submit.py:491} INFO - File "/opt/***/dags/spark_processing.py", line 25, in <module>
[2023-08-17T05:54:02.062+0000] {spark_submit.py:491} INFO - stock_df.write.mode("overwrite").option("compression", "snappy").parquet("dags/A"+"_preprocessed.parquet")
[2023-08-17T05:54:02.062+0000] {spark_submit.py:491} INFO - File "/home/***/.local/lib/python3.10/site-packages/pyspark/python/lib/pyspark.zip/pyspark/sql/readwriter.py", line 1656, in parquet
[2023-08-17T05:54:02.063+0000] {spark_submit.py:491} INFO - File "/home/***/.local/lib/python3.10/site-packages/pyspark/python/lib/py4j-0.10.9.7-src.zip/py4j/java_gateway.py", line 1322, in __call__
[2023-08-17T05:54:02.064+0000] {spark_submit.py:491} INFO - File "/home/***/.local/lib/python3.10/site-packages/pyspark/python/lib/pyspark.zip/pyspark/errors/exceptions/captured.py", line 169, in deco
[2023-08-17T05:54:02.064+0000] {spark_submit.py:491} INFO - File "/home/***/.local/lib/python3.10/site-packages/pyspark/python/lib/py4j-0.10.9.7-src.zip/py4j/protocol.py", line 326, in get_return_value
[2023-08-17T05:54:02.111+0000] {spark_submit.py:491} INFO - py4j.protocol.Py4JJavaError: An error occurred while calling o40.parquet.
[2023-08-17T05:54:02.112+0000] {spark_submit.py:491} INFO - : org.apache.spark.SparkException: Job aborted due to stage failure: Task 0 in stage 0.0 failed 4 times, most recent failure: Lost task 0.3 in stage 0.0 (TID 3) (172.18.0.8 executor 0): org.apache.spark.SparkException: [TASK_WRITE_FAILED] Task failed while writing rows to file:/opt/***/dags/A_preprocessed.parquet.
[2023-08-17T05:54:02.113+0000] {spark_submit.py:491} INFO - at org.apache.spark.sql.errors.QueryExecutionErrors$.taskFailedWhileWritingRowsError(QueryExecutionErrors.scala:788)
[2023-08-17T05:54:02.113+0000] {spark_submit.py:491} INFO - at org.apache.spark.sql.execution.datasources.FileFormatWriter$.executeTask(FileFormatWriter.scala:420)
[2023-08-17T05:54:02.114+0000] {spark_submit.py:491} INFO - at org.apache.spark.sql.execution.datasources.WriteFilesExec.$anonfun$doExecuteWrite$1(WriteFiles.scala:100)
[2023-08-17T05:54:02.114+0000] {spark_submit.py:491} INFO - at org.apache.spark.rdd.RDD.$anonfun$mapPartitionsInternal$2(RDD.scala:888)
[2023-08-17T05:54:02.115+0000] {spark_submit.py:491} INFO - at org.apache.spark.rdd.RDD.$anonfun$mapPartitionsInternal$2$adapted(RDD.scala:888)
[2023-08-17T05:54:02.116+0000] {spark_submit.py:491} INFO - at org.apache.spark.rdd.MapPartitionsRDD.compute(MapPartitionsRDD.scala:52)
[2023-08-17T05:54:02.116+0000] {spark_submit.py:491} INFO - at org.apache.spark.rdd.RDD.computeOrReadCheckpoint(RDD.scala:364)
[2023-08-17T05:54:02.117+0000] {spark_submit.py:491} INFO - at org.apache.spark.rdd.RDD.iterator(RDD.scala:328)
[2023-08-17T05:54:02.118+0000] {spark_submit.py:491} INFO - at org.apache.spark.scheduler.ResultTask.runTask(ResultTask.scala:92)
[2023-08-17T05:54:02.119+0000] {spark_submit.py:491} INFO - at org.apache.spark.TaskContext.runTaskWithListeners(TaskContext.scala:161)
[2023-08-17T05:54:02.120+0000] {spark_submit.py:491} INFO - at org.apache.spark.scheduler.Task.run(Task.scala:139)
[2023-08-17T05:54:02.121+0000] {spark_submit.py:491} INFO - at org.apache.spark.executor.Executor$TaskRunner.$anonfun$run$3(Executor.scala:554)
[2023-08-17T05:54:02.121+0000] {spark_submit.py:491} INFO - at org.apache.spark.util.Utils$.tryWithSafeFinally(Utils.scala:1529)
[2023-08-17T05:54:02.122+0000] {spark_submit.py:491} INFO - at org.apache.spark.executor.Executor$TaskRunner.run(Executor.scala:557)
[2023-08-17T05:54:02.123+0000] {spark_submit.py:491} INFO - at java.base/java.util.concurrent.ThreadPoolExecutor.runWorker(ThreadPoolExecutor.java:1136)
[2023-08-17T05:54:02.123+0000] {spark_submit.py:491} INFO - at java.base/java.util.concurrent.ThreadPoolExecutor$Worker.run(ThreadPoolExecutor.java:635)
[2023-08-17T05:54:02.124+0000] {spark_submit.py:491} INFO - at java.base/java.lang.Thread.run(Thread.java:833)
[2023-08-17T05:54:02.124+0000] {spark_submit.py:491} INFO - Caused by: org.apache.spark.SparkFileNotFoundException: File file:/opt/***/dags/A.csv does not exist
[2023-08-17T05:54:02.125+0000] {spark_submit.py:491} INFO - It is possible the underlying files have been updated. You can explicitly invalidate the cache in Spark by running 'REFRESH TABLE tableName' command in SQL or by recreating the Dataset/DataFrame involved.
[2023-08-17T05:54:02.126+0000] {spark_submit.py:491} INFO - at org.apache.spark.sql.errors.QueryExecutionErrors$.readCurrentFileNotFoundError(QueryExecutionErrors.scala:794)
[2023-08-17T05:54:02.126+0000] {spark_submit.py:491} INFO - at org.apache.spark.sql.execution.datasources.FileScanRDD$$anon$1.org$apache$spark$sql$execution$datasources$FileScanRDD$$anon$$readCurrentFile(FileScanRDD.scala:234)
[2023-08-17T05:54:02.127+0000] {spark_submit.py:491} INFO - at org.apache.spark.sql.execution.datasources.FileScanRDD$$anon$1.nextIterator(FileScanRDD.scala:293)
[2023-08-17T05:54:02.127+0000] {spark_submit.py:491} INFO - at org.apache.spark.sql.execution.datasources.FileScanRDD$$anon$1.hasNext(FileScanRDD.scala:125)
[2023-08-17T05:54:02.128+0000] {spark_submit.py:491} INFO - at scala.collection.Iterator$$anon$10.hasNext(Iterator.scala:460)
[2023-08-17T05:54:02.129+0000] {spark_submit.py:491} INFO - at org.apache.spark.sql.catalyst.expressions.GeneratedClass$GeneratedIteratorForCodegenStage1.processNext(Unknown Source)
[2023-08-17T05:54:02.129+0000] {spark_submit.py:491} INFO - at org.apache.spark.sql.execution.BufferedRowIterator.hasNext(BufferedRowIterator.java:43)
[2023-08-17T05:54:02.130+0000] {spark_submit.py:491} INFO - at org.apache.spark.sql.execution.WholeStageCodegenExec$$anon$1.hasNext(WholeStageCodegenExec.scala:760)
[2023-08-17T05:54:02.130+0000] {spark_submit.py:491} INFO - at org.apache.spark.sql.execution.datasources.FileFormatDataWriter.writeWithIterator(FileFormatDataWriter.scala:91)
[2023-08-17T05:54:02.131+0000] {spark_submit.py:491} INFO - at org.apache.spark.sql.execution.datasources.FileFormatWriter$.$anonfun$executeTask$1(FileFormatWriter.scala:403)
[2023-08-17T05:54:02.131+0000] {spark_submit.py:491} INFO - at org.apache.spark.util.Utils$.tryWithSafeFinallyAndFailureCallbacks(Utils.scala:1563)
[2023-08-17T05:54:02.132+0000] {spark_submit.py:491} INFO - at org.apache.spark.sql.execution.datasources.FileFormatWriter$.executeTask(FileFormatWriter.scala:410)
[2023-08-17T05:54:02.132+0000] {spark_submit.py:491} INFO - ... 15 more
[2023-08-17T05:54:02.133+0000] {spark_submit.py:491} INFO - 
[2023-08-17T05:54:02.134+0000] {spark_submit.py:491} INFO - Driver stacktrace:
[2023-08-17T05:54:02.134+0000] {spark_submit.py:491} INFO - at org.apache.spark.scheduler.DAGScheduler.failJobAndIndependentStages(DAGScheduler.scala:2785)
[2023-08-17T05:54:02.135+0000] {spark_submit.py:491} INFO - at org.apache.spark.scheduler.DAGScheduler.$anonfun$abortStage$2(DAGScheduler.scala:2721)
[2023-08-17T05:54:02.136+0000] {spark_submit.py:491} INFO - at org.apache.spark.scheduler.DAGScheduler.$anonfun$abortStage$2$adapted(DAGScheduler.scala:2720)
[2023-08-17T05:54:02.136+0000] {spark_submit.py:491} INFO - at scala.collection.mutable.ResizableArray.foreach(ResizableArray.scala:62)
[2023-08-17T05:54:02.137+0000] {spark_submit.py:491} INFO - at scala.collection.mutable.ResizableArray.foreach$(ResizableArray.scala:55)
[2023-08-17T05:54:02.138+0000] {spark_submit.py:491} INFO - at scala.collection.mutable.ArrayBuffer.foreach(ArrayBuffer.scala:49)
[2023-08-17T05:54:02.139+0000] {spark_submit.py:491} INFO - at org.apache.spark.scheduler.DAGScheduler.abortStage(DAGScheduler.scala:2720)
[2023-08-17T05:54:02.139+0000] {spark_submit.py:491} INFO - at org.apache.spark.scheduler.DAGScheduler.$anonfun$handleTaskSetFailed$1(DAGScheduler.scala:1206)
[2023-08-17T05:54:02.140+0000] {spark_submit.py:491} INFO - at org.apache.spark.scheduler.DAGScheduler.$anonfun$handleTaskSetFailed$1$adapted(DAGScheduler.scala:1206)
[2023-08-17T05:54:02.141+0000] {spark_submit.py:491} INFO - at scala.Option.foreach(Option.scala:407)
[2023-08-17T05:54:02.141+0000] {spark_submit.py:491} INFO - at org.apache.spark.scheduler.DAGScheduler.handleTaskSetFailed(DAGScheduler.scala:1206)
[2023-08-17T05:54:02.142+0000] {spark_submit.py:491} INFO - at org.apache.spark.scheduler.DAGSchedulerEventProcessLoop.doOnReceive(DAGScheduler.scala:2984)
[2023-08-17T05:54:02.143+0000] {spark_submit.py:491} INFO - at org.apache.spark.scheduler.DAGSchedulerEventProcessLoop.onReceive(DAGScheduler.scala:2923)
[2023-08-17T05:54:02.144+0000] {spark_submit.py:491} INFO - at org.apache.spark.scheduler.DAGSchedulerEventProcessLoop.onReceive(DAGScheduler.scala:2912)
[2023-08-17T05:54:02.145+0000] {spark_submit.py:491} INFO - at org.apache.spark.util.EventLoop$$anon$1.run(EventLoop.scala:49)
[2023-08-17T05:54:02.145+0000] {spark_submit.py:491} INFO - at org.apache.spark.scheduler.DAGScheduler.runJob(DAGScheduler.scala:971)
[2023-08-17T05:54:02.146+0000] {spark_submit.py:491} INFO - at org.apache.spark.SparkContext.runJob(SparkContext.scala:2263)
[2023-08-17T05:54:02.147+0000] {spark_submit.py:491} INFO - at org.apache.spark.sql.execution.datasources.FileFormatWriter$.$anonfun$executeWrite$4(FileFormatWriter.scala:307)
[2023-08-17T05:54:02.148+0000] {spark_submit.py:491} INFO - at org.apache.spark.sql.execution.datasources.FileFormatWriter$.writeAndCommit(FileFormatWriter.scala:271)
[2023-08-17T05:54:02.149+0000] {spark_submit.py:491} INFO - at org.apache.spark.sql.execution.datasources.FileFormatWriter$.executeWrite(FileFormatWriter.scala:304)
[2023-08-17T05:54:02.150+0000] {spark_submit.py:491} INFO - at org.apache.spark.sql.execution.datasources.FileFormatWriter$.write(FileFormatWriter.scala:190)
[2023-08-17T05:54:02.150+0000] {spark_submit.py:491} INFO - at org.apache.spark.sql.execution.datasources.InsertIntoHadoopFsRelationCommand.run(InsertIntoHadoopFsRelationCommand.scala:190)
[2023-08-17T05:54:02.151+0000] {spark_submit.py:491} INFO - at org.apache.spark.sql.execution.command.DataWritingCommandExec.sideEffectResult$lzycompute(commands.scala:113)
[2023-08-17T05:54:02.152+0000] {spark_submit.py:491} INFO - at org.apache.spark.sql.execution.command.DataWritingCommandExec.sideEffectResult(commands.scala:111)
[2023-08-17T05:54:02.152+0000] {spark_submit.py:491} INFO - at org.apache.spark.sql.execution.command.DataWritingCommandExec.executeCollect(commands.scala:125)
[2023-08-17T05:54:02.153+0000] {spark_submit.py:491} INFO - at org.apache.spark.sql.execution.QueryExecution$$anonfun$eagerlyExecuteCommands$1.$anonfun$applyOrElse$1(QueryExecution.scala:98)
[2023-08-17T05:54:02.153+0000] {spark_submit.py:491} INFO - at org.apache.spark.sql.execution.SQLExecution$.$anonfun$withNewExecutionId$6(SQLExecution.scala:118)
[2023-08-17T05:54:02.154+0000] {spark_submit.py:491} INFO - at org.apache.spark.sql.execution.SQLExecution$.withSQLConfPropagated(SQLExecution.scala:195)
[2023-08-17T05:54:02.155+0000] {spark_submit.py:491} INFO - at org.apache.spark.sql.execution.SQLExecution$.$anonfun$withNewExecutionId$1(SQLExecution.scala:103)
[2023-08-17T05:54:02.156+0000] {spark_submit.py:491} INFO - at org.apache.spark.sql.SparkSession.withActive(SparkSession.scala:827)
[2023-08-17T05:54:02.156+0000] {spark_submit.py:491} INFO - at org.apache.spark.sql.execution.SQLExecution$.withNewExecutionId(SQLExecution.scala:65)
[2023-08-17T05:54:02.157+0000] {spark_submit.py:491} INFO - at org.apache.spark.sql.execution.QueryExecution$$anonfun$eagerlyExecuteCommands$1.applyOrElse(QueryExecution.scala:98)
[2023-08-17T05:54:02.158+0000] {spark_submit.py:491} INFO - at org.apache.spark.sql.execution.QueryExecution$$anonfun$eagerlyExecuteCommands$1.applyOrElse(QueryExecution.scala:94)
[2023-08-17T05:54:02.159+0000] {spark_submit.py:491} INFO - at org.apache.spark.sql.catalyst.trees.TreeNode.$anonfun$transformDownWithPruning$1(TreeNode.scala:512)
[2023-08-17T05:54:02.159+0000] {spark_submit.py:491} INFO - at org.apache.spark.sql.catalyst.trees.CurrentOrigin$.withOrigin(TreeNode.scala:104)
[2023-08-17T05:54:02.160+0000] {spark_submit.py:491} INFO - at org.apache.spark.sql.catalyst.trees.TreeNode.transformDownWithPruning(TreeNode.scala:512)
[2023-08-17T05:54:02.161+0000] {spark_submit.py:491} INFO - at org.apache.spark.sql.catalyst.plans.logical.LogicalPlan.org$apache$spark$sql$catalyst$plans$logical$AnalysisHelper$$super$transformDownWithPruning(LogicalPlan.scala:31)
[2023-08-17T05:54:02.161+0000] {spark_submit.py:491} INFO - at org.apache.spark.sql.catalyst.plans.logical.AnalysisHelper.transformDownWithPruning(AnalysisHelper.scala:267)
[2023-08-17T05:54:02.162+0000] {spark_submit.py:491} INFO - at org.apache.spark.sql.catalyst.plans.logical.AnalysisHelper.transformDownWithPruning$(AnalysisHelper.scala:263)
[2023-08-17T05:54:02.163+0000] {spark_submit.py:491} INFO - at org.apache.spark.sql.catalyst.plans.logical.LogicalPlan.transformDownWithPruning(LogicalPlan.scala:31)
[2023-08-17T05:54:02.163+0000] {spark_submit.py:491} INFO - at org.apache.spark.sql.catalyst.plans.logical.LogicalPlan.transformDownWithPruning(LogicalPlan.scala:31)
[2023-08-17T05:54:02.164+0000] {spark_submit.py:491} INFO - at org.apache.spark.sql.catalyst.trees.TreeNode.transformDown(TreeNode.scala:488)
[2023-08-17T05:54:02.165+0000] {spark_submit.py:491} INFO - at org.apache.spark.sql.execution.QueryExecution.eagerlyExecuteCommands(QueryExecution.scala:94)
[2023-08-17T05:54:02.167+0000] {spark_submit.py:491} INFO - at org.apache.spark.sql.execution.QueryExecution.commandExecuted$lzycompute(QueryExecution.scala:81)
[2023-08-17T05:54:02.168+0000] {spark_submit.py:491} INFO - at org.apache.spark.sql.execution.QueryExecution.commandExecuted(QueryExecution.scala:79)
[2023-08-17T05:54:02.169+0000] {spark_submit.py:491} INFO - at org.apache.spark.sql.execution.QueryExecution.assertCommandExecuted(QueryExecution.scala:133)
[2023-08-17T05:54:02.170+0000] {spark_submit.py:491} INFO - at org.apache.spark.sql.DataFrameWriter.runCommand(DataFrameWriter.scala:856)
[2023-08-17T05:54:02.171+0000] {spark_submit.py:491} INFO - at org.apache.spark.sql.DataFrameWriter.saveToV1Source(DataFrameWriter.scala:387)
[2023-08-17T05:54:02.172+0000] {spark_submit.py:491} INFO - at org.apache.spark.sql.DataFrameWriter.saveInternal(DataFrameWriter.scala:360)
[2023-08-17T05:54:02.174+0000] {spark_submit.py:491} INFO - at org.apache.spark.sql.DataFrameWriter.save(DataFrameWriter.scala:239)
[2023-08-17T05:54:02.175+0000] {spark_submit.py:491} INFO - at org.apache.spark.sql.DataFrameWriter.parquet(DataFrameWriter.scala:789)
[2023-08-17T05:54:02.177+0000] {spark_submit.py:491} INFO - at java.base/jdk.internal.reflect.NativeMethodAccessorImpl.invoke0(Native Method)
[2023-08-17T05:54:02.180+0000] {spark_submit.py:491} INFO - at java.base/jdk.internal.reflect.NativeMethodAccessorImpl.invoke(NativeMethodAccessorImpl.java:77)
[2023-08-17T05:54:02.182+0000] {spark_submit.py:491} INFO - at java.base/jdk.internal.reflect.DelegatingMethodAccessorImpl.invoke(DelegatingMethodAccessorImpl.java:43)
[2023-08-17T05:54:02.184+0000] {spark_submit.py:491} INFO - at java.base/java.lang.reflect.Method.invoke(Method.java:568)
[2023-08-17T05:54:02.187+0000] {spark_submit.py:491} INFO - at py4j.reflection.MethodInvoker.invoke(MethodInvoker.java:244)
[2023-08-17T05:54:02.188+0000] {spark_submit.py:491} INFO - at py4j.reflection.ReflectionEngine.invoke(ReflectionEngine.java:374)
[2023-08-17T05:54:02.190+0000] {spark_submit.py:491} INFO - at py4j.Gateway.invoke(Gateway.java:282)
[2023-08-17T05:54:02.192+0000] {spark_submit.py:491} INFO - at py4j.commands.AbstractCommand.invokeMethod(AbstractCommand.java:132)
[2023-08-17T05:54:02.193+0000] {spark_submit.py:491} INFO - at py4j.commands.CallCommand.execute(CallCommand.java:79)
[2023-08-17T05:54:02.194+0000] {spark_submit.py:491} INFO - at py4j.ClientServerConnection.waitForCommands(ClientServerConnection.java:182)
[2023-08-17T05:54:02.195+0000] {spark_submit.py:491} INFO - at py4j.ClientServerConnection.run(ClientServerConnection.java:106)
[2023-08-17T05:54:02.196+0000] {spark_submit.py:491} INFO - at java.base/java.lang.Thread.run(Thread.java:833)
[2023-08-17T05:54:02.197+0000] {spark_submit.py:491} INFO - Caused by: org.apache.spark.SparkException: [TASK_WRITE_FAILED] Task failed while writing rows to file:/opt/***/dags/A_preprocessed.parquet.
[2023-08-17T05:54:02.198+0000] {spark_submit.py:491} INFO - at org.apache.spark.sql.errors.QueryExecutionErrors$.taskFailedWhileWritingRowsError(QueryExecutionErrors.scala:788)
[2023-08-17T05:54:02.199+0000] {spark_submit.py:491} INFO - at org.apache.spark.sql.execution.datasources.FileFormatWriter$.executeTask(FileFormatWriter.scala:420)
[2023-08-17T05:54:02.200+0000] {spark_submit.py:491} INFO - at org.apache.spark.sql.execution.datasources.WriteFilesExec.$anonfun$doExecuteWrite$1(WriteFiles.scala:100)
[2023-08-17T05:54:02.200+0000] {spark_submit.py:491} INFO - at org.apache.spark.rdd.RDD.$anonfun$mapPartitionsInternal$2(RDD.scala:888)
[2023-08-17T05:54:02.201+0000] {spark_submit.py:491} INFO - at org.apache.spark.rdd.RDD.$anonfun$mapPartitionsInternal$2$adapted(RDD.scala:888)
[2023-08-17T05:54:02.202+0000] {spark_submit.py:491} INFO - at org.apache.spark.rdd.MapPartitionsRDD.compute(MapPartitionsRDD.scala:52)
[2023-08-17T05:54:02.202+0000] {spark_submit.py:491} INFO - at org.apache.spark.rdd.RDD.computeOrReadCheckpoint(RDD.scala:364)
[2023-08-17T05:54:02.203+0000] {spark_submit.py:491} INFO - at org.apache.spark.rdd.RDD.iterator(RDD.scala:328)
[2023-08-17T05:54:02.204+0000] {spark_submit.py:491} INFO - at org.apache.spark.scheduler.ResultTask.runTask(ResultTask.scala:92)
[2023-08-17T05:54:02.204+0000] {spark_submit.py:491} INFO - at org.apache.spark.TaskContext.runTaskWithListeners(TaskContext.scala:161)
[2023-08-17T05:54:02.205+0000] {spark_submit.py:491} INFO - at org.apache.spark.scheduler.Task.run(Task.scala:139)
[2023-08-17T05:54:02.206+0000] {spark_submit.py:491} INFO - at org.apache.spark.executor.Executor$TaskRunner.$anonfun$run$3(Executor.scala:554)
[2023-08-17T05:54:02.207+0000] {spark_submit.py:491} INFO - at org.apache.spark.util.Utils$.tryWithSafeFinally(Utils.scala:1529)
[2023-08-17T05:54:02.207+0000] {spark_submit.py:491} INFO - at org.apache.spark.executor.Executor$TaskRunner.run(Executor.scala:557)
[2023-08-17T05:54:02.208+0000] {spark_submit.py:491} INFO - at java.base/java.util.concurrent.ThreadPoolExecutor.runWorker(ThreadPoolExecutor.java:1136)
[2023-08-17T05:54:02.209+0000] {spark_submit.py:491} INFO - at java.base/java.util.concurrent.ThreadPoolExecutor$Worker.run(ThreadPoolExecutor.java:635)
[2023-08-17T05:54:02.209+0000] {spark_submit.py:491} INFO - at java.base/java.lang.Thread.run(Thread.java:833)
[2023-08-17T05:54:02.210+0000] {spark_submit.py:491} INFO - Caused by: org.apache.spark.SparkFileNotFoundException: File file:/opt/***/dags/A.csv does not exist
[2023-08-17T05:54:02.211+0000] {spark_submit.py:491} INFO - It is possible the underlying files have been updated. You can explicitly invalidate the cache in Spark by running 'REFRESH TABLE tableName' command in SQL or by recreating the Dataset/DataFrame involved.
[2023-08-17T05:54:02.212+0000] {spark_submit.py:491} INFO - at org.apache.spark.sql.errors.QueryExecutionErrors$.readCurrentFileNotFoundError(QueryExecutionErrors.scala:794)
[2023-08-17T05:54:02.213+0000] {spark_submit.py:491} INFO - at org.apache.spark.sql.execution.datasources.FileScanRDD$$anon$1.org$apache$spark$sql$execution$datasources$FileScanRDD$$anon$$readCurrentFile(FileScanRDD.scala:234)
[2023-08-17T05:54:02.214+0000] {spark_submit.py:491} INFO - at org.apache.spark.sql.execution.datasources.FileScanRDD$$anon$1.nextIterator(FileScanRDD.scala:293)
[2023-08-17T05:54:02.214+0000] {spark_submit.py:491} INFO - at org.apache.spark.sql.execution.datasources.FileScanRDD$$anon$1.hasNext(FileScanRDD.scala:125)
[2023-08-17T05:54:02.215+0000] {spark_submit.py:491} INFO - at scala.collection.Iterator$$anon$10.hasNext(Iterator.scala:460)
[2023-08-17T05:54:02.216+0000] {spark_submit.py:491} INFO - at org.apache.spark.sql.catalyst.expressions.GeneratedClass$GeneratedIteratorForCodegenStage1.processNext(Unknown Source)
[2023-08-17T05:54:02.217+0000] {spark_submit.py:491} INFO - at org.apache.spark.sql.execution.BufferedRowIterator.hasNext(BufferedRowIterator.java:43)
[2023-08-17T05:54:02.218+0000] {spark_submit.py:491} INFO - at org.apache.spark.sql.execution.WholeStageCodegenExec$$anon$1.hasNext(WholeStageCodegenExec.scala:760)
[2023-08-17T05:54:02.219+0000] {spark_submit.py:491} INFO - at org.apache.spark.sql.execution.datasources.FileFormatDataWriter.writeWithIterator(FileFormatDataWriter.scala:91)
[2023-08-17T05:54:02.220+0000] {spark_submit.py:491} INFO - at org.apache.spark.sql.execution.datasources.FileFormatWriter$.$anonfun$executeTask$1(FileFormatWriter.scala:403)
[2023-08-17T05:54:02.221+0000] {spark_submit.py:491} INFO - at org.apache.spark.util.Utils$.tryWithSafeFinallyAndFailureCallbacks(Utils.scala:1563)
[2023-08-17T05:54:02.223+0000] {spark_submit.py:491} INFO - at org.apache.spark.sql.execution.datasources.FileFormatWriter$.executeTask(FileFormatWriter.scala:410)
[2023-08-17T05:54:02.224+0000] {spark_submit.py:491} INFO - ... 15 more
[2023-08-17T05:54:02.225+0000] {spark_submit.py:491} INFO - 
[2023-08-17T05:54:02.226+0000] {spark_submit.py:491} INFO - 23/08/17 05:54:02 INFO SparkContext: Invoking stop() from shutdown hook
[2023-08-17T05:54:02.226+0000] {spark_submit.py:491} INFO - 23/08/17 05:54:02 INFO SparkContext: SparkContext is stopping with exitCode 0.
[2023-08-17T05:54:02.228+0000] {spark_submit.py:491} INFO - 23/08/17 05:54:02 INFO SparkUI: Stopped Spark web UI at http://0d68e811d1ff:4040
[2023-08-17T05:54:02.229+0000] {spark_submit.py:491} INFO - 23/08/17 05:54:02 INFO StandaloneSchedulerBackend: Shutting down all executors
[2023-08-17T05:54:02.229+0000] {spark_submit.py:491} INFO - 23/08/17 05:54:02 INFO StandaloneSchedulerBackend$StandaloneDriverEndpoint: Asking each executor to shut down
[2023-08-17T05:54:02.230+0000] {spark_submit.py:491} INFO - 23/08/17 05:54:02 INFO MapOutputTrackerMasterEndpoint: MapOutputTrackerMasterEndpoint stopped!
[2023-08-17T05:54:02.231+0000] {spark_submit.py:491} INFO - 23/08/17 05:54:02 INFO MemoryStore: MemoryStore cleared
[2023-08-17T05:54:02.232+0000] {spark_submit.py:491} INFO - 23/08/17 05:54:02 INFO BlockManager: BlockManager stopped
[2023-08-17T05:54:02.232+0000] {spark_submit.py:491} INFO - 23/08/17 05:54:02 INFO BlockManagerMaster: BlockManagerMaster stopped
[2023-08-17T05:54:02.233+0000] {spark_submit.py:491} INFO - 23/08/17 05:54:02 INFO OutputCommitCoordinator$OutputCommitCoordinatorEndpoint: OutputCommitCoordinator stopped!
[2023-08-17T05:54:02.234+0000] {spark_submit.py:491} INFO - 23/08/17 05:54:02 INFO SparkContext: Successfully stopped SparkContext
[2023-08-17T05:54:02.235+0000] {spark_submit.py:491} INFO - 23/08/17 05:54:02 INFO ShutdownHookManager: Shutdown hook called
[2023-08-17T05:54:02.235+0000] {spark_submit.py:491} INFO - 23/08/17 05:54:02 INFO ShutdownHookManager: Deleting directory /tmp/spark-cb1c543b-d652-4a06-8cc0-cfbcdb5ef065
[2023-08-17T05:54:02.236+0000] {spark_submit.py:491} INFO - 23/08/17 05:54:02 INFO ShutdownHookManager: Deleting directory /tmp/spark-36778f91-f12b-40d8-a2b3-bb7a72e5bd2c
[2023-08-17T05:54:02.240+0000] {spark_submit.py:491} INFO - 23/08/17 05:54:02 INFO ShutdownHookManager: Deleting directory /tmp/spark-cb1c543b-d652-4a06-8cc0-cfbcdb5ef065/pyspark-e14cb10a-866b-458e-b0e6-462c62f05ec0
[2023-08-17T05:54:02.359+0000] {taskinstance.py:1824} ERROR - Task failed with exception
Traceback (most recent call last):
  File "/home/airflow/.local/lib/python3.10/site-packages/airflow/providers/apache/spark/operators/spark_submit.py", line 156, in execute
    self._hook.submit(self._application)
  File "/home/airflow/.local/lib/python3.10/site-packages/airflow/providers/apache/spark/hooks/spark_submit.py", line 422, in submit
    raise AirflowException(
airflow.exceptions.AirflowException: Cannot execute: spark-submit --master spark://spark:7077 --name arrow-spark dags/spark_processing.py. Error code is: 1.
[2023-08-17T05:54:02.363+0000] {taskinstance.py:1345} INFO - Marking task as FAILED. dag_id=spark_***_dag, task_id=spark_submit_task, execution_date=20230817T055352, start_date=20230817T055353, end_date=20230817T055402
[2023-08-17T05:54:02.373+0000] {standard_task_runner.py:104} ERROR - Failed to execute job 25 for task spark_submit_task (Cannot execute: spark-submit --master spark://spark:7077 --name arrow-spark dags/spark_processing.py. Error code is: 1.; 4436)
[2023-08-17T05:54:02.386+0000] {local_task_job_runner.py:225} INFO - Task exited with return code 1
[2023-08-17T05:54:02.404+0000] {taskinstance.py:2651} INFO - 0 downstream tasks scheduled from follow-on schedule check
