[2023-08-18T01:44:03.331+0000] {taskinstance.py:1103} INFO - Dependencies all met for dep_context=non-requeueable deps ti=<TaskInstance: spark_airflow_dag.spark_submit_task manual__2023-08-18T01:44:02.702411+00:00 [queued]>
[2023-08-18T01:44:03.338+0000] {taskinstance.py:1103} INFO - Dependencies all met for dep_context=requeueable deps ti=<TaskInstance: spark_airflow_dag.spark_submit_task manual__2023-08-18T01:44:02.702411+00:00 [queued]>
[2023-08-18T01:44:03.339+0000] {taskinstance.py:1308} INFO - Starting attempt 1 of 1
[2023-08-18T01:44:03.347+0000] {taskinstance.py:1327} INFO - Executing <Task(SparkSubmitOperator): spark_submit_task> on 2023-08-18 01:44:02.702411+00:00
[2023-08-18T01:44:03.351+0000] {standard_task_runner.py:57} INFO - Started process 1097 to run task
[2023-08-18T01:44:03.355+0000] {standard_task_runner.py:84} INFO - Running: ['***', 'tasks', 'run', 'spark_***_dag', 'spark_submit_task', 'manual__2023-08-18T01:44:02.702411+00:00', '--job-id', '12', '--raw', '--subdir', 'DAGS_FOLDER/spark_jobs_dag.py', '--cfg-path', '/tmp/tmpwxdbleev']
[2023-08-18T01:44:03.356+0000] {standard_task_runner.py:85} INFO - Job 12: Subtask spark_submit_task
[2023-08-18T01:44:03.403+0000] {task_command.py:410} INFO - Running <TaskInstance: spark_airflow_dag.spark_submit_task manual__2023-08-18T01:44:02.702411+00:00 [running]> on host 15ea5e9ca941
[2023-08-18T01:44:03.469+0000] {taskinstance.py:1545} INFO - Exporting env vars: AIRFLOW_CTX_DAG_OWNER='***' AIRFLOW_CTX_DAG_ID='spark_***_dag' AIRFLOW_CTX_TASK_ID='spark_submit_task' AIRFLOW_CTX_EXECUTION_DATE='2023-08-18T01:44:02.702411+00:00' AIRFLOW_CTX_TRY_NUMBER='1' AIRFLOW_CTX_DAG_RUN_ID='manual__2023-08-18T01:44:02.702411+00:00'
[2023-08-18T01:44:03.479+0000] {base.py:73} INFO - Using connection ID 'spark_local' for task execution.
[2023-08-18T01:44:03.481+0000] {spark_submit.py:340} INFO - Spark-Submit cmd: spark-submit --master spark://spark:7077 --name arrow-spark ./dags/utils/spark_processing.py
[2023-08-18T01:44:03.570+0000] {spark_submit.py:491} INFO - /home/***/.local/lib/python3.10/site-packages/pyspark/bin/load-spark-env.sh: line 68: ps: command not found
[2023-08-18T01:44:05.506+0000] {spark_submit.py:491} INFO - 23/08/18 01:44:05 INFO SparkContext: Running Spark version 3.4.1
[2023-08-18T01:44:05.547+0000] {spark_submit.py:491} INFO - 23/08/18 01:44:05 WARN NativeCodeLoader: Unable to load native-hadoop library for your platform... using builtin-java classes where applicable
[2023-08-18T01:44:05.607+0000] {spark_submit.py:491} INFO - 23/08/18 01:44:05 INFO ResourceUtils: ==============================================================
[2023-08-18T01:44:05.609+0000] {spark_submit.py:491} INFO - 23/08/18 01:44:05 INFO ResourceUtils: No custom resources configured for spark.driver.
[2023-08-18T01:44:05.610+0000] {spark_submit.py:491} INFO - 23/08/18 01:44:05 INFO ResourceUtils: ==============================================================
[2023-08-18T01:44:05.611+0000] {spark_submit.py:491} INFO - 23/08/18 01:44:05 INFO SparkContext: Submitted application: DataExtraction
[2023-08-18T01:44:05.624+0000] {spark_submit.py:491} INFO - 23/08/18 01:44:05 INFO ResourceProfile: Default ResourceProfile created, executor resources: Map(memory -> name: memory, amount: 1024, script: , vendor: , offHeap -> name: offHeap, amount: 0, script: , vendor: ), task resources: Map(cpus -> name: cpus, amount: 1.0)
[2023-08-18T01:44:05.630+0000] {spark_submit.py:491} INFO - 23/08/18 01:44:05 INFO ResourceProfile: Limiting resource is cpu
[2023-08-18T01:44:05.631+0000] {spark_submit.py:491} INFO - 23/08/18 01:44:05 INFO ResourceProfileManager: Added ResourceProfile id: 0
[2023-08-18T01:44:05.664+0000] {spark_submit.py:491} INFO - 23/08/18 01:44:05 INFO SecurityManager: Changing view acls to: default
[2023-08-18T01:44:05.666+0000] {spark_submit.py:491} INFO - 23/08/18 01:44:05 INFO SecurityManager: Changing modify acls to: default
[2023-08-18T01:44:05.667+0000] {spark_submit.py:491} INFO - 23/08/18 01:44:05 INFO SecurityManager: Changing view acls groups to:
[2023-08-18T01:44:05.668+0000] {spark_submit.py:491} INFO - 23/08/18 01:44:05 INFO SecurityManager: Changing modify acls groups to:
[2023-08-18T01:44:05.670+0000] {spark_submit.py:491} INFO - 23/08/18 01:44:05 INFO SecurityManager: SecurityManager: authentication disabled; ui acls disabled; users with view permissions: default; groups with view permissions: EMPTY; users with modify permissions: default; groups with modify permissions: EMPTY
[2023-08-18T01:44:05.819+0000] {spark_submit.py:491} INFO - 23/08/18 01:44:05 INFO Utils: Successfully started service 'sparkDriver' on port 41933.
[2023-08-18T01:44:05.837+0000] {spark_submit.py:491} INFO - 23/08/18 01:44:05 INFO SparkEnv: Registering MapOutputTracker
[2023-08-18T01:44:05.860+0000] {spark_submit.py:491} INFO - 23/08/18 01:44:05 INFO SparkEnv: Registering BlockManagerMaster
[2023-08-18T01:44:05.874+0000] {spark_submit.py:491} INFO - 23/08/18 01:44:05 INFO BlockManagerMasterEndpoint: Using org.apache.spark.storage.DefaultTopologyMapper for getting topology information
[2023-08-18T01:44:05.875+0000] {spark_submit.py:491} INFO - 23/08/18 01:44:05 INFO BlockManagerMasterEndpoint: BlockManagerMasterEndpoint up
[2023-08-18T01:44:05.877+0000] {spark_submit.py:491} INFO - 23/08/18 01:44:05 INFO SparkEnv: Registering BlockManagerMasterHeartbeat
[2023-08-18T01:44:05.889+0000] {spark_submit.py:491} INFO - 23/08/18 01:44:05 INFO DiskBlockManager: Created local directory at /tmp/blockmgr-df1f20ba-dbed-44d3-a4ba-fbecee78e173
[2023-08-18T01:44:05.900+0000] {spark_submit.py:491} INFO - 23/08/18 01:44:05 INFO MemoryStore: MemoryStore started with capacity 434.4 MiB
[2023-08-18T01:44:05.910+0000] {spark_submit.py:491} INFO - 23/08/18 01:44:05 INFO SparkEnv: Registering OutputCommitCoordinator
[2023-08-18T01:44:06.001+0000] {spark_submit.py:491} INFO - 23/08/18 01:44:06 INFO JettyUtils: Start Jetty 0.0.0.0:4040 for SparkUI
[2023-08-18T01:44:06.037+0000] {spark_submit.py:491} INFO - 23/08/18 01:44:06 INFO Utils: Successfully started service 'SparkUI' on port 4040.
[2023-08-18T01:44:06.117+0000] {spark_submit.py:491} INFO - 23/08/18 01:44:06 INFO StandaloneAppClient$ClientEndpoint: Connecting to master spark://spark:7077...
[2023-08-18T01:44:06.147+0000] {spark_submit.py:491} INFO - 23/08/18 01:44:06 INFO TransportClientFactory: Successfully created connection to spark/172.19.0.4:7077 after 17 ms (0 ms spent in bootstraps)
[2023-08-18T01:44:06.210+0000] {spark_submit.py:491} INFO - 23/08/18 01:44:06 INFO StandaloneSchedulerBackend: Connected to Spark cluster with app ID app-20230818014406-0002
[2023-08-18T01:44:06.212+0000] {spark_submit.py:491} INFO - 23/08/18 01:44:06 INFO StandaloneAppClient$ClientEndpoint: Executor added: app-20230818014406-0002/0 on worker-20230818013135-172.19.0.2-36181 (172.19.0.2:36181) with 1 core(s)
[2023-08-18T01:44:06.215+0000] {spark_submit.py:491} INFO - 23/08/18 01:44:06 INFO StandaloneSchedulerBackend: Granted executor ID app-20230818014406-0002/0 on hostPort 172.19.0.2:36181 with 1 core(s), 1024.0 MiB RAM
[2023-08-18T01:44:06.218+0000] {spark_submit.py:491} INFO - 23/08/18 01:44:06 INFO Utils: Successfully started service 'org.apache.spark.network.netty.NettyBlockTransferService' on port 39395.
[2023-08-18T01:44:06.219+0000] {spark_submit.py:491} INFO - 23/08/18 01:44:06 INFO NettyBlockTransferService: Server created on 15ea5e9ca941:39395
[2023-08-18T01:44:06.220+0000] {spark_submit.py:491} INFO - 23/08/18 01:44:06 INFO BlockManager: Using org.apache.spark.storage.RandomBlockReplicationPolicy for block replication policy
[2023-08-18T01:44:06.225+0000] {spark_submit.py:491} INFO - 23/08/18 01:44:06 INFO BlockManagerMaster: Registering BlockManager BlockManagerId(driver, 15ea5e9ca941, 39395, None)
[2023-08-18T01:44:06.228+0000] {spark_submit.py:491} INFO - 23/08/18 01:44:06 INFO BlockManagerMasterEndpoint: Registering block manager 15ea5e9ca941:39395 with 434.4 MiB RAM, BlockManagerId(driver, 15ea5e9ca941, 39395, None)
[2023-08-18T01:44:06.231+0000] {spark_submit.py:491} INFO - 23/08/18 01:44:06 INFO BlockManagerMaster: Registered BlockManager BlockManagerId(driver, 15ea5e9ca941, 39395, None)
[2023-08-18T01:44:06.232+0000] {spark_submit.py:491} INFO - 23/08/18 01:44:06 INFO BlockManager: Initialized BlockManager: BlockManagerId(driver, 15ea5e9ca941, 39395, None)
[2023-08-18T01:44:06.246+0000] {spark_submit.py:491} INFO - 23/08/18 01:44:06 INFO StandaloneAppClient$ClientEndpoint: Executor updated: app-20230818014406-0002/0 is now RUNNING
[2023-08-18T01:44:06.401+0000] {spark_submit.py:491} INFO - 23/08/18 01:44:06 INFO StandaloneSchedulerBackend: SchedulerBackend is ready for scheduling beginning after reached minRegisteredResourcesRatio: 0.0
[2023-08-18T01:44:06.587+0000] {spark_submit.py:491} INFO - 23/08/18 01:44:06 INFO SharedState: Setting hive.metastore.warehouse.dir ('null') to the value of spark.sql.warehouse.dir.
[2023-08-18T01:44:06.592+0000] {spark_submit.py:491} INFO - 23/08/18 01:44:06 INFO SharedState: Warehouse path is 'file:/opt/***/spark-warehouse'.
[2023-08-18T01:44:08.295+0000] {spark_submit.py:491} INFO - Traceback (most recent call last):
[2023-08-18T01:44:08.299+0000] {spark_submit.py:491} INFO - File "/opt/***/dags/utils/spark_processing.py", line 20, in <module>
[2023-08-18T01:44:08.304+0000] {spark_submit.py:491} INFO - stock_df = spark.read.csv("../data/A.csv", header=True, schema=existing_schema)
[2023-08-18T01:44:08.307+0000] {spark_submit.py:491} INFO - File "/home/***/.local/lib/python3.10/site-packages/pyspark/python/lib/pyspark.zip/pyspark/sql/readwriter.py", line 727, in csv
[2023-08-18T01:44:08.310+0000] {spark_submit.py:491} INFO - File "/home/***/.local/lib/python3.10/site-packages/pyspark/python/lib/py4j-0.10.9.7-src.zip/py4j/java_gateway.py", line 1322, in __call__
[2023-08-18T01:44:08.311+0000] {spark_submit.py:491} INFO - File "/home/***/.local/lib/python3.10/site-packages/pyspark/python/lib/pyspark.zip/pyspark/errors/exceptions/captured.py", line 175, in deco
[2023-08-18T01:44:08.327+0000] {spark_submit.py:491} INFO - pyspark.errors.exceptions.captured.AnalysisException: [PATH_NOT_FOUND] Path does not exist: file:/opt/data/A.csv.
[2023-08-18T01:44:08.408+0000] {spark_submit.py:491} INFO - 23/08/18 01:44:08 INFO SparkContext: Invoking stop() from shutdown hook
[2023-08-18T01:44:08.411+0000] {spark_submit.py:491} INFO - 23/08/18 01:44:08 INFO SparkContext: SparkContext is stopping with exitCode 0.
[2023-08-18T01:44:08.462+0000] {spark_submit.py:491} INFO - 23/08/18 01:44:08 INFO SparkUI: Stopped Spark web UI at http://15ea5e9ca941:4040
[2023-08-18T01:44:08.470+0000] {spark_submit.py:491} INFO - 23/08/18 01:44:08 INFO StandaloneSchedulerBackend: Shutting down all executors
[2023-08-18T01:44:08.476+0000] {spark_submit.py:491} INFO - 23/08/18 01:44:08 INFO StandaloneSchedulerBackend$StandaloneDriverEndpoint: Asking each executor to shut down
[2023-08-18T01:44:08.521+0000] {spark_submit.py:491} INFO - 23/08/18 01:44:08 INFO MapOutputTrackerMasterEndpoint: MapOutputTrackerMasterEndpoint stopped!
[2023-08-18T01:44:08.568+0000] {spark_submit.py:491} INFO - 23/08/18 01:44:08 INFO MemoryStore: MemoryStore cleared
[2023-08-18T01:44:08.570+0000] {spark_submit.py:491} INFO - 23/08/18 01:44:08 INFO BlockManager: BlockManager stopped
[2023-08-18T01:44:08.576+0000] {spark_submit.py:491} INFO - 23/08/18 01:44:08 INFO BlockManagerMaster: BlockManagerMaster stopped
[2023-08-18T01:44:08.579+0000] {spark_submit.py:491} INFO - 23/08/18 01:44:08 INFO OutputCommitCoordinator$OutputCommitCoordinatorEndpoint: OutputCommitCoordinator stopped!
[2023-08-18T01:44:08.600+0000] {spark_submit.py:491} INFO - 23/08/18 01:44:08 INFO SparkContext: Successfully stopped SparkContext
[2023-08-18T01:44:08.602+0000] {spark_submit.py:491} INFO - 23/08/18 01:44:08 INFO ShutdownHookManager: Shutdown hook called
[2023-08-18T01:44:08.604+0000] {spark_submit.py:491} INFO - 23/08/18 01:44:08 INFO ShutdownHookManager: Deleting directory /tmp/spark-fe18a0cb-2ef0-4c5f-805a-8efa018084da
[2023-08-18T01:44:08.611+0000] {spark_submit.py:491} INFO - 23/08/18 01:44:08 INFO ShutdownHookManager: Deleting directory /tmp/spark-f9d91503-32e3-4b2e-bd96-28ad135ee6b9
[2023-08-18T01:44:08.620+0000] {spark_submit.py:491} INFO - 23/08/18 01:44:08 INFO ShutdownHookManager: Deleting directory /tmp/spark-f9d91503-32e3-4b2e-bd96-28ad135ee6b9/pyspark-06b2d24b-b056-471d-aae5-039e74c9396d
[2023-08-18T01:44:08.697+0000] {taskinstance.py:1824} ERROR - Task failed with exception
Traceback (most recent call last):
  File "/home/airflow/.local/lib/python3.10/site-packages/airflow/providers/apache/spark/operators/spark_submit.py", line 156, in execute
    self._hook.submit(self._application)
  File "/home/airflow/.local/lib/python3.10/site-packages/airflow/providers/apache/spark/hooks/spark_submit.py", line 422, in submit
    raise AirflowException(
airflow.exceptions.AirflowException: Cannot execute: spark-submit --master spark://spark:7077 --name arrow-spark ./dags/utils/spark_processing.py. Error code is: 1.
[2023-08-18T01:44:08.702+0000] {taskinstance.py:1345} INFO - Marking task as FAILED. dag_id=spark_***_dag, task_id=spark_submit_task, execution_date=20230818T014402, start_date=20230818T014403, end_date=20230818T014408
[2023-08-18T01:44:08.715+0000] {standard_task_runner.py:104} ERROR - Failed to execute job 12 for task spark_submit_task (Cannot execute: spark-submit --master spark://spark:7077 --name arrow-spark ./dags/utils/spark_processing.py. Error code is: 1.; 1097)
[2023-08-18T01:44:08.739+0000] {local_task_job_runner.py:225} INFO - Task exited with return code 1
[2023-08-18T01:44:08.761+0000] {taskinstance.py:2651} INFO - 0 downstream tasks scheduled from follow-on schedule check
